hello     ZC390 START
hello     ZC390 Copyright 2011 Automated Software Tools Corporation
hello     ZC390 z390 is licensed under GNU General Public License
hello     ZC390 program = zcobol\demo\hello
hello     ZC390 options = W:\work\z390\z390.OPT=(time(60)) SYSCPY(+zcobol+zcobol\z390) 
  notiming stats
hello     ZC390 total CBL lines in  =5
hello     ZC390 total MLC lines out =40
hello     ZC390 total errors        =0
hello     ZC390 ENDED   RC= 0 MEM(MB)= MB IO=9
hello     MZ390 START
hello     MZ390 Copyright 2011 Automated Software Tools Corporation
hello     MZ390 z390 is licensed under GNU General Public License
hello     MZ390 program = zcobol\demo\hello.MLC
hello     MZ390 options = W:\work\z390\z390.OPT=(time(60)) @zcobol\z390\ZC390CLG=(
  sysmac(+zcobol+zcobol\z390+mac+cics) syscpy(+zcobol+zcobol\z390+mac+cics) 
  BAL NOLISTCALL MAXGBL(1500000)) notiming stats
hello     MZ390 final_options=ALIGN
hello     MZ390 final_options=NOALLOW
hello     MZ390 final_options=NOAMODE24
hello     MZ390 final_options=AMODE31
hello     MZ390 final_options=NOASCII
hello     MZ390 final_options=ASM
hello     MZ390 final_options=NOASSIST
hello     MZ390 final_options=AUTOLINK
hello     MZ390 final_options=BAL
hello     MZ390 final_options=NOBS2000
hello     MZ390 final_options=EDF
hello     MZ390 final_options=NOCICS
hello     MZ390 final_options=CODEPAGE(ISO-8859-1+IBM1047)
hello     MZ390 final_options=COMMENT
hello     MZ390 final_options=CON
hello     MZ390 final_options=NODUMP
hello     MZ390 final_options=EPILOG
hello     MZ390 final_options=NOERRSUM
hello     MZ390 final_options=EXTEND
hello     MZ390 final_options=FLOAT(DECIMAL)
hello     MZ390 final_options=NOGUAM
hello     MZ390 final_options=INIT
hello     MZ390 final_options=LIST
hello     MZ390 final_options=NOLISTCALL
hello     MZ390 final_options=LISTUSE
hello     MZ390 final_options=LOADHIGH
hello     MZ390 final_options=NOMCALL
hello     MZ390 final_options=NOMOD
hello     MZ390 final_options=OBJ
hello     MZ390 final_options=NOOBJHEX
hello     MZ390 final_options=PC
hello     MZ390 final_options=PCOPT
hello     MZ390 final_options=NOPDSMEM8
hello     MZ390 final_options=NOPRINTALL
hello     MZ390 final_options=PROLOG
hello     MZ390 final_options=PROTECT
hello     MZ390 final_options=R64
hello     MZ390 final_options=NOREFORMAT
hello     MZ390 final_options=NOREGS
hello     MZ390 final_options=RMODE24
hello     MZ390 final_options=NORMODE31
hello     MZ390 final_options=STATS
hello     MZ390 final_options=NOTEST
hello     MZ390 final_options=THREAD
hello     MZ390 final_options=NOTIME
hello     MZ390 final_options=NOTIMING
hello     MZ390 final_options=NOTRACE
hello     MZ390 final_options=NOTRACEA
hello     MZ390 final_options=NOTRACEALL
hello     MZ390 final_options=NOTRACEC
hello     MZ390 final_options=NOTRACEG
hello     MZ390 final_options=NOTRACEI
hello     MZ390 final_options=NOTRACEL
hello     MZ390 final_options=NOTRACEM
hello     MZ390 final_options=NOTRACEP
hello     MZ390 final_options=NOTRACEQ
hello     MZ390 final_options=NOTRACES
hello     MZ390 final_options=NOTRACET
hello     MZ390 final_options=NOTRACEV
hello     MZ390 final_options=TRAP
hello     MZ390 final_options=NOTRUNC
hello     MZ390 final_options=NOTS
hello     MZ390 final_options=VCB
hello     MZ390 final_options=WARN
hello     MZ390 final_options=XREF
hello     MZ390 final_options=ZSTRMAC
hello     MZ390 final_options=CHKMAC=0
hello     MZ390 final_options=CHKSRC=1
hello     MZ390 final_options=ERR=100
hello     MZ390 final_options=MAXCALL=50
hello     MZ390 final_options=MAXDISPLAY=80
hello     MZ390 final_options=MAXESD=1000
hello     MZ390 final_options=MAXFILE=1000
hello     MZ390 final_options=MAXGBL=1500000
hello     MZ390 final_options=MAXHEIGHT=600
hello     MZ390 final_options=MAXLCL=100000
hello     MZ390 final_options=MAXLEN=80
hello     MZ390 final_options=MAXLINE=200000
hello     MZ390 final_options=MAXLOG=1000000
hello     MZ390 final_options=MAXPARM=10000
hello     MZ390 final_options=MAXPASS=2
hello     MZ390 final_options=MAXPC=50000
hello     MZ390 final_options=MAXQUE=1000
hello     MZ390 final_options=MAXRLD=10000
hello     MZ390 final_options=MAXSIZE=52428800
hello     MZ390 final_options=MAXSYM=50000
hello     MZ390 final_options=MAXWARN=4
hello     MZ390 final_options=MAXWIDTH=800
hello     MZ390 final_options=MEM=1
hello     MZ390 final_options=MINHEIGHT=150
hello     MZ390 final_options=MINWIDTH=150
hello     MZ390 final_options=MNOTE=0
hello     MZ390 final_options=PARM=
hello     MZ390 final_options=PROFILE=
hello     MZ390 final_options=STATS=W:\work\z390\zcobol\demo\hello.STA
hello     MZ390 final_options=SYSPARM=
hello     MZ390 final_options=SYSTERM=W:\work\z390\zcobol\demo\hello.ERR
hello     MZ390 final_options=TESTDD=
hello     MZ390 final_options=TIME=60
hello     MZ390 final_options=TRACE=
hello     MZ390 final_options=Z390ACROBAT=cmd.exe /c Start
hello     MZ390 final_options=Z390BROWSER=cmd.exe /c Start
hello     MZ390 final_options=Z390COMMAND=cmd.exe
hello     MZ390 final_options=Z390EDITOR=notepad.exe
hello     MZ390 final_options=INSTALL=
hello     MZ390 final_options=IPL=
hello     MZ390 final_options=LOG=
hello     MZ390 final_options=SYS390=zcobol\demo\+linklib
hello     MZ390 final_options=SYSBAL=zcobol\demo\
hello     MZ390 final_options=SYSCPY=zcobol\demo\+zcobol+zcobol\z390+mac+cics
hello     MZ390 final_options=SYSDAT=zcobol\demo\
hello     MZ390 final_options=SYSERR=zcobol\demo\
hello     MZ390 final_options=SYSLOG=zcobol\demo\
hello     MZ390 final_options=SYSLST=zcobol\demo\
hello     MZ390 final_options=SYSMAC=zcobol\demo\+zcobol+zcobol\z390+mac+cics
hello     MZ390 final_options=SYSMLC=zcobol\demo\
hello     MZ390 final_options=SYSPCH=zcobol\demo\
hello     MZ390 final_options=SYSPRN=zcobol\demo\
hello     MZ390 final_options=SYSOBJ=zcobol\demo\
hello     MZ390 final_options=SYSOPT=zcobol\demo\
hello     MZ390 final_options=SYSTRC=zcobol\demo\
hello     MZ390 total MLC/MAC loaded  = 5909
hello     MZ390 total BAL output lines= 318
hello     MZ390 total BAL instructions= 32
hello     MZ390 total macros          = 28
hello     MZ390 total macro loads     = 28
hello     MZ390 total macro calls     = 110
hello     MZ390 total AENTRY blocks   = 39
hello     MZ390 total ACALL  calls    = 57
hello     MZ390 total AIF    blocks   = 311
hello     MZ390 total ACASE  blocks   = 2
hello     MZ390 total AWHILE calls    = 35
hello     MZ390 total AUNTIL blocks   = 0
hello     MZ390 total global set names= 233
hello     MZ390 tot global seta cells = 321259
hello     MZ390 tot global setb cells = 40386
hello     MZ390 tot global setc cells = 181780
hello     MZ390 max local pos parms   = 17
hello     MZ390 max local key parms   = 12
hello     MZ390 max local set names   = 88
hello     MZ390 max local seta cells  = 50
hello     MZ390 max local setb cells  = 6
hello     MZ390 max local setc cells  = 32
hello     MZ390 total array expansions= 0
hello     MZ390 total Keys            = 14060
hello     MZ390 Key searches          = 135536
hello     MZ390 Key avg comps         = 1
hello     MZ390 Key max comps         = 7
hello     MZ390 total macro line exec = 16782
hello     MZ390 total pcode line exec = 5180
hello     MZ390 total pcode line gen. = 742
hello     MZ390 total pcode line reuse= 0
hello     MZ390 total pcode op   gen. = 2784
hello     MZ390 total pcode op   exec = 27679
hello     MZ390 total pcode gen  opt  = 828
hello     MZ390 total pcode exec opt  = 20
hello     MZ390 FID=  1 ERR= 0 W:\work\z390\zcobol\demo\hello.MLC
hello     MZ390 FID=  2 ERR= 0 W:\work\z390\zcobol\demo\hello_ZC_LABELS.CPY
hello     MZ390 FID=  3 ERR= 0 W:\work\z390\zcobol\ZCOBOL.MAC
hello     MZ390 FID=  4 ERR= 0 W:\work\z390\zcobol\ZC_WS.CPY
hello     MZ390 FID=  5 ERR= 0 W:\work\z390\zcobol\ZC_KEYS.CPY
hello     MZ390 FID=  6 ERR= 0 W:\work\z390\zcobol\z390\GEN_COMMENT.MAC
hello     MZ390 FID=  7 ERR= 0 W:\work\z390\zcobol\IDENTIFICATION.MAC
hello     MZ390 FID=  8 ERR= 0 W:\work\z390\zcobol\PROGRAM_ID.MAC
hello     MZ390 FID=  9 ERR= 0 W:\work\z390\zcobol\z390\GEN_ID.MAC
hello     MZ390 FID= 10 ERR= 0 W:\work\z390\zcobol\z390\ZC390CVT.CPY
hello     MZ390 FID= 11 ERR= 0 W:\work\z390\zcobol\z390\ZC390PVT.CPY
hello     MZ390 FID= 12 ERR= 0 W:\work\z390\zcobol\z390\ZC_EQUS.CPY
hello     MZ390 FID= 13 ERR= 0 W:\work\z390\zcobol\z390\ZC_PFPO.CPY
hello     MZ390 FID= 14 ERR= 0 W:\work\z390\mac\SAVE.MAC
hello     MZ390 FID= 15 ERR= 0 W:\work\z390\mac\LOAD.MAC
hello     MZ390 FID= 16 ERR= 0 W:\work\z390\mac\WTO.MAC
hello     MZ390 FID= 17 ERR= 0 W:\work\z390\zcobol\WS.MAC
hello     MZ390 FID= 18 ERR= 0 W:\work\z390\zcobol\ZCGETFLD.CPY
hello     MZ390 FID= 19 ERR= 0 W:\work\z390\zcobol\ZCNUMLIT.CPY
hello     MZ390 FID= 20 ERR= 0 W:\work\z390\zcobol\ZC_SYM_INDEX.MAC
hello     MZ390 FID= 21 ERR= 0 W:\work\z390\zcobol\ZC_SYM_FIND.MAC
hello     MZ390 FID= 22 ERR= 0 W:\work\z390\zcobol\ZC_PIC_LEN.MAC
hello     MZ390 FID= 23 ERR= 0 W:\work\z390\zcobol\DATA.MAC
hello     MZ390 FID= 24 ERR= 0 W:\work\z390\zcobol\PROCEDURE.MAC
hello     MZ390 FID= 25 ERR= 0 W:\work\z390\zcobol\z390\GEN_PROC_START.MAC
hello     MZ390 FID= 26 ERR= 0 W:\work\z390\zcobol\PERIOD.MAC
hello     MZ390 FID= 27 ERR= 0 W:\work\z390\zcobol\DISPLAY.MAC
hello     MZ390 FID= 28 ERR= 0 W:\work\z390\zcobol\z390\GEN_DISPLAY.MAC
hello     MZ390 FID= 29 ERR= 0 W:\work\z390\zcobol\STOP.MAC
hello     MZ390 FID= 30 ERR= 0 W:\work\z390\zcobol\z390\GEN_STOP.MAC
hello     MZ390 FID= 31 ERR= 0 W:\work\z390\zcobol\z390\GEN_BASE.MAC
hello     MZ390 FID= 32 ERR= 0 W:\work\z390\zcobol\z390\GEN_PROC_END.MAC
hello     MZ390 FID= 33 ERR= 0 W:\work\z390\zcobol\z390\GEN_LABEL.MAC
hello     MZ390 FID= 34 ERR= 0 W:\work\z390\zcobol\z390\GEN_BASE_RESET.MAC
hello     MZ390 FID= 35 ERR= 0 W:\work\z390\zcobol\ZC_DATA_LIST.MAC
hello     MZ390 FID= 36 ERR= 0 W:\work\z390\zcobol\z390\GEN_WS.MAC
hello     MZ390 FID= 37 ERR= 0 W:\work\z390\zcobol\ZC_STATS.MAC
hello     MZ390 total mnote warnings  = 0
hello     MZ390 total mnote errors    = 0
hello     MZ390 max   mnote level     = 0
hello     MZ390 total mz390 errors    = 0
hello     AZ390 BAL lines             = 318
hello     AZ390 symbols               = 181
hello     AZ390 Literals              = 3
hello     AZ390 alloc passes          = 3
hello     AZ390 Keys                  = 1503
hello     AZ390 Key searches          = 4699
hello     AZ390 Key avg comps         = 0
hello     AZ390 Key max comps         = 3
hello     AZ390 ESD symbols           = 4
hello     AZ390 object bytes          = 278
hello     AZ390 object rlds           = 0
hello     AZ390 total mnote warnings  = 0
hello     AZ390 total mnote errors    = 0
hello     AZ390 max   mnote level     = 0
hello     AZ390 total mz390 errors    = 0
hello     AZ390 total az390 errors    = 0
hello     MZ390 ENDED   RC= 0 MEM(MB)= MB IO=20151
hello     LZ390 START
hello     LZ390 Copyright 2011 Automated Software Tools Corporation
hello     LZ390 z390 is licensed under GNU General Public License
hello     LZ390 options = W:\work\z390\z390.OPT=(time(60)) SYSOBJ(+zcobol\z390) notiming 
  stats
hello     LZ390 program = zcobol\demo\hello.OBJ
hello     LZ390 final_options=ALIGN
hello     LZ390 final_options=NOALLOW
hello     LZ390 final_options=NOAMODE24
hello     LZ390 final_options=AMODE31
hello     LZ390 final_options=NOASCII
hello     LZ390 final_options=ASM
hello     LZ390 final_options=NOASSIST
hello     LZ390 final_options=AUTOLINK
hello     LZ390 final_options=NOBAL
hello     LZ390 final_options=NOBS2000
hello     LZ390 final_options=EDF
hello     LZ390 final_options=NOCICS
hello     LZ390 final_options=CODEPAGE(ISO-8859-1+IBM1047)
hello     LZ390 final_options=COMMENT
hello     LZ390 final_options=CON
hello     LZ390 final_options=NODUMP
hello     LZ390 final_options=EPILOG
hello     LZ390 final_options=NOERRSUM
hello     LZ390 final_options=EXTEND
hello     LZ390 final_options=FLOAT(DECIMAL)
hello     LZ390 final_options=NOGUAM
hello     LZ390 final_options=INIT
hello     LZ390 final_options=LIST
hello     LZ390 final_options=LISTCALL
hello     LZ390 final_options=LISTUSE
hello     LZ390 final_options=LOADHIGH
hello     LZ390 final_options=NOMCALL
hello     LZ390 final_options=NOMOD
hello     LZ390 final_options=OBJ
hello     LZ390 final_options=NOOBJHEX
hello     LZ390 final_options=PC
hello     LZ390 final_options=PCOPT
hello     LZ390 final_options=NOPDSMEM8
hello     LZ390 final_options=NOPRINTALL
hello     LZ390 final_options=PROLOG
hello     LZ390 final_options=PROTECT
hello     LZ390 final_options=R64
hello     LZ390 final_options=NOREFORMAT
hello     LZ390 final_options=NOREGS
hello     LZ390 final_options=RMODE24
hello     LZ390 final_options=NORMODE31
hello     LZ390 final_options=STATS
hello     LZ390 final_options=NOTEST
hello     LZ390 final_options=THREAD
hello     LZ390 final_options=NOTIME
hello     LZ390 final_options=NOTIMING
hello     LZ390 final_options=NOTRACE
hello     LZ390 final_options=NOTRACEA
hello     LZ390 final_options=NOTRACEALL
hello     LZ390 final_options=NOTRACEC
hello     LZ390 final_options=NOTRACEG
hello     LZ390 final_options=NOTRACEI
hello     LZ390 final_options=NOTRACEL
hello     LZ390 final_options=NOTRACEM
hello     LZ390 final_options=NOTRACEP
hello     LZ390 final_options=NOTRACEQ
hello     LZ390 final_options=NOTRACES
hello     LZ390 final_options=NOTRACET
hello     LZ390 final_options=NOTRACEV
hello     LZ390 final_options=TRAP
hello     LZ390 final_options=NOTRUNC
hello     LZ390 final_options=NOTS
hello     LZ390 final_options=VCB
hello     LZ390 final_options=WARN
hello     LZ390 final_options=XREF
hello     LZ390 final_options=ZSTRMAC
hello     LZ390 final_options=CHKMAC=0
hello     LZ390 final_options=CHKSRC=1
hello     LZ390 final_options=ERR=100
hello     LZ390 final_options=MAXCALL=50
hello     LZ390 final_options=MAXDISPLAY=80
hello     LZ390 final_options=MAXESD=1000
hello     LZ390 final_options=MAXFILE=1000
hello     LZ390 final_options=MAXGBL=100000
hello     LZ390 final_options=MAXHEIGHT=600
hello     LZ390 final_options=MAXLCL=100000
hello     LZ390 final_options=MAXLEN=80
hello     LZ390 final_options=MAXLINE=200000
hello     LZ390 final_options=MAXLOG=1000000
hello     LZ390 final_options=MAXPARM=10000
hello     LZ390 final_options=MAXPASS=2
hello     LZ390 final_options=MAXPC=50000
hello     LZ390 final_options=MAXQUE=1000
hello     LZ390 final_options=MAXRLD=10000
hello     LZ390 final_options=MAXSIZE=52428800
hello     LZ390 final_options=MAXSYM=50000
hello     LZ390 final_options=MAXWARN=4
hello     LZ390 final_options=MAXWIDTH=800
hello     LZ390 final_options=MEM=1
hello     LZ390 final_options=MINHEIGHT=150
hello     LZ390 final_options=MINWIDTH=150
hello     LZ390 final_options=MNOTE=0
hello     LZ390 final_options=PARM=
hello     LZ390 final_options=PROFILE=
hello     LZ390 final_options=STATS=W:\work\z390\zcobol\demo\hello.STA
hello     LZ390 final_options=SYSPARM=
hello     LZ390 final_options=SYSTERM=W:\work\z390\zcobol\demo\hello.ERR
hello     LZ390 final_options=TESTDD=
hello     LZ390 final_options=TIME=60
hello     LZ390 final_options=TRACE=
hello     LZ390 final_options=Z390ACROBAT=cmd.exe /c Start
hello     LZ390 final_options=Z390BROWSER=cmd.exe /c Start
hello     LZ390 final_options=Z390COMMAND=cmd.exe
hello     LZ390 final_options=Z390EDITOR=notepad.exe
hello     LZ390 final_options=INSTALL=
hello     LZ390 final_options=IPL=
hello     LZ390 final_options=LOG=
hello     LZ390 final_options=SYS390=zcobol\demo\+linklib
hello     LZ390 final_options=SYSBAL=zcobol\demo\
hello     LZ390 final_options=SYSCPY=zcobol\demo\
hello     LZ390 final_options=SYSDAT=zcobol\demo\
hello     LZ390 final_options=SYSERR=zcobol\demo\
hello     LZ390 final_options=SYSLOG=zcobol\demo\
hello     LZ390 final_options=SYSLST=zcobol\demo\
hello     LZ390 final_options=SYSMAC=zcobol\demo\
hello     LZ390 final_options=SYSMLC=zcobol\demo\
hello     LZ390 final_options=SYSPCH=zcobol\demo\
hello     LZ390 final_options=SYSPRN=zcobol\demo\
hello     LZ390 final_options=SYSOBJ=zcobol\demo\+zcobol\z390
hello     LZ390 final_options=SYSOPT=zcobol\demo\
hello     LZ390 final_options=SYSTRC=zcobol\demo\
hello     LZ390 Stats total obj files = 1
hello     LZ390 Stats total esds      = 1
hello     LZ390 Stats total csects    = 1
hello     LZ390 Stats total entries   = 0
hello     LZ390 Stats missing wxtrn's = 0
hello     LZ390 Stats Keys            = 1
hello     LZ390 Stats Key searches    = 2
hello     LZ390 Stats Key avg comps   = 0
hello     LZ390 Stats Key max comps   = 1
hello     LZ390 Stats total obj byte  = 278
hello     LZ390 Stats total obj rlds  = 0
hello     LZ390 total errors          = 0
hello     LZ390 ENDED   RC= 0 MEM(MB)= MB IO=211
hello     EZ390 START
hello     EZ390 Copyright 2011 Automated Software Tools Corporation
hello     EZ390 z390 is licensed under GNU General Public License
hello     EZ390 program = zcobol\demo\hello.390
hello     EZ390 options = W:\work\z390\z390.OPT=(time(60)) SYS390(+zcobol\z390) notiming 
  stats
hello     EZ390 final_options=ALIGN
hello     EZ390 final_options=NOALLOW
hello     EZ390 final_options=NOAMODE24
hello     EZ390 final_options=AMODE31
hello     EZ390 final_options=NOASCII
hello     EZ390 final_options=ASM
hello     EZ390 final_options=NOASSIST
hello     EZ390 final_options=AUTOLINK
hello     EZ390 final_options=NOBAL
hello     EZ390 final_options=NOBS2000
hello     EZ390 final_options=EDF
hello     EZ390 final_options=NOCICS
hello     EZ390 final_options=CODEPAGE(ISO-8859-1+IBM1047)
hello     EZ390 final_options=COMMENT
hello     EZ390 final_options=CON
hello     EZ390 final_options=NODUMP
hello     EZ390 final_options=EPILOG
hello     EZ390 final_options=NOERRSUM
hello     EZ390 final_options=EXTEND
hello     EZ390 final_options=FLOAT(DECIMAL)
hello     EZ390 final_options=NOGUAM
hello     EZ390 final_options=INIT
hello     EZ390 final_options=LIST
hello     EZ390 final_options=LISTCALL
hello     EZ390 final_options=LISTUSE
hello     EZ390 final_options=LOADHIGH
hello     EZ390 final_options=NOMCALL
hello     EZ390 final_options=NOMOD
hello     EZ390 final_options=OBJ
hello     EZ390 final_options=NOOBJHEX
hello     EZ390 final_options=PC
hello     EZ390 final_options=PCOPT
hello     EZ390 final_options=NOPDSMEM8
hello     EZ390 final_options=NOPRINTALL
hello     EZ390 final_options=PROLOG
hello     EZ390 final_options=PROTECT
hello     EZ390 final_options=R64
hello     EZ390 final_options=NOREFORMAT
hello     EZ390 final_options=NOREGS
hello     EZ390 final_options=RMODE24
hello     EZ390 final_options=NORMODE31
hello     EZ390 final_options=STATS
hello     EZ390 final_options=NOTEST
hello     EZ390 final_options=THREAD
hello     EZ390 final_options=NOTIME
hello     EZ390 final_options=NOTIMING
hello     EZ390 final_options=NOTRACE
hello     EZ390 final_options=NOTRACEA
hello     EZ390 final_options=NOTRACEALL
hello     EZ390 final_options=NOTRACEC
hello     EZ390 final_options=NOTRACEG
hello     EZ390 final_options=NOTRACEI
hello     EZ390 final_options=NOTRACEL
hello     EZ390 final_options=NOTRACEM
hello     EZ390 final_options=NOTRACEP
hello     EZ390 final_options=NOTRACEQ
hello     EZ390 final_options=NOTRACES
hello     EZ390 final_options=NOTRACET
hello     EZ390 final_options=NOTRACEV
hello     EZ390 final_options=TRAP
hello     EZ390 final_options=NOTRUNC
hello     EZ390 final_options=NOTS
hello     EZ390 final_options=VCB
hello     EZ390 final_options=WARN
hello     EZ390 final_options=XREF
hello     EZ390 final_options=ZSTRMAC
hello     EZ390 final_options=CHKMAC=0
hello     EZ390 final_options=CHKSRC=1
hello     EZ390 final_options=ERR=100
hello     EZ390 final_options=MAXCALL=50
hello     EZ390 final_options=MAXDISPLAY=80
hello     EZ390 final_options=MAXESD=1000
hello     EZ390 final_options=MAXFILE=1000
hello     EZ390 final_options=MAXGBL=100000
hello     EZ390 final_options=MAXHEIGHT=600
hello     EZ390 final_options=MAXLCL=100000
hello     EZ390 final_options=MAXLEN=80
hello     EZ390 final_options=MAXLINE=200000
hello     EZ390 final_options=MAXLOG=1000000
hello     EZ390 final_options=MAXPARM=10000
hello     EZ390 final_options=MAXPASS=2
hello     EZ390 final_options=MAXPC=50000
hello     EZ390 final_options=MAXQUE=1000
hello     EZ390 final_options=MAXRLD=10000
hello     EZ390 final_options=MAXSIZE=52428800
hello     EZ390 final_options=MAXSYM=50000
hello     EZ390 final_options=MAXWARN=4
hello     EZ390 final_options=MAXWIDTH=800
hello     EZ390 final_options=MEM=1
hello     EZ390 final_options=MINHEIGHT=150
hello     EZ390 final_options=MINWIDTH=150
hello     EZ390 final_options=MNOTE=0
hello     EZ390 final_options=PARM=
hello     EZ390 final_options=PROFILE=
hello     EZ390 final_options=STATS=W:\work\z390\zcobol\demo\hello.STA
hello     EZ390 final_options=SYSPARM=
hello     EZ390 final_options=SYSTERM=W:\work\z390\zcobol\demo\hello.ERR
hello     EZ390 final_options=TESTDD=
hello     EZ390 final_options=TIME=60
hello     EZ390 final_options=TRACE=
hello     EZ390 final_options=Z390ACROBAT=cmd.exe /c Start
hello     EZ390 final_options=Z390BROWSER=cmd.exe /c Start
hello     EZ390 final_options=Z390COMMAND=cmd.exe
hello     EZ390 final_options=Z390EDITOR=notepad.exe
hello     EZ390 final_options=INSTALL=
hello     EZ390 final_options=IPL=
hello     EZ390 final_options=LOG=W:\work\z390\zcobol\demo\hello.LOG
hello     EZ390 final_options=SYS390=zcobol\demo\+linklib+zcobol\z390
hello     EZ390 final_options=SYSBAL=zcobol\demo\
hello     EZ390 final_options=SYSCPY=zcobol\demo\
hello     EZ390 final_options=SYSDAT=zcobol\demo\
hello     EZ390 final_options=SYSERR=zcobol\demo\
hello     EZ390 final_options=SYSLOG=zcobol\demo\
hello     EZ390 final_options=SYSLST=zcobol\demo\
hello     EZ390 final_options=SYSMAC=zcobol\demo\
hello     EZ390 final_options=SYSMLC=zcobol\demo\
hello     EZ390 final_options=SYSPCH=zcobol\demo\
hello     EZ390 final_options=SYSPRN=zcobol\demo\
hello     EZ390 final_options=SYSOBJ=zcobol\demo\
hello     EZ390 final_options=SYSOPT=zcobol\demo\
hello     EZ390 final_options=SYSTRC=zcobol\demo\
hello     EZ390 TCPIO operations      = 0
hello     EZ390 DCB operations        = 0
hello     EZ390 VSAM operations       = 0
hello     EZ390 Keys                  = 2468
hello     EZ390 Key searches          = 4
hello     EZ390 Key avg comps         = 0
hello     EZ390 Key max comps         = 0
hello     EZ390 total errors          = 0
hello     EZ390 ENDED   RC= 0 MEM(MB)= MB IO=317 INS=41
