POWERS    EZ390 START
EZ390I Copyright 2011 Automated Software Tools Corporation
EZ390I z390 is licensed under GNU General Public License
EZ390I program = zcobol\demo\POWERS.390
EZ390I options = W:\work\z390\z390.OPT=(time(60)) SYS390(+zcobol\z390) notiming 
  stats
 POWER OF 2**   0   =  1
 POWER OF 2**    1  =  2
 POWER OF 2**    2  =  4
 POWER OF 2**    3  =  8
 POWER OF 2**    4  =  16
 POWER OF 2**    5  =  32
 POWER OF 2**    6  =  64
 POWER OF 2**    7  =  128
 POWER OF 2**    8  =  256
 POWER OF 2**    9  =  512
 POWER OF 2**   10  =  1024
 POWER OF 2**   11  =  2048
 POWER OF 2**   12  =  4096
 POWER OF 2**   13  =  8192
 POWER OF 2**   14  =  16384
 POWER OF 2**   15  =  32768
 POWER OF 2**   16  =  65536
 POWER OF 2**   17  =  131072
 POWER OF 2**   18  =  262144
 POWER OF 2**   19  =  524288
 POWER OF 2**   20  =  1048576
 POWER OF 2**   21  =  2097152
 POWER OF 2**   22  =  4194304
 POWER OF 2**   23  =  8388608
 POWER OF 2**   24  =  16777216
 POWER OF 2**   25  =  33554432
 POWER OF 2**   26  =  67108864
 POWER OF 2**   27  =  134217728
 POWER OF 2**   28  =  268435456
 POWER OF 2**   29  =  536870912
 POWER OF 2**   30  =  1073741824
 POWER OF 2**   31  =  2147483648
 POWER OF 2**   32  =  4294967296
 POWER OF 2**   33  =  8589934592
 POWER OF 2**   34  =  17179869184
 POWER OF 2**   35  =  34359738368
 POWER OF 2**   36  =  68719476736
 POWER OF 2**   37  =  137438953472
 POWER OF 2**   38  =  274877906944
 POWER OF 2**   39  =  549755813888
 POWER OF 2**   40  =  1099511627776
 POWER OF 2**   41  =  2199023255552
 POWER OF 2**   42  =  4398046511104
 POWER OF 2**   43  =  8796093022208
 POWER OF 2**   44  =  17592186044416
 POWER OF 2**   45  =  35184372088832
 POWER OF 2**   46  =  70368744177664
 POWER OF 2**   47  =  140737488355328
 POWER OF 2**   48  =  281474976710656
 POWER OF 2**   49  =  562949953421312
 POWER OF 2**   50  =  1125899906842624
 POWER OF 2**   51  =  2251799813685248
 POWER OF 2**   52  =  4503599627370496
 POWER OF 2**   53  =  9007199254740992
 POWER OF 2**   54  =  18014398509481984
 POWER OF 2**   55  =  36028797018963968
 POWER OF 2**   56  =  72057594037927936
 POWER OF 2**   57  =  144115188075855872
 POWER OF 2**   58  =  288230376151711744
 POWER OF 2**   59  =  576460752303423488
 POWER OF 2**   60  =  1152921504606846976
 POWER OF 2**   61  =  2305843009213693952
 POWER OF 2**   62  =  4611686018427387904
 POWER OF 2**   63  =  9223372036854775808
 POWER OF 2**   64  =  18446744073709551616
 POWER OF 2**   65  =  36893488147419103232
 POWER OF 2**   66  =  73786976294838206464
 POWER OF 2**   67  =  147573952589676412928
 POWER OF 2**   68  =  295147905179352825856
 POWER OF 2**   69  =  590295810358705651712
 POWER OF 2**   70  =  1180591620717411303424
 POWER OF 2**   71  =  2361183241434822606848
 POWER OF 2**   72  =  4722366482869645213696
 POWER OF 2**   73  =  9444732965739290427392
 POWER OF 2**   74  =  18889465931478580854784
 POWER OF 2**   75  =  37778931862957161709568
 POWER OF 2**   76  =  75557863725914323419136
 POWER OF 2**   77  =  151115727451828646838272
 POWER OF 2**   78  =  302231454903657293676544
 POWER OF 2**   79  =  604462909807314587353088
 POWER OF 2**   80  =  1208925819614629174706176
 POWER OF 2**   81  =  2417851639229258349412352
 POWER OF 2**   82  =  4835703278458516698824704
 POWER OF 2**   83  =  9671406556917033397649408
 POWER OF 2**   84  =  19342813113834066795298816
 POWER OF 2**   85  =  38685626227668133590597632
 POWER OF 2**   86  =  77371252455336267181195264
 POWER OF 2**   87  =  154742504910672534362390528
 POWER OF 2**   88  =  309485009821345068724781056
 POWER OF 2**   89  =  618970019642690137449562112
 POWER OF 2**   90  =  1237940039285380274899124224
 POWER OF 2**   91  =  2475880078570760549798248448
 POWER OF 2**   92  =  4951760157141521099596496896
 POWER OF 2**   93  =  9903520314283042199192993792
 POWER OF 2**   94  =  19807040628566084398385987584
 POWER OF 2**   95  =  39614081257132168796771975168
 POWER OF 2**   96  =  79228162514264337593543950336
 POWER OF 2**   97  =  158456325028528675187087900672
 POWER OF 2**   98  =  316912650057057350374175801344
 POWER OF 2**   99  =  633825300114114700748351602688
 POWER OF 2**  100  =  1267650600228229401496703205376
 POWER OF 2**  101  =  2535301200456458802993406410752
 POWER OF 2**  102  =  5070602400912917605986812821504
 POWER OF 2**  103  =  10141204801825835211973625643008
 POWER OF 2**  104  =  20282409603651670423947251286016
 POWER OF 2**  105  =  40564819207303340847894502572032
 POWER OF 2**  106  =  81129638414606681695789005144064
 POWER OF 2**  107  =  162259276829213363391578010288128
 POWER OF 2**  108  =  324518553658426726783156020576256
 POWER OF 2**  109  =  649037107316853453566312041152512
 POWER OF 2**  110  =  1298074214633706907132624082305024
 POWER OF 2**  111  =  2596148429267413814265248164610048
 POWER OF 2**  112  =  5192296858534827628530496329220096
 POWER OF 2**  113  =  10384593717069655257060992658440192
 POWER OF 2**  114  =  20769187434139310514121985316880384
 POWER OF 2**  115  =  41538374868278621028243970633760768
 POWER OF 2**  116  =  83076749736557242056487941267521536
 POWER OF 2**  117  =  166153499473114484112975882535043072
 POWER OF 2**  118  =  332306998946228968225951765070086144
 POWER OF 2**  119  =  664613997892457936451903530140172288
 POWER OF 2**  120  =  1329227995784915872903807060280344576
 POWER OF 2**  121  =  2658455991569831745807614120560689152
 POWER OF 2**  122  =  5316911983139663491615228241121378304
 POWER OF 2**  123  =  10633823966279326983230456482242756608
 POWER OF 2**  124  =  21267647932558653966460912964485513216
 POWER OF 2**  125  =  42535295865117307932921825928971026432
 POWER OF 2**  126  =  85070591730234615865843651857942052864
EZ390I total errors         = 0
POWERS    EZ390 ENDED   RC= 0 MEM(MB)= MB IO=443 INS=39796
