IEFBR14   MZ390 START
IEFBR14   MZ390 Copyright 2011 Automated Software Tools Corporation
IEFBR14   MZ390 z390 is licensed under GNU General Public License
IEFBR14   MZ390 program = linklib\IEFBR14.MLC
IEFBR14   MZ390 options = W:\work\z390\z390.OPT=(time(60)) sysmac(W:\work\z390\mac+.) 
  syscpy(W:\work\z390\mac+.) @rt\RT1=(bal notiming stats) sysobj(linklib) 
  systerm(linklib\rtlink)
IEFBR14   MZ390 final_options=ALIGN
IEFBR14   MZ390 final_options=NOALLOW
IEFBR14   MZ390 final_options=NOAMODE24
IEFBR14   MZ390 final_options=AMODE31
IEFBR14   MZ390 final_options=NOASCII
IEFBR14   MZ390 final_options=ASM
IEFBR14   MZ390 final_options=NOASSIST
IEFBR14   MZ390 final_options=AUTOLINK
IEFBR14   MZ390 final_options=BAL
IEFBR14   MZ390 final_options=NOBS2000
IEFBR14   MZ390 final_options=EDF
IEFBR14   MZ390 final_options=NOCICS
IEFBR14   MZ390 final_options=CODEPAGE(ISO-8859-1+IBM1047)
IEFBR14   MZ390 final_options=COMMENT
IEFBR14   MZ390 final_options=CON
IEFBR14   MZ390 final_options=NODUMP
IEFBR14   MZ390 final_options=EPILOG
IEFBR14   MZ390 final_options=NOERRSUM
IEFBR14   MZ390 final_options=EXTEND
IEFBR14   MZ390 final_options=FLOAT(DECIMAL)
IEFBR14   MZ390 final_options=NOGUAM
IEFBR14   MZ390 final_options=INIT
IEFBR14   MZ390 final_options=LIST
IEFBR14   MZ390 final_options=LISTCALL
IEFBR14   MZ390 final_options=LISTUSE
IEFBR14   MZ390 final_options=LOADHIGH
IEFBR14   MZ390 final_options=NOMCALL
IEFBR14   MZ390 final_options=NOMOD
IEFBR14   MZ390 final_options=OBJ
IEFBR14   MZ390 final_options=NOOBJHEX
IEFBR14   MZ390 final_options=PC
IEFBR14   MZ390 final_options=PCOPT
IEFBR14   MZ390 final_options=NOPDSMEM8
IEFBR14   MZ390 final_options=NOPRINTALL
IEFBR14   MZ390 final_options=PROLOG
IEFBR14   MZ390 final_options=PROTECT
IEFBR14   MZ390 final_options=R64
IEFBR14   MZ390 final_options=NOREFORMAT
IEFBR14   MZ390 final_options=NOREGS
IEFBR14   MZ390 final_options=RMODE24
IEFBR14   MZ390 final_options=NORMODE31
IEFBR14   MZ390 final_options=STATS
IEFBR14   MZ390 final_options=NOTEST
IEFBR14   MZ390 final_options=THREAD
IEFBR14   MZ390 final_options=NOTIME
IEFBR14   MZ390 final_options=NOTIMING
IEFBR14   MZ390 final_options=NOTRACE
IEFBR14   MZ390 final_options=NOTRACEA
IEFBR14   MZ390 final_options=NOTRACEALL
IEFBR14   MZ390 final_options=NOTRACEC
IEFBR14   MZ390 final_options=NOTRACEG
IEFBR14   MZ390 final_options=NOTRACEI
IEFBR14   MZ390 final_options=NOTRACEL
IEFBR14   MZ390 final_options=NOTRACEM
IEFBR14   MZ390 final_options=NOTRACEP
IEFBR14   MZ390 final_options=NOTRACEQ
IEFBR14   MZ390 final_options=NOTRACES
IEFBR14   MZ390 final_options=NOTRACET
IEFBR14   MZ390 final_options=NOTRACEV
IEFBR14   MZ390 final_options=TRAP
IEFBR14   MZ390 final_options=NOTRUNC
IEFBR14   MZ390 final_options=NOTS
IEFBR14   MZ390 final_options=VCB
IEFBR14   MZ390 final_options=WARN
IEFBR14   MZ390 final_options=XREF
IEFBR14   MZ390 final_options=ZSTRMAC
IEFBR14   MZ390 final_options=CHKMAC=0
IEFBR14   MZ390 final_options=CHKSRC=1
IEFBR14   MZ390 final_options=ERR=100
IEFBR14   MZ390 final_options=MAXCALL=50
IEFBR14   MZ390 final_options=MAXDISPLAY=80
IEFBR14   MZ390 final_options=MAXESD=1000
IEFBR14   MZ390 final_options=MAXFILE=1000
IEFBR14   MZ390 final_options=MAXGBL=100000
IEFBR14   MZ390 final_options=MAXHEIGHT=600
IEFBR14   MZ390 final_options=MAXLCL=100000
IEFBR14   MZ390 final_options=MAXLEN=80
IEFBR14   MZ390 final_options=MAXLINE=200000
IEFBR14   MZ390 final_options=MAXLOG=1000000
IEFBR14   MZ390 final_options=MAXPARM=10000
IEFBR14   MZ390 final_options=MAXPASS=2
IEFBR14   MZ390 final_options=MAXPC=50000
IEFBR14   MZ390 final_options=MAXQUE=1000
IEFBR14   MZ390 final_options=MAXRLD=10000
IEFBR14   MZ390 final_options=MAXSIZE=52428800
IEFBR14   MZ390 final_options=MAXSYM=50000
IEFBR14   MZ390 final_options=MAXWARN=4
IEFBR14   MZ390 final_options=MAXWIDTH=800
IEFBR14   MZ390 final_options=MEM=1
IEFBR14   MZ390 final_options=MINHEIGHT=150
IEFBR14   MZ390 final_options=MINWIDTH=150
IEFBR14   MZ390 final_options=MNOTE=0
IEFBR14   MZ390 final_options=PARM=
IEFBR14   MZ390 final_options=PROFILE=
IEFBR14   MZ390 final_options=STATS=W:\work\z390\linklib\IEFBR14.STA
IEFBR14   MZ390 final_options=SYSPARM=
IEFBR14   MZ390 final_options=SYSTERM=W:\work\z390\linklib\rtlink.ERR
IEFBR14   MZ390 final_options=TESTDD=
IEFBR14   MZ390 final_options=TIME=60
IEFBR14   MZ390 final_options=TRACE=
IEFBR14   MZ390 final_options=Z390ACROBAT=cmd.exe /c Start
IEFBR14   MZ390 final_options=Z390BROWSER=cmd.exe /c Start
IEFBR14   MZ390 final_options=Z390COMMAND=cmd.exe
IEFBR14   MZ390 final_options=Z390EDITOR=notepad.exe
IEFBR14   MZ390 final_options=INSTALL=
IEFBR14   MZ390 final_options=IPL=
IEFBR14   MZ390 final_options=LOG=
IEFBR14   MZ390 final_options=SYS390=linklib\+linklib
IEFBR14   MZ390 final_options=SYSBAL=linklib\
IEFBR14   MZ390 final_options=SYSCPY=W:\work\z390\mac+.
IEFBR14   MZ390 final_options=SYSDAT=linklib\
IEFBR14   MZ390 final_options=SYSERR=linklib\
IEFBR14   MZ390 final_options=SYSLOG=linklib\
IEFBR14   MZ390 final_options=SYSLST=linklib\
IEFBR14   MZ390 final_options=SYSMAC=W:\work\z390\mac+.
IEFBR14   MZ390 final_options=SYSMLC=linklib\
IEFBR14   MZ390 final_options=SYSPCH=linklib\
IEFBR14   MZ390 final_options=SYSPRN=linklib\
IEFBR14   MZ390 final_options=SYSOBJ=linklib
IEFBR14   MZ390 final_options=SYSOPT=linklib\
IEFBR14   MZ390 final_options=SYSTRC=linklib\
IEFBR14   MZ390 total MLC/MAC loaded  = 5
IEFBR14   MZ390 total BAL output lines= 4
IEFBR14   MZ390 total BAL instructions= 4
IEFBR14   MZ390 total macros          = 1
IEFBR14   MZ390 total macro loads     = 1
IEFBR14   MZ390 total macro calls     = 0
IEFBR14   MZ390 total AENTRY blocks   = 0
IEFBR14   MZ390 total ACALL  calls    = 0
IEFBR14   MZ390 total AIF    blocks   = 0
IEFBR14   MZ390 total ACASE  blocks   = 0
IEFBR14   MZ390 total AWHILE calls    = 0
IEFBR14   MZ390 total AUNTIL blocks   = 0
IEFBR14   MZ390 total global set names= 46
IEFBR14   MZ390 tot global seta cells = 0
IEFBR14   MZ390 tot global setb cells = 7
IEFBR14   MZ390 tot global setc cells = 39
IEFBR14   MZ390 max local pos parms   = 0
IEFBR14   MZ390 max local key parms   = 0
IEFBR14   MZ390 max local set names   = 5
IEFBR14   MZ390 max local seta cells  = 1
IEFBR14   MZ390 max local setb cells  = 0
IEFBR14   MZ390 max local setc cells  = 4
IEFBR14   MZ390 total array expansions= 0
IEFBR14   MZ390 total Keys            = 1386
IEFBR14   MZ390 Key searches          = 1410
IEFBR14   MZ390 Key avg comps         = 0
IEFBR14   MZ390 Key max comps         = 2
IEFBR14   MZ390 total macro line exec = 6
IEFBR14   MZ390 total pcode line exec = 0
IEFBR14   MZ390 total pcode line gen. = 0
IEFBR14   MZ390 total pcode line reuse= 0
IEFBR14   MZ390 total pcode op   gen. = 0
IEFBR14   MZ390 total pcode op   exec = 0
IEFBR14   MZ390 total pcode gen  opt  = 0
IEFBR14   MZ390 total pcode exec opt  = 0
IEFBR14   MZ390 FID=  1 ERR= 0 W:\work\z390\linklib\IEFBR14.MLC
IEFBR14   MZ390 total mnote warnings  = 0
IEFBR14   MZ390 total mnote errors    = 0
IEFBR14   MZ390 max   mnote level     = 0
IEFBR14   MZ390 total mz390 errors    = 0
IEFBR14   AZ390 BAL lines             = 4
IEFBR14   AZ390 symbols               = 1
IEFBR14   AZ390 Literals              = 0
IEFBR14   AZ390 alloc passes          = 1
IEFBR14   AZ390 Keys                  = 1320
IEFBR14   AZ390 Key searches          = 1338
IEFBR14   AZ390 Key avg comps         = 0
IEFBR14   AZ390 Key max comps         = 2
IEFBR14   AZ390 ESD symbols           = 1
IEFBR14   AZ390 object bytes          = 4
IEFBR14   AZ390 object rlds           = 0
IEFBR14   AZ390 total mnote warnings  = 0
IEFBR14   AZ390 total mnote errors    = 0
IEFBR14   AZ390 max   mnote level     = 0
IEFBR14   AZ390 total mz390 errors    = 0
IEFBR14   AZ390 total az390 errors    = 0
IEFBR14   MZ390 ENDED   RC= 0 MEM(MB)= MB IO=209
IEFBR14   LZ390 START
IEFBR14   LZ390 Copyright 2011 Automated Software Tools Corporation
IEFBR14   LZ390 z390 is licensed under GNU General Public License
IEFBR14   LZ390 options = W:\work\z390\z390.OPT=(time(60)) @rt\RT1=(bal notiming stats) 
  sysobj(linklib) systerm(linklib\rtlink)
IEFBR14   LZ390 program = linklib\IEFBR14.OBJ
IEFBR14   LZ390 final_options=ALIGN
IEFBR14   LZ390 final_options=NOALLOW
IEFBR14   LZ390 final_options=NOAMODE24
IEFBR14   LZ390 final_options=AMODE31
IEFBR14   LZ390 final_options=NOASCII
IEFBR14   LZ390 final_options=ASM
IEFBR14   LZ390 final_options=NOASSIST
IEFBR14   LZ390 final_options=AUTOLINK
IEFBR14   LZ390 final_options=BAL
IEFBR14   LZ390 final_options=NOBS2000
IEFBR14   LZ390 final_options=EDF
IEFBR14   LZ390 final_options=NOCICS
IEFBR14   LZ390 final_options=CODEPAGE(ISO-8859-1+IBM1047)
IEFBR14   LZ390 final_options=COMMENT
IEFBR14   LZ390 final_options=CON
IEFBR14   LZ390 final_options=NODUMP
IEFBR14   LZ390 final_options=EPILOG
IEFBR14   LZ390 final_options=NOERRSUM
IEFBR14   LZ390 final_options=EXTEND
IEFBR14   LZ390 final_options=FLOAT(DECIMAL)
IEFBR14   LZ390 final_options=NOGUAM
IEFBR14   LZ390 final_options=INIT
IEFBR14   LZ390 final_options=LIST
IEFBR14   LZ390 final_options=LISTCALL
IEFBR14   LZ390 final_options=LISTUSE
IEFBR14   LZ390 final_options=LOADHIGH
IEFBR14   LZ390 final_options=NOMCALL
IEFBR14   LZ390 final_options=NOMOD
IEFBR14   LZ390 final_options=OBJ
IEFBR14   LZ390 final_options=NOOBJHEX
IEFBR14   LZ390 final_options=PC
IEFBR14   LZ390 final_options=PCOPT
IEFBR14   LZ390 final_options=NOPDSMEM8
IEFBR14   LZ390 final_options=NOPRINTALL
IEFBR14   LZ390 final_options=PROLOG
IEFBR14   LZ390 final_options=PROTECT
IEFBR14   LZ390 final_options=R64
IEFBR14   LZ390 final_options=NOREFORMAT
IEFBR14   LZ390 final_options=NOREGS
IEFBR14   LZ390 final_options=RMODE24
IEFBR14   LZ390 final_options=NORMODE31
IEFBR14   LZ390 final_options=STATS
IEFBR14   LZ390 final_options=NOTEST
IEFBR14   LZ390 final_options=THREAD
IEFBR14   LZ390 final_options=NOTIME
IEFBR14   LZ390 final_options=NOTIMING
IEFBR14   LZ390 final_options=NOTRACE
IEFBR14   LZ390 final_options=NOTRACEA
IEFBR14   LZ390 final_options=NOTRACEALL
IEFBR14   LZ390 final_options=NOTRACEC
IEFBR14   LZ390 final_options=NOTRACEG
IEFBR14   LZ390 final_options=NOTRACEI
IEFBR14   LZ390 final_options=NOTRACEL
IEFBR14   LZ390 final_options=NOTRACEM
IEFBR14   LZ390 final_options=NOTRACEP
IEFBR14   LZ390 final_options=NOTRACEQ
IEFBR14   LZ390 final_options=NOTRACES
IEFBR14   LZ390 final_options=NOTRACET
IEFBR14   LZ390 final_options=NOTRACEV
IEFBR14   LZ390 final_options=TRAP
IEFBR14   LZ390 final_options=NOTRUNC
IEFBR14   LZ390 final_options=NOTS
IEFBR14   LZ390 final_options=VCB
IEFBR14   LZ390 final_options=WARN
IEFBR14   LZ390 final_options=XREF
IEFBR14   LZ390 final_options=ZSTRMAC
IEFBR14   LZ390 final_options=CHKMAC=0
IEFBR14   LZ390 final_options=CHKSRC=1
IEFBR14   LZ390 final_options=ERR=100
IEFBR14   LZ390 final_options=MAXCALL=50
IEFBR14   LZ390 final_options=MAXDISPLAY=80
IEFBR14   LZ390 final_options=MAXESD=1000
IEFBR14   LZ390 final_options=MAXFILE=1000
IEFBR14   LZ390 final_options=MAXGBL=100000
IEFBR14   LZ390 final_options=MAXHEIGHT=600
IEFBR14   LZ390 final_options=MAXLCL=100000
IEFBR14   LZ390 final_options=MAXLEN=80
IEFBR14   LZ390 final_options=MAXLINE=200000
IEFBR14   LZ390 final_options=MAXLOG=1000000
IEFBR14   LZ390 final_options=MAXPARM=10000
IEFBR14   LZ390 final_options=MAXPASS=2
IEFBR14   LZ390 final_options=MAXPC=50000
IEFBR14   LZ390 final_options=MAXQUE=1000
IEFBR14   LZ390 final_options=MAXRLD=10000
IEFBR14   LZ390 final_options=MAXSIZE=52428800
IEFBR14   LZ390 final_options=MAXSYM=50000
IEFBR14   LZ390 final_options=MAXWARN=4
IEFBR14   LZ390 final_options=MAXWIDTH=800
IEFBR14   LZ390 final_options=MEM=1
IEFBR14   LZ390 final_options=MINHEIGHT=150
IEFBR14   LZ390 final_options=MINWIDTH=150
IEFBR14   LZ390 final_options=MNOTE=0
IEFBR14   LZ390 final_options=PARM=
IEFBR14   LZ390 final_options=PROFILE=
IEFBR14   LZ390 final_options=STATS=W:\work\z390\linklib\IEFBR14.STA
IEFBR14   LZ390 final_options=SYSPARM=
IEFBR14   LZ390 final_options=SYSTERM=W:\work\z390\linklib\rtlink.ERR
IEFBR14   LZ390 final_options=TESTDD=
IEFBR14   LZ390 final_options=TIME=60
IEFBR14   LZ390 final_options=TRACE=
IEFBR14   LZ390 final_options=Z390ACROBAT=cmd.exe /c Start
IEFBR14   LZ390 final_options=Z390BROWSER=cmd.exe /c Start
IEFBR14   LZ390 final_options=Z390COMMAND=cmd.exe
IEFBR14   LZ390 final_options=Z390EDITOR=notepad.exe
IEFBR14   LZ390 final_options=INSTALL=
IEFBR14   LZ390 final_options=IPL=
IEFBR14   LZ390 final_options=LOG=
IEFBR14   LZ390 final_options=SYS390=linklib\+linklib
IEFBR14   LZ390 final_options=SYSBAL=linklib\
IEFBR14   LZ390 final_options=SYSCPY=linklib\
IEFBR14   LZ390 final_options=SYSDAT=linklib\
IEFBR14   LZ390 final_options=SYSERR=linklib\
IEFBR14   LZ390 final_options=SYSLOG=linklib\
IEFBR14   LZ390 final_options=SYSLST=linklib\
IEFBR14   LZ390 final_options=SYSMAC=linklib\
IEFBR14   LZ390 final_options=SYSMLC=linklib\
IEFBR14   LZ390 final_options=SYSPCH=linklib\
IEFBR14   LZ390 final_options=SYSPRN=linklib\
IEFBR14   LZ390 final_options=SYSOBJ=linklib
IEFBR14   LZ390 final_options=SYSOPT=linklib\
IEFBR14   LZ390 final_options=SYSTRC=linklib\
IEFBR14   LZ390 Stats total obj files = 1
IEFBR14   LZ390 Stats total esds      = 1
IEFBR14   LZ390 Stats total csects    = 1
IEFBR14   LZ390 Stats total entries   = 0
IEFBR14   LZ390 Stats missing wxtrn's = 0
IEFBR14   LZ390 Stats Keys            = 1
IEFBR14   LZ390 Stats Key searches    = 2
IEFBR14   LZ390 Stats Key avg comps   = 0
IEFBR14   LZ390 Stats Key max comps   = 1
IEFBR14   LZ390 Stats total obj byte  = 4
IEFBR14   LZ390 Stats total obj rlds  = 0
IEFBR14   LZ390 total errors          = 0
IEFBR14   LZ390 ENDED   RC= 0 MEM(MB)= MB IO=163
IEFBR14   EZ390 START
IEFBR14   EZ390 Copyright 2011 Automated Software Tools Corporation
IEFBR14   EZ390 z390 is licensed under GNU General Public License
IEFBR14   EZ390 program = linklib\IEFBR14.390
IEFBR14   EZ390 options = W:\work\z390\z390.OPT=(time(60)) @rt\RT1=(bal notiming stats) 
  sysobj(linklib) systerm(linklib\rtlink)
IEFBR14   EZ390 final_options=ALIGN
IEFBR14   EZ390 final_options=NOALLOW
IEFBR14   EZ390 final_options=NOAMODE24
IEFBR14   EZ390 final_options=AMODE31
IEFBR14   EZ390 final_options=NOASCII
IEFBR14   EZ390 final_options=ASM
IEFBR14   EZ390 final_options=NOASSIST
IEFBR14   EZ390 final_options=AUTOLINK
IEFBR14   EZ390 final_options=BAL
IEFBR14   EZ390 final_options=NOBS2000
IEFBR14   EZ390 final_options=EDF
IEFBR14   EZ390 final_options=NOCICS
IEFBR14   EZ390 final_options=CODEPAGE(ISO-8859-1+IBM1047)
IEFBR14   EZ390 final_options=COMMENT
IEFBR14   EZ390 final_options=CON
IEFBR14   EZ390 final_options=NODUMP
IEFBR14   EZ390 final_options=EPILOG
IEFBR14   EZ390 final_options=NOERRSUM
IEFBR14   EZ390 final_options=EXTEND
IEFBR14   EZ390 final_options=FLOAT(DECIMAL)
IEFBR14   EZ390 final_options=NOGUAM
IEFBR14   EZ390 final_options=INIT
IEFBR14   EZ390 final_options=LIST
IEFBR14   EZ390 final_options=LISTCALL
IEFBR14   EZ390 final_options=LISTUSE
IEFBR14   EZ390 final_options=LOADHIGH
IEFBR14   EZ390 final_options=NOMCALL
IEFBR14   EZ390 final_options=NOMOD
IEFBR14   EZ390 final_options=OBJ
IEFBR14   EZ390 final_options=NOOBJHEX
IEFBR14   EZ390 final_options=PC
IEFBR14   EZ390 final_options=PCOPT
IEFBR14   EZ390 final_options=NOPDSMEM8
IEFBR14   EZ390 final_options=NOPRINTALL
IEFBR14   EZ390 final_options=PROLOG
IEFBR14   EZ390 final_options=PROTECT
IEFBR14   EZ390 final_options=R64
IEFBR14   EZ390 final_options=NOREFORMAT
IEFBR14   EZ390 final_options=NOREGS
IEFBR14   EZ390 final_options=RMODE24
IEFBR14   EZ390 final_options=NORMODE31
IEFBR14   EZ390 final_options=STATS
IEFBR14   EZ390 final_options=NOTEST
IEFBR14   EZ390 final_options=THREAD
IEFBR14   EZ390 final_options=NOTIME
IEFBR14   EZ390 final_options=NOTIMING
IEFBR14   EZ390 final_options=NOTRACE
IEFBR14   EZ390 final_options=NOTRACEA
IEFBR14   EZ390 final_options=NOTRACEALL
IEFBR14   EZ390 final_options=NOTRACEC
IEFBR14   EZ390 final_options=NOTRACEG
IEFBR14   EZ390 final_options=NOTRACEI
IEFBR14   EZ390 final_options=NOTRACEL
IEFBR14   EZ390 final_options=NOTRACEM
IEFBR14   EZ390 final_options=NOTRACEP
IEFBR14   EZ390 final_options=NOTRACEQ
IEFBR14   EZ390 final_options=NOTRACES
IEFBR14   EZ390 final_options=NOTRACET
IEFBR14   EZ390 final_options=NOTRACEV
IEFBR14   EZ390 final_options=TRAP
IEFBR14   EZ390 final_options=NOTRUNC
IEFBR14   EZ390 final_options=NOTS
IEFBR14   EZ390 final_options=VCB
IEFBR14   EZ390 final_options=WARN
IEFBR14   EZ390 final_options=XREF
IEFBR14   EZ390 final_options=ZSTRMAC
IEFBR14   EZ390 final_options=CHKMAC=0
IEFBR14   EZ390 final_options=CHKSRC=1
IEFBR14   EZ390 final_options=ERR=100
IEFBR14   EZ390 final_options=MAXCALL=50
IEFBR14   EZ390 final_options=MAXDISPLAY=80
IEFBR14   EZ390 final_options=MAXESD=1000
IEFBR14   EZ390 final_options=MAXFILE=1000
IEFBR14   EZ390 final_options=MAXGBL=100000
IEFBR14   EZ390 final_options=MAXHEIGHT=600
IEFBR14   EZ390 final_options=MAXLCL=100000
IEFBR14   EZ390 final_options=MAXLEN=80
IEFBR14   EZ390 final_options=MAXLINE=200000
IEFBR14   EZ390 final_options=MAXLOG=1000000
IEFBR14   EZ390 final_options=MAXPARM=10000
IEFBR14   EZ390 final_options=MAXPASS=2
IEFBR14   EZ390 final_options=MAXPC=50000
IEFBR14   EZ390 final_options=MAXQUE=1000
IEFBR14   EZ390 final_options=MAXRLD=10000
IEFBR14   EZ390 final_options=MAXSIZE=52428800
IEFBR14   EZ390 final_options=MAXSYM=50000
IEFBR14   EZ390 final_options=MAXWARN=4
IEFBR14   EZ390 final_options=MAXWIDTH=800
IEFBR14   EZ390 final_options=MEM=1
IEFBR14   EZ390 final_options=MINHEIGHT=150
IEFBR14   EZ390 final_options=MINWIDTH=150
IEFBR14   EZ390 final_options=MNOTE=0
IEFBR14   EZ390 final_options=PARM=
IEFBR14   EZ390 final_options=PROFILE=
IEFBR14   EZ390 final_options=STATS=W:\work\z390\linklib\IEFBR14.STA
IEFBR14   EZ390 final_options=SYSPARM=
IEFBR14   EZ390 final_options=SYSTERM=W:\work\z390\linklib\rtlink.ERR
IEFBR14   EZ390 final_options=TESTDD=
IEFBR14   EZ390 final_options=TIME=60
IEFBR14   EZ390 final_options=TRACE=
IEFBR14   EZ390 final_options=Z390ACROBAT=cmd.exe /c Start
IEFBR14   EZ390 final_options=Z390BROWSER=cmd.exe /c Start
IEFBR14   EZ390 final_options=Z390COMMAND=cmd.exe
IEFBR14   EZ390 final_options=Z390EDITOR=notepad.exe
IEFBR14   EZ390 final_options=INSTALL=
IEFBR14   EZ390 final_options=IPL=
IEFBR14   EZ390 final_options=LOG=W:\work\z390\linklib\IEFBR14.LOG
IEFBR14   EZ390 final_options=SYS390=linklib\+linklib
IEFBR14   EZ390 final_options=SYSBAL=linklib\
IEFBR14   EZ390 final_options=SYSCPY=linklib\
IEFBR14   EZ390 final_options=SYSDAT=linklib\
IEFBR14   EZ390 final_options=SYSERR=linklib\
IEFBR14   EZ390 final_options=SYSLOG=linklib\
IEFBR14   EZ390 final_options=SYSLST=linklib\
IEFBR14   EZ390 final_options=SYSMAC=linklib\
IEFBR14   EZ390 final_options=SYSMLC=linklib\
IEFBR14   EZ390 final_options=SYSPCH=linklib\
IEFBR14   EZ390 final_options=SYSPRN=linklib\
IEFBR14   EZ390 final_options=SYSOBJ=linklib
IEFBR14   EZ390 final_options=SYSOPT=linklib\
IEFBR14   EZ390 final_options=SYSTRC=linklib\
IEFBR14   EZ390 TCPIO operations      = 0
IEFBR14   EZ390 DCB operations        = 0
IEFBR14   EZ390 VSAM operations       = 0
IEFBR14   EZ390 Keys                  = 2467
IEFBR14   EZ390 Key searches          = 2
IEFBR14   EZ390 Key avg comps         = 1
IEFBR14   EZ390 Key max comps         = 1
IEFBR14   EZ390 total errors          = 0
IEFBR14   EZ390 ENDED   RC= 0 MEM(MB)= MB IO=152 INS=3
