REPRO     LZ390 START
LZ390I Copyright 2011 Automated Software Tools Corporation
LZ390I z390 is licensed under GNU General Public License
LZ390I options = W:\work\z390\z390.OPT=(time(60)) bal notiming stats 
  systerm(linklib\rtlink)
LZ390I program = linklib\REPRO.OBJ
LZ390I ESD=REPRO    LOC=00000000 LEN=00001A30
LZ390I INCLUDE = linklib\REPRO.OBJ
LZ390I RLD LOC=000014F8 FLD=000000DE EXT=00000000
LZ390I RLD LOC=00001590 FLD=00001540 EXT=00000000
LZ390I RLD LOC=00001598 FLD=000016F0 EXT=00000000
LZ390I RLD LOC=00001690 FLD=00001640 EXT=00000000
LZ390I RLD LOC=00001698 FLD=000016F0 EXT=00000000
LZ390I RLD LOC=000019E8 FLD=00001246 EXT=00000000
LZ390I RLD LOC=000019EC FLD=000012AA EXT=00000000
LZ390I RLD LOC=000019F0 FLD=000013D2 EXT=00000000
LZ390I RLD LOC=000019F4 FLD=00001436 EXT=00000000
LZ390I RLD LOC=000019F8 FLD=0000130E EXT=00000000
LZ390I RLD LOC=000019FC FLD=0000136E EXT=00000000
LZ390I total errors         = 0
REPRO     LZ390 ENDED   RC= 0 MEM(MB)= MB IO=1120
