REPRO     MZ390 START
REPRO     MZ390 ENDED   RC= 0 MEM(MB)= MB IO=20600
REPRO     LZ390 START
REPRO     LZ390 ENDED   RC= 0 MEM(MB)= MB IO=1120
SUPERZAP  MZ390 START
SUPERZAP  MZ390 ENDED   RC= 0 MEM(MB)= MB IO=15901
SUPERZAP  LZ390 START
SUPERZAP  LZ390 ENDED   RC= 0 MEM(MB)= MB IO=2484
SUPERZAP  EZ390 START
SUPERZAP  EZ390 ENDED   RC= 4 MEM(MB)= MB IO=263 INS=1914
SUPERZAP  EZ390 START
SUPERZAP  EZ390 ENDED   RC= 0 MEM(MB)= MB IO=1274 INS=41956
UNREF     MZ390 START
UNREF     MZ390 ENDED   RC= 0 MEM(MB)= MB IO=34024
UNREF     LZ390 START
UNREF     LZ390 ENDED   RC= 0 MEM(MB)= MB IO=3697
FPCONVRT  MZ390 START
FPCONVRT  AZ390 MNOTE 'ARCHLVL=7 ARCHSFX=G'
FPCONVRT  MZ390 ENDED   RC= 0 MEM(MB)= MB IO=13756
FPCONMFC  MZ390 START
FPCONMFC  AZ390 MNOTE 'ARCHLVL=7 ARCHSFX=G'
FPCONMFC  MZ390 ENDED   RC= 0 MEM(MB)= MB IO=13116
CVTTOHEX  MZ390 START
CVTTOHEX  MZ390 ENDED   RC= 0 MEM(MB)= MB IO=1288
SQXTR     MZ390 START
SQXTR     MZ390 ENDED   RC= 0 MEM(MB)= MB IO=1903
DAT       MZ390 START
DAT       MZ390 ENDED   RC= 0 MEM(MB)= MB IO=1790
IEFBR14   MZ390 START
IEFBR14   MZ390 ENDED   RC= 0 MEM(MB)= MB IO=209
IEFBR14   LZ390 START
IEFBR14   LZ390 ENDED   RC= 0 MEM(MB)= MB IO=163
IEFBR14   EZ390 START
IEFBR14   EZ390 ENDED   RC= 0 MEM(MB)= MB IO=152 INS=3
TESTFPC1  MZ390 START
TESTFPC1  MZ390 ENDED   RC= 0 MEM(MB)= MB IO=81691
TESTFPC1  LZ390 START
TESTFPC1  LZ390 ENDED   RC= 0 MEM(MB)= MB IO=17058
TESTFPC1  EZ390 START
TESTFPC1  EZ390 ENDED   RC= 0 MEM(MB)= MB IO=3285 INS=1128555
TESTFPC2  MZ390 START
TESTFPC2  MZ390 ENDED   RC= 0 MEM(MB)= MB IO=15469
TESTFPC2  LZ390 START
TESTFPC2  LZ390 ENDED   RC= 0 MEM(MB)= MB IO=3754
TESTFPC2  EZ390 START
TESTFPC2  EZ390 ENDED   RC= 0 MEM(MB)= MB IO=595 INS=750133
13:10:03 ABORT     MZ390 START USING z390 V1.5.06 ON J2SE 1.6.0_31 05/21/12
13:10:03 ABORT     MZ390 ENDED   RC= 0 SEC= 0 MEM(MB)= 42 IO=2685
13:10:04 ACCEPT    MZ390 START USING z390 V1.5.06 ON J2SE 1.6.0_31 05/21/12
13:10:04 ACCEPT    MZ390 ENDED   RC= 0 SEC= 0 MEM(MB)= 69 IO=4615
13:10:05 DISPLAY   MZ390 START USING z390 V1.5.06 ON J2SE 1.6.0_31 05/21/12
13:10:06 DISPLAY   MZ390 ENDED   RC= 0 SEC= 1 MEM(MB)= 69 IO=4799
13:10:06 INSPECT   MZ390 START USING z390 V1.5.06 ON J2SE 1.6.0_31 05/21/12
13:10:07 INSPECT   MZ390 ENDED   RC= 0 SEC= 1 MEM(MB)= 69 IO=4029
13:10:07 ZC390NUC  MZ390 START USING z390 V1.5.06 ON J2SE 1.6.0_31 05/21/12
13:10:09 ZC390NUC  MZ390 ENDED   RC= 0 SEC= 1 MEM(MB)= 69 IO=5090
13:10:09 ZC390LIB  MZ390 START USING z390 V1.5.06 ON J2SE 1.6.0_31 05/21/12
13:10:09 ZC390LIB  MZ390 ENDED   RC= 0 SEC= 0 MEM(MB)= 36 IO=575
13:10:09 ZC390LIB  LZ390 START USING z390 V1.5.06 ON J2SE 1.6.0_31 05/21/12
13:10:10 ZC390LIB  LZ390 ENDED   RC= 0 SEC= 0 MEM(MB)= 32 IO=2083
