SUPERZAP  LZ390 START
LZ390I Copyright 2011 Automated Software Tools Corporation
LZ390I z390 is licensed under GNU General Public License
LZ390I options = W:\work\z390\z390.OPT=(time(60)) bal notiming stats 
  systerm(linklib\rtlink)
LZ390I program = linklib\SUPERZAP.OBJ
LZ390I ESD=SUPERZAP LOC=00000000 LEN=000043E8
LZ390I INCLUDE = linklib\SUPERZAP.OBJ
LZ390I RLD LOC=00001B58 FLD=000024A6 EXT=00000000
LZ390I RLD LOC=00001B5C FLD=000043E6 EXT=00000000
LZ390I RLD LOC=00001B78 FLD=00001DB4 EXT=00000000
LZ390I RLD LOC=00001B84 FLD=000024F6 EXT=00000000
LZ390I RLD LOC=00001B88 FLD=00001DD4 EXT=00000000
LZ390I RLD LOC=00001B8C FLD=00001DB3 EXT=00000000
LZ390I RLD LOC=00001BE0 FLD=000002D4 EXT=00000000
LZ390I RLD LOC=00001BF8 FLD=00000F64 EXT=00000000
LZ390I RLD LOC=00001C60 FLD=00000F92 EXT=00000000
LZ390I RLD LOC=00001CC8 FLD=000009E8 EXT=00000000
LZ390I RLD LOC=00001CEC FLD=000020A4 EXT=00000000
LZ390I RLD LOC=00001D30 FLD=00000A5A EXT=00000000
LZ390I RLD LOC=00001D54 FLD=000020A4 EXT=00000000
LZ390I RLD LOC=00001DB8 FLD=000024A6 EXT=00000000
LZ390I RLD LOC=00001DBC FLD=000024A6 EXT=00000000
LZ390I total errors         = 0
SUPERZAP  LZ390 ENDED   RC= 0 MEM(MB)= MB IO=2484
