UNREF     MZ390 START
UNREF     MZ390 Copyright 2011 Automated Software Tools Corporation
UNREF     MZ390 z390 is licensed under GNU General Public License
UNREF     MZ390 program = linklib\UNREF.MLC
UNREF     MZ390 options = W:\work\z390\z390.OPT=(time(60)) sysmac(W:\work\z390\mac+.) 
  syscpy(W:\work\z390\mac+.) bal notiming stats ASCII SYSCPY(MAC+LINKLIB) 
  systerm(linklib\rtlink)
UNREF     MZ390 final_options=ALIGN
UNREF     MZ390 final_options=NOALLOW
UNREF     MZ390 final_options=NOAMODE24
UNREF     MZ390 final_options=AMODE31
UNREF     MZ390 final_options=ASCII
UNREF     MZ390 final_options=ASM
UNREF     MZ390 final_options=NOASSIST
UNREF     MZ390 final_options=AUTOLINK
UNREF     MZ390 final_options=BAL
UNREF     MZ390 final_options=NOBS2000
UNREF     MZ390 final_options=EDF
UNREF     MZ390 final_options=NOCICS
UNREF     MZ390 final_options=CODEPAGE(ISO-8859-1+IBM1047)
UNREF     MZ390 final_options=COMMENT
UNREF     MZ390 final_options=CON
UNREF     MZ390 final_options=NODUMP
UNREF     MZ390 final_options=EPILOG
UNREF     MZ390 final_options=NOERRSUM
UNREF     MZ390 final_options=EXTEND
UNREF     MZ390 final_options=FLOAT(DECIMAL)
UNREF     MZ390 final_options=NOGUAM
UNREF     MZ390 final_options=INIT
UNREF     MZ390 final_options=LIST
UNREF     MZ390 final_options=LISTCALL
UNREF     MZ390 final_options=LISTUSE
UNREF     MZ390 final_options=LOADHIGH
UNREF     MZ390 final_options=NOMCALL
UNREF     MZ390 final_options=NOMOD
UNREF     MZ390 final_options=OBJ
UNREF     MZ390 final_options=NOOBJHEX
UNREF     MZ390 final_options=PC
UNREF     MZ390 final_options=PCOPT
UNREF     MZ390 final_options=NOPDSMEM8
UNREF     MZ390 final_options=NOPRINTALL
UNREF     MZ390 final_options=PROLOG
UNREF     MZ390 final_options=PROTECT
UNREF     MZ390 final_options=R64
UNREF     MZ390 final_options=NOREFORMAT
UNREF     MZ390 final_options=NOREGS
UNREF     MZ390 final_options=RMODE24
UNREF     MZ390 final_options=NORMODE31
UNREF     MZ390 final_options=STATS
UNREF     MZ390 final_options=NOTEST
UNREF     MZ390 final_options=THREAD
UNREF     MZ390 final_options=NOTIME
UNREF     MZ390 final_options=NOTIMING
UNREF     MZ390 final_options=NOTRACE
UNREF     MZ390 final_options=NOTRACEA
UNREF     MZ390 final_options=NOTRACEALL
UNREF     MZ390 final_options=NOTRACEC
UNREF     MZ390 final_options=NOTRACEG
UNREF     MZ390 final_options=NOTRACEI
UNREF     MZ390 final_options=NOTRACEL
UNREF     MZ390 final_options=NOTRACEM
UNREF     MZ390 final_options=NOTRACEP
UNREF     MZ390 final_options=NOTRACEQ
UNREF     MZ390 final_options=NOTRACES
UNREF     MZ390 final_options=NOTRACET
UNREF     MZ390 final_options=NOTRACEV
UNREF     MZ390 final_options=TRAP
UNREF     MZ390 final_options=NOTRUNC
UNREF     MZ390 final_options=NOTS
UNREF     MZ390 final_options=VCB
UNREF     MZ390 final_options=WARN
UNREF     MZ390 final_options=XREF
UNREF     MZ390 final_options=ZSTRMAC
UNREF     MZ390 final_options=CHKMAC=0
UNREF     MZ390 final_options=CHKSRC=1
UNREF     MZ390 final_options=ERR=100
UNREF     MZ390 final_options=MAXCALL=50
UNREF     MZ390 final_options=MAXDISPLAY=80
UNREF     MZ390 final_options=MAXESD=1000
UNREF     MZ390 final_options=MAXFILE=1000
UNREF     MZ390 final_options=MAXGBL=100000
UNREF     MZ390 final_options=MAXHEIGHT=600
UNREF     MZ390 final_options=MAXLCL=100000
UNREF     MZ390 final_options=MAXLEN=80
UNREF     MZ390 final_options=MAXLINE=200000
UNREF     MZ390 final_options=MAXLOG=1000000
UNREF     MZ390 final_options=MAXPARM=10000
UNREF     MZ390 final_options=MAXPASS=2
UNREF     MZ390 final_options=MAXPC=50000
UNREF     MZ390 final_options=MAXQUE=1000
UNREF     MZ390 final_options=MAXRLD=10000
UNREF     MZ390 final_options=MAXSIZE=52428800
UNREF     MZ390 final_options=MAXSYM=50000
UNREF     MZ390 final_options=MAXWARN=4
UNREF     MZ390 final_options=MAXWIDTH=800
UNREF     MZ390 final_options=MEM=1
UNREF     MZ390 final_options=MINHEIGHT=150
UNREF     MZ390 final_options=MINWIDTH=150
UNREF     MZ390 final_options=MNOTE=0
UNREF     MZ390 final_options=PARM=
UNREF     MZ390 final_options=PROFILE=
UNREF     MZ390 final_options=STATS=W:\work\z390\linklib\UNREF.STA
UNREF     MZ390 final_options=SYSPARM=
UNREF     MZ390 final_options=SYSTERM=W:\work\z390\linklib\rtlink.ERR
UNREF     MZ390 final_options=TESTDD=
UNREF     MZ390 final_options=TIME=60
UNREF     MZ390 final_options=TRACE=
UNREF     MZ390 final_options=Z390ACROBAT=cmd.exe /c Start
UNREF     MZ390 final_options=Z390BROWSER=cmd.exe /c Start
UNREF     MZ390 final_options=Z390COMMAND=cmd.exe
UNREF     MZ390 final_options=Z390EDITOR=notepad.exe
UNREF     MZ390 final_options=INSTALL=
UNREF     MZ390 final_options=IPL=
UNREF     MZ390 final_options=LOG=
UNREF     MZ390 final_options=SYS390=linklib\+linklib
UNREF     MZ390 final_options=SYSBAL=linklib\
UNREF     MZ390 final_options=SYSCPY=MAC+LINKLIB
UNREF     MZ390 final_options=SYSDAT=linklib\
UNREF     MZ390 final_options=SYSERR=linklib\
UNREF     MZ390 final_options=SYSLOG=linklib\
UNREF     MZ390 final_options=SYSLST=linklib\
UNREF     MZ390 final_options=SYSMAC=W:\work\z390\mac+.
UNREF     MZ390 final_options=SYSMLC=linklib\
UNREF     MZ390 final_options=SYSPCH=linklib\
UNREF     MZ390 final_options=SYSPRN=linklib\
UNREF     MZ390 final_options=SYSOBJ=linklib\
UNREF     MZ390 final_options=SYSOPT=linklib\
UNREF     MZ390 final_options=SYSTRC=linklib\
UNREF     MZ390 total MLC/MAC loaded  = 3655
UNREF     MZ390 total BAL output lines= 8801
UNREF     MZ390 total BAL instructions= 40
UNREF     MZ390 total macros          = 14
UNREF     MZ390 total macro loads     = 14
UNREF     MZ390 total macro calls     = 2770
UNREF     MZ390 total AENTRY blocks   = 0
UNREF     MZ390 total ACALL  calls    = 0
UNREF     MZ390 total AIF    blocks   = 34
UNREF     MZ390 total ACASE  blocks   = 0
UNREF     MZ390 total AWHILE calls    = 5
UNREF     MZ390 total AUNTIL blocks   = 0
UNREF     MZ390 total global set names= 64
UNREF     MZ390 tot global seta cells = 2
UNREF     MZ390 tot global setb cells = 78
UNREF     MZ390 tot global setc cells = 44
UNREF     MZ390 max local pos parms   = 5
UNREF     MZ390 max local key parms   = 23
UNREF     MZ390 max local set names   = 24
UNREF     MZ390 max local seta cells  = 6
UNREF     MZ390 max local setb cells  = 0
UNREF     MZ390 max local setc cells  = 25
UNREF     MZ390 total array expansions= 0
UNREF     MZ390 total Keys            = 23840
UNREF     MZ390 Key searches          = 87816
UNREF     MZ390 Key avg comps         = 0
UNREF     MZ390 Key max comps         = 4
UNREF     MZ390 total macro line exec = 17412
UNREF     MZ390 total pcode line exec = 5659
UNREF     MZ390 total pcode line gen. = 110
UNREF     MZ390 total pcode line reuse= 0
UNREF     MZ390 total pcode op   gen. = 479
UNREF     MZ390 total pcode op   exec = 20052
UNREF     MZ390 total pcode gen  opt  = 203
UNREF     MZ390 total pcode exec opt  = 1
UNREF     MZ390 FID=  1 ERR= 0 W:\work\z390\linklib\UNREF.MLC
UNREF     MZ390 FID=  2 ERR= 0 W:\work\z390\LINKLIB\UNREFUSR.CPY
UNREF     MZ390 FID=  3 ERR= 0 W:\work\z390\mac\SUBENTRY.MAC
UNREF     MZ390 FID=  4 ERR= 0 W:\work\z390\mac\OPEN.MAC
UNREF     MZ390 FID=  5 ERR= 0 W:\work\z390\mac\ZOPEN.MAC
UNREF     MZ390 FID=  6 ERR= 0 W:\work\z390\mac\DCBD.MAC
UNREF     MZ390 FID=  7 ERR= 0 W:\work\z390\mac\GET.MAC
UNREF     MZ390 FID=  8 ERR= 0 W:\work\z390\mac\ABEND.MAC
UNREF     MZ390 FID=  9 ERR= 0 W:\work\z390\mac\PUT.MAC
UNREF     MZ390 FID= 10 ERR= 0 W:\work\z390\mac\CLOSE.MAC
UNREF     MZ390 FID= 11 ERR= 0 W:\work\z390\mac\ZCLOSE.MAC
UNREF     MZ390 FID= 12 ERR= 0 W:\work\z390\mac\SUBEXIT.MAC
UNREF     MZ390 FID= 13 ERR= 0 W:\work\z390\mac\DCB.MAC
UNREF     MZ390 FID= 14 ERR= 0 W:\work\z390\mac\EQUREGS.MAC
UNREF     MZ390 total mnote warnings  = 0
UNREF     MZ390 total mnote errors    = 0
UNREF     MZ390 max   mnote level     = 0
UNREF     MZ390 total mz390 errors    = 0
UNREF     AZ390 BAL lines             = 8801
UNREF     AZ390 symbols               = 100
UNREF     AZ390 Literals              = 6
UNREF     AZ390 alloc passes          = 3
UNREF     AZ390 Keys                  = 1425
UNREF     AZ390 Key searches          = 27106
UNREF     AZ390 Key avg comps         = 0
UNREF     AZ390 Key max comps         = 3
UNREF     AZ390 ESD symbols           = 2
UNREF     AZ390 object bytes          = 27939
UNREF     AZ390 object rlds           = 4
UNREF     AZ390 total mnote warnings  = 0
UNREF     AZ390 total mnote errors    = 0
UNREF     AZ390 max   mnote level     = 0
UNREF     AZ390 total mz390 errors    = 0
UNREF     AZ390 total az390 errors    = 0
UNREF     MZ390 ENDED   RC= 0 MEM(MB)= MB IO=34024
UNREF     LZ390 START
UNREF     LZ390 Copyright 2011 Automated Software Tools Corporation
UNREF     LZ390 z390 is licensed under GNU General Public License
UNREF     LZ390 options = W:\work\z390\z390.OPT=(time(60)) bal notiming stats ASCII 
  SYSCPY(MAC+LINKLIB) systerm(linklib\rtlink)
UNREF     LZ390 program = linklib\UNREF.OBJ
UNREF     LZ390 final_options=ALIGN
UNREF     LZ390 final_options=NOALLOW
UNREF     LZ390 final_options=NOAMODE24
UNREF     LZ390 final_options=AMODE31
UNREF     LZ390 final_options=ASCII
UNREF     LZ390 final_options=ASM
UNREF     LZ390 final_options=NOASSIST
UNREF     LZ390 final_options=AUTOLINK
UNREF     LZ390 final_options=BAL
UNREF     LZ390 final_options=NOBS2000
UNREF     LZ390 final_options=EDF
UNREF     LZ390 final_options=NOCICS
UNREF     LZ390 final_options=CODEPAGE(ISO-8859-1+IBM1047)
UNREF     LZ390 final_options=COMMENT
UNREF     LZ390 final_options=CON
UNREF     LZ390 final_options=NODUMP
UNREF     LZ390 final_options=EPILOG
UNREF     LZ390 final_options=NOERRSUM
UNREF     LZ390 final_options=EXTEND
UNREF     LZ390 final_options=FLOAT(DECIMAL)
UNREF     LZ390 final_options=NOGUAM
UNREF     LZ390 final_options=INIT
UNREF     LZ390 final_options=LIST
UNREF     LZ390 final_options=LISTCALL
UNREF     LZ390 final_options=LISTUSE
UNREF     LZ390 final_options=LOADHIGH
UNREF     LZ390 final_options=NOMCALL
UNREF     LZ390 final_options=NOMOD
UNREF     LZ390 final_options=OBJ
UNREF     LZ390 final_options=NOOBJHEX
UNREF     LZ390 final_options=PC
UNREF     LZ390 final_options=PCOPT
UNREF     LZ390 final_options=NOPDSMEM8
UNREF     LZ390 final_options=NOPRINTALL
UNREF     LZ390 final_options=PROLOG
UNREF     LZ390 final_options=PROTECT
UNREF     LZ390 final_options=R64
UNREF     LZ390 final_options=NOREFORMAT
UNREF     LZ390 final_options=NOREGS
UNREF     LZ390 final_options=RMODE24
UNREF     LZ390 final_options=NORMODE31
UNREF     LZ390 final_options=STATS
UNREF     LZ390 final_options=NOTEST
UNREF     LZ390 final_options=THREAD
UNREF     LZ390 final_options=NOTIME
UNREF     LZ390 final_options=NOTIMING
UNREF     LZ390 final_options=NOTRACE
UNREF     LZ390 final_options=NOTRACEA
UNREF     LZ390 final_options=NOTRACEALL
UNREF     LZ390 final_options=NOTRACEC
UNREF     LZ390 final_options=NOTRACEG
UNREF     LZ390 final_options=NOTRACEI
UNREF     LZ390 final_options=NOTRACEL
UNREF     LZ390 final_options=NOTRACEM
UNREF     LZ390 final_options=NOTRACEP
UNREF     LZ390 final_options=NOTRACEQ
UNREF     LZ390 final_options=NOTRACES
UNREF     LZ390 final_options=NOTRACET
UNREF     LZ390 final_options=NOTRACEV
UNREF     LZ390 final_options=TRAP
UNREF     LZ390 final_options=NOTRUNC
UNREF     LZ390 final_options=NOTS
UNREF     LZ390 final_options=VCB
UNREF     LZ390 final_options=WARN
UNREF     LZ390 final_options=XREF
UNREF     LZ390 final_options=ZSTRMAC
UNREF     LZ390 final_options=CHKMAC=0
UNREF     LZ390 final_options=CHKSRC=1
UNREF     LZ390 final_options=ERR=100
UNREF     LZ390 final_options=MAXCALL=50
UNREF     LZ390 final_options=MAXDISPLAY=80
UNREF     LZ390 final_options=MAXESD=1000
UNREF     LZ390 final_options=MAXFILE=1000
UNREF     LZ390 final_options=MAXGBL=100000
UNREF     LZ390 final_options=MAXHEIGHT=600
UNREF     LZ390 final_options=MAXLCL=100000
UNREF     LZ390 final_options=MAXLEN=80
UNREF     LZ390 final_options=MAXLINE=200000
UNREF     LZ390 final_options=MAXLOG=1000000
UNREF     LZ390 final_options=MAXPARM=10000
UNREF     LZ390 final_options=MAXPASS=2
UNREF     LZ390 final_options=MAXPC=50000
UNREF     LZ390 final_options=MAXQUE=1000
UNREF     LZ390 final_options=MAXRLD=10000
UNREF     LZ390 final_options=MAXSIZE=52428800
UNREF     LZ390 final_options=MAXSYM=50000
UNREF     LZ390 final_options=MAXWARN=4
UNREF     LZ390 final_options=MAXWIDTH=800
UNREF     LZ390 final_options=MEM=1
UNREF     LZ390 final_options=MINHEIGHT=150
UNREF     LZ390 final_options=MINWIDTH=150
UNREF     LZ390 final_options=MNOTE=0
UNREF     LZ390 final_options=PARM=
UNREF     LZ390 final_options=PROFILE=
UNREF     LZ390 final_options=STATS=W:\work\z390\linklib\UNREF.STA
UNREF     LZ390 final_options=SYSPARM=
UNREF     LZ390 final_options=SYSTERM=W:\work\z390\linklib\rtlink.ERR
UNREF     LZ390 final_options=TESTDD=
UNREF     LZ390 final_options=TIME=60
UNREF     LZ390 final_options=TRACE=
UNREF     LZ390 final_options=Z390ACROBAT=cmd.exe /c Start
UNREF     LZ390 final_options=Z390BROWSER=cmd.exe /c Start
UNREF     LZ390 final_options=Z390COMMAND=cmd.exe
UNREF     LZ390 final_options=Z390EDITOR=notepad.exe
UNREF     LZ390 final_options=INSTALL=
UNREF     LZ390 final_options=IPL=
UNREF     LZ390 final_options=LOG=
UNREF     LZ390 final_options=SYS390=linklib\+linklib
UNREF     LZ390 final_options=SYSBAL=linklib\
UNREF     LZ390 final_options=SYSCPY=MAC+LINKLIB
UNREF     LZ390 final_options=SYSDAT=linklib\
UNREF     LZ390 final_options=SYSERR=linklib\
UNREF     LZ390 final_options=SYSLOG=linklib\
UNREF     LZ390 final_options=SYSLST=linklib\
UNREF     LZ390 final_options=SYSMAC=linklib\
UNREF     LZ390 final_options=SYSMLC=linklib\
UNREF     LZ390 final_options=SYSPCH=linklib\
UNREF     LZ390 final_options=SYSPRN=linklib\
UNREF     LZ390 final_options=SYSOBJ=linklib\
UNREF     LZ390 final_options=SYSOPT=linklib\
UNREF     LZ390 final_options=SYSTRC=linklib\
UNREF     LZ390 Stats total obj files = 1
UNREF     LZ390 Stats total esds      = 1
UNREF     LZ390 Stats total csects    = 1
UNREF     LZ390 Stats total entries   = 0
UNREF     LZ390 Stats missing wxtrn's = 0
UNREF     LZ390 Stats Keys            = 1
UNREF     LZ390 Stats Key searches    = 2
UNREF     LZ390 Stats Key avg comps   = 0
UNREF     LZ390 Stats Key max comps   = 1
UNREF     LZ390 Stats total obj byte  = 27939
UNREF     LZ390 Stats total obj rlds  = 4
UNREF     LZ390 total errors          = 0
UNREF     LZ390 ENDED   RC= 0 MEM(MB)= MB IO=3697
