SUPERZAP V1.1 11/11/07 Z390 FILE UTILITY
* ZAPDEMO2 DUMP SUPERZAP.390 IN EBCDIC
NAME linklib\SUPERZAP.390
DUMP
00000000 *3130303254463F3F000043E800000000* *...........Y....*
00000010 *0000000F90ECD00C45FF006800000000* *......}.........*
00000020 *00000000000000000000000000000000* *................*
........
00000060 *00000000E2E4D7C5D9E9C1D7F0F161F0* *....SUPERZAP01/0*
00000070 *F261F0F5F2F24BF3F340404050FD0008* *2/0522.33   &...*
00000080 *50DF000418DFE37D00000171E3870000* *&.....T'....Tg..*
00000090 *01711821D201D114D08247F0D116D084* *....K.J.}b.0J.}d*
000000A0 *4120DFC0D201DF3AD09247F0DF3CD094* *...{K...}k.0..}m*
000000B0 *D201D1F8D09E47F0D1FAD0A047F0D0B0* *K.J8}..0J.}..0}^*
000000C0 *95017BA54770D0B047F0D0CCD201D2DE* *n.#v..}^.0}.K.K.*
000000D0 *D0BA47F0D2E0D0BCD201D1F8D0C647F0* *}[.0K\}.K.J8}F.0*
000000E0 *D1FAD0C847F0D0A4D201D1AAD0D647F0* *J.}H.0}uK.J.}O.0*
000000F0 *D1ACD0D8F9307BAE7B944780D0F841F0* *J.}Q9.#.#m..}8.0*
00000100 *000458D0D00458E0D00C982CD01C07FE* *...}}..\}.q.}...*
00000110 *47F0D10A41F0000058D0D00458E0D00C* *.0J..0...}}..\}.*
00000120 *982CD01C07FEC3D4C46DC9D5C9E347F0* *q.}...CMD_INIT.0*
00000130 *D11658120000D50110007B8C4780D12C* *J.....N...#...J.*
00000140 *92017BA447F0D11241107BB241000001* *k.#u.0J...#.....*
00000150 *0A2812FF4780D17CA715001B00320000* *......J@x.......*
00000160 *E2E4D7C5D9E9C1D740E2E8E2C9D540D5* *SUPERZAP SYSIN N*
00000170 *D6E340C6D6E4D5C440C4C5C6C1E4D3E3* *OT FOUND DEFAULT*
00000180 *C9D5C740E3D640C3D6D5E2D6D3C50A23* *ING TO CONSOLE..*
00000190 *92017BA447F0D11241107BB841000040* *k.#u.0J...#.... *
000001A0 *0A1312FF4770D19C41107C2041000020* *......J...@.....*
000001B0 *0A1312FF4770D19C47F0D112C3D4C46D* *......J..0J.CMD_*
000001C0 *C3D3D6E247F0D1AC41207010D201DF3A* *CLOS.0J.....K...*
000001D0 *D1BA47F0DF3CD1BC95017BA84770D1D0* *J[.0..J.n.#y..J}*
000001E0 *D201D9F2D1CE47F0D9F4D1D095017BA4* *K.R2J..0R4J}n.#u*
000001F0 *4780D1EA41107BB80A1412FF4770D1EA* *..J...#.......J.*
00000200 *41107C200A1447F0D1A8C7C5E36DC3D4* *..@....0JyGET_CM*
00000210 *C44047F0D1FA95017BA54770D20647F0* *D .0J.n.#v..K..0*
00000220 *D1F695017BAD4770D236D5037DB07DB4* *J6n.#...K.N.'^'.*
00000230 *47B0D23258107DB0D24F7D5C1000A71A* *.^K...'^K|'*..x.*
00000240 *005050107DB047F0D1F647F0D2369200* *.&&.'^.0J6.0K.k.*
00000250 *7BAD95017BA44770D284D7037D587D58* *#.n.#u..KdP.'.'.*
00000260 *4510D26A00220000C5D5E3C5D940E2E4* *..K.....ENTER SU*
00000270 *D7C5D9E9C1D740C3D6D4D4C1D5C440D6* *PERZAP COMMAND O*
00000280 *D940C8C5D3D741007D5C41E0005041F0* *R HELP..'*.\.&.0*
00000290 *7D580AA01B0041107D580A0147F0D28E* *'.......'....0K.*
000002A0 *41107BB841007D5C0A97D5037DB47B50* *..#...'*.pN.'.#&*
000002B0 *47D0D2C8D5037DB47B544740D2B64120* *.}KHN.'.#.. K...*
000002C0 *7060D201DF14D2B047F0DF16D2B247F0* *.-K...K^.0..K..0*
000002D0 *D2C858107DB4D24F10007D5CA71A0050* *KH..'.K|..'*x..&*
000002E0 *50107DB447F0D1F692017BA547F0D1F6* *&.'..0J6k.#v.0J6*
000002F0 *C3D4C46DD7D9D6C347F0D2E095017BA4* *CMD_PROC.0K\n.#u*
00000300 *4780D2F841207D5CD201DF3AD2F647F0* *..K8..'*K...K6.0*
00000310 *DF3CD2F892007BAA41207D5CD201D470* *..K8k.#...'*K.M.*
00000320 *D30A47F0D472D30CD5047DB87B954770* *L..0M.L.N.'.#n..*
00000330 *D326D201D448D32047F0D44AD32247F0* *L.K.M.L..0M.L..0*
00000340 *D43AD5057DB87B8E4770D340D201D45C* *M.N.'.#...L K.M**
00000350 *D33A47F0D45ED33C47F0D43AD5037DB8* *L..0M;L..0M.N.'.*
00000360 *7B584770D35AD201D886D35447F0D888* *#...L!K.QfL..0Qh*
00000370 *D35647F0D43AD5027DB87B9A4770D374* *L..0M.N.'.#...L.*
00000380 *D201DAFED36E47F0DB00D37047F0D43A* *K...L>.0..L..0M.*
00000390 *D5027DB87B9D4770D38ED201DA64D388* *N.'.#...L.K...Lh*
000003A0 *47F0DA66D38A47F0D43AD5037DB87B5C* *.0..L..0M.N.'.#**
000003B0 *4770D3A8D201D52CD3A247F0D52ED3A4* *..LyK.N.Ls.0N.Lu*
000003C0 *47F0D43AD5037DB87B604770D3C2D201* *.0M.N.'.#-..LBK.*
000003D0 *D6C2D3BC47F0D6C4D3BE47F0D43AD503* *OBL..0ODL..0M.N.*
000003E0 *7DB87B644770D3DCD201D5D2D3D647F0* *'.#...L.K.NKLO.0*
000003F0 *D5D4D3D847F0D43AD5037DB87B684770* *NMLQ.0M.N.'.#...*
00000400 *D3F6D201D77ED3F047F0D780D3F247F0* *L6K.P=L0.0P.L2.0*
00000410 *D43AD5037DB87B6C4770D410D201D83E* *M.N.'.#%..M.K.Q.*
00000420 *D40A47F0D840D40C47F0D43AD5027DB8* *M..0Q M..0M.N.'.*
00000430 *7BA04770D42292017BA547F0D43A955C* *#...M.k.#v.0M.n**
00000440 *7DB84780D43A412070B0D201DF14D438* *'...M....^K...M.*
00000450 *47F0DF16D43A47F0D2DCC3D4C46DC1E2* *.0..M..0K.CMD_AS*
00000460 *C3C947F0D44A92007BA647F0D446C3D4* *CI.0M.k.#w.0M.CM*
00000470 *C46DC5C2C3C447F0D45E92017BA647F0* *D_EBCD.0M;k.#w.0*
00000480 *D45AC6C9D5C46DD6D74047F0D472D207* *M!FIND_OP .0M.K.*
00000490 *7DB87100D201D504D48247F0D506D484* *'...K.N.Mb.0N.Md*
000004A0 *183259207B7047B0D49A954020004780* *....#..^M.n ....*
000004B0 *D49A47F0D49E47F0D4A6A72A000147F0* *M..0M..0Mwx....0*
000004C0 *D48618121B1359107B744720D4C25910* *Mf......#...MB..*
000004D0 *7B7847D0D4C2A71AFFFF4410D4CCD607* *#..}MBx.....M.O.*
000004E0 *7DB8710047F0D46ED2007DB83000C6C9* *'....0M>K.'...FI*
000004F0 *D5C46DE2D7C147F0D4DE954020004780* *ND_SPA.0M.n ....*
00000500 *D4EA47F0D4EE47F0D4F6A72A000147F0* *M..0M..0M6x....0*
00000510 *D4DE47F0D4DAC6C9D5C46DC3C8C147F0* *M..0M.FIND_CHA.0*
00000520 *D506954020004770D51247F0D51647F0* *N.n ....N..0N..0*
00000530 *D51EA72A000147F0D50647F0D502C3D4* *N.x....0N..0N.CM*
00000540 *C46DC4E4D4D747F0D52E95017BA74780* *D_DUMP.0N.n.#x..*
00000550 *D54A41207108D201DF14D54447F0DF16* *N.....K...N..0..*
00000560 *D54647F0D52AD201D504D55447F0D506* *N..0N.K.N.N..0N.*
00000570 *D55659207B7047B0D582D201D60ED568* *N...#..^NbK.O.N.*
00000580 *47F0D610D56A50007DC8D201DBA6D578* *.0O.N.&.'HK..wN.*
00000590 *47F0DBA8D57A50007DC047F0D5901B00* *.0.yN:&.'{.0N...*
000005A0 *50007DC8180A1B0950007DC095017BAA* *&.'H....&.'{n.#.*
000005B0 *4770D5AC41207158D201DF14D5A647F0* *..N.....K...Nw.0*
000005C0 *DF16D5A847F0D52A58207DC841329000* *..Ny.0N...'H....*
000005D0 *58407DC0D201DDDED5C247F0DDE0D5C4* *. '{K...NB.0.\ND*
000005E0 *47F0D52AC3D4C46DC2C1E2C547F0D5D4* *.0N.CMD_BASE.0NM*
000005F0 *95017BA74780D5F0412071A8D201DF14* *n.#x..N0...yK...*
00000600 *D5EA47F0DF16D5EC47F0D5D0D201D60E* *N..0..N..0N}K.O.*
00000610 *D5FA47F0D610D5FC50007DC447F0D5D0* *N..0O.N.&.'D.0N}*
00000620 *C7C5E36DD6C6C6E247F0D610D201D504* *GET_OFFS.0O.K.N.*
00000630 *D61A47F0D506D61C955C20004770D670* *O..0N.O.n*....O.*
00000640 *954E20014770D644A72A0002D201DBA6* *n+....O.x...K..w*
00000650 *D63A47F0DBA8D63C5A007DC447F0D66C* *O..0.yO.!.'D.0O%*
00000660 *956020014770D668A72A0002D201DBA6* *n-....O.x...K..w*
00000670 *D65A47F0DBA8D65C58107DC41B101801* *O!.0.yO*..'D....*
00000680 *47F0D66C58007DC447F0D67CD201DBA6* *.0O%..'D.0O@K..w*
00000690 *D67A47F0DBA8D67C18191A10191947B0* *O:.0.yO@.......^*
000006A0 *D68A47F0D690191A4740D6A492017BAA* *O..0O.... Ouk.#.*
000006B0 *412071F8D201DF14D6A247F0DF16D6A4* *...8K...Os.0..Ou*
000006C0 *50007DC8D201D4DCD6B247F0D4DED6B4* *&.'HK.M.O..0M.O.*
000006D0 *47F0D60CC3D4C46DC6C9D5C447F0D6C4* *.0O.CMD_FIND.0OD*
000006E0 *95017BAD4780D6D8D24F849E7D5CD203* *n.#...OQK|d.'*K.*
000006F0 *7DB47B7C95017BA74780D6F441207248* *'.#@n.#x..O4....*
00000700 *D201DF14D6EE47F0DF16D6F047F0D6C0* *K...O..0..O0.0O{*
00000710 *D201DC1ED6FE47F0DC20D70058207DC4* *K...O..0..P...'D*
00000720 *A72A00011A2995017BAA4780D7221929* *x.....n.#...P...*
00000730 *4740D722192A47B0D72247F0D72647F0* *. P....^P..0P..0*
00000740 *D75658107ECC41012000A71AFFFF190A* *P...=.....x.....*
00000750 *4720D74E4410D76E4770D74E1B295020* *..P+..P>..P+..&.*
00000760 *7DC447F0D6C047F0D752A72A000147F0* *'D.0O{.0P.x....0*
00000770 *D70A92017BAB41207298D201DF14D768* *P.k.#....qK...P.*
00000780 *47F0DF16D76A47F0D6C0D50020007DCC* *.0..P..0O{N...'.*
00000790 *C3D4C46DC8C5D3D747F0D780412072E8* *CMD_HELP.0P....Y*
000007A0 *D201DF3AD78E47F0DF3CD79041207338* *K...P..0..P.....*
000007B0 *D201DF3AD79E47F0DF3CD7A041207388* *K...P..0..P....h*
000007C0 *D201DF3AD7AE47F0DF3CD7B0412073D8* *K...P..0..P^...Q*
000007D0 *D201DF3AD7BE47F0DF3CD7C041207428* *K...P..0..P{....*
000007E0 *D201DF3AD7CE47F0DF3CD7D041207478* *K...P..0..P}....*
000007F0 *D201DF3AD7DE47F0DF3CD7E0412074C8* *K...P..0..P\...H*
00000800 *D201DF3AD7EE47F0DF3CD7F041207518* *K...P..0..P0....*
00000810 *D201DF3AD7FE47F0DF3CD80041207568* *K...P..0..Q.....*
00000820 *D201DF3AD80E47F0DF3CD810412075B8* *K...Q..0..Q.....*
00000830 *D201DF3AD81E47F0DF3CD82041207608* *K...Q..0..Q.....*
00000840 *D201DF3AD82E47F0DF3CD83047F0D77C* *K...Q..0..Q..0P@*
00000850 *C3D4C46DD3D6D6D747F0D84095017BA7* *CMD_LOOP.0Q n.#x*
00000860 *4770D86895017BAB4780D868D5037DB4* *..Q.n.#...Q.N.'.*
00000870 *7B5047D0D86892017BADD2037DB07B50* *#&.}Q.k.#.K.'^#&*
00000880 *47F0D87841207658D201DF14D87647F0* *.0Q.....K...Q..0*
00000890 *DF16D87847F0D83CC3D4C46DD5C1D4C5* *..Q..0Q.CMD_NAME*
000008A0 *47F0D88895017BA74770D8B095017BA8* *.0Qhn.#x..Q^n.#y*
000008B0 *4770D8A4D201D9F2D8A247F0D9F4D8A4* *..QuK.R2Qs.0R4Qu*
000008C0 *D201D1AAD8AE47F0D1ACD8B092007BA7* *K.J.Q..0J.Q^k.#x*
000008D0 *92007BA8D201D504D8C247F0D506D8C4* *k.#yK.N.QB.0N.QD*
000008E0 *1832957F20004770D8F6A72A0001957F* *..n"....Q6x...n"*
000008F0 *20004780D8E6955C20004780D8E647F0* *....QWn*....QW.0*
00000900 *D8EA47F0D8F2A72A000147F0D8D247F0* *Q..0Q2x....0QK.0*
00000910 *D916954020004780D90A955C20004780* *R.n ....R.n*....*
00000920 *D90A47F0D90E47F0D916A72A000147F0* *R..0R..0R.x....0*
00000930 *D8F61B23A72AFFFF4420D9C0D201D9D0* *Q6..x.....R{K.R}*
00000940 *D92A47F0D9D2D92C59F07B784770D9A8* *R..0RKR..0#...Ry*
00000950 *E30076A8002047D0D9561B991BAA4120* *T..y...}R..r....*
00000960 *76B0D201DF14D95047F0DF16D95247F0* *.^K...R&.0..R..0*
00000970 *D8845000809858108098410000030A04* *Qd&..q...q......*
00000980 *59F07B784780D9841B991BAA41207700* *.0#...Rd.r......*
00000990 *D201DF14D97E47F0DF16D98047F0D884* *K...R=.0..R..0Qd*
000009A0 *189118A15AA08098D2037CD880984110* *.j.~!..qK.@Q.q..*
000009B0 *7C8818090A9741107C880A1492017BA7* *@h...p..@h..k.#x*
000009C0 *47F0D9BC1B991BAA41207750D201DF14* *.0R..r.....&K...*
000009D0 *D9BA47F0DF16D9BC47F0D884D200809C* *R[.0..R..0QdK...*
000009E0 *3000D6D7C5D56DE2E8E247F0D9D24110* *..OPEN_SYS.0RK..*
000009F0 *7C88410000400A1347F0D9CEA7F8000C* *@h... ...0R.x8..*
00000A00 *47F0D9CEC3D4C46DE4D7C4C147F0D9F4* *.0R.CMD_UPDA.0R4*
00000A10 *D201DA42D9FE47F0DA44DA0059F07B78* *K...R..0.....0#.*
00000A20 *4780DA1C412077A0D201DF14DA1647F0* *........K......0*
00000A30 *DF16DA1847F0D9F0D2037D4080984110* *.....0R0K.' .q..*
00000A40 *7CF018090A9841107CF00A1492007BA7* *@0...q..@0..k.#x*
00000A50 *47F0D9F0D6D7C5D56DE2E8E247F0DA44* *.0R0OPEN_SYS.0..*
00000A60 *41107CF0410000600A1347F0DA40A7F8* *..@0...-...0. x8*
00000A70 *000C47F0DA40C3D4C46DD9C5D7D347F0* *...0. CMD_REPL.0*
00000A80 *DA6695017BA74780DA82412077F0D201* *..n.#x...b...0K.*
00000A90 *DF14DA7C47F0DF16DA7E47F0DA62D201* *...@.0...=.0..K.*
00000AA0 *D60EDA8C47F0D610DA8ED201DC1EDA98* *O....0O...K....q*
00000AB0 *47F0DC20DA9A95017BAA4770DAB64120* *.0....n.#.......*
00000AC0 *7840D201DF14DAB047F0DF16DAB247F0* *. K....^.0.....0*
00000AD0 *DA6295017BAB4770DAD241207890D201* *..n.#....K....K.*
00000AE0 *DF14DACC47F0DF16DACE47F0DA625820* *.....0.....0....*
00000AF0 *7DC84132900058407ECCA74AFFFF4440* *'H..... =.x.... *
00000B00 *DAEE92017BA847F0DA62D20030007DCC* *..k.#y.0..K...'.*
00000B10 *C3D4C46DE5C5D9C947F0DB0095017BA7* *CMD_VERI.0..n.#x*
00000B20 *4780DB2092017BAB412078E0D201DF14* *....k.#....\K...*
00000B30 *DB1A47F0DF16DB1C47F0DAFCD201D60E* *...0.....0..K.O.*
00000B40 *DB2A47F0D610DB2CD201DC1EDB3647F0* *...0O...K......0*
00000B50 *DC20DB3895017BAA4770DB5441207930* *....n.#.......`.*
00000B60 *D201DF14DB4E47F0DF16DB5047F0DAFC* *K....+.0...&.0..*
00000B70 *58207DC84132900058407ECCA74AFFFF* *..'H..... =.x...*
00000B80 *4440DB964780DB92D2007BAB00014120* *. .o...kK.#.....*
00000B90 *7980D201DF14DB8047F0DF16DB82A74A* *`.K......0...bx.*
00000BA0 *0001D201DDDEDB9047F0DDE0DB9247F0* *..K......0.\.k.0*
00000BB0 *DAFCD50030007DCCC7C5E36DC8C5E740* *..N...'.GET_HEX *
00000BC0 *47F0DBA81B33D201D504DBB447F0D506* *.0.y..K.N....0N.*
00000BD0 *DBB695017BAA4780DBCA954020004780* *..n.#.....n ....*
00000BE0 *DBCA47F0DBCE47F0DC0ED2007F432000* *...0...0..K."...*
00000BF0 *96407F43DC007F437F4495FF7F434770* *o "...".".n."...*
00000C00 *DBFE412079D0D201DF14DBF447F0DF16* *....`}K....4.0..*
00000C10 *DBF692017BAA47F0DBA4893000044A30* *.6k.#..0.ui.....*
00000C20 *7F42A72A000147F0DBB6180347F0DBA4* *".x....0.....0.u*
00000C30 *C7C5E36DE5C1D3E447F0DC20D201D504* *GET_VALU.0..K.N.*
00000C40 *DC2A47F0D506DC2C957D20004770DC44* *...0N...n'......*
00000C50 *D201DC5EDC3E47F0DC60DC4047F0DC50* *K..;...0.-. .0.&*
00000C60 *D201DD06DC4E47F0DD08DC5047F0DC1C* *K....+.0...&.0..*
00000C70 *C7C5E36DE3C5E7E347F0DC60A72A0001* *GET_TEXT.0.-x...*
00000C80 *41307DCC92017BAC95017BAC4770DC78* *..'.k.#.n.#.....*
00000C90 *47F0DC7C47F0DCDA957D20004770DCA4* *.0.@.0..n'.....u*
00000CA0 *957D20014770DC9C927D3000A73A0001* *n'......k'..x...*
00000CB0 *A72A000247F0DCA092007BAC47F0DCD6* *x....0..k.#..0.O*
00000CC0 *59207B704740DCC841207A20D201DF14* *..#.. .H..:.K...*
00000CD0 *DCBA47F0DF16DCBC92017BAA92007BAC* *.[.0....k.#.k.#.*
00000CE0 *47F0DCD6D20030002000A73A0001A72A* *.0.OK.....x...x.*
00000CF0 *000147F0DC6C5B307B8050307ECC9501* *...0.%$.#.&.=.n.*
00000D00 *7BA64780DCF2A73AFFFF4430DCF647F0* *#w...2x......6.0*
00000D10 *DC5CDC007DCC829EC7C5E36DC8C5E76D* *.*..'.b.GET_HEX_*
00000D20 *47F0DD08D201D504DD1247F0D506DD14* *.0..K.N....0N...*
00000D30 *41307DCC954020004780DD2447F0DD28* *..'.n .......0..*
00000D40 *47F0DDC859207B844740DD4841207A70* *.0.H..#d. ....:.*
00000D50 *D201DF14DD3E47F0DF16DD4092017BAA* *K......0... k.#.*
00000D60 *47F0DD04D2007F432000DC007F437F44* *.0..K.".....".".*
00000D70 *95FF7F434770DD74412079D0D201DF14* *n.".......`}K...*
00000D80 *DD6A47F0DF16DD6C92017BAA47F0DD04* *...0...%k.#..0..*
00000D90 *43007F4389000004A72A0001D2007F43* *..".i...x...K.".*
00000DA0 *2000DC007F437F4495FF7F434770DDAC* *....".".n.".....*
00000DB0 *412079D0D201DF14DDA247F0DF16DDA4* *..`}K....s.0...u*
00000DC0 *92017BAA47F0DD0442007F42D6007F43* *k.#..0....".O.".*
00000DD0 *7F42D20030007F43A73A0001A72A0001* *".K...".x...x...*
00000DE0 *47F0DD185B307B8050307ECC47F0DD04* *.0..$.#.&.=..0..*
00000DF0 *C4E4D4D76DD9C5D847F0DDE092017ED0* *DUMP_REQ.0.\k.=}*
00000E00 *59407B7847D0DDF047F0DDF447F0DEF4* *. #..}.0.0.4.0.4*
00000E10 *59407B8847D0DE044150001047F0DE06* *. #h.}...&...0..*
00000E20 *18541B45D20F7EFF7AC0A75AFFFF4450* *....K.=.:{x!...&*
00000E30 *DEF8A75A000195017ED04770DE2647F0* *.8x!..n.=}.....0*
00000E40 *DE3CD50F7EFF7F224780DE3447F0DE3C* *..N.=."......0..*
00000E50 *59407B784770DEEA95017ED14770DE58* *. #.....n.=J....*
00000E60 *92007ED141207AD0D201DF3ADE5647F0* *k.=J..:}K......0*
00000E70 *DF3CDE5892007ED0D20F7F227EFF1803* *....k.=}K.".=...*
00000E80 *1B0950007EDCF3847ED27EDCDC077ED2* *..&.=.3d=K=...=K*
00000E90 *7E4292407EDAF3847EDC7EFFF3847EE4* *=.k =.3d=.=.3d=U*
00000EA0 *7F03F3847EEC7F07F3847EF47F0BDC1F* *".3d=.".3d=4"...*
00000EB0 *7EDC7E42925C7EFC95017BA64780DEAA* *=.=.k*=.n.#w....*
00000EC0 *DC0F7EFF819EDC0F7EFF839EA75E0010* *..=.a...=.c.x;..*
00000ED0 *47B0DED64125500041227EDCA718000F* *.^.O..&...=.x...*
00000EE0 *1B1541E1100144E0DEFE41257EFF4410* *.......\....=...*
00000EF0 *DF0441207ED2D201DF3ADEE447F0DF3C* *....=KK....U.0..*
00000F00 *DEE647F0DEEE92017ED11A3547F0DDE4* *.W.0..k.=J...0.U*
00000F10 *47F0DDDCD2007EFF3000D20020007B20* *.0..K.=...K...#.*
00000F20 *D20020007B40C4C9E2D7D3C1E86D47F0* *K...# DISPLAY_.0*
00000F30 *DF1692017BABFA307BAE7BA3D201DF3A* *..k.#...#.#tK...*
00000F40 *DF2A47F0DF3CDF2C47F0DF12C4C9E2D7* *...0.....0..DISP*
00000F50 *D3C1E84047F0DF3CD24F804820004110* *LAY .0..K|......*
00000F60 *80440A2395017BA44780DF5841107C20* *....n.#u......@.*
00000F70 *18020A9847F0DF38A715001300210000* *...q.0..x.......*
00000F80 *C961D640C5D9D9D6D940D6D540E2E8E2* *I/O ERROR ON SYS*
00000F90 *C9D5406040C1C2D6D9E3C9D5C7F60A23* *IN - ABORTING6..*
00000FA0 *4110006F0A0DA715001400240000C961* *...?..x.......I/*
00000FB0 *D640C5D9D9D6D940D6D540E2E8E2D7D9* *O ERROR ON SYSPR*
00000FC0 *C9D5E3406040C1C2D6D9E3C9D5C70A23* *INT - ABORTING..*
00000FD0 *411000DE0A0DF6F6F6F6F6F6E2E4D7C5* *......666666SUPE*
00000FE0 *D9E9C1D740E5F14BF140F1F161F1F161* *RZAP V1.1 11/11/*
00000FF0 *F0F740E9F3F9F040C6C9D3C540E4E3C9* *07 Z390 FILE UTI*
00001000 *D3C9E3E8404040404040404040404040* *LITY            *
00001010 *40404040404040404040404040404040* *                *
00001020 *404040404040404040404040E2E4D7C5* *            SUPE*
00001030 *D9E9C1D740C5D5C4C9D5C74040404040* *RZAP ENDING     *
00001040 *40404040404040404040404040404040* *                *
........
00001070 *404040404040404040404040D3D6D6D7* *            LOOP*
00001080 *40C3D4C440D3C9E2E340C5E7C3C5C5C4* * CMD LIST EXCEED*
00001090 *C5C44040404040404040404040404040* *ED              *
000010A0 *40404040404040404040404040404040* *                *
........
000010C0 *404040404040404040404040E4D5D2D5* *            UNKN*
000010D0 *D6E6D540C3D6D4D4C1D5C44040404040* *OWN COMMAND     *
000010E0 *40404040404040404040404040404040* *                *
........
00001120 *40404040C4E4D4D740E2D2C9D7D7C5C4* *    DUMP SKIPPED*
00001130 *40C4E4C540E3D640C6C9D3C540C5D9D9* * DUE TO FILE ERR*
00001140 *D6D94040404040404040404040404040* *OR              *
00001150 *40404040404040404040404040404040* *                *
........
00001170 *40404040C4E4D4D740E2D2C9D7D7C5C4* *    DUMP SKIPPED*
00001180 *40C4E4C540E3D640C9D5E5C1D3C9C440* * DUE TO INVALID *
00001190 *D7C1D9D4404040404040404040404040* *PARM            *
000011A0 *40404040404040404040404040404040* *                *
........
000011C0 *40404040C2C1E2C540E2D2C9D7D7C5C4* *    BASE SKIPPED*
000011D0 *40C4E4C540E3D640C6C9D3C540C5D9D9* * DUE TO FILE ERR*
000011E0 *D6D94040404040404040404040404040* *OR              *
000011F0 *40404040404040404040404040404040* *                *
........
00001210 *40404040D6C6C6E2C5E340D6E4E340D6* *    OFFSET OUT O*
00001220 *C640D9C1D5C7C5404040404040404040* *F RANGE         *
00001230 *40404040404040404040404040404040* *                *
........
00001260 *40404040C6C9D5C440E2D2C9D7D7C5C4* *    FIND SKIPPED*
00001270 *40C4E4C540E3D640C6C9D3C540C5D9D9* * DUE TO FILE ERR*
00001280 *D6D94040404040404040404040404040* *OR              *
00001290 *40404040404040404040404040404040* *                *
........
000012B0 *40404040C6C9D5C440E5C1D3E4C540D5* *    FIND VALUE N*
000012C0 *D6E340C6D6E4D5C44040404040404040* *OT FOUND        *
000012D0 *40404040404040404040404040404040* *                *
........
00001300 *40404040E2E4D7C5D9E9C1D740C3D6D4* *    SUPERZAP COM*
00001310 *D4C1D5C4E24040404040404040404040* *MANDS           *
00001320 *40404040404040404040404040404040* *                *
........
00001350 *404040404040C1E2C3C9C9404040404D* *      ASCII    (*
00001360 *E2E6C9E3C3C840E3D640C1E2C3C9C940* *SWITCH TO ASCII *
00001370 *E3C5E7E35D4040404040404040404040* *TEXT)           *
00001380 *40404040404040404040404040404040* *                *
........
000013A0 *404040404040C2C1E2C540D6C6C6E2C5* *      BASE OFFSE*
000013B0 *E340D6D9405C4ED6C6C6E2C5E340D6D9* *T OR *+OFFSET OR*
000013C0 *405C60D6C6C6E2C5E340404040404040* * *-OFFSET       *
000013D0 *40404040404040404040404040404040* *                *
........
000013F0 *404040404040C4E4D4D740D6C6C6E2C5* *      DUMP OFFSE*
00001400 *E340D3C5D5C7E3C8404DD5D640D6D7C5* *T LENGTH (NO OPE*
00001410 *D9C1D5C4E240C4E4D4D7E240C6C9D3C5* *RANDS DUMPS FILE*
00001420 *5D404040404040404040404040404040* *)               *
00001430 *40404040404040404040404040404040* *                *
00001440 *404040404040C5C2C3C4C9C34040404D* *      EBCDIC   (*
00001450 *E2E6C9E3C3C840E3D640C5C2C3C4C9C3* *SWITCH TO EBCDIC*
00001460 *40E3C5E7E35D40404040404040404040* * TEXT)          *
00001470 *40404040404040404040404040404040* *                *
........
00001490 *404040404040C5D5C44040404040404D* *      END      (*
000014A0 *C5D5C440C3D6D5E2D6D3C540C9D5D7E4* *END CONSOLE INPU*
000014B0 *E35D4040404040404040404040404040* *T)              *
000014C0 *40404040404040404040404040404040* *                *
........
000014E0 *404040404040C6C9D5C440E5C1D3E4C5* *      FIND VALUE*
000014F0 *404DC8C5E740D6D9407D4B4B4B7D6B40* * (HEX OR '...', *
00001500 *D9C5E2C5E340C2C1E2C540C9C640C6D6* *RESET BASE IF FO*
00001510 *E4D5C45D404040404040404040404040* *UND)            *
00001520 *40404040404040404040404040404040* *                *
00001530 *404040404040D3D6D6D7404DD9C5D7C5* *      LOOP (REPE*
00001540 *C1E340C6D9D6D440D3C1E2E340E2E4C3* *AT FROM LAST SUC*
00001550 *C3C5E2E2C6E4D340C6C9D5C440C9C640* *CESSFUL FIND IF *
00001560 *D5D640C5D9D9D6D9E25D404040404040* *NO ERRORS)      *
00001570 *40404040404040404040404040404040* *                *
00001580 *404040404040D5C1D4C540C6C9D3C540* *      NAME FILE *
00001590 *4DE4E2C5407F4B4B4B7F40C6D6D940E2* *(USE "..." FOR S*
000015A0 *D7C1C3C5E840C6C9D3C5E26B40D9C5E2* *PACEY FILES, RES*
000015B0 *C5E340C2C1E2C55D4040404040404040* *ET BASE)        *
000015C0 *40404040404040404040404040404040* *                *
000015D0 *404040404040D9C5D74040D6C6C6E2C5* *      REP  OFFSE*
000015E0 *E340E5C1D3E4C5404DC8C5E740D6D940* *T VALUE (HEX OR *
000015F0 *7D4B4B4B7D40C6D6D940E3C5E7E35D40* *'...' FOR TEXT) *
00001600 *40404040404040404040404040404040* *                *
........
00001620 *404040404040E5C5D94040D6C6C6E2C5* *      VER  OFFSE*
00001630 *E340E5C1D3E4C5404DC8C5E740D6D940* *T VALUE (HEX OR *
00001640 *7D4B4B4B7D40C6D6D940E3C5E7E35D40* *'...' FOR TEXT) *
00001650 *40404040404040404040404040404040* *                *
........
00001670 *40404040D3D6D6D740E2D2C9D7D7C5C4* *    LOOP SKIPPED*
00001680 *40C4E4C540E3D640C5D9D9D6D9404040* * DUE TO ERROR   *
00001690 *40404040404040404040404040404040* *                *
........
000016C0 *40404040000000007FFFFFFFC6C9D3C5* *    ...."...FILE*
000016D0 *40E3D6D640C2C9C7404DD6E5C5D940F2* * TOO BIG (OVER 2*
000016E0 *C75D4040404040404040404040404040* *G)              *
000016F0 *40404040404040404040404040404040* *                *
........
00001710 *404040404040404040404040C6C9D3C5* *            FILE*
00001720 *40E3D6D640C2C9C740C6D6D940C1E5C1* * TOO BIG FOR AVA*
00001730 *C9D3C1C2D3C540D4C5D4D6D9E8404040* *ILABLE MEMORY   *
00001740 *40404040404040404040404040404040* *                *
........
00001760 *404040404040404040404040C6C9D3C5* *            FILE*
00001770 *40D5D6E340C6D6E4D5C4404040404040* * NOT FOUND      *
00001780 *40404040404040404040404040404040* *                *
........
000017B0 *404040404040404040404040C6C9D3C5* *            FILE*
000017C0 *40E4D7C4C1E3C540D6D7C5D540C6D6D9* * UPDATE OPEN FOR*
000017D0 *40E4D7C4C1E3C540C6C1C9D3C5C44040* * UPDATE FAILED  *
000017E0 *40404040404040404040404040404040* *                *
........
00001800 *404040404040404040404040D9C5D7D3* *            REPL*
00001810 *C1C3C540E2D2C9D7D7C5C440C4E4C540* *ACE SKIPPED DUE *
00001820 *E3D640C6C9D3C540C5D9D9D6D9404040* *TO FILE ERROR   *
00001830 *40404040404040404040404040404040* *                *
........
00001850 *404040404040404040404040D9C5D7D3* *            REPL*
00001860 *C1C3C540E2D2C9D7D7C5C440C4E4C540* *ACE SKIPPED DUE *
00001870 *E3D640D7C1D9D440C5D9D9D6D9404040* *TO PARM ERROR   *
00001880 *40404040404040404040404040404040* *                *
........
000018A0 *404040404040404040404040D9C5D7D3* *            REPL*
000018B0 *C1C3C540E2D2C9D7D7C5C440C4E4C540* *ACE SKIPPED DUE *
000018C0 *E3D640E5C5D9C9C6E840C5D9D9D6D940* *TO VERIFY ERROR *
000018D0 *40404040404040404040404040404040* *                *
........
000018F0 *404040404040404040404040E5C5D9C9* *            VERI*
00001900 *C6E840E2D2C9D7D7C5C440C4E4C540E3* *FY SKIPPED DUE T*
00001910 *D640C6C9D3C540C5D9D9D6D940404040* *O FILE ERROR    *
00001920 *40404040404040404040404040404040* *                *
........
00001940 *404040404040404040404040E5C5D9C9* *            VERI*
00001950 *C6E840E2D2C9D7D7C5C440C4E4C540C9* *FY SKIPPED DUE I*
00001960 *D5E5C1D3C9C440D7C1D9D4E240404040* *NVALID PARMS    *
00001970 *40404040404040404040404040404040* *                *
........
00001990 *404040404040404040404040E5C5D9C9* *            VERI*
000019A0 *C6E840C6C1C9D3C5C440404040404040* *FY FAILED       *
000019B0 *40404040404040404040404040404040* *                *
........
000019E0 *404040404040404040404040C9D5E5C1* *            INVA*
000019F0 *D3C9C440C8C5E740C4C9C7C9E3404040* *LID HEX DIGIT   *
00001A00 *40404040404040404040404040404040* *                *
........
00001A30 *404040404040404040404040E5C1D3E4* *            VALU*
00001A40 *C540E3D6D640D3D6D5C7404040404040* *E TOO LONG      *
00001A50 *40404040404040404040404040404040* *                *
........
00001A80 *404040404040404040404040C8C5E740* *            HEX *
00001A90 *E5C1D3E4C540E3D6D640D3D6D5C74040* *VALUE TOO LONG  *
00001AA0 *40404040404040404040404040404040* *                *
........
00001AD0 *40404040404040404040404000000000* *            ....*
00001AE0 *0000000000000000000000004B4B4B4B* *................*
00001AF0 *4B4B4B4B404040404040404040404040* *....            *
00001B00 *40404040404040404040404040404040* *                *
........
00001B60 *404040404040404040404040000024A6* *            ...w*
00001B70 *000043E6D5C1D4C5C4E4D4D7C6C9D5C4* *...WNAMEDUMPFIND*
00001B80 *C2C1E2C5C8C5D3D7D3D6D6D700001DB4* *BASEHELPLOOP....*
00001B90 *0000000800000000000024F600001DD4* *...........6...M*
00001BA0 *00001DB3000000100000C5C2C3C4C9C3* *..........EBCDIC*
00001BB0 *0CC1E2C3C9C9E5C5D9D9C5D7C5D5C41C* *.ASCIIVERREPEND.*
00001BC0 *000001000001000001000000000CE2E8* *..............SY*
00001BD0 *E2C9D500C4C3C2E5F1F0F0F100000000* *SIN.DCBV1001....*
00001BE0 *00000000000000000000000000004000* *.............. .*
00001BF0 *00000000000002D4A0000000E2E8E2C9* *.......M....SYSI*
00001C00 *D5404040000050000000000000000F64* *N   ..&.........*
00001C10 *00000050000000000000000000000000* *...&............*
00001C20 *00000000000000000000000000000000* *................*
00001C30 *000000000000000000000000C4C3C2E5* *............DCBV*
00001C40 *F1F0F0F1000000000000000000000000* *1001............*
00001C50 *00000000000040000000000000000000* *...... .........*
00001C60 *A0000000E2E8E2D7D9C9D5E300000050* *....SYSPRINT...&*
00001C70 *0000000000000F920000005000000000* *.......k...&....*
00001C80 *00000000000000000000000000000000* *................*
........
00001CA0 *00000000C4C3C2E5F1F0F0F100000000* *....DCBV1001....*
00001CB0 *00000000000000000000000000004000* *.............. .*
00001CC0 *000000000000000080000000E2E8E2E4* *............SYSU*
00001CD0 *E3F140400000500000000000000009E8* *T1  ..&........Y*
00001CE0 *00000000000000000000000000000000* *................*
........
00001D00 *000020A40000000000000000C4C3C2E5* *...u........DCBV*
00001D10 *F1F0F0F1000000000000000000000000* *1001............*
00001D20 *00000000000040000000000000000000* *...... .........*
00001D30 *80000000E2E8E2E4E3F2404000002020* *....SYSUT2  ....*
00001D40 *0000000000000A5A0000000000000000* *.......!........*
00001D50 *00000000000000000000000000000000* *................*
00001D60 *0000000000000000000020A400000000* *...........u....*
00001D70 *00000000000000004040404040404040* *........        *
00001D80 *40404040404040404040404040404040* *                *
........
00001DC0 *40404040404040405CF6F6F6000024A6* *        *666...w*
00001DD0 *000024A6404040404040404000000000* *...w        ....*
00001DE0 *00000000000000000000000000000000* *................*
........
00001EE0 *00000000000000000000000001004040* *..............  *
00001EF0 *404040404040405C4040404040404040* *       *        *
00001F00 *40404040404040404040404040404040* *                *
00001F10 *40404040404040405C405C0000000000* *        * *.....*
00001F20 *00000000000000000000005C40404040* *...........*    *
00001F30 *40404040404040404040404040404040* *                *
00001F40 *4040404040404040404040404040F0F1* *              01*
00001F50 *F2F3F4F5F6F7F8F9C1C2C3C4C5C60000* *23456789ABCDEF..*
00001F60 *00000000000000000000000000000000* *................*
........
00002020 *000A0B0C0D0E0F000000000000000000* *................*
00002030 *00000000000000000000000000000000* *................*
........
00002050 *000102030405060708090000000000FF* *................*
00002060 *00540000404040404040404040404040* *....            *
00002070 *40404040404040404040404040404040* *                *
........
000020B0 *40404040000000004040404040404040* *    ....        *
000020C0 *40404040404040404040404040404040* *                *
........
000021B0 *40404040404040407F7D00010203372D* *        "'......*
000021C0 *2E2F1605250B0C0D0E0F101112003C3D* *................*
000021D0 *322618193F2722003500405A7F7B5B6C* *.......... !"#$%*
000021E0 *507D4D5D5C4E6B604B61F0F1F2F3F4F5* *&'()*+,-./012345*
000021F0 *F6F7F8F97A5E4C7E6E6F7CC1C2C3C4C5* *6789:;<=>?@ABCDE*
00002200 *C6C7C8C9D1D2D3D4D5D6D7D8D9E2E3E4* *FGHIJKLMNOPQRSTU*
00002210 *E5E6E7E8E9ADE0BD5F6D798182838485* *VWXYZ.\.._`abcde*
00002220 *86878889919293949596979899A2A3A4* *fghijklmnopqrstu*
00002230 *A5A6A7A8A98B4F9BA10700010203372D* *vwxyz.|.~.......*
00002240 *2E2F1605250B0C0D0E0F101112003C3D* *................*
00002250 *322618193F2722003500405A7F7B5B6C* *.......... !"#$%*
00002260 *507D4D5D5C4E6B604B61F0F1F2F3F4F5* *&'()*+,-./012345*
00002270 *F6F7F8F97A5E4C7E6E6F7CC1C2C3C4C5* *6789:;<=>?@ABCDE*
00002280 *C6C7C8C9D1D2D3D4D5D6D7D8D9E2E3E4* *FGHIJKLMNOPQRSTU*
00002290 *E5E6E7E8E9ADE0BD5F6D798182838485* *VWXYZ.\.._`abcde*
000022A0 *86878889919293949596979899A2A3A4* *fghijklmnopqrstu*
000022B0 *A5A6A7A8A98B4F9BA107000102030009* *vwxyz.|.~.......*
000022C0 *007F0000000B0C0D0E0F101112000000* *."..............*
000022D0 *0800181900000000000000001C00000A* *................*
000022E0 *171B000000000005060700001600001E* *................*
000022F0 *0004000000001415001A200000000000* *................*
00002300 *00000000002E3C282B7C260000000000* *.........@......*
00002310 *0000000021242A293B5E2D2F00000000* *.........;......*
00002320 *00000000002C255F3E3F000000000000* *................*
00002330 *000000603A2340273D22006162636465* *...-.. ..../....*
00002340 *66676869007B00000000006A6B6C6D6E* *.....#......,%_>*
00002350 *6F707172007D00000000007E73747576* *?....'.....=....*
00002360 *7778797A0000005B0000000000000000* *..`:...$........*
00002370 *000000000000005D0000004142434445* *.......)........*
00002380 *46474849000000000000004A4B4C4D4E* *.............<(+*
00002390 *4F5051520000000000005C0053545556* *|&........*.....*
000023A0 *5758595A000000000000303132333435* *...!............*
000023B0 *363738390000000000004B4B4B4B4B4B* *................*
000023C0 *4B4B4B4B4B4B4B4B4B4B4B4B4B4B4B4B* *................*
........
000023F0 *4B4B4B4B4B4B4B4B4B4B404B4B4B4B4B* *.......... .....*
00002400 *4B4B4B4B4B4B4C4D4E4F504B4B4B4B4B* *......<(+|&.....*
00002410 *4B4B4B4B5A5B5C5D5E4B60614B4B4B4B* *....!$*);.-/....*
00002420 *4B4B4B4B4B6B6C6D6E6F4B4B4B4B4B4B* *.....,%_>?......*
00002430 *4B4B4B797A7B7C7D7E7F4B8182838485* *...`:#@'=".abcde*
00002440 *868788894B4B4B4B4B4B4B9192939495* *fghi.......jklmn*
00002450 *969798994B4B4B4B4B4B4BA1A2A3A4A5* *opqr.......~stuv*
00002460 *A6A7A8A94B4B4B4B4B4B5F4B4B4B4B4B* *wxyz............*
00002470 *4B4B4B4BADBD4B4B4B4BC0C1C2C3C4C5* *..........{ABCDE*
00002480 *C6C7C8C94B4B4B4B4B4BD0D1D2D3D4D5* *FGHI......}JKLMN*
00002490 *D6D7D8D94B4B4B4B4B4BE04BE2E3E4E5* *OPQR......\.STUV*
000024A0 *E6E7E8E94B4B4B4B4B4BF0F1F2F3F4F5* *WXYZ......012345*
000024B0 *F6F7F8F94B4B4B4B4B4B404040404040* *6789......      *
000024C0 *40404040404040404040404040404040* *                *
........
000043F0 *40404040404040404040F6F600001B58* *          66....*
00004400 *0400001B5C0400001B780400001B8404* *....*.........d.*
00004410 *00001B880400001B8C0400001BE00400* *...h.........\..*
00004420 *001BF80400001C600400001CC8040000* *..8....-....H...*
00004430 *1CEC0400001D300400001D540400001D* *................*
00004440 *B80400001DBC04                  * *.......         *
SUPERZAP ENDING
