13:30:27 ZC390LIB  LZ390 START USING z390 V1.5.06 ON J2SE 1.6.0_31 05/21/12
LZ390I Copyright 2011 Automated Software Tools Corporation
LZ390I z390 is licensed under GNU General Public License
LZ390I options = W:\work\z390\z390.OPT=(time(60)) SYSCPY(+ZCOBOL\Z390) 
  SYS390(LINKLIB) RMODE24
LZ390I program = ZCOBOL\Z390\ZC390LIB.OBJ
LZ390I ESD=ZC390LIB LOC=00000000 LEN=000002A0
LZ390I ESD=ZC390NUC LOC=000002A0 LEN=00000DE0
LZ390I ESD=CALL     ENT=000002E4
LZ390I ESD=CMP64R32 ENT=0000031C
LZ390I ESD=CVTLBTQ  ENT=00000338
LZ390I ESD=CVTLDTP  ENT=00000432
LZ390I ESD=CVTQTLB  ENT=00000468
LZ390I ESD=DIV64R32 ENT=00000562
LZ390I ESD=DIVQ128  ENT=00000600
LZ390I ESD=GOBACK   ENT=000007D8
LZ390I ESD=MPYQ128  ENT=000007E8
LZ390I ESD=OSE64R32 ENT=000008B4
LZ390I ESD=PERFORM  ENT=00000900
LZ390I ESD=PMCHECK  ENT=00000928
LZ390I ESD=ROUNDF   ENT=000009F0
LZ390I ESD=STOPRUN  ENT=000007D8
LZ390I ESD=STACKORG ENT=00000950
LZ390I ESD=STACKPTR ENT=00000948
LZ390I ESD=STACKEND ENT=000009F0
LZ390I ESD=TALPHAX  ENT=00000A4E
LZ390I ESD=TNUMP    ENT=00000B5C
LZ390I ESD=TNUMX    ENT=00000D82
LZ390I ESD=TNUMZ    ENT=00000D90
LZ390I ESD=ABORT    LOC=00001080 LEN=00000318
LZ390I ESD=ACCEPT   LOC=00001398 LEN=00000408
LZ390I ESD=DISPLAY  LOC=000017A0 LEN=00000B68
LZ390I ESD=INSPECT  LOC=00002308 LEN=00000828
LZ390I ESD=CVTTOHEX LOC=00002B30 LEN=00000290
LZ390I INCLUDE = ZCOBOL\Z390\ZC390LIB.OBJ
LZ390I RLD LOC=00000010 FLD=00000000 EXT=000002A0
LZ390I RLD LOC=00000014 FLD=00000000 EXT=000002E4
LZ390I RLD LOC=00000018 FLD=00000000 EXT=0000031C
LZ390I RLD LOC=0000001C FLD=00000000 EXT=00000338
LZ390I RLD LOC=00000020 FLD=00000000 EXT=00000432
LZ390I RLD LOC=00000024 FLD=00000000 EXT=00000468
LZ390I RLD LOC=00000028 FLD=00000000 EXT=00000562
LZ390I RLD LOC=0000002C FLD=00000000 EXT=00000600
LZ390I RLD LOC=00000030 FLD=00000000 EXT=000007D8
LZ390I RLD LOC=00000034 FLD=00000000 EXT=000007E8
LZ390I RLD LOC=00000038 FLD=00000000 EXT=000008B4
LZ390I RLD LOC=0000003C FLD=00000000 EXT=00000900
LZ390I RLD LOC=00000040 FLD=00000000 EXT=00000928
LZ390I RLD LOC=00000044 FLD=00000000 EXT=000009F0
LZ390I RLD LOC=00000048 FLD=00000000 EXT=00000950
LZ390I RLD LOC=0000004C FLD=00000000 EXT=00000948
LZ390I RLD LOC=00000050 FLD=00000000 EXT=000009F0
LZ390I RLD LOC=00000054 FLD=00000000 EXT=000007D8
LZ390I RLD LOC=00000058 FLD=00000000 EXT=00000A4E
LZ390I RLD LOC=0000005C FLD=00000000 EXT=00000B5C
LZ390I RLD LOC=00000060 FLD=00000000 EXT=00000D82
LZ390I RLD LOC=00000064 FLD=00000000 EXT=00000D90
LZ390I RLD LOC=00000068 FLD=00000000 EXT=00001080
LZ390I RLD LOC=0000006C FLD=00000000 EXT=00001398
LZ390I RLD LOC=00000070 FLD=00000000 EXT=000017A0
LZ390I RLD LOC=00000074 FLD=00000000 EXT=00002308
LZ390I INCLUDE = ZCOBOL\Z390\ZC390NUC.OBJ
LZ390I RLD LOC=00000948 FLD=000006B0 EXT=000002A0
LZ390I RLD LOC=0000094C FLD=00000750 EXT=000002A0
LZ390I INCLUDE = ZCOBOL\Z390\ABORT.OBJ
LZ390I RLD LOC=0000136C FLD=0000007A EXT=00001080
LZ390I RLD LOC=00001370 FLD=000000AC EXT=00001080
LZ390I RLD LOC=00001374 FLD=000000E6 EXT=00001080
LZ390I RLD LOC=00001378 FLD=00000122 EXT=00001080
LZ390I RLD LOC=00001380 FLD=00000142 EXT=00001080
LZ390I RLD LOC=00001384 FLD=00000174 EXT=00001080
LZ390I RLD LOC=00001388 FLD=000001B4 EXT=00001080
LZ390I RLD LOC=0000138C FLD=000001EC EXT=00001080
LZ390I RLD LOC=00001390 FLD=0000022C EXT=00001080
LZ390I RLD LOC=00001394 FLD=0000026C EXT=00001080
LZ390I RLD LOC=00001314 FLD=000002E8 EXT=00001080
LZ390I INCLUDE = ZCOBOL\Z390\ACCEPT.OBJ
LZ390I RLD LOC=0000162C FLD=0000039C EXT=00001398
LZ390I RLD LOC=00001758 FLD=00000106 EXT=00001398
LZ390I RLD LOC=00001770 FLD=00000106 EXT=00001398
LZ390I INCLUDE = ZCOBOL\Z390\DISPLAY.OBJ
LZ390I RLD LOC=000020CC FLD=0000012E EXT=000017A0
LZ390I RLD LOC=00001904 FLD=0000065F EXT=000017A0
LZ390I RLD LOC=00001930 FLD=0000065D EXT=000017A0
LZ390I RLD LOC=00002220 FLD=000001CA EXT=000017A0
LZ390I RLD LOC=00001974 FLD=0000065D EXT=000017A0
LZ390I RLD LOC=00002234 FLD=000001F4 EXT=000017A0
LZ390I RLD LOC=00002238 FLD=0000020C EXT=000017A0
LZ390I RLD LOC=0000223C FLD=0000022E EXT=000017A0
LZ390I RLD LOC=00002278 FLD=0000024C EXT=000017A0
LZ390I RLD LOC=0000227C FLD=00000266 EXT=000017A0
LZ390I RLD LOC=000022B8 FLD=0000027C EXT=000017A0
LZ390I RLD LOC=000022C0 FLD=000002A2 EXT=000017A0
LZ390I RLD LOC=000022E0 FLD=0000031A EXT=000017A0
LZ390I RLD LOC=000022E4 FLD=00000330 EXT=000017A0
LZ390I RLD LOC=000022E8 FLD=00000346 EXT=000017A0
LZ390I RLD LOC=000022EC FLD=0000035C EXT=000017A0
LZ390I RLD LOC=000022F0 FLD=00000372 EXT=000017A0
LZ390I RLD LOC=000022F4 FLD=00000388 EXT=000017A0
LZ390I RLD LOC=000022F8 FLD=0000039E EXT=000017A0
LZ390I RLD LOC=000022FC FLD=000003B4 EXT=000017A0
LZ390I RLD LOC=00002300 FLD=000003CA EXT=000017A0
LZ390I RLD LOC=00001B80 FLD=0000077C EXT=000017A0
LZ390I RLD LOC=00001C50 FLD=00000000 EXT=00002B30
LZ390I RLD LOC=00001C5C FLD=0000065D EXT=000017A0
LZ390I RLD LOC=00001C68 FLD=0000065D EXT=000017A0
LZ390I RLD LOC=00001C74 FLD=0000065D EXT=000017A0
LZ390I RLD LOC=00001C80 FLD=0000065D EXT=000017A0
LZ390I RLD LOC=00001C8C FLD=0000065D EXT=000017A0
LZ390I RLD LOC=00001C98 FLD=0000065D EXT=000017A0
LZ390I RLD LOC=00001CA4 FLD=0000065D EXT=000017A0
LZ390I RLD LOC=00001CB0 FLD=0000065D EXT=000017A0
LZ390I RLD LOC=00001CBC FLD=0000065D EXT=000017A0
LZ390I RLD LOC=00001CC8 FLD=0000065D EXT=000017A0
LZ390I RLD LOC=00001CD0 FLD=00000549 EXT=000017A0
LZ390I INCLUDE = ZCOBOL\Z390\INSPECT.OBJ
LZ390I INCLUDE = linklib\CVTTOHEX.OBJ
LZ390I total errors         = 0
13:30:27 ZC390LIB  LZ390 ENDED   RC= 0 SEC= 0 MEM(MB)= 32 IO=2083
