ZSTRMAC   MZ390 START
ZSTRMAC   MZ390 MZ390E error 238     (1/480)480 ZSM AELSE missing AIF or ACASE
ZSTRMAC   MZ390 MZ390E error 239     (1/484)484 ZSM AEND missing structure
ZSTRMAC   MZ390 MZ390E error 114     (1/452)452 ZSTRMAC invalid AIF label - (&LVL_ACASE_FIRST(&LVL) NE 1))
ZSTRMAC   MZ390 MZ390E error 217     (1/147)147 invalid substring - offset=72 len=1
ZSTRMAC   MZ390 MZ390E error 217     (1/147)147 invalid substring - offset=72 len=1
ZSTRMAC   MZ390 MZ390E error 217     (1/147)147 invalid substring - offset=72 len=1
ZSTRMAC   MZ390 MZ390E error 217     (1/147)147 invalid substring - offset=72 len=1
ZSTRMAC   MZ390 MZ390E error 217     (1/147)147 invalid substring - offset=72 len=1
ZSTRMAC   MZ390 MZ390E error 217     (1/148)148 invalid substring - offset=16 len=56
ZSTRMAC   MZ390 MZ390E error 217     (1/147)147 invalid substring - offset=72 len=1
ZSTRMAC   MZ390 MZ390E error 217     (1/147)147 invalid substring - offset=72 len=1
ZSTRMAC   MZ390 MZ390E error 217     (1/147)147 invalid substring - offset=72 len=1
ZSTRMAC   MZ390 MZ390E error 217     (1/147)147 invalid substring - offset=72 len=1
ZSTRMAC   MZ390 MZ390E error 217     (1/147)147 invalid substring - offset=72 len=1
ZSTRMAC   MZ390 MZ390E error 217     (1/147)147 invalid substring - offset=72 len=1
ZSTRMAC   MZ390 MZ390E error 217     (1/147)147 invalid substring - offset=72 len=1
ZSTRMAC   MZ390 MZ390E error 217     (1/147)147 invalid substring - offset=72 len=1
ZSTRMAC   MZ390 MZ390E error 217     (1/147)147 invalid substring - offset=72 len=1
ZSTRMAC   MZ390 MZ390E error 217     (1/147)147 invalid substring - offset=72 len=1
ZSTRMAC   MZ390 MZ390E error 217     (1/147)147 invalid substring - offset=72 len=1
ZSTRMAC   MZ390 MZ390E error 217     (1/147)147 invalid substring - offset=72 len=1
ZSTRMAC   MZ390 MZ390E error 217     (1/148)148 invalid substring - offset=16 len=56
ZSTRMAC   MZ390 MZ390E error 217     (1/147)147 invalid substring - offset=72 len=1
ZSTRMAC   MZ390 MZ390E error 217     (1/147)147 invalid substring - offset=72 len=1
ZSTRMAC   MZ390 MZ390E error 217     (1/148)148 invalid substring - offset=16 len=56
ZSTRMAC   MZ390 MZ390E error 217     (1/147)147 invalid substring - offset=72 len=1
ZSTRMAC   MZ390 MZ390E error 217     (1/147)147 invalid substring - offset=72 len=1
ZSTRMAC   MZ390 MZ390E error 217     (1/147)147 invalid substring - offset=72 len=1
ZSTRMAC   MZ390 MZ390E error 217     (1/147)147 invalid substring - offset=72 len=1
ZSTRMAC   MZ390 MZ390E error 217     (1/147)147 invalid substring - offset=72 len=1
ZSTRMAC   MZ390 MZ390E error 217     (1/147)147 invalid substring - offset=72 len=1
ZSTRMAC   MZ390 MZ390E error 217     (1/147)147 invalid substring - offset=72 len=1
ZSTRMAC   MZ390 MZ390E error 217     (1/147)147 invalid substring - offset=72 len=1
ZSTRMAC   MZ390 MZ390E error 217     (1/147)147 invalid substring - offset=72 len=1
ZSTRMAC   MZ390 MZ390E error 217     (1/147)147 invalid substring - offset=72 len=1
ZSTRMAC   MZ390 MZ390E error 217     (1/147)147 invalid substring - offset=72 len=1
ZSTRMAC   MZ390 MZ390E error 217     (1/147)147 invalid substring - offset=72 len=1
ZSTRMAC   MZ390 MZ390E error 217     (1/147)147 invalid substring - offset=72 len=1
ZSTRMAC   MZ390 MZ390E error 217     (1/147)147 invalid substring - offset=72 len=1
ZSTRMAC   MZ390 MZ390E error 217     (1/147)147 invalid substring - offset=72 len=1
ZSTRMAC   MZ390 MZ390E error 217     (1/147)147 invalid substring - offset=72 len=1
ZSTRMAC   MZ390 MZ390E error 217     (1/147)147 invalid substring - offset=72 len=1
ZSTRMAC   MZ390 MZ390E error 217     (1/147)147 invalid substring - offset=72 len=1
ZSTRMAC   MZ390 MZ390E error 217     (1/147)147 invalid substring - offset=72 len=1
ZSTRMAC   MZ390 MZ390E error 217     (1/147)147 invalid substring - offset=72 len=1
ZSTRMAC   MZ390 MZ390E error 217     (1/147)147 invalid substring - offset=72 len=1
ZSTRMAC   MZ390 MZ390E error 217     (1/147)147 invalid substring - offset=72 len=1
ZSTRMAC   MZ390 MZ390E error 217     (1/147)147 invalid substring - offset=72 len=1
ZSTRMAC   MZ390 MZ390E error 217     (1/147)147 invalid substring - offset=72 len=1
ZSTRMAC   MZ390 MZ390E error 217     (1/147)147 invalid substring - offset=72 len=1
ZSTRMAC   MZ390 MZ390E error 217     (1/147)147 invalid substring - offset=72 len=1
ZSTRMAC   MZ390 MZ390E error 217     (1/147)147 invalid substring - offset=72 len=1
ZSTRMAC   MZ390 MZ390E error 217     (1/147)147 invalid substring - offset=72 len=1
ZSTRMAC   MZ390 MZ390E error 217     (1/148)148 invalid substring - offset=16 len=56
ZSTRMAC   MZ390 MZ390E error 217     (1/147)147 invalid substring - offset=72 len=1
ZSTRMAC   MZ390 MZ390E error 217     (1/148)148 invalid substring - offset=16 len=56
ZSTRMAC   MZ390 MZ390E error 217     (1/147)147 invalid substring - offset=72 len=1
ZSTRMAC   MZ390 MZ390E error 217     (1/148)148 invalid substring - offset=16 len=56
ZSTRMAC   MZ390 MZ390E error 217     (1/147)147 invalid substring - offset=72 len=1
ZSTRMAC   MZ390 MZ390E error 217     (1/147)147 invalid substring - offset=72 len=1
ZSTRMAC   MZ390 MZ390E error 217     (1/148)148 invalid substring - offset=16 len=56
ZSTRMAC   MZ390 MZ390E error 217     (1/147)147 invalid substring - offset=72 len=1
ZSTRMAC   MZ390 MZ390E error 217     (1/147)147 invalid substring - offset=72 len=1
ZSTRMAC   MZ390 MZ390E error 217     (1/147)147 invalid substring - offset=72 len=1
ZSTRMAC   MZ390 MZ390E error 217     (1/147)147 invalid substring - offset=72 len=1
ZSTRMAC   MZ390 MZ390E error 217     (1/147)147 invalid substring - offset=72 len=1
ZSTRMAC   MZ390 MZ390E error 217     (1/148)148 invalid substring - offset=16 len=56
ZSTRMAC   MZ390 MZ390E error 217     (1/147)147 invalid substring - offset=72 len=1
ZSTRMAC   MZ390 MZ390E error 217     (1/147)147 invalid substring - offset=72 len=1
ZSTRMAC   MZ390 MZ390E error 217     (1/148)148 invalid substring - offset=16 len=56
ZSTRMAC   MZ390 MZ390E error 217     (1/147)147 invalid substring - offset=72 len=1
ZSTRMAC   MZ390 MZ390E error 217     (1/148)148 invalid substring - offset=16 len=56
ZSTRMAC   MZ390 MZ390E error 217     (1/147)147 invalid substring - offset=72 len=1
ZSTRMAC   MZ390 MZ390E error 217     (1/148)148 invalid substring - offset=16 len=56
ZSTRMAC   MZ390 MZ390E error 217     (1/147)147 invalid substring - offset=72 len=1
ZSTRMAC   MZ390 MZ390E error 217     (1/147)147 invalid substring - offset=72 len=1
ZSTRMAC   MZ390 MZ390E error 217     (1/147)147 invalid substring - offset=72 len=1
ZSTRMAC   MZ390 MZ390E error 217     (1/148)148 invalid substring - offset=16 len=56
ZSTRMAC   MZ390 MZ390E error 217     (1/147)147 invalid substring - offset=72 len=1
ZSTRMAC   MZ390 MZ390E error 217     (1/147)147 invalid substring - offset=72 len=1
ZSTRMAC   MZ390 MZ390E error 217     (1/147)147 invalid substring - offset=72 len=1
ZSTRMAC   MZ390 MZ390E error 217     (1/147)147 invalid substring - offset=72 len=1
ZSTRMAC   MZ390 MZ390E error 217     (1/147)147 invalid substring - offset=72 len=1
ZSTRMAC   MZ390 MZ390E error 217     (1/147)147 invalid substring - offset=72 len=1
ZSTRMAC   MZ390 MZ390E error 217     (1/147)147 invalid substring - offset=72 len=1
ZSTRMAC   MZ390 MZ390E error 217     (1/147)147 invalid substring - offset=72 len=1
ZSTRMAC   MZ390 MZ390E error 217     (1/147)147 invalid substring - offset=72 len=1
ZSTRMAC   MZ390 MZ390E error 217     (1/147)147 invalid substring - offset=72 len=1
ZSTRMAC   MZ390 MZ390E error 217     (1/147)147 invalid substring - offset=72 len=1
ZSTRMAC   MZ390 MZ390E error 217     (1/147)147 invalid substring - offset=72 len=1
ZSTRMAC   MZ390 MZ390E error 217     (1/147)147 invalid substring - offset=72 len=1
ZSTRMAC   MZ390 MZ390E error 217     (1/147)147 invalid substring - offset=72 len=1
ZSTRMAC   MZ390 MZ390E error 217     (1/147)147 invalid substring - offset=72 len=1
ZSTRMAC   MZ390 MZ390E error 217     (1/147)147 invalid substring - offset=72 len=1
ZSTRMAC   MZ390 MZ390E error 217     (1/147)147 invalid substring - offset=72 len=1
ZSTRMAC   MZ390 MZ390E error 217     (1/147)147 invalid substring - offset=72 len=1
ZSTRMAC   MZ390 MZ390E error 217     (1/147)147 invalid substring - offset=72 len=1
ZSTRMAC   MZ390 MZ390E error 217     (1/147)147 invalid substring - offset=72 len=1
ZSTRMAC   MZ390 MZ390E error 217     (1/147)147 invalid substring - offset=72 len=1
ZSTRMAC   MZ390 MZ390E error 217     (1/147)147 invalid substring - offset=72 len=1
ZSTRMAC   MZ390 MZ390E error 217     (1/147)147 invalid substring - offset=72 len=1
ZSTRMAC   MZ390 MZ390E abort 83 file=1 line=147 maximum errors exceeded
ZSTRMAC   MZ390 MZ390I FID=  1 ERR=102 W:\work\z390\LINKLIB\ZSTRMAC.MLC
ZSTRMAC   MZ390 ENDED   RC=16 MEM(MB)= MB IO=1607
