FPCONMFC  MZ390 START
FPCONMFC  MZ390 Copyright 2011 Automated Software Tools Corporation
FPCONMFC  MZ390 z390 is licensed under GNU General Public License
FPCONMFC  MZ390 program = linklib\FPCONMFC.MLC
FPCONMFC  MZ390 options = W:\work\z390\z390.OPT=(time(60)) bal notiming sysmac(mac) 
  syscpy(mac) stats sysmac(mac+linklib) systerm(linklib\rtlink)
FPCONMFC  MZ390 final_options=ALIGN
FPCONMFC  MZ390 final_options=NOALLOW
FPCONMFC  MZ390 final_options=NOAMODE24
FPCONMFC  MZ390 final_options=AMODE31
FPCONMFC  MZ390 final_options=NOASCII
FPCONMFC  MZ390 final_options=ASM
FPCONMFC  MZ390 final_options=NOASSIST
FPCONMFC  MZ390 final_options=AUTOLINK
FPCONMFC  MZ390 final_options=BAL
FPCONMFC  MZ390 final_options=NOBS2000
FPCONMFC  MZ390 final_options=EDF
FPCONMFC  MZ390 final_options=NOCICS
FPCONMFC  MZ390 final_options=CODEPAGE(ISO-8859-1+IBM1047)
FPCONMFC  MZ390 final_options=COMMENT
FPCONMFC  MZ390 final_options=CON
FPCONMFC  MZ390 final_options=NODUMP
FPCONMFC  MZ390 final_options=EPILOG
FPCONMFC  MZ390 final_options=NOERRSUM
FPCONMFC  MZ390 final_options=EXTEND
FPCONMFC  MZ390 final_options=FLOAT(DECIMAL)
FPCONMFC  MZ390 final_options=NOGUAM
FPCONMFC  MZ390 final_options=INIT
FPCONMFC  MZ390 final_options=LIST
FPCONMFC  MZ390 final_options=LISTCALL
FPCONMFC  MZ390 final_options=LISTUSE
FPCONMFC  MZ390 final_options=LOADHIGH
FPCONMFC  MZ390 final_options=NOMCALL
FPCONMFC  MZ390 final_options=NOMOD
FPCONMFC  MZ390 final_options=OBJ
FPCONMFC  MZ390 final_options=NOOBJHEX
FPCONMFC  MZ390 final_options=PC
FPCONMFC  MZ390 final_options=PCOPT
FPCONMFC  MZ390 final_options=NOPDSMEM8
FPCONMFC  MZ390 final_options=NOPRINTALL
FPCONMFC  MZ390 final_options=PROLOG
FPCONMFC  MZ390 final_options=PROTECT
FPCONMFC  MZ390 final_options=R64
FPCONMFC  MZ390 final_options=NOREFORMAT
FPCONMFC  MZ390 final_options=NOREGS
FPCONMFC  MZ390 final_options=RMODE24
FPCONMFC  MZ390 final_options=NORMODE31
FPCONMFC  MZ390 final_options=STATS
FPCONMFC  MZ390 final_options=NOTEST
FPCONMFC  MZ390 final_options=THREAD
FPCONMFC  MZ390 final_options=NOTIME
FPCONMFC  MZ390 final_options=NOTIMING
FPCONMFC  MZ390 final_options=NOTRACE
FPCONMFC  MZ390 final_options=NOTRACEA
FPCONMFC  MZ390 final_options=NOTRACEALL
FPCONMFC  MZ390 final_options=NOTRACEC
FPCONMFC  MZ390 final_options=NOTRACEG
FPCONMFC  MZ390 final_options=NOTRACEI
FPCONMFC  MZ390 final_options=NOTRACEL
FPCONMFC  MZ390 final_options=NOTRACEM
FPCONMFC  MZ390 final_options=NOTRACEP
FPCONMFC  MZ390 final_options=NOTRACEQ
FPCONMFC  MZ390 final_options=NOTRACES
FPCONMFC  MZ390 final_options=NOTRACET
FPCONMFC  MZ390 final_options=NOTRACEV
FPCONMFC  MZ390 final_options=TRAP
FPCONMFC  MZ390 final_options=NOTRUNC
FPCONMFC  MZ390 final_options=NOTS
FPCONMFC  MZ390 final_options=VCB
FPCONMFC  MZ390 final_options=WARN
FPCONMFC  MZ390 final_options=XREF
FPCONMFC  MZ390 final_options=ZSTRMAC
FPCONMFC  MZ390 final_options=CHKMAC=0
FPCONMFC  MZ390 final_options=CHKSRC=1
FPCONMFC  MZ390 final_options=ERR=100
FPCONMFC  MZ390 final_options=MAXCALL=50
FPCONMFC  MZ390 final_options=MAXDISPLAY=80
FPCONMFC  MZ390 final_options=MAXESD=1000
FPCONMFC  MZ390 final_options=MAXFILE=1000
FPCONMFC  MZ390 final_options=MAXGBL=100000
FPCONMFC  MZ390 final_options=MAXHEIGHT=600
FPCONMFC  MZ390 final_options=MAXLCL=100000
FPCONMFC  MZ390 final_options=MAXLEN=80
FPCONMFC  MZ390 final_options=MAXLINE=200000
FPCONMFC  MZ390 final_options=MAXLOG=1000000
FPCONMFC  MZ390 final_options=MAXPARM=10000
FPCONMFC  MZ390 final_options=MAXPASS=2
FPCONMFC  MZ390 final_options=MAXPC=50000
FPCONMFC  MZ390 final_options=MAXQUE=1000
FPCONMFC  MZ390 final_options=MAXRLD=10000
FPCONMFC  MZ390 final_options=MAXSIZE=52428800
FPCONMFC  MZ390 final_options=MAXSYM=50000
FPCONMFC  MZ390 final_options=MAXWARN=4
FPCONMFC  MZ390 final_options=MAXWIDTH=800
FPCONMFC  MZ390 final_options=MEM=1
FPCONMFC  MZ390 final_options=MINHEIGHT=150
FPCONMFC  MZ390 final_options=MINWIDTH=150
FPCONMFC  MZ390 final_options=MNOTE=0
FPCONMFC  MZ390 final_options=PARM=
FPCONMFC  MZ390 final_options=PROFILE=
FPCONMFC  MZ390 final_options=STATS=W:\work\z390\linklib\FPCONMFC.STA
FPCONMFC  MZ390 final_options=SYSPARM=
FPCONMFC  MZ390 final_options=SYSTERM=W:\work\z390\linklib\rtlink.ERR
FPCONMFC  MZ390 final_options=TESTDD=
FPCONMFC  MZ390 final_options=TIME=60
FPCONMFC  MZ390 final_options=TRACE=
FPCONMFC  MZ390 final_options=Z390ACROBAT=cmd.exe /c Start
FPCONMFC  MZ390 final_options=Z390BROWSER=cmd.exe /c Start
FPCONMFC  MZ390 final_options=Z390COMMAND=cmd.exe
FPCONMFC  MZ390 final_options=Z390EDITOR=notepad.exe
FPCONMFC  MZ390 final_options=INSTALL=
FPCONMFC  MZ390 final_options=IPL=
FPCONMFC  MZ390 final_options=LOG=
FPCONMFC  MZ390 final_options=SYS390=linklib\+linklib
FPCONMFC  MZ390 final_options=SYSBAL=linklib\
FPCONMFC  MZ390 final_options=SYSCPY=mac
FPCONMFC  MZ390 final_options=SYSDAT=linklib\
FPCONMFC  MZ390 final_options=SYSERR=linklib\
FPCONMFC  MZ390 final_options=SYSLOG=linklib\
FPCONMFC  MZ390 final_options=SYSLST=linklib\
FPCONMFC  MZ390 final_options=SYSMAC=mac+linklib
FPCONMFC  MZ390 final_options=SYSMLC=linklib\
FPCONMFC  MZ390 final_options=SYSPCH=linklib\
FPCONMFC  MZ390 final_options=SYSPRN=linklib\
FPCONMFC  MZ390 final_options=SYSOBJ=linklib\
FPCONMFC  MZ390 final_options=SYSOPT=linklib\
FPCONMFC  MZ390 final_options=SYSTRC=linklib\
FPCONMFC  MZ390 total MLC/MAC loaded  = 4043
FPCONMFC  MZ390 total BAL output lines= 1082
FPCONMFC  MZ390 total BAL instructions= 66
FPCONMFC  MZ390 total macros          = 15
FPCONMFC  MZ390 total macro loads     = 15
FPCONMFC  MZ390 total macro calls     = 167
FPCONMFC  MZ390 total AENTRY blocks   = 5
FPCONMFC  MZ390 total ACALL  calls    = 5
FPCONMFC  MZ390 total AIF    blocks   = 42
FPCONMFC  MZ390 total ACASE  blocks   = 0
FPCONMFC  MZ390 total AWHILE calls    = 3
FPCONMFC  MZ390 total AUNTIL blocks   = 0
FPCONMFC  MZ390 total global set names= 82
FPCONMFC  MZ390 tot global seta cells = 323
FPCONMFC  MZ390 tot global setb cells = 278
FPCONMFC  MZ390 tot global setc cells = 543
FPCONMFC  MZ390 max local pos parms   = 7
FPCONMFC  MZ390 max local key parms   = 11
FPCONMFC  MZ390 max local set names   = 25
FPCONMFC  MZ390 max local seta cells  = 8
FPCONMFC  MZ390 max local setb cells  = 3
FPCONMFC  MZ390 max local setc cells  = 25
FPCONMFC  MZ390 total array expansions= 0
FPCONMFC  MZ390 total Keys            = 4303
FPCONMFC  MZ390 Key searches          = 31482
FPCONMFC  MZ390 Key avg comps         = 0
FPCONMFC  MZ390 Key max comps         = 4
FPCONMFC  MZ390 total macro line exec = 4460
FPCONMFC  MZ390 total pcode line exec = 1458
FPCONMFC  MZ390 total pcode line gen. = 160
FPCONMFC  MZ390 total pcode line reuse= 0
FPCONMFC  MZ390 total pcode op   gen. = 650
FPCONMFC  MZ390 total pcode op   exec = 6226
FPCONMFC  MZ390 total pcode gen  opt  = 135
FPCONMFC  MZ390 total pcode exec opt  = 10
FPCONMFC  MZ390 FID=  1 ERR= 0 W:\work\z390\linklib\FPCONMFC.MLC
FPCONMFC  MZ390 FID=  2 ERR= 0 W:\work\z390\mac\ASMMSP.CPY
FPCONMFC  MZ390 FID=  3 ERR= 0 W:\work\z390\mac\ZSTRMAC.CPY
FPCONMFC  MZ390 FID=  4 ERR= 0 W:\work\z390\linklib\ARCHLVL.MAC
FPCONMFC  MZ390 FID=  5 ERR= 0 W:\work\z390\mac\SUBENTRY.MAC
FPCONMFC  MZ390 FID=  6 ERR= 0 W:\work\z390\mac\IF.MAC
FPCONMFC  MZ390 FID=  7 ERR= 0 W:\work\z390\mac\ZSTRGBL.CPY
FPCONMFC  MZ390 FID=  8 ERR= 0 W:\work\z390\mac\ZSTREQU.MAC
FPCONMFC  MZ390 FID=  9 ERR= 0 W:\work\z390\mac\ELSE.MAC
FPCONMFC  MZ390 FID= 10 ERR= 0 W:\work\z390\mac\ENDIF.MAC
FPCONMFC  MZ390 FID= 11 ERR= 0 W:\work\z390\mac\SUBEXIT.MAC
FPCONMFC  MZ390 FID= 12 ERR= 0 W:\work\z390\mac\ZOPTLR.MAC
FPCONMFC  MZ390 FID= 13 ERR= 0 W:\work\z390\mac\ELSEIF.MAC
FPCONMFC  MZ390 FID= 14 ERR= 0 W:\work\z390\mac\DO.MAC
FPCONMFC  MZ390 FID= 15 ERR= 0 W:\work\z390\mac\ENDDO.MAC
FPCONMFC  MZ390 FID= 16 ERR= 0 W:\work\z390\mac\EQUREGS.MAC
FPCONMFC  MZ390 FID= 17 ERR= 0 W:\work\z390\linklib\FPCONVRT.MAC
FPCONMFC  MZ390 total mnote warnings  = 0
FPCONMFC  MZ390 total mnote errors    = 0
FPCONMFC  MZ390 max   mnote level     = 0
FPCONMFC  MZ390 total mz390 errors    = 0
FPCONMFC  AZ390 BAL lines             = 1082
FPCONMFC  AZ390 symbols               = 190
FPCONMFC  AZ390 Literals              = 15
FPCONMFC  AZ390 alloc passes          = 3
FPCONMFC  AZ390 Keys                  = 1524
FPCONMFC  AZ390 Key searches          = 11357
FPCONMFC  AZ390 Key avg comps         = 1
FPCONMFC  AZ390 Key max comps         = 3
FPCONMFC  AZ390 ESD symbols           = 2
FPCONMFC  AZ390 object bytes          = 3525
FPCONMFC  AZ390 object rlds           = 4
FPCONMFC  AZ390 total mnote warnings  = 0
FPCONMFC  AZ390 total mnote errors    = 0
FPCONMFC  AZ390 max   mnote level     = 0
FPCONMFC  AZ390 total mz390 errors    = 0
FPCONMFC  AZ390 total az390 errors    = 0
FPCONMFC  MZ390 ENDED   RC= 0 MEM(MB)= MB IO=13116
