SQXTR     MZ390 START
SQXTR     MZ390 Copyright 2011 Automated Software Tools Corporation
SQXTR     MZ390 z390 is licensed under GNU General Public License
SQXTR     MZ390 program = linklib\SQXTR.MLC
SQXTR     MZ390 options = W:\work\z390\z390.OPT=(time(60)) bal notiming sysmac(mac) 
  syscpy(mac) stats systerm(linklib\rtlink)
SQXTR     MZ390 final_options=ALIGN
SQXTR     MZ390 final_options=NOALLOW
SQXTR     MZ390 final_options=NOAMODE24
SQXTR     MZ390 final_options=AMODE31
SQXTR     MZ390 final_options=NOASCII
SQXTR     MZ390 final_options=ASM
SQXTR     MZ390 final_options=NOASSIST
SQXTR     MZ390 final_options=AUTOLINK
SQXTR     MZ390 final_options=BAL
SQXTR     MZ390 final_options=NOBS2000
SQXTR     MZ390 final_options=EDF
SQXTR     MZ390 final_options=NOCICS
SQXTR     MZ390 final_options=CODEPAGE(ISO-8859-1+IBM1047)
SQXTR     MZ390 final_options=COMMENT
SQXTR     MZ390 final_options=CON
SQXTR     MZ390 final_options=NODUMP
SQXTR     MZ390 final_options=EPILOG
SQXTR     MZ390 final_options=NOERRSUM
SQXTR     MZ390 final_options=EXTEND
SQXTR     MZ390 final_options=FLOAT(DECIMAL)
SQXTR     MZ390 final_options=NOGUAM
SQXTR     MZ390 final_options=INIT
SQXTR     MZ390 final_options=LIST
SQXTR     MZ390 final_options=LISTCALL
SQXTR     MZ390 final_options=LISTUSE
SQXTR     MZ390 final_options=LOADHIGH
SQXTR     MZ390 final_options=NOMCALL
SQXTR     MZ390 final_options=NOMOD
SQXTR     MZ390 final_options=OBJ
SQXTR     MZ390 final_options=NOOBJHEX
SQXTR     MZ390 final_options=PC
SQXTR     MZ390 final_options=PCOPT
SQXTR     MZ390 final_options=NOPDSMEM8
SQXTR     MZ390 final_options=NOPRINTALL
SQXTR     MZ390 final_options=PROLOG
SQXTR     MZ390 final_options=PROTECT
SQXTR     MZ390 final_options=R64
SQXTR     MZ390 final_options=NOREFORMAT
SQXTR     MZ390 final_options=NOREGS
SQXTR     MZ390 final_options=RMODE24
SQXTR     MZ390 final_options=NORMODE31
SQXTR     MZ390 final_options=STATS
SQXTR     MZ390 final_options=NOTEST
SQXTR     MZ390 final_options=THREAD
SQXTR     MZ390 final_options=NOTIME
SQXTR     MZ390 final_options=NOTIMING
SQXTR     MZ390 final_options=NOTRACE
SQXTR     MZ390 final_options=NOTRACEA
SQXTR     MZ390 final_options=NOTRACEALL
SQXTR     MZ390 final_options=NOTRACEC
SQXTR     MZ390 final_options=NOTRACEG
SQXTR     MZ390 final_options=NOTRACEI
SQXTR     MZ390 final_options=NOTRACEL
SQXTR     MZ390 final_options=NOTRACEM
SQXTR     MZ390 final_options=NOTRACEP
SQXTR     MZ390 final_options=NOTRACEQ
SQXTR     MZ390 final_options=NOTRACES
SQXTR     MZ390 final_options=NOTRACET
SQXTR     MZ390 final_options=NOTRACEV
SQXTR     MZ390 final_options=TRAP
SQXTR     MZ390 final_options=NOTRUNC
SQXTR     MZ390 final_options=NOTS
SQXTR     MZ390 final_options=VCB
SQXTR     MZ390 final_options=WARN
SQXTR     MZ390 final_options=XREF
SQXTR     MZ390 final_options=ZSTRMAC
SQXTR     MZ390 final_options=CHKMAC=0
SQXTR     MZ390 final_options=CHKSRC=1
SQXTR     MZ390 final_options=ERR=100
SQXTR     MZ390 final_options=MAXCALL=50
SQXTR     MZ390 final_options=MAXDISPLAY=80
SQXTR     MZ390 final_options=MAXESD=1000
SQXTR     MZ390 final_options=MAXFILE=1000
SQXTR     MZ390 final_options=MAXGBL=100000
SQXTR     MZ390 final_options=MAXHEIGHT=600
SQXTR     MZ390 final_options=MAXLCL=100000
SQXTR     MZ390 final_options=MAXLEN=80
SQXTR     MZ390 final_options=MAXLINE=200000
SQXTR     MZ390 final_options=MAXLOG=1000000
SQXTR     MZ390 final_options=MAXPARM=10000
SQXTR     MZ390 final_options=MAXPASS=2
SQXTR     MZ390 final_options=MAXPC=50000
SQXTR     MZ390 final_options=MAXQUE=1000
SQXTR     MZ390 final_options=MAXRLD=10000
SQXTR     MZ390 final_options=MAXSIZE=52428800
SQXTR     MZ390 final_options=MAXSYM=50000
SQXTR     MZ390 final_options=MAXWARN=4
SQXTR     MZ390 final_options=MAXWIDTH=800
SQXTR     MZ390 final_options=MEM=1
SQXTR     MZ390 final_options=MINHEIGHT=150
SQXTR     MZ390 final_options=MINWIDTH=150
SQXTR     MZ390 final_options=MNOTE=0
SQXTR     MZ390 final_options=PARM=
SQXTR     MZ390 final_options=PROFILE=
SQXTR     MZ390 final_options=STATS=W:\work\z390\linklib\SQXTR.STA
SQXTR     MZ390 final_options=SYSPARM=
SQXTR     MZ390 final_options=SYSTERM=W:\work\z390\linklib\rtlink.ERR
SQXTR     MZ390 final_options=TESTDD=
SQXTR     MZ390 final_options=TIME=60
SQXTR     MZ390 final_options=TRACE=
SQXTR     MZ390 final_options=Z390ACROBAT=cmd.exe /c Start
SQXTR     MZ390 final_options=Z390BROWSER=cmd.exe /c Start
SQXTR     MZ390 final_options=Z390COMMAND=cmd.exe
SQXTR     MZ390 final_options=Z390EDITOR=notepad.exe
SQXTR     MZ390 final_options=INSTALL=
SQXTR     MZ390 final_options=IPL=
SQXTR     MZ390 final_options=LOG=
SQXTR     MZ390 final_options=SYS390=linklib\+linklib
SQXTR     MZ390 final_options=SYSBAL=linklib\
SQXTR     MZ390 final_options=SYSCPY=mac
SQXTR     MZ390 final_options=SYSDAT=linklib\
SQXTR     MZ390 final_options=SYSERR=linklib\
SQXTR     MZ390 final_options=SYSLOG=linklib\
SQXTR     MZ390 final_options=SYSLST=linklib\
SQXTR     MZ390 final_options=SYSMAC=mac
SQXTR     MZ390 final_options=SYSMLC=linklib\
SQXTR     MZ390 final_options=SYSPCH=linklib\
SQXTR     MZ390 final_options=SYSPRN=linklib\
SQXTR     MZ390 final_options=SYSOBJ=linklib\
SQXTR     MZ390 final_options=SYSOPT=linklib\
SQXTR     MZ390 final_options=SYSTRC=linklib\
SQXTR     MZ390 total MLC/MAC loaded  = 279
SQXTR     MZ390 total BAL output lines= 210
SQXTR     MZ390 total BAL instructions= 32
SQXTR     MZ390 total macros          = 7
SQXTR     MZ390 total macro loads     = 7
SQXTR     MZ390 total macro calls     = 21
SQXTR     MZ390 total AENTRY blocks   = 0
SQXTR     MZ390 total ACALL  calls    = 0
SQXTR     MZ390 total AIF    blocks   = 6
SQXTR     MZ390 total ACASE  blocks   = 0
SQXTR     MZ390 total AWHILE calls    = 1
SQXTR     MZ390 total AUNTIL blocks   = 0
SQXTR     MZ390 total global set names= 51
SQXTR     MZ390 tot global seta cells = 0
SQXTR     MZ390 tot global setb cells = 72
SQXTR     MZ390 tot global setc cells = 39
SQXTR     MZ390 max local pos parms   = 4
SQXTR     MZ390 max local key parms   = 11
SQXTR     MZ390 max local set names   = 16
SQXTR     MZ390 max local seta cells  = 4
SQXTR     MZ390 max local setb cells  = 0
SQXTR     MZ390 max local setc cells  = 25
SQXTR     MZ390 total array expansions= 0
SQXTR     MZ390 total Keys            = 1659
SQXTR     MZ390 Key searches          = 3615
SQXTR     MZ390 Key avg comps         = 0
SQXTR     MZ390 Key max comps         = 3
SQXTR     MZ390 total macro line exec = 490
SQXTR     MZ390 total pcode line exec = 161
SQXTR     MZ390 total pcode line gen. = 40
SQXTR     MZ390 total pcode line reuse= 0
SQXTR     MZ390 total pcode op   gen. = 237
SQXTR     MZ390 total pcode op   exec = 1015
SQXTR     MZ390 total pcode gen  opt  = 85
SQXTR     MZ390 total pcode exec opt  = 1
SQXTR     MZ390 FID=  1 ERR= 0 W:\work\z390\linklib\SQXTR.MLC
SQXTR     MZ390 FID=  2 ERR= 0 W:\work\z390\mac\STX.MAC
SQXTR     MZ390 FID=  3 ERR= 0 W:\work\z390\mac\LX.MAC
SQXTR     MZ390 FID=  4 ERR= 0 W:\work\z390\mac\CTD.MAC
SQXTR     MZ390 FID=  5 ERR= 0 W:\work\z390\mac\SNAP.MAC
SQXTR     MZ390 FID=  6 ERR= 0 W:\work\z390\mac\ZOPTLR.MAC
SQXTR     MZ390 FID=  7 ERR= 0 W:\work\z390\mac\EQUREGS.MAC
SQXTR     MZ390 total mnote warnings  = 0
SQXTR     MZ390 total mnote errors    = 0
SQXTR     MZ390 max   mnote level     = 0
SQXTR     MZ390 total mz390 errors    = 0
SQXTR     AZ390 BAL lines             = 210
SQXTR     AZ390 symbols               = 60
SQXTR     AZ390 Literals              = 7
SQXTR     AZ390 alloc passes          = 2
SQXTR     AZ390 Keys                  = 1386
SQXTR     AZ390 Key searches          = 2814
SQXTR     AZ390 Key avg comps         = 0
SQXTR     AZ390 Key max comps         = 3
SQXTR     AZ390 ESD symbols           = 1
SQXTR     AZ390 object bytes          = 438
SQXTR     AZ390 object rlds           = 3
SQXTR     AZ390 total mnote warnings  = 0
SQXTR     AZ390 total mnote errors    = 0
SQXTR     AZ390 max   mnote level     = 0
SQXTR     AZ390 total mz390 errors    = 0
SQXTR     AZ390 total az390 errors    = 0
SQXTR     MZ390 ENDED   RC= 0 MEM(MB)= MB IO=1903
