11:38:37 CEMTISYS  MZ390 START USING z390 V1.5.05bx3 ON J2SE 1.7.0 02/15/12
11:38:38 CEMTISYS  MZ390 ENDED   RC= 0 SEC= 0 MEM(MB)= 69 IO=4288
11:38:38 CEMTISYS  LZ390 START USING z390 V1.5.05bx3 ON J2SE 1.7.0 02/15/12
11:38:38 CEMTISYS  LZ390 ENDED   RC= 0 SEC= 0 MEM(MB)=  9 IO=126
09:22:39 CEMTISYS  MZ390 START USING z390 V1.5.06x1 ON J2SE 1.7.0 02/17/12
09:22:40 CEMTISYS  MZ390 ENDED   RC= 0 SEC= 0 MEM(MB)= 69 IO=4288
09:22:40 CEMTISYS  LZ390 START USING z390 V1.5.06x1 ON J2SE 1.7.0 02/17/12
09:22:40 CEMTISYS  LZ390 ENDED   RC= 0 SEC= 0 MEM(MB)=  9 IO=126
21:10:14 CEMTISYS  MZ390 START USING z390 V1.5.06x1 ON J2SE 1.7.0 02/18/12
21:10:15 CEMTISYS  MZ390 ENDED   RC= 0 SEC= 0 MEM(MB)= 69 IO=4288
21:10:15 CEMTISYS  LZ390 START USING z390 V1.5.06x1 ON J2SE 1.7.0 02/18/12
21:10:15 CEMTISYS  LZ390 ENDED   RC= 0 SEC= 0 MEM(MB)=  9 IO=126
17:53:39 CEMTISYS  MZ390 START USING z390 V1.5.06x1 ON J2SE 1.7.0 02/19/12
17:53:40 CEMTISYS  MZ390 ENDED   RC= 0 SEC= 1 MEM(MB)= 69 IO=4288
17:53:40 CEMTISYS  LZ390 START USING z390 V1.5.06x1 ON J2SE 1.7.0 02/19/12
17:53:40 CEMTISYS  LZ390 ENDED   RC= 0 SEC= 0 MEM(MB)=  8 IO=126
20:23:14 CEMTISYS  MZ390 START USING z390 V1.5.06x1 ON J2SE 1.7.0 02/21/12
20:23:15 CEMTISYS  MZ390 ENDED   RC= 0 SEC= 0 MEM(MB)= 69 IO=4288
20:23:15 CEMTISYS  LZ390 START USING z390 V1.5.06x1 ON J2SE 1.7.0 02/21/12
20:23:15 CEMTISYS  LZ390 ENDED   RC= 0 SEC= 0 MEM(MB)=  8 IO=126
08:49:24 CEMTISYS  MZ390 START USING z390 V1.5.06x1 ON J2SE 1.7.0 02/23/12
08:49:25 CEMTISYS  MZ390 ENDED   RC= 0 SEC= 1 MEM(MB)= 69 IO=4288
08:49:25 CEMTISYS  LZ390 START USING z390 V1.5.06x1 ON J2SE 1.7.0 02/23/12
08:49:25 CEMTISYS  LZ390 ENDED   RC= 0 SEC= 0 MEM(MB)=  8 IO=126
12:45:14 CEMTISYS  MZ390 START USING z390 V1.5.06x1 ON J2SE 1.7.0 03/04/12
12:45:15 CEMTISYS  MZ390 ENDED   RC= 0 SEC= 1 MEM(MB)= 69 IO=4288
12:45:15 CEMTISYS  LZ390 START USING z390 V1.5.06x1 ON J2SE 1.7.0 03/04/12
12:45:15 CEMTISYS  LZ390 ENDED   RC= 0 SEC= 0 MEM(MB)=  8 IO=126
11:13:40 CEMTISYS  MZ390 START USING z390 V1.5.06x1 ON J2SE 1.7.0 03/06/12
11:13:41 CEMTISYS  MZ390 ENDED   RC= 0 SEC= 1 MEM(MB)= 69 IO=4288
11:13:41 CEMTISYS  LZ390 START USING z390 V1.5.06x1 ON J2SE 1.7.0 03/06/12
11:13:41 CEMTISYS  LZ390 ENDED   RC= 0 SEC= 0 MEM(MB)=  8 IO=126
12:09:06 CEMTISYS  MZ390 START USING z390 V1.5.06x1 ON J2SE 1.7.0 03/07/12
12:09:07 CEMTISYS  MZ390 ENDED   RC= 0 SEC= 1 MEM(MB)= 69 IO=4288
12:09:08 CEMTISYS  LZ390 START USING z390 V1.5.06x1 ON J2SE 1.7.0 03/07/12
12:09:08 CEMTISYS  LZ390 ENDED   RC= 0 SEC= 0 MEM(MB)=  8 IO=126
17:37:50 CEMTISYS  MZ390 START USING z390 V1.5.06x3 ON J2SE 1.7.0 03/08/12
17:37:51 CEMTISYS  MZ390 ENDED   RC= 0 SEC= 1 MEM(MB)= 69 IO=4288
17:37:51 CEMTISYS  LZ390 START USING z390 V1.5.06x3 ON J2SE 1.7.0 03/08/12
17:37:51 CEMTISYS  LZ390 ENDED   RC= 0 SEC= 0 MEM(MB)= 10 IO=223
21:10:28 CEMTISYS  MZ390 START USING z390 V1.5.06x3 ON J2SE 1.7.0 03/11/12
21:10:29 CEMTISYS  MZ390 ENDED   RC= 0 SEC= 1 MEM(MB)= 69 IO=4288
21:10:30 CEMTISYS  LZ390 START USING z390 V1.5.06x3 ON J2SE 1.7.0 03/11/12
21:10:30 CEMTISYS  LZ390 ENDED   RC= 0 SEC= 0 MEM(MB)= 10 IO=223
10:45:57 CEMTISYS  MZ390 START USING z390 V1.5.06x3 ON J2SE 1.7.0 03/22/12
10:45:58 CEMTISYS  MZ390 ENDED   RC= 0 SEC= 1 MEM(MB)= 69 IO=4288
10:45:58 CEMTISYS  LZ390 START USING z390 V1.5.06x3 ON J2SE 1.7.0 03/22/12
10:45:58 CEMTISYS  LZ390 ENDED   RC= 0 SEC= 0 MEM(MB)= 10 IO=223
22:49:23 CEMTISYS  MZ390 START USING z390 V1.5.06x3 ON J2SE 1.7.0 03/22/12
22:49:24 CEMTISYS  MZ390 ENDED   RC= 0 SEC= 1 MEM(MB)= 69 IO=4288
22:49:25 CEMTISYS  LZ390 START USING z390 V1.5.06x3 ON J2SE 1.7.0 03/22/12
22:49:25 CEMTISYS  LZ390 ENDED   RC= 0 SEC= 0 MEM(MB)= 10 IO=223
21:59:18 CEMTISYS  MZ390 START USING z390 V1.5.06x3 ON J2SE 1.7.0 03/23/12
21:59:19 CEMTISYS  MZ390 ENDED   RC= 0 SEC= 0 MEM(MB)= 69 IO=4288
21:59:19 CEMTISYS  LZ390 START USING z390 V1.5.06x3 ON J2SE 1.7.0 03/23/12
21:59:19 CEMTISYS  LZ390 ENDED   RC= 0 SEC= 0 MEM(MB)= 10 IO=223
08:00:43 CEMTISYS  MZ390 START USING z390 V1.5.06x3 ON J2SE 1.7.0 03/25/12
08:00:44 CEMTISYS  MZ390 ENDED   RC= 0 SEC= 1 MEM(MB)= 69 IO=4288
08:00:44 CEMTISYS  LZ390 START USING z390 V1.5.06x3 ON J2SE 1.7.0 03/25/12
08:00:44 CEMTISYS  LZ390 ENDED   RC= 0 SEC= 0 MEM(MB)= 10 IO=223
19:14:58 CEMTISYS  MZ390 START USING z390 V1.5.06x3 ON J2SE 1.7.0 03/28/12
19:14:59 CEMTISYS  MZ390 ENDED   RC= 0 SEC= 1 MEM(MB)= 69 IO=4288
19:15:00 CEMTISYS  LZ390 START USING z390 V1.5.06x3 ON J2SE 1.7.0 03/28/12
19:15:00 CEMTISYS  LZ390 ENDED   RC= 0 SEC= 0 MEM(MB)= 10 IO=223
10:26:48 CEMTISYS  MZ390 START USING z390 V1.5.06x3 ON J2SE 1.7.0 03/29/12
10:26:49 CEMTISYS  MZ390 ENDED   RC= 0 SEC= 0 MEM(MB)= 69 IO=4288
10:26:49 CEMTISYS  LZ390 START USING z390 V1.5.06x3 ON J2SE 1.7.0 03/29/12
10:26:49 CEMTISYS  LZ390 ENDED   RC= 0 SEC= 0 MEM(MB)= 10 IO=223
09:06:15 CEMTISYS  MZ390 START USING z390 V1.5.06rc4 ON J2SE 1.7.0 05/16/12
09:06:16 CEMTISYS  MZ390 ENDED   RC= 0 SEC= 1 MEM(MB)= 69 IO=4288
09:06:16 CEMTISYS  LZ390 START USING z390 V1.5.06rc4 ON J2SE 1.7.0 05/16/12
09:06:16 CEMTISYS  LZ390 ENDED   RC= 0 SEC= 0 MEM(MB)= 10 IO=223
09:54:31 CEMTISYS  MZ390 START USING z390 V1.5.06rc4 ON J2SE 1.7.0 05/18/12
09:54:32 CEMTISYS  MZ390 ENDED   RC= 0 SEC= 1 MEM(MB)= 69 IO=4288
09:54:32 CEMTISYS  LZ390 START USING z390 V1.5.06rc4 ON J2SE 1.7.0 05/18/12
09:54:32 CEMTISYS  LZ390 ENDED   RC= 0 SEC= 0 MEM(MB)= 10 IO=223
13:40:23 CEMTISYS  MZ390 START USING z390 V1.5.06 ON J2SE 1.6.0_31 05/21/12
13:40:24 CEMTISYS  MZ390 ENDED   RC= 0 SEC= 0 MEM(MB)= 69 IO=4288
13:40:25 CEMTISYS  LZ390 START USING z390 V1.5.06 ON J2SE 1.6.0_31 05/21/12
13:40:25 CEMTISYS  LZ390 ENDED   RC= 0 SEC= 0 MEM(MB)= 10 IO=223
