11:38:53 DFHFCT    MZ390 START USING z390 V1.5.05bx3 ON J2SE 1.7.0 02/15/12
11:38:54 DFHFCT    MZ390 ENDED   RC= 0 SEC= 0 MEM(MB)= 69 IO=2063
11:38:54 DFHFCT    LZ390 START USING z390 V1.5.05bx3 ON J2SE 1.7.0 02/15/12
11:38:54 DFHFCT    LZ390 ENDED   RC= 0 SEC= 0 MEM(MB)=  8 IO=93
09:22:56 DFHFCT    MZ390 START USING z390 V1.5.06x1 ON J2SE 1.7.0 02/17/12
09:22:56 DFHFCT    MZ390 ENDED   RC= 0 SEC= 0 MEM(MB)= 69 IO=2063
09:22:57 DFHFCT    LZ390 START USING z390 V1.5.06x1 ON J2SE 1.7.0 02/17/12
09:22:57 DFHFCT    LZ390 ENDED   RC= 0 SEC= 0 MEM(MB)=  8 IO=93
21:10:30 DFHFCT    MZ390 START USING z390 V1.5.06x1 ON J2SE 1.7.0 02/18/12
21:10:31 DFHFCT    MZ390 ENDED   RC= 0 SEC= 0 MEM(MB)= 69 IO=2063
21:10:31 DFHFCT    LZ390 START USING z390 V1.5.06x1 ON J2SE 1.7.0 02/18/12
21:10:31 DFHFCT    LZ390 ENDED   RC= 0 SEC= 0 MEM(MB)=  8 IO=93
17:53:58 DFHFCT    MZ390 START USING z390 V1.5.06x1 ON J2SE 1.7.0 02/19/12
17:53:58 DFHFCT    MZ390 ENDED   RC= 0 SEC= 0 MEM(MB)= 69 IO=2063
17:53:59 DFHFCT    LZ390 START USING z390 V1.5.06x1 ON J2SE 1.7.0 02/19/12
17:53:59 DFHFCT    LZ390 ENDED   RC= 0 SEC= 0 MEM(MB)=  8 IO=93
20:23:29 DFHFCT    MZ390 START USING z390 V1.5.06x1 ON J2SE 1.7.0 02/21/12
20:23:30 DFHFCT    MZ390 ENDED   RC= 0 SEC= 0 MEM(MB)= 69 IO=2063
20:23:30 DFHFCT    LZ390 START USING z390 V1.5.06x1 ON J2SE 1.7.0 02/21/12
20:23:30 DFHFCT    LZ390 ENDED   RC= 0 SEC= 0 MEM(MB)=  8 IO=93
08:49:43 DFHFCT    MZ390 START USING z390 V1.5.06x1 ON J2SE 1.7.0 02/23/12
08:49:44 DFHFCT    MZ390 ENDED   RC= 0 SEC= 0 MEM(MB)= 69 IO=2063
08:49:44 DFHFCT    LZ390 START USING z390 V1.5.06x1 ON J2SE 1.7.0 02/23/12
08:49:44 DFHFCT    LZ390 ENDED   RC= 0 SEC= 0 MEM(MB)=  8 IO=93
12:45:33 DFHFCT    MZ390 START USING z390 V1.5.06x1 ON J2SE 1.7.0 03/04/12
12:45:33 DFHFCT    MZ390 ENDED   RC= 0 SEC= 0 MEM(MB)= 69 IO=2063
12:45:33 DFHFCT    LZ390 START USING z390 V1.5.06x1 ON J2SE 1.7.0 03/04/12
12:45:33 DFHFCT    LZ390 ENDED   RC= 0 SEC= 0 MEM(MB)=  8 IO=93
11:13:59 DFHFCT    MZ390 START USING z390 V1.5.06x1 ON J2SE 1.7.0 03/06/12
11:14:00 DFHFCT    MZ390 ENDED   RC= 0 SEC= 0 MEM(MB)= 69 IO=2063
11:14:00 DFHFCT    LZ390 START USING z390 V1.5.06x1 ON J2SE 1.7.0 03/06/12
11:14:00 DFHFCT    LZ390 ENDED   RC= 0 SEC= 0 MEM(MB)=  8 IO=93
12:09:25 DFHFCT    MZ390 START USING z390 V1.5.06x1 ON J2SE 1.7.0 03/07/12
12:09:25 DFHFCT    MZ390 ENDED   RC= 0 SEC= 0 MEM(MB)= 69 IO=2063
12:09:26 DFHFCT    LZ390 START USING z390 V1.5.06x1 ON J2SE 1.7.0 03/07/12
12:09:26 DFHFCT    LZ390 ENDED   RC= 0 SEC= 0 MEM(MB)=  8 IO=93
17:38:08 DFHFCT    MZ390 START USING z390 V1.5.06x3 ON J2SE 1.7.0 03/08/12
17:38:08 DFHFCT    MZ390 ENDED   RC= 0 SEC= 0 MEM(MB)= 69 IO=2063
17:38:09 DFHFCT    LZ390 START USING z390 V1.5.06x3 ON J2SE 1.7.0 03/08/12
17:38:09 DFHFCT    LZ390 ENDED   RC= 0 SEC= 0 MEM(MB)= 10 IO=166
21:10:46 DFHFCT    MZ390 START USING z390 V1.5.06x3 ON J2SE 1.7.0 03/11/12
21:10:46 DFHFCT    MZ390 ENDED   RC= 0 SEC= 0 MEM(MB)= 69 IO=2063
21:10:47 DFHFCT    LZ390 START USING z390 V1.5.06x3 ON J2SE 1.7.0 03/11/12
21:10:47 DFHFCT    LZ390 ENDED   RC= 0 SEC= 0 MEM(MB)= 10 IO=166
10:46:15 DFHFCT    MZ390 START USING z390 V1.5.06x3 ON J2SE 1.7.0 03/22/12
10:46:15 DFHFCT    MZ390 ENDED   RC= 0 SEC= 0 MEM(MB)= 69 IO=2063
10:46:15 DFHFCT    LZ390 START USING z390 V1.5.06x3 ON J2SE 1.7.0 03/22/12
10:46:16 DFHFCT    LZ390 ENDED   RC= 0 SEC= 0 MEM(MB)= 10 IO=166
22:49:42 DFHFCT    MZ390 START USING z390 V1.5.06x3 ON J2SE 1.7.0 03/22/12
22:49:42 DFHFCT    MZ390 ENDED   RC= 0 SEC= 0 MEM(MB)= 69 IO=2063
22:49:42 DFHFCT    LZ390 START USING z390 V1.5.06x3 ON J2SE 1.7.0 03/22/12
22:49:42 DFHFCT    LZ390 ENDED   RC= 0 SEC= 0 MEM(MB)= 10 IO=166
21:59:32 DFHFCT    MZ390 START USING z390 V1.5.06x3 ON J2SE 1.7.0 03/23/12
21:59:33 DFHFCT    MZ390 ENDED   RC= 0 SEC= 0 MEM(MB)= 69 IO=2063
21:59:33 DFHFCT    LZ390 START USING z390 V1.5.06x3 ON J2SE 1.7.0 03/23/12
21:59:33 DFHFCT    LZ390 ENDED   RC= 0 SEC= 0 MEM(MB)= 10 IO=166
08:01:01 DFHFCT    MZ390 START USING z390 V1.5.06x3 ON J2SE 1.7.0 03/25/12
08:01:02 DFHFCT    MZ390 ENDED   RC= 0 SEC= 0 MEM(MB)= 69 IO=2063
08:01:02 DFHFCT    LZ390 START USING z390 V1.5.06x3 ON J2SE 1.7.0 03/25/12
08:01:02 DFHFCT    LZ390 ENDED   RC= 0 SEC= 0 MEM(MB)=  9 IO=166
19:15:17 DFHFCT    MZ390 START USING z390 V1.5.06x3 ON J2SE 1.7.0 03/28/12
19:15:18 DFHFCT    MZ390 ENDED   RC= 0 SEC= 0 MEM(MB)= 69 IO=2063
19:15:19 DFHFCT    LZ390 START USING z390 V1.5.06x3 ON J2SE 1.7.0 03/28/12
19:15:19 DFHFCT    LZ390 ENDED   RC= 0 SEC= 0 MEM(MB)=  9 IO=166
10:27:06 DFHFCT    MZ390 START USING z390 V1.5.06x3 ON J2SE 1.7.0 03/29/12
10:27:06 DFHFCT    MZ390 ENDED   RC= 0 SEC= 0 MEM(MB)= 69 IO=2063
10:27:06 DFHFCT    LZ390 START USING z390 V1.5.06x3 ON J2SE 1.7.0 03/29/12
10:27:06 DFHFCT    LZ390 ENDED   RC= 0 SEC= 0 MEM(MB)=  9 IO=166
09:06:32 DFHFCT    MZ390 START USING z390 V1.5.06rc4 ON J2SE 1.7.0 05/16/12
09:06:33 DFHFCT    MZ390 ENDED   RC= 0 SEC= 0 MEM(MB)= 69 IO=2063
09:06:33 DFHFCT    LZ390 START USING z390 V1.5.06rc4 ON J2SE 1.7.0 05/16/12
09:06:33 DFHFCT    LZ390 ENDED   RC= 0 SEC= 0 MEM(MB)= 10 IO=166
09:54:48 DFHFCT    MZ390 START USING z390 V1.5.06rc4 ON J2SE 1.7.0 05/18/12
09:54:48 DFHFCT    MZ390 ENDED   RC= 0 SEC= 0 MEM(MB)= 69 IO=2063
09:54:48 DFHFCT    LZ390 START USING z390 V1.5.06rc4 ON J2SE 1.7.0 05/18/12
09:54:48 DFHFCT    LZ390 ENDED   RC= 0 SEC= 0 MEM(MB)= 10 IO=166
13:40:40 DFHFCT    MZ390 START USING z390 V1.5.06 ON J2SE 1.6.0_31 05/21/12
13:40:41 DFHFCT    MZ390 ENDED   RC= 0 SEC= 0 MEM(MB)= 69 IO=2063
13:40:41 DFHFCT    LZ390 START USING z390 V1.5.06 ON J2SE 1.6.0_31 05/21/12
13:40:41 DFHFCT    LZ390 ENDED   RC= 0 SEC= 0 MEM(MB)=  9 IO=166
