11:38:52 DFHPCT    MZ390 START USING z390 V1.5.05bx3 ON J2SE 1.7.0 02/15/12
11:38:53 DFHPCT    MZ390 ENDED   RC= 0 SEC= 0 MEM(MB)= 37 IO=479
11:38:53 DFHPCT    LZ390 START USING z390 V1.5.05bx3 ON J2SE 1.7.0 02/15/12
11:38:53 DFHPCT    LZ390 ENDED   RC= 0 SEC= 0 MEM(MB)=  8 IO=59
09:22:55 DFHPCT    MZ390 START USING z390 V1.5.06x1 ON J2SE 1.7.0 02/17/12
09:22:56 DFHPCT    MZ390 ENDED   RC= 0 SEC= 0 MEM(MB)= 37 IO=479
09:22:56 DFHPCT    LZ390 START USING z390 V1.5.06x1 ON J2SE 1.7.0 02/17/12
09:22:56 DFHPCT    LZ390 ENDED   RC= 0 SEC= 0 MEM(MB)=  8 IO=59
21:10:30 DFHPCT    MZ390 START USING z390 V1.5.06x1 ON J2SE 1.7.0 02/18/12
21:10:30 DFHPCT    MZ390 ENDED   RC= 0 SEC= 0 MEM(MB)= 37 IO=479
21:10:30 DFHPCT    LZ390 START USING z390 V1.5.06x1 ON J2SE 1.7.0 02/18/12
21:10:30 DFHPCT    LZ390 ENDED   RC= 0 SEC= 0 MEM(MB)=  8 IO=59
17:53:56 DFHPCT    MZ390 START USING z390 V1.5.06x1 ON J2SE 1.7.0 02/19/12
17:53:57 DFHPCT    MZ390 ENDED   RC= 0 SEC= 0 MEM(MB)= 36 IO=479
17:53:57 DFHPCT    LZ390 START USING z390 V1.5.06x1 ON J2SE 1.7.0 02/19/12
17:53:57 DFHPCT    LZ390 ENDED   RC= 0 SEC= 0 MEM(MB)=  8 IO=59
20:23:28 DFHPCT    MZ390 START USING z390 V1.5.06x1 ON J2SE 1.7.0 02/21/12
20:23:29 DFHPCT    MZ390 ENDED   RC= 0 SEC= 0 MEM(MB)= 37 IO=479
20:23:29 DFHPCT    LZ390 START USING z390 V1.5.06x1 ON J2SE 1.7.0 02/21/12
20:23:29 DFHPCT    LZ390 ENDED   RC= 0 SEC= 0 MEM(MB)=  8 IO=59
08:49:42 DFHPCT    MZ390 START USING z390 V1.5.06x1 ON J2SE 1.7.0 02/23/12
08:49:43 DFHPCT    MZ390 ENDED   RC= 0 SEC= 0 MEM(MB)= 37 IO=479
08:49:43 DFHPCT    LZ390 START USING z390 V1.5.06x1 ON J2SE 1.7.0 02/23/12
08:49:43 DFHPCT    LZ390 ENDED   RC= 0 SEC= 0 MEM(MB)=  8 IO=59
12:45:32 DFHPCT    MZ390 START USING z390 V1.5.06x1 ON J2SE 1.7.0 03/04/12
12:45:32 DFHPCT    MZ390 ENDED   RC= 0 SEC= 0 MEM(MB)= 36 IO=479
12:45:32 DFHPCT    LZ390 START USING z390 V1.5.06x1 ON J2SE 1.7.0 03/04/12
12:45:32 DFHPCT    LZ390 ENDED   RC= 0 SEC= 0 MEM(MB)=  8 IO=59
11:13:58 DFHPCT    MZ390 START USING z390 V1.5.06x1 ON J2SE 1.7.0 03/06/12
11:13:59 DFHPCT    MZ390 ENDED   RC= 0 SEC= 0 MEM(MB)= 37 IO=479
11:13:59 DFHPCT    LZ390 START USING z390 V1.5.06x1 ON J2SE 1.7.0 03/06/12
11:13:59 DFHPCT    LZ390 ENDED   RC= 0 SEC= 0 MEM(MB)=  8 IO=59
12:09:24 DFHPCT    MZ390 START USING z390 V1.5.06x1 ON J2SE 1.7.0 03/07/12
12:09:24 DFHPCT    MZ390 ENDED   RC= 0 SEC= 0 MEM(MB)= 37 IO=479
12:09:24 DFHPCT    LZ390 START USING z390 V1.5.06x1 ON J2SE 1.7.0 03/07/12
12:09:25 DFHPCT    LZ390 ENDED   RC= 0 SEC= 0 MEM(MB)=  8 IO=59
17:38:07 DFHPCT    MZ390 START USING z390 V1.5.06x3 ON J2SE 1.7.0 03/08/12
17:38:07 DFHPCT    MZ390 ENDED   RC= 0 SEC= 0 MEM(MB)= 37 IO=479
17:38:08 DFHPCT    LZ390 START USING z390 V1.5.06x3 ON J2SE 1.7.0 03/08/12
17:38:08 DFHPCT    LZ390 ENDED   RC= 0 SEC= 0 MEM(MB)=  8 IO=98
21:10:45 DFHPCT    MZ390 START USING z390 V1.5.06x3 ON J2SE 1.7.0 03/11/12
21:10:45 DFHPCT    MZ390 ENDED   RC= 0 SEC= 0 MEM(MB)= 37 IO=479
21:10:46 DFHPCT    LZ390 START USING z390 V1.5.06x3 ON J2SE 1.7.0 03/11/12
21:10:46 DFHPCT    LZ390 ENDED   RC= 0 SEC= 0 MEM(MB)=  8 IO=98
10:46:14 DFHPCT    MZ390 START USING z390 V1.5.06x3 ON J2SE 1.7.0 03/22/12
10:46:14 DFHPCT    MZ390 ENDED   RC= 0 SEC= 0 MEM(MB)= 37 IO=479
10:46:14 DFHPCT    LZ390 START USING z390 V1.5.06x3 ON J2SE 1.7.0 03/22/12
10:46:15 DFHPCT    LZ390 ENDED   RC= 0 SEC= 0 MEM(MB)=  8 IO=98
22:49:41 DFHPCT    MZ390 START USING z390 V1.5.06x3 ON J2SE 1.7.0 03/22/12
22:49:41 DFHPCT    MZ390 ENDED   RC= 0 SEC= 0 MEM(MB)= 37 IO=479
22:49:41 DFHPCT    LZ390 START USING z390 V1.5.06x3 ON J2SE 1.7.0 03/22/12
22:49:41 DFHPCT    LZ390 ENDED   RC= 0 SEC= 0 MEM(MB)=  8 IO=98
21:59:32 DFHPCT    MZ390 START USING z390 V1.5.06x3 ON J2SE 1.7.0 03/23/12
21:59:32 DFHPCT    MZ390 ENDED   RC= 0 SEC= 0 MEM(MB)= 37 IO=479
21:59:32 DFHPCT    LZ390 START USING z390 V1.5.06x3 ON J2SE 1.7.0 03/23/12
21:59:32 DFHPCT    LZ390 ENDED   RC= 0 SEC= 0 MEM(MB)=  8 IO=98
08:01:00 DFHPCT    MZ390 START USING z390 V1.5.06x3 ON J2SE 1.7.0 03/25/12
08:01:01 DFHPCT    MZ390 ENDED   RC= 0 SEC= 0 MEM(MB)= 36 IO=479
08:01:01 DFHPCT    LZ390 START USING z390 V1.5.06x3 ON J2SE 1.7.0 03/25/12
08:01:01 DFHPCT    LZ390 ENDED   RC= 0 SEC= 0 MEM(MB)=  8 IO=98
19:15:16 DFHPCT    MZ390 START USING z390 V1.5.06x3 ON J2SE 1.7.0 03/28/12
19:15:17 DFHPCT    MZ390 ENDED   RC= 0 SEC= 0 MEM(MB)= 36 IO=479
19:15:17 DFHPCT    LZ390 START USING z390 V1.5.06x3 ON J2SE 1.7.0 03/28/12
19:15:17 DFHPCT    LZ390 ENDED   RC= 0 SEC= 0 MEM(MB)=  8 IO=98
10:27:04 DFHPCT    MZ390 START USING z390 V1.5.06x3 ON J2SE 1.7.0 03/29/12
10:27:05 DFHPCT    MZ390 ENDED   RC= 0 SEC= 0 MEM(MB)= 36 IO=479
10:27:05 DFHPCT    LZ390 START USING z390 V1.5.06x3 ON J2SE 1.7.0 03/29/12
10:27:05 DFHPCT    LZ390 ENDED   RC= 0 SEC= 0 MEM(MB)=  8 IO=98
09:06:31 DFHPCT    MZ390 START USING z390 V1.5.06rc4 ON J2SE 1.7.0 05/16/12
09:06:32 DFHPCT    MZ390 ENDED   RC= 0 SEC= 0 MEM(MB)= 37 IO=479
09:06:32 DFHPCT    LZ390 START USING z390 V1.5.06rc4 ON J2SE 1.7.0 05/16/12
09:06:32 DFHPCT    LZ390 ENDED   RC= 0 SEC= 0 MEM(MB)=  8 IO=98
09:54:47 DFHPCT    MZ390 START USING z390 V1.5.06rc4 ON J2SE 1.7.0 05/18/12
09:54:47 DFHPCT    MZ390 ENDED   RC= 0 SEC= 0 MEM(MB)= 37 IO=479
09:54:47 DFHPCT    LZ390 START USING z390 V1.5.06rc4 ON J2SE 1.7.0 05/18/12
09:54:48 DFHPCT    LZ390 ENDED   RC= 0 SEC= 0 MEM(MB)=  8 IO=98
13:40:39 DFHPCT    MZ390 START USING z390 V1.5.06 ON J2SE 1.6.0_31 05/21/12
13:40:40 DFHPCT    MZ390 ENDED   RC= 0 SEC= 0 MEM(MB)= 37 IO=479
13:40:40 DFHPCT    LZ390 START USING z390 V1.5.06 ON J2SE 1.6.0_31 05/21/12
13:40:40 DFHPCT    LZ390 ENDED   RC= 0 SEC= 0 MEM(MB)=  8 IO=98
