11:45:15 Z390KCP   EZ390 START USING z390 V1.5.06x3 ON J2SE 1.7.0 03/22/12
11:45:28 Z390KCP   EZ390 EZ390E error  11 ABEND PSW=07052600 800FDE24 D01C07FE18CF TRTR  ABEND S0C5
11:45:32 Z390KCP   EZ390 EZ390E error  12 program aborting due to abend S0C5
11:45:32 Z390KCP   EZ390 ENDED   RC=16 SEC=16 MEM(MB)=109 IO=1608 INS=14699
22:16:13 Z390KCP   EZ390 START USING z390 V1.5.06x3 ON J2SE 1.7.0 03/22/12
22:17:00 Z390KCP   EZ390 ENDED   RC= 0 SEC=46 MEM(MB)= 62 IO=1506 INS=35265
22:18:02 Z390KCP   EZ390 START USING z390 V1.5.06x3 ON J2SE 1.7.0 03/22/12
22:18:39 Z390KCP   EZ390 ENDED   RC= 0 SEC=37 MEM(MB)= 64 IO=2181 INS=50056
19:45:36 Z390KCP   EZ390 START USING z390 V1.5.06x3 ON J2SE 1.7.0 03/28/12
19:46:45 Z390KCP   EZ390 ENDED   RC= 0 SEC=69 MEM(MB)=101 IO=2370 INS=69044
11:53:03 Z390KCP   EZ390 START USING z390 V1.5.06x3 ON J2SE 1.7.0 03/29/12
11:55:10 Z390KCP   EZ390 ENDED   RC= 0 SEC=126 MEM(MB)=127 IO=2887 INS=113391
10:46:55 Z390KCP   EZ390 START USING z390 V1.5.06rc4 ON J2SE 1.7.0 05/16/12
10:48:00 Z390KCP   EZ390 ENDED   RC= 0 SEC=65 MEM(MB)= 80 IO=2507 INS=74643
10:48:32 Z390KCP   EZ390 START USING z390 V1.5.06rc4 ON J2SE 1.7.0 05/16/12
10:48:55 Z390KCP   EZ390 ENDED   RC= 0 SEC=23 MEM(MB)= 61 IO=1506 INS=20322
16:41:51 Z390KCP   EZ390 START USING z390 V1.5.06rc4 ON J2SE 1.7.0 05/18/12
16:42:57 Z390KCP   EZ390 ENDED   RC= 0 SEC=66 MEM(MB)= 74 IO=2518 INS=75552
14:03:14 Z390KCP   EZ390 START USING z390 V1.5.06 ON J2SE 1.6.0_31 05/21/12
14:04:22 Z390KCP   EZ390 ENDED   RC= 0 SEC=68 MEM(MB)=117 IO=2374 INS=66069
