13:42:20 LCLCEDF   LZ390 START USING z390 V1.5.06 ON J2SE 1.6.0_31 05/21/12
LZ390I Copyright 2011 Automated Software Tools Corporation
LZ390I z390 is licensed under GNU General Public License
LZ390I options = W:\work\z390\z390.OPT=(time(60))
LZ390I program = cics\LCLCEDF.OBJ
LZ390I ESD=LCLCEDF  LOC=00000000 LEN=0001C480
LZ390I INCLUDE = cics\LCLCEDF.OBJ
LZ390I RLD LOC=0000004C FLD=00000178 EXT=00000000
LZ390I RLD LOC=00000052 FLD=0000094E EXT=00000000
LZ390I RLD LOC=00000058 FLD=00000ECA EXT=00000000
LZ390I RLD LOC=0000005E FLD=00001442 EXT=00000000
LZ390I RLD LOC=00000064 FLD=00001D6A EXT=00000000
LZ390I RLD LOC=0000006A FLD=000022E2 EXT=00000000
LZ390I RLD LOC=00000070 FLD=00002842 EXT=00000000
LZ390I RLD LOC=00000076 FLD=00002DBA EXT=00000000
LZ390I RLD LOC=0000007C FLD=0000340A EXT=00000000
LZ390I RLD LOC=00000082 FLD=000039DA EXT=00000000
LZ390I RLD LOC=00000088 FLD=000042C4 EXT=00000000
LZ390I RLD LOC=0000008E FLD=00004A48 EXT=00000000
LZ390I RLD LOC=00000094 FLD=00005332 EXT=00000000
LZ390I RLD LOC=0000009A FLD=00005C1A EXT=00000000
LZ390I RLD LOC=000000A0 FLD=000061C0 EXT=00000000
LZ390I RLD LOC=000000A6 FLD=00006948 EXT=00000000
LZ390I RLD LOC=000000AC FLD=00006FA8 EXT=00000000
LZ390I RLD LOC=000000B2 FLD=0000771E EXT=00000000
LZ390I RLD LOC=000000B8 FLD=00007CA2 EXT=00000000
LZ390I RLD LOC=000000BE FLD=000082BE EXT=00000000
LZ390I RLD LOC=000000C4 FLD=00008868 EXT=00000000
LZ390I RLD LOC=000000CA FLD=00009388 EXT=00000000
LZ390I RLD LOC=000000D0 FLD=00009E90 EXT=00000000
LZ390I RLD LOC=000000D6 FLD=0000A4E2 EXT=00000000
LZ390I RLD LOC=000000DC FLD=0000AEA0 EXT=00000000
LZ390I RLD LOC=000000E2 FLD=0000B42A EXT=00000000
LZ390I RLD LOC=000000E8 FLD=0000B9D6 EXT=00000000
LZ390I RLD LOC=000000EE FLD=0000C06E EXT=00000000
LZ390I RLD LOC=000000F4 FLD=0000C610 EXT=00000000
LZ390I RLD LOC=000000FA FLD=0000CD30 EXT=00000000
LZ390I RLD LOC=00000100 FLD=0000D5E6 EXT=00000000
LZ390I RLD LOC=00000106 FLD=0000DE58 EXT=00000000
LZ390I RLD LOC=0000010C FLD=0000E3EA EXT=00000000
LZ390I RLD LOC=00000112 FLD=0000EA06 EXT=00000000
LZ390I RLD LOC=00000118 FLD=0000F00C EXT=00000000
LZ390I RLD LOC=0000011E FLD=0000F5F2 EXT=00000000
LZ390I RLD LOC=00000124 FLD=0000FD8E EXT=00000000
LZ390I RLD LOC=0000012A FLD=00010402 EXT=00000000
LZ390I RLD LOC=00000130 FLD=00010A94 EXT=00000000
LZ390I RLD LOC=00000136 FLD=0001102A EXT=00000000
LZ390I RLD LOC=0000013C FLD=00011D1A EXT=00000000
LZ390I RLD LOC=00000142 FLD=00011766 EXT=00000000
LZ390I RLD LOC=00000148 FLD=00012302 EXT=00000000
LZ390I RLD LOC=0000014E FLD=00012868 EXT=00000000
LZ390I RLD LOC=00000154 FLD=00013DE6 EXT=00000000
LZ390I RLD LOC=0000015A FLD=00014396 EXT=00000000
LZ390I RLD LOC=00000160 FLD=0001494E EXT=00000000
LZ390I RLD LOC=00000166 FLD=00012FA2 EXT=00000000
LZ390I RLD LOC=0000016C FLD=00013602 EXT=00000000
LZ390I RLD LOC=000005FE FLD=00000602 EXT=00000000
LZ390I RLD LOC=00000692 FLD=000006BC EXT=00000000
LZ390I RLD LOC=00000796 FLD=000007EA EXT=00000000
LZ390I RLD LOC=000008E4 FLD=00000486 EXT=00000000
LZ390I RLD LOC=000008F4 FLD=000152C6 EXT=00000000
LZ390I RLD LOC=000008F8 FLD=00000696 EXT=00000000
LZ390I RLD LOC=000008FC FLD=0000079A EXT=00000000
LZ390I RLD LOC=00000C3C FLD=00000C40 EXT=00000000
LZ390I RLD LOC=00000CD0 FLD=00000CD4 EXT=00000000
LZ390I RLD LOC=00000DAE FLD=00000DB2 EXT=00000000
LZ390I RLD LOC=00000E70 FLD=00000486 EXT=00000000
LZ390I RLD LOC=00000E80 FLD=000152C6 EXT=00000000
LZ390I RLD LOC=00000E84 FLD=00000696 EXT=00000000
LZ390I RLD LOC=00000E88 FLD=0000079A EXT=00000000
LZ390I RLD LOC=000011B8 FLD=000011BC EXT=00000000
LZ390I RLD LOC=0000124C FLD=00001250 EXT=00000000
LZ390I RLD LOC=0000132A FLD=0000132E EXT=00000000
LZ390I RLD LOC=000013E8 FLD=00000486 EXT=00000000
LZ390I RLD LOC=000013F8 FLD=000152C6 EXT=00000000
LZ390I RLD LOC=000013FC FLD=00000696 EXT=00000000
LZ390I RLD LOC=00001400 FLD=0000079A EXT=00000000
LZ390I RLD LOC=00001A18 FLD=00001A1C EXT=00000000
LZ390I RLD LOC=00001AAC FLD=00001AB0 EXT=00000000
LZ390I RLD LOC=00001B8A FLD=00001B8E EXT=00000000
LZ390I RLD LOC=00001D10 FLD=00000486 EXT=00000000
LZ390I RLD LOC=00001D20 FLD=000152C6 EXT=00000000
LZ390I RLD LOC=00001D24 FLD=00000696 EXT=00000000
LZ390I RLD LOC=00001D28 FLD=0000079A EXT=00000000
LZ390I RLD LOC=00002052 FLD=00002056 EXT=00000000
LZ390I RLD LOC=000020E6 FLD=000020EA EXT=00000000
LZ390I RLD LOC=000021C4 FLD=000021C8 EXT=00000000
LZ390I RLD LOC=00002288 FLD=00000486 EXT=00000000
LZ390I RLD LOC=00002298 FLD=000152C6 EXT=00000000
LZ390I RLD LOC=0000229C FLD=00000696 EXT=00000000
LZ390I RLD LOC=000022A0 FLD=0000079A EXT=00000000
LZ390I RLD LOC=000025B4 FLD=000025B8 EXT=00000000
LZ390I RLD LOC=00002648 FLD=0000264C EXT=00000000
LZ390I RLD LOC=00002726 FLD=0000272A EXT=00000000
LZ390I RLD LOC=000027E8 FLD=00000486 EXT=00000000
LZ390I RLD LOC=000027F8 FLD=000152C6 EXT=00000000
LZ390I RLD LOC=000027FC FLD=00000696 EXT=00000000
LZ390I RLD LOC=00002800 FLD=0000079A EXT=00000000
LZ390I RLD LOC=00002B22 FLD=00002B26 EXT=00000000
LZ390I RLD LOC=00002BB6 FLD=00002BBA EXT=00000000
LZ390I RLD LOC=00002C94 FLD=00002C98 EXT=00000000
LZ390I RLD LOC=00002D60 FLD=00000486 EXT=00000000
LZ390I RLD LOC=00002D70 FLD=000152C6 EXT=00000000
LZ390I RLD LOC=00002D74 FLD=00000696 EXT=00000000
LZ390I RLD LOC=00002D78 FLD=0000079A EXT=00000000
LZ390I RLD LOC=00003126 FLD=0000312A EXT=00000000
LZ390I RLD LOC=000031BA FLD=000031BE EXT=00000000
LZ390I RLD LOC=00003298 FLD=0000329C EXT=00000000
LZ390I RLD LOC=00003394 FLD=00000486 EXT=00000000
LZ390I RLD LOC=000033A4 FLD=000152C6 EXT=00000000
LZ390I RLD LOC=000033A8 FLD=00000696 EXT=00000000
LZ390I RLD LOC=000033AC FLD=0000079A EXT=00000000
LZ390I RLD LOC=0000373C FLD=00003740 EXT=00000000
LZ390I RLD LOC=000037D0 FLD=000037D4 EXT=00000000
LZ390I RLD LOC=000038AE FLD=000038B2 EXT=00000000
LZ390I RLD LOC=00003980 FLD=00000486 EXT=00000000
LZ390I RLD LOC=00003990 FLD=000152C6 EXT=00000000
LZ390I RLD LOC=00003994 FLD=00000696 EXT=00000000
LZ390I RLD LOC=00003998 FLD=0000079A EXT=00000000
LZ390I RLD LOC=00003F38 FLD=00003F3C EXT=00000000
LZ390I RLD LOC=00003FCC FLD=00003FD0 EXT=00000000
LZ390I RLD LOC=000040AA FLD=000040AE EXT=00000000
LZ390I RLD LOC=000041FC FLD=00000486 EXT=00000000
LZ390I RLD LOC=0000420C FLD=000152C6 EXT=00000000
LZ390I RLD LOC=00004210 FLD=00000696 EXT=00000000
LZ390I RLD LOC=00004214 FLD=0000079A EXT=00000000
LZ390I RLD LOC=00004726 FLD=0000472A EXT=00000000
LZ390I RLD LOC=000047BA FLD=000047BE EXT=00000000
LZ390I RLD LOC=00004898 FLD=0000489C EXT=00000000
LZ390I RLD LOC=0000497C FLD=00000486 EXT=00000000
LZ390I RLD LOC=0000498C FLD=000152C6 EXT=00000000
LZ390I RLD LOC=00004990 FLD=00000696 EXT=00000000
LZ390I RLD LOC=00004994 FLD=0000079A EXT=00000000
LZ390I RLD LOC=00004FAE FLD=00004FB2 EXT=00000000
LZ390I RLD LOC=00005042 FLD=00005046 EXT=00000000
LZ390I RLD LOC=00005120 FLD=00005124 EXT=00000000
LZ390I RLD LOC=00005274 FLD=00000486 EXT=00000000
LZ390I RLD LOC=00005284 FLD=000152C6 EXT=00000000
LZ390I RLD LOC=00005288 FLD=00000696 EXT=00000000
LZ390I RLD LOC=0000528C FLD=0000079A EXT=00000000
LZ390I RLD LOC=00005898 FLD=0000589C EXT=00000000
LZ390I RLD LOC=0000592C FLD=00005930 EXT=00000000
LZ390I RLD LOC=00005A0A FLD=00005A0E EXT=00000000
LZ390I RLD LOC=00005B5C FLD=00000486 EXT=00000000
LZ390I RLD LOC=00005B6C FLD=000152C6 EXT=00000000
LZ390I RLD LOC=00005B70 FLD=00000696 EXT=00000000
LZ390I RLD LOC=00005B74 FLD=0000079A EXT=00000000
LZ390I RLD LOC=00005F22 FLD=00005F26 EXT=00000000
LZ390I RLD LOC=00005FB6 FLD=00005FBA EXT=00000000
LZ390I RLD LOC=00006094 FLD=00006098 EXT=00000000
LZ390I RLD LOC=00006160 FLD=00000486 EXT=00000000
LZ390I RLD LOC=00006170 FLD=000152C6 EXT=00000000
LZ390I RLD LOC=00006174 FLD=00000696 EXT=00000000
LZ390I RLD LOC=00006178 FLD=0000079A EXT=00000000
LZ390I RLD LOC=00006622 FLD=00006626 EXT=00000000
LZ390I RLD LOC=000066B6 FLD=000066BA EXT=00000000
LZ390I RLD LOC=00006794 FLD=00006798 EXT=00000000
LZ390I RLD LOC=0000687C FLD=00000486 EXT=00000000
LZ390I RLD LOC=0000688C FLD=000152C6 EXT=00000000
LZ390I RLD LOC=00006890 FLD=00000696 EXT=00000000
LZ390I RLD LOC=00006894 FLD=0000079A EXT=00000000
LZ390I RLD LOC=00006CE0 FLD=00006CE4 EXT=00000000
LZ390I RLD LOC=00006D74 FLD=00006D78 EXT=00000000
LZ390I RLD LOC=00006E52 FLD=00006E56 EXT=00000000
LZ390I RLD LOC=00006F48 FLD=00000486 EXT=00000000
LZ390I RLD LOC=00006F58 FLD=000152C6 EXT=00000000
LZ390I RLD LOC=00006F5C FLD=00000696 EXT=00000000
LZ390I RLD LOC=00006F60 FLD=0000079A EXT=00000000
LZ390I RLD LOC=000073EE FLD=000073F2 EXT=00000000
LZ390I RLD LOC=00007482 FLD=00007486 EXT=00000000
LZ390I RLD LOC=00007560 FLD=00007564 EXT=00000000
LZ390I RLD LOC=00007688 FLD=00000486 EXT=00000000
LZ390I RLD LOC=00007698 FLD=000152C6 EXT=00000000
LZ390I RLD LOC=0000769C FLD=00000696 EXT=00000000
LZ390I RLD LOC=000076A0 FLD=0000079A EXT=00000000
LZ390I RLD LOC=00007A10 FLD=00007A14 EXT=00000000
LZ390I RLD LOC=00007AA4 FLD=00007AA8 EXT=00000000
LZ390I RLD LOC=00007B82 FLD=00007B86 EXT=00000000
LZ390I RLD LOC=00007C48 FLD=00000486 EXT=00000000
LZ390I RLD LOC=00007C58 FLD=000152C6 EXT=00000000
LZ390I RLD LOC=00007C5C FLD=00000696 EXT=00000000
LZ390I RLD LOC=00007C60 FLD=0000079A EXT=00000000
LZ390I RLD LOC=00007FEE FLD=00007FF2 EXT=00000000
LZ390I RLD LOC=00008082 FLD=00008086 EXT=00000000
LZ390I RLD LOC=00008160 FLD=00008164 EXT=00000000
LZ390I RLD LOC=00008238 FLD=00000486 EXT=00000000
LZ390I RLD LOC=00008248 FLD=000152C6 EXT=00000000
LZ390I RLD LOC=0000824C FLD=00000696 EXT=00000000
LZ390I RLD LOC=00008250 FLD=0000079A EXT=00000000
LZ390I RLD LOC=000085BA FLD=000085BE EXT=00000000
LZ390I RLD LOC=0000864E FLD=00008652 EXT=00000000
LZ390I RLD LOC=0000872C FLD=00008730 EXT=00000000
LZ390I RLD LOC=000087F8 FLD=00000486 EXT=00000000
LZ390I RLD LOC=00008808 FLD=000152C6 EXT=00000000
LZ390I RLD LOC=0000880C FLD=00000696 EXT=00000000
LZ390I RLD LOC=00008810 FLD=0000079A EXT=00000000
LZ390I RLD LOC=00008BCC FLD=00008BD0 EXT=00000000
LZ390I RLD LOC=00008C60 FLD=00008C64 EXT=00000000
LZ390I RLD LOC=00008D3E FLD=00008D42 EXT=00000000
LZ390I RLD LOC=000090AC FLD=000090B0 EXT=00000000
LZ390I RLD LOC=00009140 FLD=00009144 EXT=00000000
LZ390I RLD LOC=0000921E FLD=00009222 EXT=00000000
LZ390I RLD LOC=00009300 FLD=00000486 EXT=00000000
LZ390I RLD LOC=00009310 FLD=000152C6 EXT=00000000
LZ390I RLD LOC=00009314 FLD=00000696 EXT=00000000
LZ390I RLD LOC=00009318 FLD=0000079A EXT=00000000
LZ390I RLD LOC=000096DA FLD=000096DE EXT=00000000
LZ390I RLD LOC=0000976E FLD=00009772 EXT=00000000
LZ390I RLD LOC=0000984C FLD=00009850 EXT=00000000
LZ390I RLD LOC=00009BAA FLD=00009BAE EXT=00000000
LZ390I RLD LOC=00009C3E FLD=00009C42 EXT=00000000
LZ390I RLD LOC=00009D1C FLD=00009D20 EXT=00000000
LZ390I RLD LOC=00009E08 FLD=00000486 EXT=00000000
LZ390I RLD LOC=00009E18 FLD=000152C6 EXT=00000000
LZ390I RLD LOC=00009E1C FLD=00000696 EXT=00000000
LZ390I RLD LOC=00009E20 FLD=0000079A EXT=00000000
LZ390I RLD LOC=0000A22C FLD=0000A230 EXT=00000000
LZ390I RLD LOC=0000A2C0 FLD=0000A2C4 EXT=00000000
LZ390I RLD LOC=0000A39E FLD=0000A3A2 EXT=00000000
LZ390I RLD LOC=0000A468 FLD=00000486 EXT=00000000
LZ390I RLD LOC=0000A478 FLD=000152C6 EXT=00000000
LZ390I RLD LOC=0000A47C FLD=00000696 EXT=00000000
LZ390I RLD LOC=0000A480 FLD=0000079A EXT=00000000
LZ390I RLD LOC=0000A84C FLD=0000A850 EXT=00000000
LZ390I RLD LOC=0000A8E0 FLD=0000A8E4 EXT=00000000
LZ390I RLD LOC=0000A9BE FLD=0000A9C2 EXT=00000000
LZ390I RLD LOC=0000ABCA FLD=0000ABCE EXT=00000000
LZ390I RLD LOC=0000ACB2 FLD=0000ACB6 EXT=00000000
LZ390I RLD LOC=0000AE08 FLD=00000486 EXT=00000000
LZ390I RLD LOC=0000AE18 FLD=000152C6 EXT=00000000
LZ390I RLD LOC=0000AE1C FLD=00000696 EXT=00000000
LZ390I RLD LOC=0000AE20 FLD=0000079A EXT=00000000
LZ390I RLD LOC=0000B192 FLD=0000B196 EXT=00000000
LZ390I RLD LOC=0000B226 FLD=0000B22A EXT=00000000
LZ390I RLD LOC=0000B304 FLD=0000B308 EXT=00000000
LZ390I RLD LOC=0000B3D0 FLD=00000486 EXT=00000000
LZ390I RLD LOC=0000B3E0 FLD=000152C6 EXT=00000000
LZ390I RLD LOC=0000B3E4 FLD=00000696 EXT=00000000
LZ390I RLD LOC=0000B3E8 FLD=0000079A EXT=00000000
LZ390I RLD LOC=0000B734 FLD=0000B738 EXT=00000000
LZ390I RLD LOC=0000B7C8 FLD=0000B7CC EXT=00000000
LZ390I RLD LOC=0000B8A6 FLD=0000B8AA EXT=00000000
LZ390I RLD LOC=0000B970 FLD=00000486 EXT=00000000
LZ390I RLD LOC=0000B980 FLD=000152C6 EXT=00000000
LZ390I RLD LOC=0000B984 FLD=00000696 EXT=00000000
LZ390I RLD LOC=0000B988 FLD=0000079A EXT=00000000
LZ390I RLD LOC=0000BDA4 FLD=0000BDA8 EXT=00000000
LZ390I RLD LOC=0000BE38 FLD=0000BE3C EXT=00000000
LZ390I RLD LOC=0000BF16 FLD=0000BF1A EXT=00000000
LZ390I RLD LOC=0000BFD8 FLD=00000486 EXT=00000000
LZ390I RLD LOC=0000BFE8 FLD=000152C6 EXT=00000000
LZ390I RLD LOC=0000BFEC FLD=00000696 EXT=00000000
LZ390I RLD LOC=0000BFF0 FLD=0000079A EXT=00000000
LZ390I RLD LOC=0000C36E FLD=0000C372 EXT=00000000
LZ390I RLD LOC=0000C402 FLD=0000C406 EXT=00000000
LZ390I RLD LOC=0000C4E0 FLD=0000C4E4 EXT=00000000
LZ390I RLD LOC=0000C5A8 FLD=00000486 EXT=00000000
LZ390I RLD LOC=0000C5B8 FLD=000152C6 EXT=00000000
LZ390I RLD LOC=0000C5BC FLD=00000696 EXT=00000000
LZ390I RLD LOC=0000C5C0 FLD=0000079A EXT=00000000
LZ390I RLD LOC=0000CA14 FLD=0000CA18 EXT=00000000
LZ390I RLD LOC=0000CAA8 FLD=0000CAAC EXT=00000000
LZ390I RLD LOC=0000CB86 FLD=0000CB8A EXT=00000000
LZ390I RLD LOC=0000CC70 FLD=00000486 EXT=00000000
LZ390I RLD LOC=0000CC80 FLD=000152C6 EXT=00000000
LZ390I RLD LOC=0000CC84 FLD=00000696 EXT=00000000
LZ390I RLD LOC=0000CC88 FLD=0000079A EXT=00000000
LZ390I RLD LOC=0000D242 FLD=0000D246 EXT=00000000
LZ390I RLD LOC=0000D2D6 FLD=0000D2DA EXT=00000000
LZ390I RLD LOC=0000D3B4 FLD=0000D3B8 EXT=00000000
LZ390I RLD LOC=0000D510 FLD=00000486 EXT=00000000
LZ390I RLD LOC=0000D520 FLD=000152C6 EXT=00000000
LZ390I RLD LOC=0000D524 FLD=00000696 EXT=00000000
LZ390I RLD LOC=0000D528 FLD=0000079A EXT=00000000
LZ390I RLD LOC=0000DAF8 FLD=0000DAFC EXT=00000000
LZ390I RLD LOC=0000DB8C FLD=0000DB90 EXT=00000000
LZ390I RLD LOC=0000DC6A FLD=0000DC6E EXT=00000000
LZ390I RLD LOC=0000DDAC FLD=00000486 EXT=00000000
LZ390I RLD LOC=0000DDBC FLD=000152C6 EXT=00000000
LZ390I RLD LOC=0000DDC0 FLD=00000696 EXT=00000000
LZ390I RLD LOC=0000DDC4 FLD=0000079A EXT=00000000
LZ390I RLD LOC=0000E148 FLD=0000E14C EXT=00000000
LZ390I RLD LOC=0000E1DC FLD=0000E1E0 EXT=00000000
LZ390I RLD LOC=0000E2BA FLD=0000E2BE EXT=00000000
LZ390I RLD LOC=0000E390 FLD=00000486 EXT=00000000
LZ390I RLD LOC=0000E3A0 FLD=000152C6 EXT=00000000
LZ390I RLD LOC=0000E3A4 FLD=00000696 EXT=00000000
LZ390I RLD LOC=0000E3A8 FLD=0000079A EXT=00000000
LZ390I RLD LOC=0000E760 FLD=0000E764 EXT=00000000
LZ390I RLD LOC=0000E7F4 FLD=0000E7F8 EXT=00000000
LZ390I RLD LOC=0000E8D2 FLD=0000E8D6 EXT=00000000
LZ390I RLD LOC=0000E9A0 FLD=00000486 EXT=00000000
LZ390I RLD LOC=0000E9B0 FLD=000152C6 EXT=00000000
LZ390I RLD LOC=0000E9B4 FLD=00000696 EXT=00000000
LZ390I RLD LOC=0000E9B8 FLD=0000079A EXT=00000000
LZ390I RLD LOC=0000ED6E FLD=0000ED72 EXT=00000000
LZ390I RLD LOC=0000EE02 FLD=0000EE06 EXT=00000000
LZ390I RLD LOC=0000EEE0 FLD=0000EEE4 EXT=00000000
LZ390I RLD LOC=0000EFB0 FLD=00000486 EXT=00000000
LZ390I RLD LOC=0000EFC0 FLD=000152C6 EXT=00000000
LZ390I RLD LOC=0000EFC4 FLD=00000696 EXT=00000000
LZ390I RLD LOC=0000EFC8 FLD=0000079A EXT=00000000
LZ390I RLD LOC=0000F33E FLD=0000F342 EXT=00000000
LZ390I RLD LOC=0000F3D2 FLD=0000F3D6 EXT=00000000
LZ390I RLD LOC=0000F4B0 FLD=0000F4B4 EXT=00000000
LZ390I RLD LOC=0000F578 FLD=00000486 EXT=00000000
LZ390I RLD LOC=0000F588 FLD=000152C6 EXT=00000000
LZ390I RLD LOC=0000F58C FLD=00000696 EXT=00000000
LZ390I RLD LOC=0000F590 FLD=0000079A EXT=00000000
LZ390I RLD LOC=0000FA52 FLD=0000FA56 EXT=00000000
LZ390I RLD LOC=0000FAE6 FLD=0000FAEA EXT=00000000
LZ390I RLD LOC=0000FBC4 FLD=0000FBC8 EXT=00000000
LZ390I RLD LOC=0000FCD0 FLD=00000486 EXT=00000000
LZ390I RLD LOC=0000FCE0 FLD=000152C6 EXT=00000000
LZ390I RLD LOC=0000FCE4 FLD=00000696 EXT=00000000
LZ390I RLD LOC=0000FCE8 FLD=0000079A EXT=00000000
LZ390I RLD LOC=0001012A FLD=0001012E EXT=00000000
LZ390I RLD LOC=000101BE FLD=000101C2 EXT=00000000
LZ390I RLD LOC=0001029C FLD=000102A0 EXT=00000000
LZ390I RLD LOC=0001037C FLD=00000486 EXT=00000000
LZ390I RLD LOC=0001038C FLD=000152C6 EXT=00000000
LZ390I RLD LOC=00010390 FLD=00000696 EXT=00000000
LZ390I RLD LOC=00010394 FLD=0000079A EXT=00000000
LZ390I RLD LOC=0001077E FLD=00010782 EXT=00000000
LZ390I RLD LOC=00010812 FLD=00010816 EXT=00000000
LZ390I RLD LOC=000108F0 FLD=000108F4 EXT=00000000
LZ390I RLD LOC=000109B8 FLD=00000486 EXT=00000000
LZ390I RLD LOC=000109C8 FLD=000152C6 EXT=00000000
LZ390I RLD LOC=000109CC FLD=00000696 EXT=00000000
LZ390I RLD LOC=000109D0 FLD=0000079A EXT=00000000
LZ390I RLD LOC=00010D94 FLD=00010D98 EXT=00000000
LZ390I RLD LOC=00010E28 FLD=00010E2C EXT=00000000
LZ390I RLD LOC=00010F06 FLD=00010F0A EXT=00000000
LZ390I RLD LOC=00010FD0 FLD=00000486 EXT=00000000
LZ390I RLD LOC=00010FE0 FLD=000152C6 EXT=00000000
LZ390I RLD LOC=00010FE4 FLD=00000696 EXT=00000000
LZ390I RLD LOC=00010FE8 FLD=0000079A EXT=00000000
LZ390I RLD LOC=00011470 FLD=00011474 EXT=00000000
LZ390I RLD LOC=00011504 FLD=00011508 EXT=00000000
LZ390I RLD LOC=000115E2 FLD=000115E6 EXT=00000000
LZ390I RLD LOC=000116FC FLD=00000486 EXT=00000000
LZ390I RLD LOC=0001170C FLD=000152C6 EXT=00000000
LZ390I RLD LOC=00011710 FLD=00000696 EXT=00000000
LZ390I RLD LOC=00011714 FLD=0000079A EXT=00000000
LZ390I RLD LOC=00011A82 FLD=00011A86 EXT=00000000
LZ390I RLD LOC=00011B16 FLD=00011B1A EXT=00000000
LZ390I RLD LOC=00011BF4 FLD=00011BF8 EXT=00000000
LZ390I RLD LOC=00011CC0 FLD=00000486 EXT=00000000
LZ390I RLD LOC=00011CD0 FLD=000152C6 EXT=00000000
LZ390I RLD LOC=00011CD4 FLD=00000696 EXT=00000000
LZ390I RLD LOC=00011CD8 FLD=0000079A EXT=00000000
LZ390I RLD LOC=00012068 FLD=0001206C EXT=00000000
LZ390I RLD LOC=000120FC FLD=00012100 EXT=00000000
LZ390I RLD LOC=000121DA FLD=000121DE EXT=00000000
LZ390I RLD LOC=000122A8 FLD=00000486 EXT=00000000
LZ390I RLD LOC=000122B8 FLD=000152C6 EXT=00000000
LZ390I RLD LOC=000122BC FLD=00000696 EXT=00000000
LZ390I RLD LOC=000122C0 FLD=0000079A EXT=00000000
LZ390I RLD LOC=000125E4 FLD=000125E8 EXT=00000000
LZ390I RLD LOC=00012678 FLD=0001267C EXT=00000000
LZ390I RLD LOC=00012756 FLD=0001275A EXT=00000000
LZ390I RLD LOC=00012808 FLD=00000486 EXT=00000000
LZ390I RLD LOC=00012818 FLD=000152C6 EXT=00000000
LZ390I RLD LOC=0001281C FLD=00000696 EXT=00000000
LZ390I RLD LOC=00012820 FLD=0000079A EXT=00000000
LZ390I RLD LOC=00012C6E FLD=00012C72 EXT=00000000
LZ390I RLD LOC=00012D02 FLD=00012D06 EXT=00000000
LZ390I RLD LOC=00012DE0 FLD=00012DE4 EXT=00000000
LZ390I RLD LOC=00012F48 FLD=00000486 EXT=00000000
LZ390I RLD LOC=00012F58 FLD=000152C6 EXT=00000000
LZ390I RLD LOC=00012F5C FLD=00000696 EXT=00000000
LZ390I RLD LOC=00012F60 FLD=0000079A EXT=00000000
LZ390I RLD LOC=00013372 FLD=00013376 EXT=00000000
LZ390I RLD LOC=00013406 FLD=0001340A EXT=00000000
LZ390I RLD LOC=000134E4 FLD=000134E8 EXT=00000000
LZ390I RLD LOC=000135A8 FLD=00000486 EXT=00000000
LZ390I RLD LOC=000135B8 FLD=000152C6 EXT=00000000
LZ390I RLD LOC=000135BC FLD=00000696 EXT=00000000
LZ390I RLD LOC=000135C0 FLD=0000079A EXT=00000000
LZ390I RLD LOC=000139D4 FLD=000139D8 EXT=00000000
LZ390I RLD LOC=00013A68 FLD=00013A6C EXT=00000000
LZ390I RLD LOC=00013B46 FLD=00013B4A EXT=00000000
LZ390I RLD LOC=00013C2C FLD=00000486 EXT=00000000
LZ390I RLD LOC=00013C3C FLD=000152C6 EXT=00000000
LZ390I RLD LOC=00013C40 FLD=00000696 EXT=00000000
LZ390I RLD LOC=00013C44 FLD=0000079A EXT=00000000
LZ390I RLD LOC=000140F6 FLD=000140FA EXT=00000000
LZ390I RLD LOC=0001418A FLD=0001418E EXT=00000000
LZ390I RLD LOC=00014268 FLD=0001426C EXT=00000000
LZ390I RLD LOC=00014330 FLD=00000486 EXT=00000000
LZ390I RLD LOC=00014340 FLD=000152C6 EXT=00000000
LZ390I RLD LOC=00014344 FLD=00000696 EXT=00000000
LZ390I RLD LOC=00014348 FLD=0000079A EXT=00000000
LZ390I RLD LOC=000146AA FLD=000146AE EXT=00000000
LZ390I RLD LOC=0001473E FLD=00014742 EXT=00000000
LZ390I RLD LOC=0001481C FLD=00014820 EXT=00000000
LZ390I RLD LOC=000148E8 FLD=00000486 EXT=00000000
LZ390I RLD LOC=000148F8 FLD=000152C6 EXT=00000000
LZ390I RLD LOC=000148FC FLD=00000696 EXT=00000000
LZ390I RLD LOC=00014900 FLD=0000079A EXT=00000000
LZ390I RLD LOC=00014C50 FLD=00014C54 EXT=00000000
LZ390I RLD LOC=00014CE4 FLD=00014CE8 EXT=00000000
LZ390I RLD LOC=00014DC2 FLD=00014DC6 EXT=00000000
LZ390I RLD LOC=00014E88 FLD=00000486 EXT=00000000
LZ390I RLD LOC=00014E98 FLD=000152C6 EXT=00000000
LZ390I RLD LOC=00014E9C FLD=00000696 EXT=00000000
LZ390I RLD LOC=00014EA0 FLD=0000079A EXT=00000000
LZ390I RLD LOC=00014EF0 FLD=00014EF4 EXT=00000000
LZ390I total errors         = 0
13:42:21 LCLCEDF   LZ390 ENDED   RC= 0 SEC= 0 MEM(MB)= 70 IO=12297
