11:38:56 MAP01     MZ390 START USING z390 V1.5.05bx3 ON J2SE 1.7.0 02/15/12
11:38:56 MAP01     MZ390 ENDED   RC= 0 SEC= 0 MEM(MB)= 69 IO=5670
11:38:57 MAP01     MZ390 START USING z390 V1.5.05bx3 ON J2SE 1.7.0 02/15/12
11:38:58 MAP01     MZ390 ENDED   RC= 0 SEC= 1 MEM(MB)= 69 IO=6528
11:38:58 MAP01     LZ390 START USING z390 V1.5.05bx3 ON J2SE 1.7.0 02/15/12
11:38:58 MAP01     LZ390 ENDED   RC= 0 SEC= 0 MEM(MB)= 10 IO=207
09:22:58 MAP01     MZ390 START USING z390 V1.5.06x1 ON J2SE 1.7.0 02/17/12
09:22:59 MAP01     MZ390 ENDED   RC= 0 SEC= 0 MEM(MB)= 69 IO=5670
09:22:59 MAP01     MZ390 START USING z390 V1.5.06x1 ON J2SE 1.7.0 02/17/12
09:23:00 MAP01     MZ390 ENDED   RC= 0 SEC= 1 MEM(MB)= 69 IO=6528
09:23:01 MAP01     LZ390 START USING z390 V1.5.06x1 ON J2SE 1.7.0 02/17/12
09:23:01 MAP01     LZ390 ENDED   RC= 0 SEC= 0 MEM(MB)= 10 IO=207
21:10:33 MAP01     MZ390 START USING z390 V1.5.06x1 ON J2SE 1.7.0 02/18/12
21:10:34 MAP01     MZ390 ENDED   RC= 0 SEC= 0 MEM(MB)= 69 IO=5670
21:10:34 MAP01     MZ390 START USING z390 V1.5.06x1 ON J2SE 1.7.0 02/18/12
21:10:35 MAP01     MZ390 ENDED   RC= 0 SEC= 1 MEM(MB)= 69 IO=6528
21:10:35 MAP01     LZ390 START USING z390 V1.5.06x1 ON J2SE 1.7.0 02/18/12
21:10:35 MAP01     LZ390 ENDED   RC= 0 SEC= 0 MEM(MB)= 10 IO=207
17:54:01 MAP01     MZ390 START USING z390 V1.5.06x1 ON J2SE 1.7.0 02/19/12
17:54:02 MAP01     MZ390 ENDED   RC= 0 SEC= 0 MEM(MB)= 69 IO=5670
17:54:02 MAP01     MZ390 START USING z390 V1.5.06x1 ON J2SE 1.7.0 02/19/12
17:54:03 MAP01     MZ390 ENDED   RC= 0 SEC= 1 MEM(MB)= 69 IO=6528
17:54:03 MAP01     LZ390 START USING z390 V1.5.06x1 ON J2SE 1.7.0 02/19/12
17:54:03 MAP01     LZ390 ENDED   RC= 0 SEC= 0 MEM(MB)=  9 IO=207
20:23:32 MAP01     MZ390 START USING z390 V1.5.06x1 ON J2SE 1.7.0 02/21/12
20:23:33 MAP01     MZ390 ENDED   RC= 0 SEC= 0 MEM(MB)= 69 IO=5670
20:23:33 MAP01     MZ390 START USING z390 V1.5.06x1 ON J2SE 1.7.0 02/21/12
20:23:34 MAP01     MZ390 ENDED   RC= 0 SEC= 0 MEM(MB)= 69 IO=6528
20:23:34 MAP01     LZ390 START USING z390 V1.5.06x1 ON J2SE 1.7.0 02/21/12
20:23:34 MAP01     LZ390 ENDED   RC= 0 SEC= 0 MEM(MB)=  9 IO=207
08:49:46 MAP01     MZ390 START USING z390 V1.5.06x1 ON J2SE 1.7.0 02/23/12
08:49:47 MAP01     MZ390 ENDED   RC= 0 SEC= 0 MEM(MB)= 69 IO=5670
08:49:48 MAP01     MZ390 START USING z390 V1.5.06x1 ON J2SE 1.7.0 02/23/12
08:49:49 MAP01     MZ390 ENDED   RC= 0 SEC= 1 MEM(MB)= 69 IO=6528
08:49:49 MAP01     LZ390 START USING z390 V1.5.06x1 ON J2SE 1.7.0 02/23/12
08:49:49 MAP01     LZ390 ENDED   RC= 0 SEC= 0 MEM(MB)=  9 IO=207
12:45:35 MAP01     MZ390 START USING z390 V1.5.06x1 ON J2SE 1.7.0 03/04/12
12:45:36 MAP01     MZ390 ENDED   RC= 0 SEC= 0 MEM(MB)= 69 IO=5670
12:45:37 MAP01     MZ390 START USING z390 V1.5.06x1 ON J2SE 1.7.0 03/04/12
12:45:38 MAP01     MZ390 ENDED   RC= 0 SEC= 1 MEM(MB)= 69 IO=6528
12:45:38 MAP01     LZ390 START USING z390 V1.5.06x1 ON J2SE 1.7.0 03/04/12
12:45:38 MAP01     LZ390 ENDED   RC= 0 SEC= 0 MEM(MB)=  9 IO=207
11:14:02 MAP01     MZ390 START USING z390 V1.5.06x1 ON J2SE 1.7.0 03/06/12
11:14:03 MAP01     MZ390 ENDED   RC= 0 SEC= 0 MEM(MB)= 69 IO=5670
11:14:04 MAP01     MZ390 START USING z390 V1.5.06x1 ON J2SE 1.7.0 03/06/12
11:14:05 MAP01     MZ390 ENDED   RC= 0 SEC= 1 MEM(MB)= 69 IO=6528
11:14:05 MAP01     LZ390 START USING z390 V1.5.06x1 ON J2SE 1.7.0 03/06/12
11:14:05 MAP01     LZ390 ENDED   RC= 0 SEC= 0 MEM(MB)=  9 IO=207
12:09:28 MAP01     MZ390 START USING z390 V1.5.06x1 ON J2SE 1.7.0 03/07/12
12:09:29 MAP01     MZ390 ENDED   RC= 0 SEC= 0 MEM(MB)= 69 IO=5670
12:09:29 MAP01     MZ390 START USING z390 V1.5.06x1 ON J2SE 1.7.0 03/07/12
12:09:30 MAP01     MZ390 ENDED   RC= 0 SEC= 1 MEM(MB)= 69 IO=6528
12:09:30 MAP01     LZ390 START USING z390 V1.5.06x1 ON J2SE 1.7.0 03/07/12
12:09:30 MAP01     LZ390 ENDED   RC= 0 SEC= 0 MEM(MB)=  9 IO=207
17:38:10 MAP01     MZ390 START USING z390 V1.5.06x3 ON J2SE 1.7.0 03/08/12
17:38:11 MAP01     MZ390 ENDED   RC= 0 SEC= 0 MEM(MB)= 69 IO=5670
17:38:12 MAP01     MZ390 START USING z390 V1.5.06x3 ON J2SE 1.7.0 03/08/12
17:38:13 MAP01     MZ390 ENDED   RC= 0 SEC= 1 MEM(MB)= 69 IO=6528
17:38:13 MAP01     LZ390 START USING z390 V1.5.06x3 ON J2SE 1.7.0 03/08/12
17:38:13 MAP01     LZ390 ENDED   RC= 0 SEC= 0 MEM(MB)= 12 IO=394
21:10:48 MAP01     MZ390 START USING z390 V1.5.06x3 ON J2SE 1.7.0 03/11/12
21:10:49 MAP01     MZ390 ENDED   RC= 0 SEC= 0 MEM(MB)= 69 IO=5670
21:10:49 MAP01     MZ390 START USING z390 V1.5.06x3 ON J2SE 1.7.0 03/11/12
21:10:50 MAP01     MZ390 ENDED   RC= 0 SEC= 1 MEM(MB)= 69 IO=6528
21:10:51 MAP01     LZ390 START USING z390 V1.5.06x3 ON J2SE 1.7.0 03/11/12
21:10:51 MAP01     LZ390 ENDED   RC= 0 SEC= 0 MEM(MB)= 12 IO=394
10:46:17 MAP01     MZ390 START USING z390 V1.5.06x3 ON J2SE 1.7.0 03/22/12
10:46:18 MAP01     MZ390 ENDED   RC= 0 SEC= 0 MEM(MB)= 69 IO=5670
10:46:18 MAP01     MZ390 START USING z390 V1.5.06x3 ON J2SE 1.7.0 03/22/12
10:46:20 MAP01     MZ390 ENDED   RC= 0 SEC= 1 MEM(MB)= 69 IO=6528
10:46:20 MAP01     LZ390 START USING z390 V1.5.06x3 ON J2SE 1.7.0 03/22/12
10:46:20 MAP01     LZ390 ENDED   RC= 0 SEC= 0 MEM(MB)= 12 IO=394
22:49:44 MAP01     MZ390 START USING z390 V1.5.06x3 ON J2SE 1.7.0 03/22/12
22:49:45 MAP01     MZ390 ENDED   RC= 0 SEC= 0 MEM(MB)= 69 IO=5670
22:49:45 MAP01     MZ390 START USING z390 V1.5.06x3 ON J2SE 1.7.0 03/22/12
22:49:46 MAP01     MZ390 ENDED   RC= 0 SEC= 1 MEM(MB)= 69 IO=6528
22:49:47 MAP01     LZ390 START USING z390 V1.5.06x3 ON J2SE 1.7.0 03/22/12
22:49:47 MAP01     LZ390 ENDED   RC= 0 SEC= 0 MEM(MB)= 12 IO=394
21:59:35 MAP01     MZ390 START USING z390 V1.5.06x3 ON J2SE 1.7.0 03/23/12
21:59:36 MAP01     MZ390 ENDED   RC= 0 SEC= 0 MEM(MB)= 69 IO=5670
21:59:36 MAP01     MZ390 START USING z390 V1.5.06x3 ON J2SE 1.7.0 03/23/12
21:59:37 MAP01     MZ390 ENDED   RC= 0 SEC= 0 MEM(MB)= 69 IO=6528
21:59:37 MAP01     LZ390 START USING z390 V1.5.06x3 ON J2SE 1.7.0 03/23/12
21:59:37 MAP01     LZ390 ENDED   RC= 0 SEC= 0 MEM(MB)= 12 IO=394
08:01:04 MAP01     MZ390 START USING z390 V1.5.06x3 ON J2SE 1.7.0 03/25/12
08:01:05 MAP01     MZ390 ENDED   RC= 0 SEC= 0 MEM(MB)= 69 IO=5670
08:01:05 MAP01     MZ390 START USING z390 V1.5.06x3 ON J2SE 1.7.0 03/25/12
08:01:06 MAP01     MZ390 ENDED   RC= 0 SEC= 1 MEM(MB)= 69 IO=6528
08:01:07 MAP01     LZ390 START USING z390 V1.5.06x3 ON J2SE 1.7.0 03/25/12
08:01:07 MAP01     LZ390 ENDED   RC= 0 SEC= 0 MEM(MB)= 10 IO=394
19:15:21 MAP01     MZ390 START USING z390 V1.5.06x3 ON J2SE 1.7.0 03/28/12
19:15:22 MAP01     MZ390 ENDED   RC= 0 SEC= 0 MEM(MB)= 69 IO=5670
19:15:22 MAP01     MZ390 START USING z390 V1.5.06x3 ON J2SE 1.7.0 03/28/12
19:15:23 MAP01     MZ390 ENDED   RC= 0 SEC= 1 MEM(MB)= 69 IO=6528
19:15:23 MAP01     LZ390 START USING z390 V1.5.06x3 ON J2SE 1.7.0 03/28/12
19:15:23 MAP01     LZ390 ENDED   RC= 0 SEC= 0 MEM(MB)= 10 IO=394
10:27:08 MAP01     MZ390 START USING z390 V1.5.06x3 ON J2SE 1.7.0 03/29/12
10:27:09 MAP01     MZ390 ENDED   RC= 0 SEC= 0 MEM(MB)= 69 IO=5670
10:27:09 MAP01     MZ390 START USING z390 V1.5.06x3 ON J2SE 1.7.0 03/29/12
10:27:11 MAP01     MZ390 ENDED   RC= 0 SEC= 1 MEM(MB)= 69 IO=6528
10:27:11 MAP01     LZ390 START USING z390 V1.5.06x3 ON J2SE 1.7.0 03/29/12
10:27:11 MAP01     LZ390 ENDED   RC= 0 SEC= 0 MEM(MB)= 10 IO=394
09:06:35 MAP01     MZ390 START USING z390 V1.5.06rc4 ON J2SE 1.7.0 05/16/12
09:06:36 MAP01     MZ390 ENDED   RC= 0 SEC= 0 MEM(MB)= 69 IO=5670
09:06:36 MAP01     MZ390 START USING z390 V1.5.06rc4 ON J2SE 1.7.0 05/16/12
09:06:37 MAP01     MZ390 ENDED   RC= 0 SEC= 1 MEM(MB)= 70 IO=6528
09:06:37 MAP01     LZ390 START USING z390 V1.5.06rc4 ON J2SE 1.7.0 05/16/12
09:06:37 MAP01     LZ390 ENDED   RC= 0 SEC= 0 MEM(MB)= 12 IO=394
09:54:50 MAP01     MZ390 START USING z390 V1.5.06rc4 ON J2SE 1.7.0 05/18/12
09:54:51 MAP01     MZ390 ENDED   RC= 0 SEC= 0 MEM(MB)= 69 IO=5670
09:54:51 MAP01     MZ390 START USING z390 V1.5.06rc4 ON J2SE 1.7.0 05/18/12
09:54:52 MAP01     MZ390 ENDED   RC= 0 SEC= 1 MEM(MB)= 70 IO=6528
09:54:52 MAP01     LZ390 START USING z390 V1.5.06rc4 ON J2SE 1.7.0 05/18/12
09:54:53 MAP01     LZ390 ENDED   RC= 0 SEC= 0 MEM(MB)= 12 IO=394
13:40:43 MAP01     MZ390 START USING z390 V1.5.06 ON J2SE 1.6.0_31 05/21/12
13:40:44 MAP01     MZ390 ENDED   RC= 0 SEC= 0 MEM(MB)= 69 IO=5670
13:40:44 MAP01     MZ390 START USING z390 V1.5.06 ON J2SE 1.6.0_31 05/21/12
13:40:45 MAP01     MZ390 ENDED   RC= 0 SEC= 1 MEM(MB)= 69 IO=6528
13:40:45 MAP01     LZ390 START USING z390 V1.5.06 ON J2SE 1.6.0_31 05/21/12
13:40:45 MAP01     LZ390 ENDED   RC= 0 SEC= 0 MEM(MB)= 11 IO=394
