11:42:50 Z390CEBR  MZ390 START USING z390 V1.5.05bx3 ON J2SE 1.7.0 02/15/12
11:42:53 Z390CEBR  MZ390 ENDED   RC= 0 SEC= 2 MEM(MB)= 71 IO=15535
11:42:53 Z390CEBR  LZ390 START USING z390 V1.5.05bx3 ON J2SE 1.7.0 02/15/12
11:42:53 Z390CEBR  LZ390 ENDED   RC= 0 SEC= 0 MEM(MB)= 21 IO=902
09:26:52 Z390CEBR  MZ390 START USING z390 V1.5.06x1 ON J2SE 1.7.0 02/17/12
09:26:55 Z390CEBR  MZ390 ENDED   RC= 0 SEC= 2 MEM(MB)= 71 IO=15535
09:26:55 Z390CEBR  LZ390 START USING z390 V1.5.06x1 ON J2SE 1.7.0 02/17/12
09:26:55 Z390CEBR  LZ390 ENDED   RC= 0 SEC= 0 MEM(MB)= 21 IO=902
21:14:25 Z390CEBR  MZ390 START USING z390 V1.5.06x1 ON J2SE 1.7.0 02/18/12
21:14:28 Z390CEBR  MZ390 ENDED   RC= 0 SEC= 2 MEM(MB)= 71 IO=15537
21:14:28 Z390CEBR  LZ390 START USING z390 V1.5.06x1 ON J2SE 1.7.0 02/18/12
21:14:28 Z390CEBR  LZ390 ENDED   RC= 0 SEC= 0 MEM(MB)= 21 IO=902
17:58:06 Z390CEBR  MZ390 START USING z390 V1.5.06x1 ON J2SE 1.7.0 02/19/12
17:58:09 Z390CEBR  MZ390 ENDED   RC= 0 SEC= 2 MEM(MB)= 71 IO=15537
17:58:10 Z390CEBR  LZ390 START USING z390 V1.5.06x1 ON J2SE 1.7.0 02/19/12
17:58:10 Z390CEBR  LZ390 ENDED   RC= 0 SEC= 0 MEM(MB)= 17 IO=902
20:26:58 Z390CEBR  MZ390 START USING z390 V1.5.06x1 ON J2SE 1.7.0 02/21/12
20:27:00 Z390CEBR  MZ390 ENDED   RC= 0 SEC= 2 MEM(MB)= 71 IO=15537
20:27:00 Z390CEBR  LZ390 START USING z390 V1.5.06x1 ON J2SE 1.7.0 02/21/12
20:27:01 Z390CEBR  LZ390 ENDED   RC= 0 SEC= 0 MEM(MB)= 17 IO=902
08:54:06 Z390CEBR  MZ390 START USING z390 V1.5.06x1 ON J2SE 1.7.0 02/23/12
08:54:09 Z390CEBR  MZ390 ENDED   RC= 0 SEC= 3 MEM(MB)= 71 IO=15537
08:54:09 Z390CEBR  LZ390 START USING z390 V1.5.06x1 ON J2SE 1.7.0 02/23/12
08:54:09 Z390CEBR  LZ390 ENDED   RC= 0 SEC= 0 MEM(MB)= 17 IO=902
12:50:00 Z390CEBR  MZ390 START USING z390 V1.5.06x1 ON J2SE 1.7.0 03/04/12
12:50:03 Z390CEBR  MZ390 ENDED   RC= 0 SEC= 3 MEM(MB)= 71 IO=15537
12:50:04 Z390CEBR  LZ390 START USING z390 V1.5.06x1 ON J2SE 1.7.0 03/04/12
12:50:04 Z390CEBR  LZ390 ENDED   RC= 0 SEC= 0 MEM(MB)= 17 IO=902
11:18:17 Z390CEBR  MZ390 START USING z390 V1.5.06x1 ON J2SE 1.7.0 03/06/12
11:18:20 Z390CEBR  MZ390 ENDED   RC= 0 SEC= 3 MEM(MB)= 71 IO=15537
11:18:20 Z390CEBR  LZ390 START USING z390 V1.5.06x1 ON J2SE 1.7.0 03/06/12
11:18:20 Z390CEBR  LZ390 ENDED   RC= 0 SEC= 0 MEM(MB)= 17 IO=902
12:13:36 Z390CEBR  MZ390 START USING z390 V1.5.06x1 ON J2SE 1.7.0 03/07/12
12:13:39 Z390CEBR  MZ390 ENDED   RC= 0 SEC= 3 MEM(MB)= 71 IO=15537
12:13:39 Z390CEBR  LZ390 START USING z390 V1.5.06x1 ON J2SE 1.7.0 03/07/12
12:13:40 Z390CEBR  LZ390 ENDED   RC= 0 SEC= 0 MEM(MB)= 17 IO=902
17:42:45 Z390CEBR  MZ390 START USING z390 V1.5.06x3 ON J2SE 1.7.0 03/08/12
17:42:49 Z390CEBR  MZ390 ENDED   RC= 0 SEC= 3 MEM(MB)= 71 IO=15537
17:42:49 Z390CEBR  LZ390 START USING z390 V1.5.06x3 ON J2SE 1.7.0 03/08/12
17:42:49 Z390CEBR  LZ390 ENDED   RC= 0 SEC= 0 MEM(MB)= 33 IO=1700
21:14:49 Z390CEBR  MZ390 START USING z390 V1.5.06x3 ON J2SE 1.7.0 03/11/12
21:14:52 Z390CEBR  MZ390 ENDED   RC= 0 SEC= 2 MEM(MB)= 71 IO=15537
21:14:52 Z390CEBR  LZ390 START USING z390 V1.5.06x3 ON J2SE 1.7.0 03/11/12
21:14:52 Z390CEBR  LZ390 ENDED   RC= 0 SEC= 0 MEM(MB)= 33 IO=1700
10:50:24 Z390CEBR  MZ390 START USING z390 V1.5.06x3 ON J2SE 1.7.0 03/22/12
10:50:28 Z390CEBR  MZ390 ENDED   RC= 0 SEC= 3 MEM(MB)= 71 IO=15537
10:50:28 Z390CEBR  LZ390 START USING z390 V1.5.06x3 ON J2SE 1.7.0 03/22/12
10:50:28 Z390CEBR  LZ390 ENDED   RC= 0 SEC= 0 MEM(MB)= 33 IO=1700
22:54:04 Z390CEBR  MZ390 START USING z390 V1.5.06x3 ON J2SE 1.7.0 03/22/12
22:54:07 Z390CEBR  MZ390 ENDED   RC= 0 SEC= 3 MEM(MB)= 71 IO=15537
22:54:07 Z390CEBR  LZ390 START USING z390 V1.5.06x3 ON J2SE 1.7.0 03/22/12
22:54:08 Z390CEBR  LZ390 ENDED   RC= 0 SEC= 0 MEM(MB)= 33 IO=1700
22:02:59 Z390CEBR  MZ390 START USING z390 V1.5.06x3 ON J2SE 1.7.0 03/23/12
22:03:01 Z390CEBR  MZ390 ENDED   RC= 0 SEC= 2 MEM(MB)= 71 IO=15537
22:03:01 Z390CEBR  LZ390 START USING z390 V1.5.06x3 ON J2SE 1.7.0 03/23/12
22:03:01 Z390CEBR  LZ390 ENDED   RC= 0 SEC= 0 MEM(MB)= 33 IO=1700
08:05:19 Z390CEBR  MZ390 START USING z390 V1.5.06x3 ON J2SE 1.7.0 03/25/12
08:05:22 Z390CEBR  MZ390 ENDED   RC= 0 SEC= 3 MEM(MB)= 71 IO=15537
08:05:23 Z390CEBR  LZ390 START USING z390 V1.5.06x3 ON J2SE 1.7.0 03/25/12
08:05:23 Z390CEBR  LZ390 ENDED   RC= 0 SEC= 0 MEM(MB)= 27 IO=1700
19:19:38 Z390CEBR  MZ390 START USING z390 V1.5.06x3 ON J2SE 1.7.0 03/28/12
19:19:41 Z390CEBR  MZ390 ENDED   RC= 0 SEC= 3 MEM(MB)= 71 IO=15537
19:19:41 Z390CEBR  LZ390 START USING z390 V1.5.06x3 ON J2SE 1.7.0 03/28/12
19:19:42 Z390CEBR  LZ390 ENDED   RC= 0 SEC= 0 MEM(MB)= 27 IO=1700
10:31:11 Z390CEBR  MZ390 START USING z390 V1.5.06x3 ON J2SE 1.7.0 03/29/12
10:31:14 Z390CEBR  MZ390 ENDED   RC= 0 SEC= 2 MEM(MB)= 71 IO=15537
10:31:14 Z390CEBR  LZ390 START USING z390 V1.5.06x3 ON J2SE 1.7.0 03/29/12
10:31:15 Z390CEBR  LZ390 ENDED   RC= 0 SEC= 0 MEM(MB)= 27 IO=1700
09:10:39 Z390CEBR  MZ390 START USING z390 V1.5.06rc4 ON J2SE 1.7.0 05/16/12
09:10:42 Z390CEBR  MZ390 ENDED   RC= 0 SEC= 3 MEM(MB)= 71 IO=15537
09:10:43 Z390CEBR  LZ390 START USING z390 V1.5.06rc4 ON J2SE 1.7.0 05/16/12
09:10:43 Z390CEBR  LZ390 ENDED   RC= 0 SEC= 0 MEM(MB)= 33 IO=1700
09:58:44 Z390CEBR  MZ390 START USING z390 V1.5.06rc4 ON J2SE 1.7.0 05/18/12
09:58:47 Z390CEBR  MZ390 ENDED   RC= 0 SEC= 2 MEM(MB)= 71 IO=15537
09:58:47 Z390CEBR  LZ390 START USING z390 V1.5.06rc4 ON J2SE 1.7.0 05/18/12
09:58:47 Z390CEBR  LZ390 ENDED   RC= 0 SEC= 0 MEM(MB)= 33 IO=1700
13:44:43 Z390CEBR  MZ390 START USING z390 V1.5.06 ON J2SE 1.6.0_31 05/21/12
13:44:46 Z390CEBR  MZ390 ENDED   RC= 0 SEC= 3 MEM(MB)= 71 IO=15537
13:44:46 Z390CEBR  LZ390 START USING z390 V1.5.06 ON J2SE 1.6.0_31 05/21/12
13:44:47 Z390CEBR  LZ390 ENDED   RC= 0 SEC= 0 MEM(MB)= 33 IO=1700
