13:44:46 Z390CEBR  LZ390 START USING z390 V1.5.06 ON J2SE 1.6.0_31 05/21/12
LZ390I Copyright 2011 Automated Software Tools Corporation
LZ390I z390 is licensed under GNU General Public License
LZ390I options = W:\work\z390\z390.OPT=(time(60))
LZ390I program = cics\Z390CEBR.OBJ
LZ390I ESD=Z390CEBR LOC=00000000 LEN=00002E38
LZ390I ESD=LCL0E08  LOC=00002E38 LEN=000004E0
LZ390I INCLUDE = cics\Z390CEBR.OBJ
LZ390I RLD LOC=000004E0 FLD=00000510 EXT=00000000
LZ390I RLD LOC=00000AAE FLD=00000AB2 EXT=00000000
LZ390I RLD LOC=00000C50 FLD=00000CA2 EXT=00000000
LZ390I RLD LOC=00000D86 FLD=00000D8A EXT=00000000
LZ390I RLD LOC=00000F48 FLD=00000F4C EXT=00000000
LZ390I RLD LOC=0000103C FLD=00001040 EXT=00000000
LZ390I RLD LOC=000010FC FLD=00001100 EXT=00000000
LZ390I RLD LOC=000019E2 FLD=000019E6 EXT=00000000
LZ390I RLD LOC=00001BFE FLD=00001C34 EXT=00000000
LZ390I RLD LOC=00001CF4 FLD=00001CF8 EXT=00000000
LZ390I RLD LOC=00001E94 FLD=00001E98 EXT=00000000
LZ390I RLD LOC=00002018 FLD=0000201C EXT=00000000
LZ390I RLD LOC=000021FE FLD=00002240 EXT=00000000
LZ390I RLD LOC=00002D60 FLD=0000027E EXT=00000000
LZ390I RLD LOC=00002D70 FLD=000004E8 EXT=00000000
LZ390I RLD LOC=00002D74 FLD=000005E8 EXT=00000000
LZ390I RLD LOC=00002D7C FLD=00000856 EXT=00000000
LZ390I RLD LOC=00002D80 FLD=000009AE EXT=00000000
LZ390I RLD LOC=00002D84 FLD=00000C54 EXT=00000000
LZ390I RLD LOC=00002D90 FLD=00002888 EXT=00000000
LZ390I RLD LOC=00002D94 FLD=00001C02 EXT=00000000
LZ390I RLD LOC=00002D98 FLD=00000000 EXT=00002E38
LZ390I RLD LOC=00002D9C FLD=00002202 EXT=00000000
LZ390I INCLUDE = cics\LCL0E08.OBJ
LZ390I RLD LOC=00003190 FLD=0000039E EXT=00002E38
LZ390I RLD LOC=000032FC FLD=0000035C EXT=00002E38
LZ390I total errors         = 0
13:44:47 Z390CEBR  LZ390 ENDED   RC= 0 SEC= 0 MEM(MB)= 33 IO=1700
