11:45:17 Z390LOGO  MZ390 START USING z390 V1.5.05bx3 ON J2SE 1.7.0 02/15/12
11:45:18 Z390LOGO  MZ390 ENDED   RC= 0 SEC= 0 MEM(MB)= 69 IO=5911
11:45:18 Z390LOGO  LZ390 START USING z390 V1.5.05bx3 ON J2SE 1.7.0 02/15/12
11:45:18 Z390LOGO  LZ390 ENDED   RC= 0 SEC= 0 MEM(MB)= 10 IO=242
09:29:16 Z390LOGO  MZ390 START USING z390 V1.5.06x1 ON J2SE 1.7.0 02/17/12
09:29:17 Z390LOGO  MZ390 ENDED   RC= 0 SEC= 0 MEM(MB)= 69 IO=5911
09:29:17 Z390LOGO  LZ390 START USING z390 V1.5.06x1 ON J2SE 1.7.0 02/17/12
09:29:17 Z390LOGO  LZ390 ENDED   RC= 0 SEC= 0 MEM(MB)= 10 IO=242
21:16:45 Z390LOGO  MZ390 START USING z390 V1.5.06x1 ON J2SE 1.7.0 02/18/12
21:16:46 Z390LOGO  MZ390 ENDED   RC= 0 SEC= 0 MEM(MB)= 69 IO=5913
21:16:46 Z390LOGO  LZ390 START USING z390 V1.5.06x1 ON J2SE 1.7.0 02/18/12
21:16:46 Z390LOGO  LZ390 ENDED   RC= 0 SEC= 0 MEM(MB)= 10 IO=242
18:00:31 Z390LOGO  MZ390 START USING z390 V1.5.06x1 ON J2SE 1.7.0 02/19/12
18:00:32 Z390LOGO  MZ390 ENDED   RC= 0 SEC= 0 MEM(MB)= 69 IO=5913
18:00:32 Z390LOGO  LZ390 START USING z390 V1.5.06x1 ON J2SE 1.7.0 02/19/12
18:00:32 Z390LOGO  LZ390 ENDED   RC= 0 SEC= 0 MEM(MB)=  9 IO=242
20:28:52 Z390LOGO  MZ390 START USING z390 V1.5.06x1 ON J2SE 1.7.0 02/21/12
20:28:53 Z390LOGO  MZ390 ENDED   RC= 0 SEC= 0 MEM(MB)= 69 IO=5913
20:28:53 Z390LOGO  LZ390 START USING z390 V1.5.06x1 ON J2SE 1.7.0 02/21/12
20:28:53 Z390LOGO  LZ390 ENDED   RC= 0 SEC= 0 MEM(MB)=  9 IO=242
08:56:37 Z390LOGO  MZ390 START USING z390 V1.5.06x1 ON J2SE 1.7.0 02/23/12
08:56:38 Z390LOGO  MZ390 ENDED   RC= 0 SEC= 0 MEM(MB)= 69 IO=5913
08:56:38 Z390LOGO  LZ390 START USING z390 V1.5.06x1 ON J2SE 1.7.0 02/23/12
08:56:38 Z390LOGO  LZ390 ENDED   RC= 0 SEC= 0 MEM(MB)=  9 IO=242
12:52:40 Z390LOGO  MZ390 START USING z390 V1.5.06x1 ON J2SE 1.7.0 03/04/12
12:52:41 Z390LOGO  MZ390 ENDED   RC= 0 SEC= 0 MEM(MB)= 69 IO=5913
12:52:42 Z390LOGO  LZ390 START USING z390 V1.5.06x1 ON J2SE 1.7.0 03/04/12
12:52:42 Z390LOGO  LZ390 ENDED   RC= 0 SEC= 0 MEM(MB)=  9 IO=242
11:20:48 Z390LOGO  MZ390 START USING z390 V1.5.06x1 ON J2SE 1.7.0 03/06/12
11:20:49 Z390LOGO  MZ390 ENDED   RC= 0 SEC= 0 MEM(MB)= 69 IO=5913
11:20:49 Z390LOGO  LZ390 START USING z390 V1.5.06x1 ON J2SE 1.7.0 03/06/12
11:20:49 Z390LOGO  LZ390 ENDED   RC= 0 SEC= 0 MEM(MB)=  9 IO=242
12:15:59 Z390LOGO  MZ390 START USING z390 V1.5.06x1 ON J2SE 1.7.0 03/07/12
12:16:00 Z390LOGO  MZ390 ENDED   RC= 0 SEC= 0 MEM(MB)= 69 IO=5913
12:16:00 Z390LOGO  LZ390 START USING z390 V1.5.06x1 ON J2SE 1.7.0 03/07/12
12:16:01 Z390LOGO  LZ390 ENDED   RC= 0 SEC= 0 MEM(MB)=  9 IO=242
17:45:28 Z390LOGO  MZ390 START USING z390 V1.5.06x3 ON J2SE 1.7.0 03/08/12
17:45:29 Z390LOGO  MZ390 ENDED   RC= 0 SEC= 0 MEM(MB)= 69 IO=5913
17:45:29 Z390LOGO  LZ390 START USING z390 V1.5.06x3 ON J2SE 1.7.0 03/08/12
17:45:29 Z390LOGO  LZ390 ENDED   RC= 0 SEC= 0 MEM(MB)= 13 IO=419
21:17:17 Z390LOGO  MZ390 START USING z390 V1.5.06x3 ON J2SE 1.7.0 03/11/12
21:17:18 Z390LOGO  MZ390 ENDED   RC= 0 SEC= 0 MEM(MB)= 69 IO=5913
21:17:18 Z390LOGO  LZ390 START USING z390 V1.5.06x3 ON J2SE 1.7.0 03/11/12
21:17:18 Z390LOGO  LZ390 ENDED   RC= 0 SEC= 0 MEM(MB)= 13 IO=419
10:52:46 Z390LOGO  MZ390 START USING z390 V1.5.06x3 ON J2SE 1.7.0 03/22/12
10:52:47 Z390LOGO  MZ390 ENDED   RC= 0 SEC= 0 MEM(MB)= 69 IO=5913
10:52:47 Z390LOGO  LZ390 START USING z390 V1.5.06x3 ON J2SE 1.7.0 03/22/12
10:52:47 Z390LOGO  LZ390 ENDED   RC= 0 SEC= 0 MEM(MB)= 13 IO=419
22:56:40 Z390LOGO  MZ390 START USING z390 V1.5.06x3 ON J2SE 1.7.0 03/22/12
22:56:41 Z390LOGO  MZ390 ENDED   RC= 0 SEC= 0 MEM(MB)= 69 IO=5913
22:56:41 Z390LOGO  LZ390 START USING z390 V1.5.06x3 ON J2SE 1.7.0 03/22/12
22:56:41 Z390LOGO  LZ390 ENDED   RC= 0 SEC= 0 MEM(MB)= 13 IO=419
22:04:56 Z390LOGO  MZ390 START USING z390 V1.5.06x3 ON J2SE 1.7.0 03/23/12
22:04:57 Z390LOGO  MZ390 ENDED   RC= 0 SEC= 0 MEM(MB)= 69 IO=5913
22:04:57 Z390LOGO  LZ390 START USING z390 V1.5.06x3 ON J2SE 1.7.0 03/23/12
22:04:57 Z390LOGO  LZ390 ENDED   RC= 0 SEC= 0 MEM(MB)= 13 IO=419
08:07:51 Z390LOGO  MZ390 START USING z390 V1.5.06x3 ON J2SE 1.7.0 03/25/12
08:07:52 Z390LOGO  MZ390 ENDED   RC= 0 SEC= 0 MEM(MB)= 69 IO=5913
08:07:52 Z390LOGO  LZ390 START USING z390 V1.5.06x3 ON J2SE 1.7.0 03/25/12
08:07:53 Z390LOGO  LZ390 ENDED   RC= 0 SEC= 0 MEM(MB)= 11 IO=419
19:22:07 Z390LOGO  MZ390 START USING z390 V1.5.06x3 ON J2SE 1.7.0 03/28/12
19:22:08 Z390LOGO  MZ390 ENDED   RC= 0 SEC= 0 MEM(MB)= 69 IO=5913
19:22:08 Z390LOGO  LZ390 START USING z390 V1.5.06x3 ON J2SE 1.7.0 03/28/12
19:22:08 Z390LOGO  LZ390 ENDED   RC= 0 SEC= 0 MEM(MB)= 11 IO=419
10:33:36 Z390LOGO  MZ390 START USING z390 V1.5.06x3 ON J2SE 1.7.0 03/29/12
10:33:37 Z390LOGO  MZ390 ENDED   RC= 0 SEC= 0 MEM(MB)= 69 IO=5913
10:33:38 Z390LOGO  LZ390 START USING z390 V1.5.06x3 ON J2SE 1.7.0 03/29/12
10:33:38 Z390LOGO  LZ390 ENDED   RC= 0 SEC= 0 MEM(MB)= 11 IO=419
09:13:05 Z390LOGO  MZ390 START USING z390 V1.5.06rc4 ON J2SE 1.7.0 05/16/12
09:13:06 Z390LOGO  MZ390 ENDED   RC= 0 SEC= 0 MEM(MB)= 69 IO=5913
09:13:06 Z390LOGO  LZ390 START USING z390 V1.5.06rc4 ON J2SE 1.7.0 05/16/12
09:13:06 Z390LOGO  LZ390 ENDED   RC= 0 SEC= 0 MEM(MB)= 13 IO=419
10:01:05 Z390LOGO  MZ390 START USING z390 V1.5.06rc4 ON J2SE 1.7.0 05/18/12
10:01:06 Z390LOGO  MZ390 ENDED   RC= 0 SEC= 0 MEM(MB)= 69 IO=5913
10:01:06 Z390LOGO  LZ390 START USING z390 V1.5.06rc4 ON J2SE 1.7.0 05/18/12
10:01:06 Z390LOGO  LZ390 ENDED   RC= 0 SEC= 0 MEM(MB)= 13 IO=419
13:47:10 Z390LOGO  MZ390 START USING z390 V1.5.06 ON J2SE 1.6.0_31 05/21/12
13:47:11 Z390LOGO  MZ390 ENDED   RC= 0 SEC= 0 MEM(MB)= 69 IO=5913
13:47:11 Z390LOGO  LZ390 START USING z390 V1.5.06 ON J2SE 1.6.0_31 05/21/12
13:47:11 Z390LOGO  LZ390 ENDED   RC= 0 SEC= 0 MEM(MB)= 13 IO=419
