11:45:09 Z390KCP   MZ390 START USING z390 V1.5.05bx3 ON J2SE 1.7.0 02/15/12
11:45:10 Z390KCP   AZ390 MNOTE 'CHANNEL AND COMMAREA SPECIFIED'
11:45:11 Z390KCP   AZ390 MNOTE 'CHANNEL AND COMMAREA SPECIFIED'
11:45:12 Z390KCP   MZ390 ENDED   RC= 0 SEC= 3 MEM(MB)= 71 IO=19948
11:45:12 Z390KCP   LZ390 START USING z390 V1.5.05bx3 ON J2SE 1.7.0 02/15/12
11:45:12 Z390KCP   LZ390 ENDED   RC= 0 SEC= 0 MEM(MB)= 19 IO=851
09:29:08 Z390KCP   MZ390 START USING z390 V1.5.06x1 ON J2SE 1.7.0 02/17/12
09:29:10 Z390KCP   AZ390 MNOTE 'CHANNEL AND COMMAREA SPECIFIED'
09:29:10 Z390KCP   AZ390 MNOTE 'CHANNEL AND COMMAREA SPECIFIED'
09:29:11 Z390KCP   MZ390 ENDED   RC= 0 SEC= 3 MEM(MB)= 71 IO=19948
09:29:11 Z390KCP   LZ390 START USING z390 V1.5.06x1 ON J2SE 1.7.0 02/17/12
09:29:12 Z390KCP   LZ390 ENDED   RC= 0 SEC= 0 MEM(MB)= 19 IO=851
10:17:32 Z390KCP   EZ390 START USING z390 V1.5.06x1 ON J2SE 1.7.0 02/17/12
10:18:20 Z390KCP   EZ390 ENDED   RC=16 SEC=48 MEM(MB)= 63 IO=1260 INS=5181110:18:40 Z390KCP   EZ390 ENDED   RC=16 SEC=67 MEM(MB)= 67 IO=1216 INS=69055
21:16:37 Z390KCP   MZ390 START USING z390 V1.5.06x1 ON J2SE 1.7.0 02/18/12
21:16:39 Z390KCP   AZ390 MNOTE 'CHANNEL AND COMMAREA SPECIFIED'
21:16:39 Z390KCP   AZ390 MNOTE 'CHANNEL AND COMMAREA SPECIFIED'
21:16:40 Z390KCP   MZ390 ENDED   RC= 0 SEC= 2 MEM(MB)= 71 IO=19950
21:16:40 Z390KCP   LZ390 START USING z390 V1.5.06x1 ON J2SE 1.7.0 02/18/12
21:16:40 Z390KCP   LZ390 ENDED   RC= 0 SEC= 0 MEM(MB)= 19 IO=851
18:00:22 Z390KCP   MZ390 START USING z390 V1.5.06x1 ON J2SE 1.7.0 02/19/12
18:00:24 Z390KCP   AZ390 MNOTE 'CHANNEL AND COMMAREA SPECIFIED'
18:00:24 Z390KCP   AZ390 MNOTE 'CHANNEL AND COMMAREA SPECIFIED'
18:00:25 Z390KCP   MZ390 ENDED   RC= 0 SEC= 3 MEM(MB)= 71 IO=19950
18:00:26 Z390KCP   LZ390 START USING z390 V1.5.06x1 ON J2SE 1.7.0 02/19/12
18:00:26 Z390KCP   LZ390 ENDED   RC= 0 SEC= 0 MEM(MB)= 16 IO=851
20:28:45 Z390KCP   MZ390 START USING z390 V1.5.06x1 ON J2SE 1.7.0 02/21/12
20:28:46 Z390KCP   AZ390 MNOTE 'CHANNEL AND COMMAREA SPECIFIED'
20:28:46 Z390KCP   AZ390 MNOTE 'CHANNEL AND COMMAREA SPECIFIED'
20:28:47 Z390KCP   MZ390 ENDED   RC= 0 SEC= 2 MEM(MB)= 71 IO=19950
20:28:47 Z390KCP   LZ390 START USING z390 V1.5.06x1 ON J2SE 1.7.0 02/21/12
20:28:47 Z390KCP   LZ390 ENDED   RC= 0 SEC= 0 MEM(MB)= 16 IO=851
08:56:28 Z390KCP   MZ390 START USING z390 V1.5.06x1 ON J2SE 1.7.0 02/23/12
08:56:30 Z390KCP   AZ390 MNOTE 'CHANNEL AND COMMAREA SPECIFIED'
08:56:30 Z390KCP   AZ390 MNOTE 'CHANNEL AND COMMAREA SPECIFIED'
08:56:31 Z390KCP   MZ390 ENDED   RC= 0 SEC= 3 MEM(MB)= 71 IO=19950
08:56:32 Z390KCP   LZ390 START USING z390 V1.5.06x1 ON J2SE 1.7.0 02/23/12
08:56:32 Z390KCP   LZ390 ENDED   RC= 0 SEC= 0 MEM(MB)= 16 IO=851
12:52:31 Z390KCP   MZ390 START USING z390 V1.5.06x1 ON J2SE 1.7.0 03/04/12
12:52:33 Z390KCP   AZ390 MNOTE 'CHANNEL AND COMMAREA SPECIFIED'
12:52:33 Z390KCP   AZ390 MNOTE 'CHANNEL AND COMMAREA SPECIFIED'
12:52:34 Z390KCP   MZ390 ENDED   RC= 0 SEC= 3 MEM(MB)= 71 IO=19950
12:52:35 Z390KCP   LZ390 START USING z390 V1.5.06x1 ON J2SE 1.7.0 03/04/12
12:52:35 Z390KCP   LZ390 ENDED   RC= 0 SEC= 0 MEM(MB)= 16 IO=851
11:20:38 Z390KCP   MZ390 START USING z390 V1.5.06x1 ON J2SE 1.7.0 03/06/12
11:20:40 Z390KCP   AZ390 MNOTE 'CHANNEL AND COMMAREA SPECIFIED'
11:20:41 Z390KCP   AZ390 MNOTE 'CHANNEL AND COMMAREA SPECIFIED'
11:20:42 Z390KCP   MZ390 ENDED   RC= 0 SEC= 3 MEM(MB)= 71 IO=19950
11:20:42 Z390KCP   LZ390 START USING z390 V1.5.06x1 ON J2SE 1.7.0 03/06/12
11:20:42 Z390KCP   LZ390 ENDED   RC= 0 SEC= 0 MEM(MB)= 16 IO=851
12:15:51 Z390KCP   MZ390 START USING z390 V1.5.06x1 ON J2SE 1.7.0 03/07/12
12:15:53 Z390KCP   AZ390 MNOTE 'CHANNEL AND COMMAREA SPECIFIED'
12:15:53 Z390KCP   AZ390 MNOTE 'CHANNEL AND COMMAREA SPECIFIED'
12:15:54 Z390KCP   MZ390 ENDED   RC= 0 SEC= 3 MEM(MB)= 71 IO=19950
12:15:54 Z390KCP   LZ390 START USING z390 V1.5.06x1 ON J2SE 1.7.0 03/07/12
12:15:54 Z390KCP   LZ390 ENDED   RC= 0 SEC= 0 MEM(MB)= 16 IO=851
17:45:17 Z390KCP   MZ390 START USING z390 V1.5.06x3 ON J2SE 1.7.0 03/08/12
17:45:19 Z390KCP   AZ390 MNOTE 'CHANNEL AND COMMAREA SPECIFIED'
17:45:20 Z390KCP   AZ390 MNOTE 'CHANNEL AND COMMAREA SPECIFIED'
17:45:21 Z390KCP   MZ390 ENDED   RC= 0 SEC= 3 MEM(MB)= 71 IO=19950
17:45:21 Z390KCP   LZ390 START USING z390 V1.5.06x3 ON J2SE 1.7.0 03/08/12
17:45:21 Z390KCP   LZ390 ENDED   RC= 0 SEC= 0 MEM(MB)= 29 IO=1556
20:13:58 Z390KCP   EZ390 START USING z390 V1.5.06x3 ON J2SE 1.7.0 03/08/12
20:15:50 Z390KCP   EZ390 ENDED   RC= 0 SEC=112 MEM(MB)= 61 IO=1216 INS=119701
15:50 Z390KCP   EZ390 ENDED   RC= 0 SEC=112 MEM(MB)= 66 IO=1416 INS=109004
21:03:01 Z390KCP   EZ390 START USING z390 V1.5.06x3 ON J2SE 1.7.0 03/11/12
21:03:36 Z390KCP   EZ390 ENDED   RC= 0 SEC=34 MEM(MB)= 55 IO=1216 INS=38497
1:03:35 Z390KCP   EZ390 ENDED   RC= 0 SEC=34 MEM(MB)=159 IO=12419 INS=33834
21:04:39 Z390KCP   EZ390 START USING z390 V1.5.06x3 ON J2SE 1.7.0 03/11/12
21:05:09 Z390KCP   EZ390 ENDED   RC= 0 SEC=29 MEM(MB)= 58 IO=1216 INS=33851
1:05:09 Z390KCP   EZ390 ENDED   RC= 0 SEC=29 MEM(MB)=164 IO=12419 INS=28517
21:17:08 Z390KCP   MZ390 START USING z390 V1.5.06x3 ON J2SE 1.7.0 03/11/12
21:17:10 Z390KCP   AZ390 MNOTE 'CHANNEL AND COMMAREA SPECIFIED'
21:17:11 Z390KCP   AZ390 MNOTE 'CHANNEL AND COMMAREA SPECIFIED'
21:17:12 Z390KCP   MZ390 ENDED   RC= 0 SEC= 3 MEM(MB)= 71 IO=19950
21:17:12 Z390KCP   LZ390 START USING z390 V1.5.06x3 ON J2SE 1.7.0 03/11/12
21:17:12 Z390KCP   LZ390 ENDED   RC= 0 SEC= 0 MEM(MB)= 29 IO=1556
21:29:46 Z390KCP   EZ390 START USING z390 V1.5.06x3 ON J2SE 1.7.0 03/11/12
21:31:56 Z390KCP   EZ390 ENDED   RC=16 SEC=130 MEM(MB)= 56 IO=1216 INS=137735
29:57 Z390KCP   EZ390 EZ390E error  11 ABEND PSW=07052600 800FDE24 D01C07FE18CF TRTR  ABEND S0C5
21:29:57 Z390KCP   EZ390 EZ390E error  12 program aborting due to abend S0C5
21:29:57 Z390KCP   EZ390 ENDED   RC=16 SEC=10 MEM(MB)= 59 IO=1537 INS=19648
10:52:38 Z390KCP   MZ390 START USING z390 V1.5.06x3 ON J2SE 1.7.0 03/22/12
10:52:39 Z390KCP   AZ390 MNOTE 'CHANNEL AND COMMAREA SPECIFIED'
10:52:40 Z390KCP   AZ390 MNOTE 'CHANNEL AND COMMAREA SPECIFIED'
10:52:41 Z390KCP   MZ390 ENDED   RC= 0 SEC= 3 MEM(MB)= 71 IO=19950
10:52:41 Z390KCP   LZ390 START USING z390 V1.5.06x3 ON J2SE 1.7.0 03/22/12
10:52:41 Z390KCP   LZ390 ENDED   RC= 0 SEC= 0 MEM(MB)= 29 IO=1556
10:54:54 Z390KCP   EZ390 START USING z390 V1.5.06x3 ON J2SE 1.7.0 03/22/12
10:55:03 Z390KCP   EZ390 EZ390E error  11 ABEND PSW=07052600 800FDE24 D01C0710:58:27 Z390KCP   EZ390 ENDED   RC=16 SEC=212 MEM(MB)= 66 IO=1373 INS=207013
ting due to abend S0C5
10:55:03 Z390KCP   EZ390 ENDED   RC=16 SEC= 9 MEM(MB)= 55 IO=1537 INS=17426
10:58:43 Z390KCP   EZ390 START USING z390 V1.5.06x3 ON J2SE 1.7.0 03/22/12
10:58:52 Z390KCP   EZ390 EZ390E error  11 ABEND PSW=07052600 800FDE24 D01C0710:59:50 Z390KCP   EZ390 ENDED   RC=16 SEC=66 MEM(MB)= 94 IO=1373 INS=53929
orting due to abend S0C5
10:58:52 Z390KCP   EZ390 ENDED   RC=16 SEC= 8 MEM(MB)= 58 IO=1537 INS=16315
22:56:31 Z390KCP   MZ390 START USING z390 V1.5.06x3 ON J2SE 1.7.0 03/22/12
22:56:33 Z390KCP   AZ390 MNOTE 'CHANNEL AND COMMAREA SPECIFIED'
22:56:34 Z390KCP   AZ390 MNOTE 'CHANNEL AND COMMAREA SPECIFIED'
22:56:35 Z390KCP   MZ390 ENDED   RC= 0 SEC= 3 MEM(MB)= 71 IO=19950
22:56:35 Z390KCP   LZ390 START USING z390 V1.5.06x3 ON J2SE 1.7.0 03/22/12
22:56:35 Z390KCP   LZ390 ENDED   RC= 0 SEC= 0 MEM(MB)= 29 IO=1556
22:04:49 Z390KCP   MZ390 START USING z390 V1.5.06x3 ON J2SE 1.7.0 03/23/12
22:04:51 Z390KCP   AZ390 MNOTE 'CHANNEL AND COMMAREA SPECIFIED'
22:04:51 Z390KCP   AZ390 MNOTE 'CHANNEL AND COMMAREA SPECIFIED'
22:04:51 Z390KCP   MZ390 ENDED   RC= 0 SEC= 2 MEM(MB)= 71 IO=19950
22:04:52 Z390KCP   LZ390 START USING z390 V1.5.06x3 ON J2SE 1.7.0 03/23/12
22:04:52 Z390KCP   LZ390 ENDED   RC= 0 SEC= 0 MEM(MB)= 29 IO=1556
08:07:42 Z390KCP   MZ390 START USING z390 V1.5.06x3 ON J2SE 1.7.0 03/25/12
08:07:44 Z390KCP   AZ390 MNOTE 'CHANNEL AND COMMAREA SPECIFIED'
08:07:45 Z390KCP   AZ390 MNOTE 'CHANNEL AND COMMAREA SPECIFIED'
08:07:46 Z390KCP   MZ390 ENDED   RC= 0 SEC= 3 MEM(MB)= 71 IO=19950
08:07:46 Z390KCP   LZ390 START USING z390 V1.5.06x3 ON J2SE 1.7.0 03/25/12
08:07:46 Z390KCP   LZ390 ENDED   RC= 0 SEC= 0 MEM(MB)= 24 IO=1556
19:21:58 Z390KCP   MZ390 START USING z390 V1.5.06x3 ON J2SE 1.7.0 03/28/12
19:22:00 Z390KCP   AZ390 MNOTE 'CHANNEL AND COMMAREA SPECIFIED'
19:22:00 Z390KCP   AZ390 MNOTE 'CHANNEL AND COMMAREA SPECIFIED'
19:22:01 Z390KCP   MZ390 ENDED   RC= 0 SEC= 3 MEM(MB)= 71 IO=19950
19:22:02 Z390KCP   LZ390 START USING z390 V1.5.06x3 ON J2SE 1.7.0 03/28/12
19:22:02 Z390KCP   LZ390 ENDED   RC= 0 SEC= 0 MEM(MB)= 24 IO=1556
10:33:28 Z390KCP   MZ390 START USING z390 V1.5.06x3 ON J2SE 1.7.0 03/29/12
10:33:29 Z390KCP   AZ390 MNOTE 'CHANNEL AND COMMAREA SPECIFIED'
10:33:30 Z390KCP   AZ390 MNOTE 'CHANNEL AND COMMAREA SPECIFIED'
10:33:31 Z390KCP   MZ390 ENDED   RC= 0 SEC= 3 MEM(MB)= 71 IO=19950
10:33:31 Z390KCP   LZ390 START USING z390 V1.5.06x3 ON J2SE 1.7.0 03/29/12
10:33:31 Z390KCP   LZ390 ENDED   RC= 0 SEC= 0 MEM(MB)= 24 IO=1556
09:12:56 Z390KCP   MZ390 START USING z390 V1.5.06rc4 ON J2SE 1.7.0 05/16/12
09:12:58 Z390KCP   AZ390 MNOTE 'CHANNEL AND COMMAREA SPECIFIED'
09:12:59 Z390KCP   AZ390 MNOTE 'CHANNEL AND COMMAREA SPECIFIED'
09:13:00 Z390KCP   MZ390 ENDED   RC= 0 SEC= 3 MEM(MB)= 71 IO=19950
09:13:00 Z390KCP   LZ390 START USING z390 V1.5.06rc4 ON J2SE 1.7.0 05/16/12
09:13:00 Z390KCP   LZ390 ENDED   RC= 0 SEC= 0 MEM(MB)= 29 IO=1556
10:00:57 Z390KCP   MZ390 START USING z390 V1.5.06rc4 ON J2SE 1.7.0 05/18/12
10:00:58 Z390KCP   AZ390 MNOTE 'CHANNEL AND COMMAREA SPECIFIED'
10:00:59 Z390KCP   AZ390 MNOTE 'CHANNEL AND COMMAREA SPECIFIED'
10:01:00 Z390KCP   MZ390 ENDED   RC= 0 SEC= 3 MEM(MB)= 71 IO=19950
10:01:00 Z390KCP   LZ390 START USING z390 V1.5.06rc4 ON J2SE 1.7.0 05/18/12
10:01:00 Z390KCP   LZ390 ENDED   RC= 0 SEC= 0 MEM(MB)= 29 IO=1556
13:47:02 Z390KCP   MZ390 START USING z390 V1.5.06 ON J2SE 1.6.0_31 05/21/12
13:47:04 Z390KCP   AZ390 MNOTE 'CHANNEL AND COMMAREA SPECIFIED'
13:47:04 Z390KCP   AZ390 MNOTE 'CHANNEL AND COMMAREA SPECIFIED'
13:47:05 Z390KCP   MZ390 ENDED   RC= 0 SEC= 3 MEM(MB)= 72 IO=19950
13:47:05 Z390KCP   LZ390 START USING z390 V1.5.06 ON J2SE 1.6.0_31 05/21/12
13:47:05 Z390KCP   LZ390 ENDED   RC= 0 SEC= 0 MEM(MB)= 29 IO=1556
