11:45:00 Z390CICS  MZ390 START USING z390 V1.5.05bx3 ON J2SE 1.7.0 02/15/12
11:45:03 Z390CICS  MZ390 ENDED   RC= 0 SEC= 2 MEM(MB)= 70 IO=12926
11:45:03 Z390CICS  LZ390 START USING z390 V1.5.05bx3 ON J2SE 1.7.0 02/15/12
11:45:03 Z390CICS  LZ390 ENDED   RC= 0 SEC= 0 MEM(MB)= 38 IO=3024
09:29:00 Z390CICS  MZ390 START USING z390 V1.5.06x1 ON J2SE 1.7.0 02/17/12
09:29:03 Z390CICS  MZ390 ENDED   RC= 0 SEC= 2 MEM(MB)= 70 IO=12926
09:29:03 Z390CICS  LZ390 START USING z390 V1.5.06x1 ON J2SE 1.7.0 02/17/12
09:29:03 Z390CICS  LZ390 ENDED   RC= 0 SEC= 0 MEM(MB)= 38 IO=3024
10:17:31 Z390CICS  EZ390 START USING z390 V1.5.06x1 ON J2SE 1.7.0 02/17/12
21:16:29 Z390CICS  MZ390 START USING z390 V1.5.06x1 ON J2SE 1.7.0 02/18/12
21:16:32 Z390CICS  MZ390 ENDED   RC= 0 SEC= 2 MEM(MB)= 70 IO=12928
21:16:32 Z390CICS  LZ390 START USING z390 V1.5.06x1 ON J2SE 1.7.0 02/18/12
21:16:32 Z390CICS  LZ390 ENDED   RC= 0 SEC= 0 MEM(MB)= 38 IO=3024
18:00:14 Z390CICS  MZ390 START USING z390 V1.5.06x1 ON J2SE 1.7.0 02/19/12
18:00:16 Z390CICS  MZ390 ENDED   RC= 0 SEC= 2 MEM(MB)= 70 IO=12928
18:00:16 Z390CICS  LZ390 START USING z390 V1.5.06x1 ON J2SE 1.7.0 02/19/12
18:00:17 Z390CICS  LZ390 ENDED   RC= 0 SEC= 0 MEM(MB)= 35 IO=3024
20:28:37 Z390CICS  MZ390 START USING z390 V1.5.06x1 ON J2SE 1.7.0 02/21/12
20:28:39 Z390CICS  MZ390 ENDED   RC= 0 SEC= 1 MEM(MB)= 70 IO=12928
20:28:39 Z390CICS  LZ390 START USING z390 V1.5.06x1 ON J2SE 1.7.0 02/21/12
20:28:40 Z390CICS  LZ390 ENDED   RC= 0 SEC= 0 MEM(MB)= 35 IO=3024
08:56:19 Z390CICS  MZ390 START USING z390 V1.5.06x1 ON J2SE 1.7.0 02/23/12
08:56:22 Z390CICS  MZ390 ENDED   RC= 0 SEC= 2 MEM(MB)= 70 IO=12928
08:56:22 Z390CICS  LZ390 START USING z390 V1.5.06x1 ON J2SE 1.7.0 02/23/12
08:56:23 Z390CICS  LZ390 ENDED   RC= 0 SEC= 0 MEM(MB)= 35 IO=3024
12:52:22 Z390CICS  MZ390 START USING z390 V1.5.06x1 ON J2SE 1.7.0 03/04/12
12:52:25 Z390CICS  MZ390 ENDED   RC= 0 SEC= 2 MEM(MB)= 70 IO=12928
12:52:25 Z390CICS  LZ390 START USING z390 V1.5.06x1 ON J2SE 1.7.0 03/04/12
12:52:25 Z390CICS  LZ390 ENDED   RC= 0 SEC= 0 MEM(MB)= 35 IO=3024
11:20:29 Z390CICS  MZ390 START USING z390 V1.5.06x1 ON J2SE 1.7.0 03/06/12
11:20:32 Z390CICS  MZ390 ENDED   RC= 0 SEC= 2 MEM(MB)= 70 IO=12928
11:20:32 Z390CICS  LZ390 START USING z390 V1.5.06x1 ON J2SE 1.7.0 03/06/12
11:20:33 Z390CICS  LZ390 ENDED   RC= 0 SEC= 0 MEM(MB)= 35 IO=3024
12:15:42 Z390CICS  MZ390 START USING z390 V1.5.06x1 ON J2SE 1.7.0 03/07/12
12:15:45 Z390CICS  MZ390 ENDED   RC= 0 SEC= 2 MEM(MB)= 70 IO=12928
12:15:45 Z390CICS  LZ390 START USING z390 V1.5.06x1 ON J2SE 1.7.0 03/07/12
12:15:45 Z390CICS  LZ390 ENDED   RC= 0 SEC= 0 MEM(MB)= 35 IO=3024
17:45:08 Z390CICS  MZ390 START USING z390 V1.5.06x3 ON J2SE 1.7.0 03/08/12
17:45:11 Z390CICS  MZ390 ENDED   RC= 0 SEC= 2 MEM(MB)= 70 IO=12928
17:45:11 Z390CICS  LZ390 START USING z390 V1.5.06x3 ON J2SE 1.7.0 03/08/12
17:45:12 Z390CICS  LZ390 ENDED   RC= 0 SEC= 0 MEM(MB)= 38 IO=5287
20:13:57 Z390CICS  EZ390 START USING z390 V1.5.06x3 ON J2SE 1.7.0 03/08/12
20:15:50 Z390CICS  EZ390 ENDED   RC= 0 SEC=112 MEM(MB)= 20 IO=561 INS=26600
21:03:01 Z390CICS  EZ390 START USING z390 V1.5.06x3 ON J2SE 1.7.0 03/11/12
21:03:35 Z390CICS  EZ390 ENDED   RC= 0 SEC=34 MEM(MB)= 36 IO=22046 INS=11895
21:04:39 Z390CICS  EZ390 START USING z390 V1.5.06x3 ON J2SE 1.7.0 03/11/12
21:04:59 Z390CICS  EZ390 EZ390E error 116 CMD MSG MAXQUE EXCEEDED - COPYING ALL CMD OUTPUT TO LOG
21:05:09 Z390CICS  EZ390 ENDED   RC=16 SEC=29 MEM(MB)= 36 IO=22048 INS=11049
21:17:00 Z390CICS  MZ390 START USING z390 V1.5.06x3 ON J2SE 1.7.0 03/11/12
21:17:03 Z390CICS  MZ390 ENDED   RC= 0 SEC= 2 MEM(MB)= 70 IO=12928
21:17:03 Z390CICS  LZ390 START USING z390 V1.5.06x3 ON J2SE 1.7.0 03/11/12
21:17:03 Z390CICS  LZ390 ENDED   RC= 0 SEC= 0 MEM(MB)= 38 IO=5287
21:29:46 Z390CICS  EZ390 START USING z390 V1.5.06x3 ON J2SE 1.7.0 03/11/12
10:52:30 Z390CICS  MZ390 START USING z390 V1.5.06x3 ON J2SE 1.7.0 03/22/12
10:52:32 Z390CICS  MZ390 ENDED   RC= 0 SEC= 2 MEM(MB)= 70 IO=12928
10:52:32 Z390CICS  LZ390 START USING z390 V1.5.06x3 ON J2SE 1.7.0 03/22/12
10:52:33 Z390CICS  LZ390 ENDED   RC= 0 SEC= 0 MEM(MB)= 38 IO=5287
10:54:54 Z390CICS  EZ390 START USING z390 V1.5.06x3 ON J2SE 1.7.0 03/22/12
10:58:22 Z390CICS  EZ390 EZ390E error  11 ABEND PSW=07051600 800F92EA 0A0D         SVC   ABEND U0780
10:58:24 Z390CICS  EZ390 EZ390E error  12 program aborting due to abend U0780
10:58:24 Z390CICS  EZ390 ENDED   RC=16 SEC=209 MEM(MB)= 77 IO=2999 INS=39377
10:58:42 Z390CICS  EZ390 START USING z390 V1.5.06x3 ON J2SE 1.7.0 03/22/12
10:59:46 Z390CICS  EZ390 EZ390E error  11 ABEND PSW=07051600 800F92EA 0A0D         SVC   ABEND U0780
10:59:47 Z390CICS  EZ390 EZ390E error  12 program aborting due to abend U0780
10:59:47 Z390CICS  EZ390 ENDED   RC=16 SEC=64 MEM(MB)= 83 IO=755 INS=14211
11:45:14 Z390CICS  EZ390 START USING z390 V1.5.06x3 ON J2SE 1.7.0 03/22/12
11:45:53 Z390CICS  EZ390 EZ390E error  11 ABEND PSW=07051600 800F92EA 0A0D         SVC   ABEND U0780
11:45:55 Z390CICS  EZ390 EZ390E error  12 program aborting due to abend U0780
11:45:55 Z390CICS  EZ390 ENDED   RC=16 SEC=40 MEM(MB)= 79 IO=2980 INS=11186
22:16:13 Z390CICS  EZ390 START USING z390 V1.5.06x3 ON J2SE 1.7.0 03/22/12
22:17:00 Z390CICS  EZ390 ENDED   RC= 0 SEC=47 MEM(MB)= 27 IO=886 INS=32043
22:18:01 Z390CICS  EZ390 START USING z390 V1.5.06x3 ON J2SE 1.7.0 03/22/12
22:18:39 Z390CICS  EZ390 ENDED   RC= 0 SEC=38 MEM(MB)= 18 IO=685 INS=26925
22:56:22 Z390CICS  MZ390 START USING z390 V1.5.06x3 ON J2SE 1.7.0 03/22/12
22:56:25 Z390CICS  MZ390 ENDED   RC= 0 SEC= 2 MEM(MB)= 70 IO=12928
22:56:25 Z390CICS  LZ390 START USING z390 V1.5.06x3 ON J2SE 1.7.0 03/22/12
22:56:26 Z390CICS  LZ390 ENDED   RC= 0 SEC= 0 MEM(MB)= 38 IO=5287
22:04:42 Z390CICS  MZ390 START USING z390 V1.5.06x3 ON J2SE 1.7.0 03/23/12
22:04:44 Z390CICS  MZ390 ENDED   RC= 0 SEC= 1 MEM(MB)= 70 IO=12928
22:04:44 Z390CICS  LZ390 START USING z390 V1.5.06x3 ON J2SE 1.7.0 03/23/12
22:04:44 Z390CICS  LZ390 ENDED   RC= 0 SEC= 0 MEM(MB)= 38 IO=5287
08:07:33 Z390CICS  MZ390 START USING z390 V1.5.06x3 ON J2SE 1.7.0 03/25/12
08:07:36 Z390CICS  MZ390 ENDED   RC= 0 SEC= 2 MEM(MB)= 70 IO=12928
08:07:36 Z390CICS  LZ390 START USING z390 V1.5.06x3 ON J2SE 1.7.0 03/25/12
08:07:37 Z390CICS  LZ390 ENDED   RC= 0 SEC= 0 MEM(MB)= 38 IO=5287
19:21:49 Z390CICS  MZ390 START USING z390 V1.5.06x3 ON J2SE 1.7.0 03/28/12
19:21:52 Z390CICS  MZ390 ENDED   RC= 0 SEC= 2 MEM(MB)= 70 IO=12928
19:21:52 Z390CICS  LZ390 START USING z390 V1.5.06x3 ON J2SE 1.7.0 03/28/12
19:21:52 Z390CICS  LZ390 ENDED   RC= 0 SEC= 0 MEM(MB)= 38 IO=5287
19:45:35 Z390CICS  EZ390 START USING z390 V1.5.06x3 ON J2SE 1.7.0 03/28/12
19:46:45 Z390CICS  EZ390 ENDED   RC= 0 SEC=70 MEM(MB)= 20 IO=686 INS=32187
10:33:19 Z390CICS  MZ390 START USING z390 V1.5.06x3 ON J2SE 1.7.0 03/29/12
10:33:22 Z390CICS  MZ390 ENDED   RC= 0 SEC= 2 MEM(MB)= 70 IO=12928
10:33:22 Z390CICS  LZ390 START USING z390 V1.5.06x3 ON J2SE 1.7.0 03/29/12
10:33:22 Z390CICS  LZ390 ENDED   RC= 0 SEC= 0 MEM(MB)= 38 IO=5287
11:53:02 Z390CICS  EZ390 START USING z390 V1.5.06x3 ON J2SE 1.7.0 03/29/12
11:55:10 Z390CICS  EZ390 ENDED   RC= 0 SEC=127 MEM(MB)= 20 IO=705 INS=48584
09:12:48 Z390CICS  MZ390 START USING z390 V1.5.06rc4 ON J2SE 1.7.0 05/16/12
09:12:50 Z390CICS  MZ390 ENDED   RC= 0 SEC= 2 MEM(MB)= 70 IO=12928
09:12:50 Z390CICS  LZ390 START USING z390 V1.5.06rc4 ON J2SE 1.7.0 05/16/12
09:12:51 Z390CICS  LZ390 ENDED   RC= 0 SEC= 0 MEM(MB)= 38 IO=5287
10:46:54 Z390CICS  EZ390 START USING z390 V1.5.06rc4 ON J2SE 1.7.0 05/16/12
10:48:00 Z390CICS  EZ390 ENDED   RC= 0 SEC=65 MEM(MB)= 18 IO=703 INS=38288
10:48:31 Z390CICS  EZ390 START USING z390 V1.5.06rc4 ON J2SE 1.7.0 05/16/12
10:48:55 Z390CICS  EZ390 ENDED   RC= 0 SEC=23 MEM(MB)= 18 IO=685 INS=7641
10:00:48 Z390CICS  MZ390 START USING z390 V1.5.06rc4 ON J2SE 1.7.0 05/18/12
10:00:51 Z390CICS  MZ390 ENDED   RC= 0 SEC= 2 MEM(MB)= 70 IO=12928
10:00:51 Z390CICS  LZ390 START USING z390 V1.5.06rc4 ON J2SE 1.7.0 05/18/12
10:00:52 Z390CICS  LZ390 ENDED   RC= 0 SEC= 0 MEM(MB)= 38 IO=5287
16:41:50 Z390CICS  EZ390 START USING z390 V1.5.06rc4 ON J2SE 1.7.0 05/18/12
16:42:57 Z390CICS  EZ390 ENDED   RC= 0 SEC=67 MEM(MB)= 18 IO=703 INS=39392
13:46:54 Z390CICS  MZ390 START USING z390 V1.5.06 ON J2SE 1.6.0_31 05/21/12
13:46:56 Z390CICS  MZ390 ENDED   RC= 0 SEC= 2 MEM(MB)= 70 IO=12928
13:46:57 Z390CICS  LZ390 START USING z390 V1.5.06 ON J2SE 1.6.0_31 05/21/12
13:46:57 Z390CICS  LZ390 ENDED   RC= 0 SEC= 0 MEM(MB)= 38 IO=5287
14:03:13 Z390CICS  EZ390 START USING z390 V1.5.06 ON J2SE 1.6.0_31 05/21/12
14:04:22 Z390CICS  EZ390 ENDED   RC= 0 SEC=69 MEM(MB)= 19 IO=685 INS=32416
