11:45:20 Z390RMTE  MZ390 START USING z390 V1.5.05bx3 ON J2SE 1.7.0 02/15/12
11:45:20 Z390RMTE  MZ390 ENDED   RC= 0 SEC= 0 MEM(MB)= 37 IO=1781
11:45:20 Z390RMTE  LZ390 START USING z390 V1.5.05bx3 ON J2SE 1.7.0 02/15/12
11:45:20 Z390RMTE  LZ390 ENDED   RC= 0 SEC= 0 MEM(MB)=  8 IO=41
09:29:19 Z390RMTE  MZ390 START USING z390 V1.5.06x1 ON J2SE 1.7.0 02/17/12
09:29:19 Z390RMTE  MZ390 ENDED   RC= 0 SEC= 0 MEM(MB)= 37 IO=1781
09:29:19 Z390RMTE  LZ390 START USING z390 V1.5.06x1 ON J2SE 1.7.0 02/17/12
09:29:19 Z390RMTE  LZ390 ENDED   RC= 0 SEC= 0 MEM(MB)=  8 IO=41
21:16:47 Z390RMTE  MZ390 START USING z390 V1.5.06x1 ON J2SE 1.7.0 02/18/12
21:16:48 Z390RMTE  MZ390 ENDED   RC= 0 SEC= 0 MEM(MB)= 37 IO=1783
21:16:48 Z390RMTE  LZ390 START USING z390 V1.5.06x1 ON J2SE 1.7.0 02/18/12
21:16:48 Z390RMTE  LZ390 ENDED   RC= 0 SEC= 0 MEM(MB)=  8 IO=41
18:00:33 Z390RMTE  MZ390 START USING z390 V1.5.06x1 ON J2SE 1.7.0 02/19/12
18:00:34 Z390RMTE  MZ390 ENDED   RC= 0 SEC= 0 MEM(MB)= 37 IO=1783
18:00:34 Z390RMTE  LZ390 START USING z390 V1.5.06x1 ON J2SE 1.7.0 02/19/12
18:00:34 Z390RMTE  LZ390 ENDED   RC= 0 SEC= 0 MEM(MB)=  8 IO=41
20:28:54 Z390RMTE  MZ390 START USING z390 V1.5.06x1 ON J2SE 1.7.0 02/21/12
20:28:55 Z390RMTE  MZ390 ENDED   RC= 0 SEC= 0 MEM(MB)= 37 IO=1783
20:28:55 Z390RMTE  LZ390 START USING z390 V1.5.06x1 ON J2SE 1.7.0 02/21/12
20:28:55 Z390RMTE  LZ390 ENDED   RC= 0 SEC= 0 MEM(MB)=  8 IO=41
08:56:40 Z390RMTE  MZ390 START USING z390 V1.5.06x1 ON J2SE 1.7.0 02/23/12
08:56:40 Z390RMTE  MZ390 ENDED   RC= 0 SEC= 0 MEM(MB)= 37 IO=1783
08:56:40 Z390RMTE  LZ390 START USING z390 V1.5.06x1 ON J2SE 1.7.0 02/23/12
08:56:41 Z390RMTE  LZ390 ENDED   RC= 0 SEC= 0 MEM(MB)=  8 IO=41
12:52:43 Z390RMTE  MZ390 START USING z390 V1.5.06x1 ON J2SE 1.7.0 03/04/12
12:52:44 Z390RMTE  MZ390 ENDED   RC= 0 SEC= 0 MEM(MB)= 37 IO=1783
12:52:44 Z390RMTE  LZ390 START USING z390 V1.5.06x1 ON J2SE 1.7.0 03/04/12
12:52:44 Z390RMTE  LZ390 ENDED   RC= 0 SEC= 0 MEM(MB)=  8 IO=41
11:20:50 Z390RMTE  MZ390 START USING z390 V1.5.06x1 ON J2SE 1.7.0 03/06/12
11:20:51 Z390RMTE  MZ390 ENDED   RC= 0 SEC= 0 MEM(MB)= 37 IO=1783
11:20:51 Z390RMTE  LZ390 START USING z390 V1.5.06x1 ON J2SE 1.7.0 03/06/12
11:20:51 Z390RMTE  LZ390 ENDED   RC= 0 SEC= 0 MEM(MB)=  8 IO=41
12:16:02 Z390RMTE  MZ390 START USING z390 V1.5.06x1 ON J2SE 1.7.0 03/07/12
12:16:02 Z390RMTE  MZ390 ENDED   RC= 0 SEC= 0 MEM(MB)= 37 IO=1783
12:16:03 Z390RMTE  LZ390 START USING z390 V1.5.06x1 ON J2SE 1.7.0 03/07/12
12:16:03 Z390RMTE  LZ390 ENDED   RC= 0 SEC= 0 MEM(MB)=  8 IO=41
17:45:31 Z390RMTE  MZ390 START USING z390 V1.5.06x3 ON J2SE 1.7.0 03/08/12
17:45:31 Z390RMTE  MZ390 ENDED   RC= 0 SEC= 0 MEM(MB)= 38 IO=1783
17:45:31 Z390RMTE  LZ390 START USING z390 V1.5.06x3 ON J2SE 1.7.0 03/08/12
17:45:31 Z390RMTE  LZ390 ENDED   RC= 0 SEC= 0 MEM(MB)=  8 IO=62
21:17:19 Z390RMTE  MZ390 START USING z390 V1.5.06x3 ON J2SE 1.7.0 03/11/12
21:17:20 Z390RMTE  MZ390 ENDED   RC= 0 SEC= 0 MEM(MB)= 37 IO=1783
21:17:20 Z390RMTE  LZ390 START USING z390 V1.5.06x3 ON J2SE 1.7.0 03/11/12
21:17:20 Z390RMTE  LZ390 ENDED   RC= 0 SEC= 0 MEM(MB)=  8 IO=62
10:52:48 Z390RMTE  MZ390 START USING z390 V1.5.06x3 ON J2SE 1.7.0 03/22/12
10:52:49 Z390RMTE  MZ390 ENDED   RC= 0 SEC= 0 MEM(MB)= 37 IO=1783
10:52:49 Z390RMTE  LZ390 START USING z390 V1.5.06x3 ON J2SE 1.7.0 03/22/12
10:52:49 Z390RMTE  LZ390 ENDED   RC= 0 SEC= 0 MEM(MB)=  8 IO=62
22:56:43 Z390RMTE  MZ390 START USING z390 V1.5.06x3 ON J2SE 1.7.0 03/22/12
22:56:43 Z390RMTE  MZ390 ENDED   RC= 0 SEC= 0 MEM(MB)= 37 IO=1783
22:56:43 Z390RMTE  LZ390 START USING z390 V1.5.06x3 ON J2SE 1.7.0 03/22/12
22:56:43 Z390RMTE  LZ390 ENDED   RC= 0 SEC= 0 MEM(MB)=  8 IO=62
22:04:58 Z390RMTE  MZ390 START USING z390 V1.5.06x3 ON J2SE 1.7.0 03/23/12
22:04:59 Z390RMTE  MZ390 ENDED   RC= 0 SEC= 0 MEM(MB)= 37 IO=1783
22:04:59 Z390RMTE  LZ390 START USING z390 V1.5.06x3 ON J2SE 1.7.0 03/23/12
22:04:59 Z390RMTE  LZ390 ENDED   RC= 0 SEC= 0 MEM(MB)=  8 IO=62
08:07:54 Z390RMTE  MZ390 START USING z390 V1.5.06x3 ON J2SE 1.7.0 03/25/12
08:07:54 Z390RMTE  MZ390 ENDED   RC= 0 SEC= 0 MEM(MB)= 37 IO=1783
08:07:55 Z390RMTE  LZ390 START USING z390 V1.5.06x3 ON J2SE 1.7.0 03/25/12
08:07:55 Z390RMTE  LZ390 ENDED   RC= 0 SEC= 0 MEM(MB)=  8 IO=62
19:22:10 Z390RMTE  MZ390 START USING z390 V1.5.06x3 ON J2SE 1.7.0 03/28/12
19:22:10 Z390RMTE  MZ390 ENDED   RC= 0 SEC= 0 MEM(MB)= 37 IO=1783
19:22:11 Z390RMTE  LZ390 START USING z390 V1.5.06x3 ON J2SE 1.7.0 03/28/12
19:22:11 Z390RMTE  LZ390 ENDED   RC= 0 SEC= 0 MEM(MB)=  8 IO=62
10:33:39 Z390RMTE  MZ390 START USING z390 V1.5.06x3 ON J2SE 1.7.0 03/29/12
10:33:40 Z390RMTE  MZ390 ENDED   RC= 0 SEC= 0 MEM(MB)= 38 IO=1783
10:33:40 Z390RMTE  LZ390 START USING z390 V1.5.06x3 ON J2SE 1.7.0 03/29/12
10:33:40 Z390RMTE  LZ390 ENDED   RC= 0 SEC= 0 MEM(MB)=  8 IO=62
09:13:08 Z390RMTE  MZ390 START USING z390 V1.5.06rc4 ON J2SE 1.7.0 05/16/12
09:13:08 Z390RMTE  MZ390 ENDED   RC= 0 SEC= 0 MEM(MB)= 37 IO=1783
09:13:08 Z390RMTE  LZ390 START USING z390 V1.5.06rc4 ON J2SE 1.7.0 05/16/12
09:13:08 Z390RMTE  LZ390 ENDED   RC= 0 SEC= 0 MEM(MB)=  8 IO=62
10:01:07 Z390RMTE  MZ390 START USING z390 V1.5.06rc4 ON J2SE 1.7.0 05/18/12
10:01:08 Z390RMTE  MZ390 ENDED   RC= 0 SEC= 0 MEM(MB)= 37 IO=1783
10:01:08 Z390RMTE  LZ390 START USING z390 V1.5.06rc4 ON J2SE 1.7.0 05/18/12
10:01:08 Z390RMTE  LZ390 ENDED   RC= 0 SEC= 0 MEM(MB)=  8 IO=62
13:47:12 Z390RMTE  MZ390 START USING z390 V1.5.06 ON J2SE 1.6.0_31 05/21/12
13:47:13 Z390RMTE  MZ390 ENDED   RC= 0 SEC= 0 MEM(MB)= 38 IO=1783
13:47:13 Z390RMTE  LZ390 START USING z390 V1.5.06 ON J2SE 1.6.0_31 05/21/12
13:47:13 Z390RMTE  LZ390 ENDED   RC= 0 SEC= 0 MEM(MB)=  7 IO=62
