13:46:57 Z390CICS  LZ390 START USING z390 V1.5.06 ON J2SE 1.6.0_31 05/21/12
LZ390I Copyright 2011 Automated Software Tools Corporation
LZ390I z390 is licensed under GNU General Public License
LZ390I options = W:\work\z390\z390.OPT=(time(60))
LZ390I program = cics\Z390CICS.OBJ
LZ390I ESD=Z390CICS LOC=00000000 LEN=000020D0
LZ390I ESD=GBL0602  LOC=000020D0 LEN=00000820
LZ390I ESD=GBL060C  LOC=000028F0 LEN=00000750
LZ390I ESD=GBL060E  LOC=00003040 LEN=00000818
LZ390I ESD=GBL0610  LOC=00003858 LEN=00000780
LZ390I ESD=GBL0612  LOC=00003FD8 LEN=000004C0
LZ390I ESD=GBL0614  LOC=00004498 LEN=00000710
LZ390I ESD=GBL0A02  LOC=00004BA8 LEN=00000418
LZ390I ESD=GBL0A04  LOC=00004FC0 LEN=00000348
LZ390I ESD=GBL0A06  LOC=00005308 LEN=000002C8
LZ390I ESD=GBL0AFF  LOC=000055D0 LEN=00000218
LZ390I ESD=GBL1004  LOC=000057E8 LEN=00000200
LZ390I ESD=GBL1008  LOC=000059E8 LEN=00000318
LZ390I ESD=GBL100C  LOC=00005D00 LEN=00000330
LZ390I ESD=GBL10FF  LOC=00006030 LEN=000004B8
LZ390I ESD=GBL1204  LOC=000064E8 LEN=00000370
LZ390I ESD=GBL1206  LOC=00006858 LEN=00000328
LZ390I ESD=GBL12FC  LOC=00006B80 LEN=000002C8
LZ390I ESD=GBL4C02  LOC=00006E48 LEN=00000498
LZ390I ESD=GBL4C04  LOC=000072E0 LEN=00000460
LZ390I ESD=GBLFE00  LOC=00007740 LEN=000001C0
LZ390I ESD=GBLFE01  LOC=00007900 LEN=000003A0
LZ390I ESD=GBLFE06  LOC=00007CA0 LEN=00000220
LZ390I ESD=GBLFE07  LOC=00007EC0 LEN=000002A8
LZ390I INCLUDE = cics\Z390CICS.OBJ
LZ390I RLD LOC=000009BC FLD=00000C50 EXT=00000000
LZ390I RLD LOC=000009C4 FLD=00000EF2 EXT=00000000
LZ390I RLD LOC=000009CC FLD=00000F28 EXT=00000000
LZ390I RLD LOC=000009D4 FLD=00000F5C EXT=00000000
LZ390I RLD LOC=000009DC FLD=00000F90 EXT=00000000
LZ390I RLD LOC=000009E4 FLD=00000FC4 EXT=00000000
LZ390I RLD LOC=000009EC FLD=00000FF8 EXT=00000000
LZ390I RLD LOC=000009F4 FLD=0000102C EXT=00000000
LZ390I RLD LOC=000009FC FLD=00001060 EXT=00000000
LZ390I RLD LOC=00000A04 FLD=00001094 EXT=00000000
LZ390I RLD LOC=00000A0C FLD=000010C8 EXT=00000000
LZ390I RLD LOC=00000A14 FLD=00000CF6 EXT=00000000
LZ390I RLD LOC=00000A1C FLD=00000DAA EXT=00000000
LZ390I RLD LOC=00000A24 FLD=00000E06 EXT=00000000
LZ390I RLD LOC=00000A2C FLD=00001104 EXT=00000000
LZ390I RLD LOC=00000A34 FLD=00001138 EXT=00000000
LZ390I RLD LOC=00000A3C FLD=00001170 EXT=00000000
LZ390I RLD LOC=00000A44 FLD=000011A8 EXT=00000000
LZ390I RLD LOC=00000A4C FLD=000011E8 EXT=00000000
LZ390I RLD LOC=00000A54 FLD=00001220 EXT=00000000
LZ390I RLD LOC=00000A5C FLD=00001258 EXT=00000000
LZ390I RLD LOC=00000A64 FLD=00000BA6 EXT=00000000
LZ390I RLD LOC=00000A6C FLD=00000AEE EXT=00000000
LZ390I RLD LOC=00000A74 FLD=00000ABA EXT=00000000
LZ390I RLD LOC=00000A7C FLD=0000128C EXT=00000000
LZ390I RLD LOC=00000A84 FLD=000012C0 EXT=00000000
LZ390I RLD LOC=00000A8C FLD=000012F4 EXT=00000000
LZ390I RLD LOC=00000A94 FLD=00001338 EXT=00000000
LZ390I RLD LOC=00000A9C FLD=00000E8C EXT=00000000
LZ390I RLD LOC=00000AA4 FLD=00000EB0 EXT=00000000
LZ390I RLD LOC=00000AAC FLD=000013AC EXT=00000000
LZ390I RLD LOC=00000AB4 FLD=000013E0 EXT=00000000
LZ390I RLD LOC=00000F00 FLD=000017C2 EXT=00000000
LZ390I RLD LOC=00000F08 FLD=00001838 EXT=00000000
LZ390I RLD LOC=00000F0C FLD=0000178A EXT=00000000
LZ390I RLD LOC=00000F10 FLD=00001796 EXT=00000000
LZ390I RLD LOC=00000F34 FLD=000017C2 EXT=00000000
LZ390I RLD LOC=00000F3C FLD=00001838 EXT=00000000
LZ390I RLD LOC=00000F40 FLD=0000178A EXT=00000000
LZ390I RLD LOC=00000F44 FLD=00001796 EXT=00000000
LZ390I RLD LOC=00000F68 FLD=000017C2 EXT=00000000
LZ390I RLD LOC=00000F70 FLD=00001838 EXT=00000000
LZ390I RLD LOC=00000F74 FLD=0000178A EXT=00000000
LZ390I RLD LOC=00000F78 FLD=00001796 EXT=00000000
LZ390I RLD LOC=00000F9C FLD=000017C2 EXT=00000000
LZ390I RLD LOC=00000FA4 FLD=00001838 EXT=00000000
LZ390I RLD LOC=00000FA8 FLD=0000178A EXT=00000000
LZ390I RLD LOC=00000FAC FLD=00001796 EXT=00000000
LZ390I RLD LOC=00000FD0 FLD=000017C2 EXT=00000000
LZ390I RLD LOC=00000FD8 FLD=00001838 EXT=00000000
LZ390I RLD LOC=00000FDC FLD=0000178A EXT=00000000
LZ390I RLD LOC=00000FE0 FLD=00001796 EXT=00000000
LZ390I RLD LOC=00001004 FLD=000017C2 EXT=00000000
LZ390I RLD LOC=0000100C FLD=00001838 EXT=00000000
LZ390I RLD LOC=00001010 FLD=0000178A EXT=00000000
LZ390I RLD LOC=00001014 FLD=00001796 EXT=00000000
LZ390I RLD LOC=00001038 FLD=000017C2 EXT=00000000
LZ390I RLD LOC=00001040 FLD=00001824 EXT=00000000
LZ390I RLD LOC=00001044 FLD=0000178A EXT=00000000
LZ390I RLD LOC=00001048 FLD=00001796 EXT=00000000
LZ390I RLD LOC=0000106C FLD=000017C2 EXT=00000000
LZ390I RLD LOC=00001074 FLD=00001824 EXT=00000000
LZ390I RLD LOC=00001078 FLD=0000178A EXT=00000000
LZ390I RLD LOC=0000107C FLD=00001796 EXT=00000000
LZ390I RLD LOC=000010A0 FLD=000017C2 EXT=00000000
LZ390I RLD LOC=000010A8 FLD=00001824 EXT=00000000
LZ390I RLD LOC=000010AC FLD=0000178A EXT=00000000
LZ390I RLD LOC=000010B0 FLD=00001796 EXT=00000000
LZ390I RLD LOC=000010D4 FLD=000017C2 EXT=00000000
LZ390I RLD LOC=000010DC FLD=00001578 EXT=00000000
LZ390I RLD LOC=000010E0 FLD=00001584 EXT=00000000
LZ390I RLD LOC=000010E4 FLD=00001824 EXT=00000000
LZ390I RLD LOC=000010E8 FLD=0000178A EXT=00000000
LZ390I RLD LOC=000010EC FLD=00001796 EXT=00000000
LZ390I RLD LOC=00001110 FLD=000017C2 EXT=00000000
LZ390I RLD LOC=00001118 FLD=00001828 EXT=00000000
LZ390I RLD LOC=0000111C FLD=00001796 EXT=00000000
LZ390I RLD LOC=00001120 FLD=000016C0 EXT=00000000
LZ390I RLD LOC=00001144 FLD=000017C2 EXT=00000000
LZ390I RLD LOC=0000114C FLD=00001828 EXT=00000000
LZ390I RLD LOC=00001150 FLD=0000178A EXT=00000000
LZ390I RLD LOC=00001154 FLD=00001796 EXT=00000000
LZ390I RLD LOC=00001158 FLD=000014CA EXT=00000000
LZ390I RLD LOC=0000117C FLD=000017C2 EXT=00000000
LZ390I RLD LOC=00001184 FLD=00001828 EXT=00000000
LZ390I RLD LOC=00001188 FLD=0000178A EXT=00000000
LZ390I RLD LOC=0000118C FLD=00001796 EXT=00000000
LZ390I RLD LOC=00001190 FLD=000016C0 EXT=00000000
LZ390I RLD LOC=000011B4 FLD=000017C2 EXT=00000000
LZ390I RLD LOC=000011BC FLD=00001828 EXT=00000000
LZ390I RLD LOC=000011C0 FLD=00001796 EXT=00000000
LZ390I RLD LOC=000011C4 FLD=000016C0 EXT=00000000
LZ390I RLD LOC=000011C8 FLD=000016BC EXT=00000000
LZ390I RLD LOC=000011CC FLD=000016B0 EXT=00000000
LZ390I RLD LOC=000011D0 FLD=000014E8 EXT=00000000
LZ390I RLD LOC=000011F4 FLD=000017C2 EXT=00000000
LZ390I RLD LOC=000011FC FLD=0000182C EXT=00000000
LZ390I RLD LOC=00001200 FLD=0000178A EXT=00000000
LZ390I RLD LOC=00001204 FLD=00001796 EXT=00000000
LZ390I RLD LOC=00001208 FLD=000016C0 EXT=00000000
LZ390I RLD LOC=0000122C FLD=000017C2 EXT=00000000
LZ390I RLD LOC=00001234 FLD=0000182C EXT=00000000
LZ390I RLD LOC=00001238 FLD=0000178A EXT=00000000
LZ390I RLD LOC=0000123C FLD=00001796 EXT=00000000
LZ390I RLD LOC=00001240 FLD=000016C0 EXT=00000000
LZ390I RLD LOC=00001264 FLD=000017C2 EXT=00000000
LZ390I RLD LOC=0000126C FLD=0000182C EXT=00000000
LZ390I RLD LOC=00001270 FLD=00001796 EXT=00000000
LZ390I RLD LOC=00001274 FLD=000016C0 EXT=00000000
LZ390I RLD LOC=00001298 FLD=000017C2 EXT=00000000
LZ390I RLD LOC=000012A0 FLD=00001838 EXT=00000000
LZ390I RLD LOC=000012A4 FLD=0000178A EXT=00000000
LZ390I RLD LOC=000012A8 FLD=00001796 EXT=00000000
LZ390I RLD LOC=000012CC FLD=000017C2 EXT=00000000
LZ390I RLD LOC=000012D4 FLD=00001838 EXT=00000000
LZ390I RLD LOC=000012D8 FLD=0000178A EXT=00000000
LZ390I RLD LOC=000012DC FLD=00001796 EXT=00000000
LZ390I RLD LOC=00001300 FLD=000017C2 EXT=00000000
LZ390I RLD LOC=00001308 FLD=00001578 EXT=00000000
LZ390I RLD LOC=0000130C FLD=0000158D EXT=00000000
LZ390I RLD LOC=00001310 FLD=000016C0 EXT=00000000
LZ390I RLD LOC=00001318 FLD=0000178A EXT=00000000
LZ390I RLD LOC=0000131C FLD=00001796 EXT=00000000
LZ390I RLD LOC=00001320 FLD=000014CA EXT=00000000
LZ390I RLD LOC=00001344 FLD=000017C2 EXT=00000000
LZ390I RLD LOC=0000134C FLD=0000178A EXT=00000000
LZ390I RLD LOC=00001350 FLD=00001796 EXT=00000000
LZ390I RLD LOC=00001354 FLD=000014AC EXT=00000000
LZ390I RLD LOC=00001358 FLD=00001455 EXT=00000000
LZ390I RLD LOC=0000135C FLD=0000145C EXT=00000000
LZ390I RLD LOC=00001360 FLD=000014E4 EXT=00000000
LZ390I RLD LOC=00001364 FLD=000014CA EXT=00000000
LZ390I RLD LOC=00001368 FLD=000014D1 EXT=00000000
LZ390I RLD LOC=0000136C FLD=000016A7 EXT=00000000
LZ390I RLD LOC=00001370 FLD=000016B4 EXT=00000000
LZ390I RLD LOC=00001374 FLD=000016B8 EXT=00000000
LZ390I RLD LOC=00001378 FLD=000016BC EXT=00000000
LZ390I RLD LOC=0000137C FLD=000016AB EXT=00000000
LZ390I RLD LOC=00001380 FLD=000016AF EXT=00000000
LZ390I RLD LOC=00001384 FLD=000016B3 EXT=00000000
LZ390I RLD LOC=00001388 FLD=000014CD EXT=00000000
LZ390I RLD LOC=0000138C FLD=00001834 EXT=00000000
LZ390I RLD LOC=00001390 FLD=00001523 EXT=00000000
LZ390I RLD LOC=00001394 FLD=000014D2 EXT=00000000
LZ390I RLD LOC=000013B8 FLD=000017C2 EXT=00000000
LZ390I RLD LOC=000013C0 FLD=0000182C EXT=00000000
LZ390I RLD LOC=000013C4 FLD=0000178A EXT=00000000
LZ390I RLD LOC=000013C8 FLD=00001796 EXT=00000000
LZ390I RLD LOC=000013EC FLD=000017C2 EXT=00000000
LZ390I RLD LOC=000013F4 FLD=00001830 EXT=00000000
LZ390I RLD LOC=000013F8 FLD=00001834 EXT=00000000
LZ390I RLD LOC=000013FC FLD=0000178A EXT=00000000
LZ390I RLD LOC=00001400 FLD=00001796 EXT=00000000
LZ390I RLD LOC=000018A8 FLD=00000280 EXT=00000000
LZ390I RLD LOC=000018E0 FLD=000018F0 EXT=00000000
LZ390I RLD LOC=00001984 FLD=00000000 EXT=000020D0
LZ390I RLD LOC=00001988 FLD=00000000 EXT=000028F0
LZ390I RLD LOC=0000198C FLD=00000000 EXT=00003040
LZ390I RLD LOC=00001990 FLD=00000000 EXT=00003858
LZ390I RLD LOC=00001994 FLD=00000000 EXT=00003FD8
LZ390I RLD LOC=00001998 FLD=00000000 EXT=00004498
LZ390I RLD LOC=0000199C FLD=00000000 EXT=00004BA8
LZ390I RLD LOC=000019A0 FLD=00000000 EXT=00004FC0
LZ390I RLD LOC=000019A4 FLD=00000000 EXT=00005308
LZ390I RLD LOC=000019A8 FLD=00000000 EXT=000055D0
LZ390I RLD LOC=000019AC FLD=00000000 EXT=000057E8
LZ390I RLD LOC=000019B0 FLD=00000000 EXT=000059E8
LZ390I RLD LOC=000019B4 FLD=00000000 EXT=00005D00
LZ390I RLD LOC=000019B8 FLD=00000000 EXT=00006030
LZ390I RLD LOC=000019BC FLD=00000000 EXT=000064E8
LZ390I RLD LOC=000019C0 FLD=00000000 EXT=00006858
LZ390I RLD LOC=000019C4 FLD=00000000 EXT=00006B80
LZ390I RLD LOC=000019C8 FLD=00000000 EXT=00006E48
LZ390I RLD LOC=000019CC FLD=00000000 EXT=000072E0
LZ390I RLD LOC=000019D0 FLD=00000000 EXT=00007740
LZ390I RLD LOC=000019D4 FLD=00000000 EXT=00007900
LZ390I RLD LOC=000019D8 FLD=00000000 EXT=00007CA0
LZ390I RLD LOC=000019DC FLD=00000000 EXT=00007EC0
LZ390I INCLUDE = cics\GBL0602.OBJ
LZ390I INCLUDE = cics\GBL060C.OBJ
LZ390I INCLUDE = cics\GBL060E.OBJ
LZ390I INCLUDE = cics\GBL0610.OBJ
LZ390I INCLUDE = cics\GBL0612.OBJ
LZ390I INCLUDE = cics\GBL0614.OBJ
LZ390I INCLUDE = cics\GBL0A02.OBJ
LZ390I INCLUDE = cics\GBL0A04.OBJ
LZ390I INCLUDE = cics\GBL0A06.OBJ
LZ390I INCLUDE = cics\GBL0AFF.OBJ
LZ390I INCLUDE = cics\GBL1004.OBJ
LZ390I INCLUDE = cics\GBL1008.OBJ
LZ390I INCLUDE = cics\GBL100C.OBJ
LZ390I INCLUDE = cics\GBL10FF.OBJ
LZ390I INCLUDE = cics\GBL1204.OBJ
LZ390I INCLUDE = cics\GBL1206.OBJ
LZ390I INCLUDE = cics\GBL12FC.OBJ
LZ390I INCLUDE = cics\GBL4C02.OBJ
LZ390I INCLUDE = cics\GBL4C04.OBJ
LZ390I INCLUDE = cics\GBLFE00.OBJ
LZ390I INCLUDE = cics\GBLFE01.OBJ
LZ390I INCLUDE = cics\GBLFE06.OBJ
LZ390I INCLUDE = cics\GBLFE07.OBJ
LZ390I total errors         = 0
13:46:57 Z390CICS  LZ390 ENDED   RC= 0 SEC= 0 MEM(MB)= 38 IO=5287
