13:47:05 Z390KCP   LZ390 START USING z390 V1.5.06 ON J2SE 1.6.0_31 05/21/12
LZ390I Copyright 2011 Automated Software Tools Corporation
LZ390I z390 is licensed under GNU General Public License
LZ390I options = W:\work\z390\z390.OPT=(time(60))
LZ390I program = cics\Z390KCP.OBJ
LZ390I ESD=Z390KCP  LOC=00000000 LEN=00002860
LZ390I ESD=LCL0E02  LOC=00002860 LEN=000002A0
LZ390I ESD=LCL0E08  LOC=00002B00 LEN=000004E0
LZ390I ESD=LCL0E04  LOC=00002FE0 LEN=00000330
LZ390I INCLUDE = cics\Z390KCP.OBJ
LZ390I RLD LOC=000003FE FLD=00000440 EXT=00000000
LZ390I RLD LOC=00000610 FLD=00000642 EXT=00000000
LZ390I RLD LOC=0000085A FLD=000008AC EXT=00000000
LZ390I RLD LOC=000009CE FLD=000009D2 EXT=00000000
LZ390I RLD LOC=00000AC8 FLD=00000ACC EXT=00000000
LZ390I RLD LOC=00000B82 FLD=00000BB8 EXT=00000000
LZ390I RLD LOC=00000C6C FLD=00000CAE EXT=00000000
LZ390I RLD LOC=00000E62 FLD=00000EA8 EXT=00000000
LZ390I RLD LOC=00000FA4 FLD=00000FD4 EXT=00000000
LZ390I RLD LOC=00001094 FLD=00001098 EXT=00000000
LZ390I RLD LOC=00001636 FLD=00001676 EXT=00000000
LZ390I RLD LOC=00001704 FLD=00001708 EXT=00000000
LZ390I RLD LOC=00001760 FLD=00002480 EXT=00000000
LZ390I RLD LOC=000017D4 FLD=00000402 EXT=00000000
LZ390I RLD LOC=000017D8 FLD=0000059A EXT=00000000
LZ390I RLD LOC=000017DC FLD=00000618 EXT=00000000
LZ390I RLD LOC=000017E4 FLD=0000085E EXT=00000000
LZ390I RLD LOC=000017EC FLD=00000B86 EXT=00000000
LZ390I RLD LOC=000017F0 FLD=00000000 EXT=00002860
LZ390I RLD LOC=000017F8 FLD=00000E66 EXT=00000000
LZ390I RLD LOC=000017FC FLD=00000FAC EXT=00000000
LZ390I RLD LOC=00001814 FLD=000024E6 EXT=00000000
LZ390I RLD LOC=00001824 FLD=00000000 EXT=00002B00
LZ390I RLD LOC=00001828 FLD=00000000 EXT=00002FE0
LZ390I RLD LOC=000018FE FLD=00001902 EXT=00000000
LZ390I RLD LOC=00001A4A FLD=00001A4E EXT=00000000
LZ390I RLD LOC=00001BE4 FLD=000024E6 EXT=00000000
LZ390I RLD LOC=00001BE8 FLD=00000FAC EXT=00000000
LZ390I RLD LOC=00001BEC FLD=00000B86 EXT=00000000
LZ390I RLD LOC=000027EC FLD=00002430 EXT=00000000
LZ390I RLD LOC=00002854 FLD=00002430 EXT=00000000
LZ390I INCLUDE = cics\LCL0E02.OBJ
LZ390I INCLUDE = cics\LCL0E08.OBJ
LZ390I RLD LOC=00002E58 FLD=0000039E EXT=00002B00
LZ390I RLD LOC=00002FC4 FLD=0000035C EXT=00002B00
LZ390I INCLUDE = cics\LCL0E04.OBJ
LZ390I total errors         = 0
13:47:05 Z390KCP   LZ390 ENDED   RC= 0 SEC= 0 MEM(MB)= 29 IO=1556
