11:45:15 Z390LCL   MZ390 START USING z390 V1.5.05bx3 ON J2SE 1.7.0 02/15/12
11:45:15 Z390LCL   MZ390 ENDED   RC= 0 SEC= 0 MEM(MB)= 37 IO=924
11:45:16 Z390LCL   LZ390 START USING z390 V1.5.05bx3 ON J2SE 1.7.0 02/15/12
11:45:16 Z390LCL   LZ390 ENDED   RC= 0 SEC= 0 MEM(MB)= 38 IO=3739
09:29:14 Z390LCL   MZ390 START USING z390 V1.5.06x1 ON J2SE 1.7.0 02/17/12
09:29:15 Z390LCL   MZ390 ENDED   RC= 0 SEC= 0 MEM(MB)= 37 IO=924
09:29:15 Z390LCL   LZ390 START USING z390 V1.5.06x1 ON J2SE 1.7.0 02/17/12
09:29:16 Z390LCL   LZ390 ENDED   RC= 0 SEC= 0 MEM(MB)= 38 IO=3739
21:16:43 Z390LCL   MZ390 START USING z390 V1.5.06x1 ON J2SE 1.7.0 02/18/12
21:16:44 Z390LCL   MZ390 ENDED   RC= 0 SEC= 0 MEM(MB)= 37 IO=924
21:16:44 Z390LCL   LZ390 START USING z390 V1.5.06x1 ON J2SE 1.7.0 02/18/12
21:16:44 Z390LCL   LZ390 ENDED   RC= 0 SEC= 0 MEM(MB)= 38 IO=3739
18:00:28 Z390LCL   MZ390 START USING z390 V1.5.06x1 ON J2SE 1.7.0 02/19/12
18:00:29 Z390LCL   MZ390 ENDED   RC= 0 SEC= 0 MEM(MB)= 38 IO=924
18:00:29 Z390LCL   LZ390 START USING z390 V1.5.06x1 ON J2SE 1.7.0 02/19/12
18:00:30 Z390LCL   LZ390 ENDED   RC= 0 SEC= 0 MEM(MB)= 38 IO=3739
20:28:50 Z390LCL   MZ390 START USING z390 V1.5.06x1 ON J2SE 1.7.0 02/21/12
20:28:50 Z390LCL   MZ390 ENDED   RC= 0 SEC= 0 MEM(MB)= 38 IO=924
20:28:51 Z390LCL   LZ390 START USING z390 V1.5.06x1 ON J2SE 1.7.0 02/21/12
20:28:51 Z390LCL   LZ390 ENDED   RC= 0 SEC= 0 MEM(MB)= 38 IO=3739
08:56:35 Z390LCL   MZ390 START USING z390 V1.5.06x1 ON J2SE 1.7.0 02/23/12
08:56:35 Z390LCL   MZ390 ENDED   RC= 0 SEC= 0 MEM(MB)= 38 IO=924
08:56:35 Z390LCL   LZ390 START USING z390 V1.5.06x1 ON J2SE 1.7.0 02/23/12
08:56:36 Z390LCL   LZ390 ENDED   RC= 0 SEC= 0 MEM(MB)= 38 IO=3739
12:52:38 Z390LCL   MZ390 START USING z390 V1.5.06x1 ON J2SE 1.7.0 03/04/12
12:52:38 Z390LCL   MZ390 ENDED   RC= 0 SEC= 0 MEM(MB)= 38 IO=924
12:52:39 Z390LCL   LZ390 START USING z390 V1.5.06x1 ON J2SE 1.7.0 03/04/12
12:52:39 Z390LCL   LZ390 ENDED   RC= 0 SEC= 0 MEM(MB)= 38 IO=3739
11:20:45 Z390LCL   MZ390 START USING z390 V1.5.06x1 ON J2SE 1.7.0 03/06/12
11:20:46 Z390LCL   MZ390 ENDED   RC= 0 SEC= 0 MEM(MB)= 38 IO=924
11:20:46 Z390LCL   LZ390 START USING z390 V1.5.06x1 ON J2SE 1.7.0 03/06/12
11:20:47 Z390LCL   LZ390 ENDED   RC= 0 SEC= 0 MEM(MB)= 39 IO=3739
12:15:57 Z390LCL   MZ390 START USING z390 V1.5.06x1 ON J2SE 1.7.0 03/07/12
12:15:57 Z390LCL   MZ390 ENDED   RC= 0 SEC= 0 MEM(MB)= 38 IO=924
12:15:58 Z390LCL   LZ390 START USING z390 V1.5.06x1 ON J2SE 1.7.0 03/07/12
12:15:58 Z390LCL   LZ390 ENDED   RC= 0 SEC= 0 MEM(MB)= 38 IO=3739
17:45:25 Z390LCL   MZ390 START USING z390 V1.5.06x3 ON J2SE 1.7.0 03/08/12
17:45:26 Z390LCL   MZ390 ENDED   RC= 0 SEC= 0 MEM(MB)= 37 IO=924
17:45:26 Z390LCL   LZ390 START USING z390 V1.5.06x3 ON J2SE 1.7.0 03/08/12
17:45:27 Z390LCL   LZ390 ENDED   RC= 0 SEC= 0 MEM(MB)= 38 IO=6678
21:17:15 Z390LCL   MZ390 START USING z390 V1.5.06x3 ON J2SE 1.7.0 03/11/12
21:17:15 Z390LCL   MZ390 ENDED   RC= 0 SEC= 0 MEM(MB)= 37 IO=924
21:17:15 Z390LCL   LZ390 START USING z390 V1.5.06x3 ON J2SE 1.7.0 03/11/12
21:17:16 Z390LCL   LZ390 ENDED   RC= 0 SEC= 0 MEM(MB)= 38 IO=6678
10:52:44 Z390LCL   MZ390 START USING z390 V1.5.06x3 ON J2SE 1.7.0 03/22/12
10:52:44 Z390LCL   MZ390 ENDED   RC= 0 SEC= 0 MEM(MB)= 37 IO=924
10:52:44 Z390LCL   LZ390 START USING z390 V1.5.06x3 ON J2SE 1.7.0 03/22/12
10:52:45 Z390LCL   LZ390 ENDED   RC= 0 SEC= 0 MEM(MB)= 38 IO=6678
22:56:38 Z390LCL   MZ390 START USING z390 V1.5.06x3 ON J2SE 1.7.0 03/22/12
22:56:38 Z390LCL   MZ390 ENDED   RC= 0 SEC= 0 MEM(MB)= 37 IO=924
22:56:39 Z390LCL   LZ390 START USING z390 V1.5.06x3 ON J2SE 1.7.0 03/22/12
22:56:39 Z390LCL   LZ390 ENDED   RC= 0 SEC= 0 MEM(MB)= 38 IO=6678
22:04:55 Z390LCL   MZ390 START USING z390 V1.5.06x3 ON J2SE 1.7.0 03/23/12
22:04:55 Z390LCL   MZ390 ENDED   RC= 0 SEC= 0 MEM(MB)= 37 IO=924
22:04:55 Z390LCL   LZ390 START USING z390 V1.5.06x3 ON J2SE 1.7.0 03/23/12
22:04:56 Z390LCL   LZ390 ENDED   RC= 0 SEC= 0 MEM(MB)= 38 IO=6678
08:07:49 Z390LCL   MZ390 START USING z390 V1.5.06x3 ON J2SE 1.7.0 03/25/12
08:07:49 Z390LCL   MZ390 ENDED   RC= 0 SEC= 0 MEM(MB)= 38 IO=924
08:07:50 Z390LCL   LZ390 START USING z390 V1.5.06x3 ON J2SE 1.7.0 03/25/12
08:07:50 Z390LCL   LZ390 ENDED   RC= 0 SEC= 0 MEM(MB)= 38 IO=6678
19:22:05 Z390LCL   MZ390 START USING z390 V1.5.06x3 ON J2SE 1.7.0 03/28/12
19:22:05 Z390LCL   MZ390 ENDED   RC= 0 SEC= 0 MEM(MB)= 38 IO=924
19:22:05 Z390LCL   LZ390 START USING z390 V1.5.06x3 ON J2SE 1.7.0 03/28/12
19:22:06 Z390LCL   LZ390 ENDED   RC= 0 SEC= 0 MEM(MB)= 38 IO=6678
10:33:34 Z390LCL   MZ390 START USING z390 V1.5.06x3 ON J2SE 1.7.0 03/29/12
10:33:34 Z390LCL   MZ390 ENDED   RC= 0 SEC= 0 MEM(MB)= 38 IO=924
10:33:35 Z390LCL   LZ390 START USING z390 V1.5.06x3 ON J2SE 1.7.0 03/29/12
10:33:35 Z390LCL   LZ390 ENDED   RC= 0 SEC= 0 MEM(MB)= 38 IO=6678
09:13:03 Z390LCL   MZ390 START USING z390 V1.5.06rc4 ON J2SE 1.7.0 05/16/12
09:13:04 Z390LCL   MZ390 ENDED   RC= 0 SEC= 0 MEM(MB)= 37 IO=924
09:13:04 Z390LCL   LZ390 START USING z390 V1.5.06rc4 ON J2SE 1.7.0 05/16/12
09:13:04 Z390LCL   LZ390 ENDED   RC= 0 SEC= 0 MEM(MB)= 38 IO=6678
10:01:03 Z390LCL   MZ390 START USING z390 V1.5.06rc4 ON J2SE 1.7.0 05/18/12
10:01:03 Z390LCL   MZ390 ENDED   RC= 0 SEC= 0 MEM(MB)= 37 IO=924
10:01:03 Z390LCL   LZ390 START USING z390 V1.5.06rc4 ON J2SE 1.7.0 05/18/12
10:01:04 Z390LCL   LZ390 ENDED   RC= 0 SEC= 0 MEM(MB)= 38 IO=6678
13:47:08 Z390LCL   MZ390 START USING z390 V1.5.06 ON J2SE 1.6.0_31 05/21/12
13:47:08 Z390LCL   MZ390 ENDED   RC= 0 SEC= 0 MEM(MB)= 37 IO=924
13:47:09 Z390LCL   LZ390 START USING z390 V1.5.06 ON J2SE 1.6.0_31 05/21/12
13:47:09 Z390LCL   LZ390 ENDED   RC= 0 SEC= 0 MEM(MB)= 38 IO=6678
