11:44:56 Z390CEMT  MZ390 START USING z390 V1.5.05bx3 ON J2SE 1.7.0 02/15/12
11:44:58 Z390CEMT  MZ390 ENDED   RC= 0 SEC= 1 MEM(MB)= 69 IO=9266
11:44:58 Z390CEMT  LZ390 START USING z390 V1.5.05bx3 ON J2SE 1.7.0 02/15/12
11:44:58 Z390CEMT  LZ390 ENDED   RC= 0 SEC= 0 MEM(MB)= 33 IO=1863
09:28:56 Z390CEMT  MZ390 START USING z390 V1.5.06x1 ON J2SE 1.7.0 02/17/12
09:28:58 Z390CEMT  MZ390 ENDED   RC= 0 SEC= 1 MEM(MB)= 69 IO=9266
09:28:58 Z390CEMT  LZ390 START USING z390 V1.5.06x1 ON J2SE 1.7.0 02/17/12
09:28:58 Z390CEMT  LZ390 ENDED   RC= 0 SEC= 0 MEM(MB)= 33 IO=1863
21:16:26 Z390CEMT  MZ390 START USING z390 V1.5.06x1 ON J2SE 1.7.0 02/18/12
21:16:27 Z390CEMT  MZ390 ENDED   RC= 0 SEC= 1 MEM(MB)= 69 IO=9268
21:16:27 Z390CEMT  LZ390 START USING z390 V1.5.06x1 ON J2SE 1.7.0 02/18/12
21:16:28 Z390CEMT  LZ390 ENDED   RC= 0 SEC= 0 MEM(MB)= 33 IO=1863
18:00:09 Z390CEMT  MZ390 START USING z390 V1.5.06x1 ON J2SE 1.7.0 02/19/12
18:00:11 Z390CEMT  MZ390 ENDED   RC= 0 SEC= 2 MEM(MB)= 69 IO=9268
18:00:12 Z390CEMT  LZ390 START USING z390 V1.5.06x1 ON J2SE 1.7.0 02/19/12
18:00:12 Z390CEMT  LZ390 ENDED   RC= 0 SEC= 0 MEM(MB)= 27 IO=1863
20:28:34 Z390CEMT  MZ390 START USING z390 V1.5.06x1 ON J2SE 1.7.0 02/21/12
20:28:35 Z390CEMT  MZ390 ENDED   RC= 0 SEC= 1 MEM(MB)= 69 IO=9268
20:28:35 Z390CEMT  LZ390 START USING z390 V1.5.06x1 ON J2SE 1.7.0 02/21/12
20:28:35 Z390CEMT  LZ390 ENDED   RC= 0 SEC= 0 MEM(MB)= 27 IO=1863
08:56:15 Z390CEMT  MZ390 START USING z390 V1.5.06x1 ON J2SE 1.7.0 02/23/12
08:56:17 Z390CEMT  MZ390 ENDED   RC= 0 SEC= 1 MEM(MB)= 69 IO=9268
08:56:17 Z390CEMT  LZ390 START USING z390 V1.5.06x1 ON J2SE 1.7.0 02/23/12
08:56:17 Z390CEMT  LZ390 ENDED   RC= 0 SEC= 0 MEM(MB)= 27 IO=1863
12:52:18 Z390CEMT  MZ390 START USING z390 V1.5.06x1 ON J2SE 1.7.0 03/04/12
12:52:19 Z390CEMT  MZ390 ENDED   RC= 0 SEC= 1 MEM(MB)= 69 IO=9268
12:52:19 Z390CEMT  LZ390 START USING z390 V1.5.06x1 ON J2SE 1.7.0 03/04/12
12:52:20 Z390CEMT  LZ390 ENDED   RC= 0 SEC= 0 MEM(MB)= 27 IO=1863
11:20:25 Z390CEMT  MZ390 START USING z390 V1.5.06x1 ON J2SE 1.7.0 03/06/12
11:20:27 Z390CEMT  MZ390 ENDED   RC= 0 SEC= 1 MEM(MB)= 69 IO=9268
11:20:27 Z390CEMT  LZ390 START USING z390 V1.5.06x1 ON J2SE 1.7.0 03/06/12
11:20:27 Z390CEMT  LZ390 ENDED   RC= 0 SEC= 0 MEM(MB)= 27 IO=1863
12:15:38 Z390CEMT  MZ390 START USING z390 V1.5.06x1 ON J2SE 1.7.0 03/07/12
12:15:40 Z390CEMT  MZ390 ENDED   RC= 0 SEC= 1 MEM(MB)= 69 IO=9268
12:15:40 Z390CEMT  LZ390 START USING z390 V1.5.06x1 ON J2SE 1.7.0 03/07/12
12:15:40 Z390CEMT  LZ390 ENDED   RC= 0 SEC= 0 MEM(MB)= 27 IO=1863
17:45:04 Z390CEMT  MZ390 START USING z390 V1.5.06x3 ON J2SE 1.7.0 03/08/12
17:45:06 Z390CEMT  MZ390 ENDED   RC= 0 SEC= 1 MEM(MB)= 69 IO=9268
17:45:06 Z390CEMT  LZ390 START USING z390 V1.5.06x3 ON J2SE 1.7.0 03/08/12
17:45:06 Z390CEMT  LZ390 ENDED   RC= 0 SEC= 0 MEM(MB)= 38 IO=3436
21:16:56 Z390CEMT  MZ390 START USING z390 V1.5.06x3 ON J2SE 1.7.0 03/11/12
21:16:58 Z390CEMT  MZ390 ENDED   RC= 0 SEC= 1 MEM(MB)= 69 IO=9268
21:16:58 Z390CEMT  LZ390 START USING z390 V1.5.06x3 ON J2SE 1.7.0 03/11/12
21:16:58 Z390CEMT  LZ390 ENDED   RC= 0 SEC= 0 MEM(MB)= 38 IO=3436
10:52:26 Z390CEMT  MZ390 START USING z390 V1.5.06x3 ON J2SE 1.7.0 03/22/12
10:52:28 Z390CEMT  MZ390 ENDED   RC= 0 SEC= 1 MEM(MB)= 69 IO=9268
10:52:28 Z390CEMT  LZ390 START USING z390 V1.5.06x3 ON J2SE 1.7.0 03/22/12
10:52:28 Z390CEMT  LZ390 ENDED   RC= 0 SEC= 0 MEM(MB)= 38 IO=3436
22:56:19 Z390CEMT  MZ390 START USING z390 V1.5.06x3 ON J2SE 1.7.0 03/22/12
22:56:20 Z390CEMT  MZ390 ENDED   RC= 0 SEC= 1 MEM(MB)= 69 IO=9268
22:56:20 Z390CEMT  LZ390 START USING z390 V1.5.06x3 ON J2SE 1.7.0 03/22/12
22:56:20 Z390CEMT  LZ390 ENDED   RC= 0 SEC= 0 MEM(MB)= 38 IO=3436
22:04:39 Z390CEMT  MZ390 START USING z390 V1.5.06x3 ON J2SE 1.7.0 03/23/12
22:04:40 Z390CEMT  MZ390 ENDED   RC= 0 SEC= 1 MEM(MB)= 69 IO=9268
22:04:40 Z390CEMT  LZ390 START USING z390 V1.5.06x3 ON J2SE 1.7.0 03/23/12
22:04:40 Z390CEMT  LZ390 ENDED   RC= 0 SEC= 0 MEM(MB)= 38 IO=3436
08:07:29 Z390CEMT  MZ390 START USING z390 V1.5.06x3 ON J2SE 1.7.0 03/25/12
08:07:31 Z390CEMT  MZ390 ENDED   RC= 0 SEC= 1 MEM(MB)= 69 IO=9268
08:07:31 Z390CEMT  LZ390 START USING z390 V1.5.06x3 ON J2SE 1.7.0 03/25/12
08:07:31 Z390CEMT  LZ390 ENDED   RC= 0 SEC= 0 MEM(MB)= 38 IO=3436
19:21:45 Z390CEMT  MZ390 START USING z390 V1.5.06x3 ON J2SE 1.7.0 03/28/12
19:21:46 Z390CEMT  MZ390 ENDED   RC= 0 SEC= 1 MEM(MB)= 69 IO=9268
19:21:47 Z390CEMT  LZ390 START USING z390 V1.5.06x3 ON J2SE 1.7.0 03/28/12
19:21:47 Z390CEMT  LZ390 ENDED   RC= 0 SEC= 0 MEM(MB)= 38 IO=3436
10:33:15 Z390CEMT  MZ390 START USING z390 V1.5.06x3 ON J2SE 1.7.0 03/29/12
10:33:17 Z390CEMT  MZ390 ENDED   RC= 0 SEC= 1 MEM(MB)= 69 IO=9268
10:33:17 Z390CEMT  LZ390 START USING z390 V1.5.06x3 ON J2SE 1.7.0 03/29/12
10:33:17 Z390CEMT  LZ390 ENDED   RC= 0 SEC= 0 MEM(MB)= 38 IO=3436
09:12:44 Z390CEMT  MZ390 START USING z390 V1.5.06rc4 ON J2SE 1.7.0 05/16/12
09:12:45 Z390CEMT  MZ390 ENDED   RC= 0 SEC= 1 MEM(MB)= 70 IO=9268
09:12:46 Z390CEMT  LZ390 START USING z390 V1.5.06rc4 ON J2SE 1.7.0 05/16/12
09:12:46 Z390CEMT  LZ390 ENDED   RC= 0 SEC= 0 MEM(MB)= 38 IO=3436
10:00:45 Z390CEMT  MZ390 START USING z390 V1.5.06rc4 ON J2SE 1.7.0 05/18/12
10:00:46 Z390CEMT  MZ390 ENDED   RC= 0 SEC= 1 MEM(MB)= 70 IO=9268
10:00:47 Z390CEMT  LZ390 START USING z390 V1.5.06rc4 ON J2SE 1.7.0 05/18/12
10:00:47 Z390CEMT  LZ390 ENDED   RC= 0 SEC= 0 MEM(MB)= 38 IO=3436
13:46:50 Z390CEMT  MZ390 START USING z390 V1.5.06 ON J2SE 1.6.0_31 05/21/12
13:46:52 Z390CEMT  MZ390 ENDED   RC= 0 SEC= 1 MEM(MB)= 69 IO=9268
13:46:52 Z390CEMT  LZ390 START USING z390 V1.5.06 ON J2SE 1.6.0_31 05/21/12
13:46:52 Z390CEMT  LZ390 ENDED   RC= 0 SEC= 0 MEM(MB)= 38 IO=3436
