11:42:56 Z390CEDF  MZ390 START USING z390 V1.5.05bx3 ON J2SE 1.7.0 02/15/12
11:44:01 Z390CEDF  MZ390 ENDED   RC= 0 SEC=65 MEM(MB)=117 IO=239106
11:44:01 Z390CEDF  LZ390 START USING z390 V1.5.05bx3 ON J2SE 1.7.0 02/15/12
11:44:03 Z390CEDF  LZ390 ENDED   RC= 0 SEC= 1 MEM(MB)=135 IO=32548
09:26:58 Z390CEDF  MZ390 START USING z390 V1.5.06x1 ON J2SE 1.7.0 02/17/12
09:28:01 Z390CEDF  MZ390 ENDED   RC= 0 SEC=63 MEM(MB)=117 IO=239106
09:28:02 Z390CEDF  LZ390 START USING z390 V1.5.06x1 ON J2SE 1.7.0 02/17/12
09:28:03 Z390CEDF  LZ390 ENDED   RC= 0 SEC= 1 MEM(MB)=135 IO=32548
21:14:31 Z390CEDF  MZ390 START USING z390 V1.5.06x1 ON J2SE 1.7.0 02/18/12
21:15:31 Z390CEDF  MZ390 ENDED   RC= 0 SEC=60 MEM(MB)=117 IO=239108
21:15:32 Z390CEDF  LZ390 START USING z390 V1.5.06x1 ON J2SE 1.7.0 02/18/12
21:15:33 Z390CEDF  LZ390 ENDED   RC= 0 SEC= 1 MEM(MB)=135 IO=32548
17:58:12 Z390CEDF  MZ390 START USING z390 V1.5.06x1 ON J2SE 1.7.0 02/19/12
17:59:16 Z390CEDF  MZ390 ENDED   RC= 0 SEC=64 MEM(MB)=115 IO=239108
17:59:17 Z390CEDF  LZ390 START USING z390 V1.5.06x1 ON J2SE 1.7.0 02/19/12
17:59:18 Z390CEDF  LZ390 ENDED   RC= 0 SEC= 1 MEM(MB)=120 IO=32548
20:27:03 Z390CEDF  MZ390 START USING z390 V1.5.06x1 ON J2SE 1.7.0 02/21/12
20:27:44 Z390CEDF  MZ390 ENDED   RC= 0 SEC=40 MEM(MB)=116 IO=239108
20:27:44 Z390CEDF  LZ390 START USING z390 V1.5.06x1 ON J2SE 1.7.0 02/21/12
20:27:45 Z390CEDF  LZ390 ENDED   RC= 0 SEC= 1 MEM(MB)=120 IO=32548
08:54:12 Z390CEDF  MZ390 START USING z390 V1.5.06x1 ON J2SE 1.7.0 02/23/12
08:55:17 Z390CEDF  MZ390 ENDED   RC= 0 SEC=65 MEM(MB)=115 IO=239108
08:55:18 Z390CEDF  LZ390 START USING z390 V1.5.06x1 ON J2SE 1.7.0 02/23/12
08:55:19 Z390CEDF  LZ390 ENDED   RC= 0 SEC= 1 MEM(MB)=120 IO=32548
12:50:07 Z390CEDF  MZ390 START USING z390 V1.5.06x1 ON J2SE 1.7.0 03/04/12
12:51:12 Z390CEDF  MZ390 ENDED   RC= 0 SEC=65 MEM(MB)=115 IO=239108
12:51:12 Z390CEDF  LZ390 START USING z390 V1.5.06x1 ON J2SE 1.7.0 03/04/12
12:51:14 Z390CEDF  LZ390 ENDED   RC= 0 SEC= 1 MEM(MB)=120 IO=32548
11:18:23 Z390CEDF  MZ390 START USING z390 V1.5.06x1 ON J2SE 1.7.0 03/06/12
11:19:32 Z390CEDF  MZ390 ENDED   RC= 0 SEC=68 MEM(MB)=115 IO=239108
11:19:32 Z390CEDF  LZ390 START USING z390 V1.5.06x1 ON J2SE 1.7.0 03/06/12
11:19:34 Z390CEDF  LZ390 ENDED   RC= 0 SEC= 1 MEM(MB)=120 IO=32548
12:13:42 Z390CEDF  MZ390 START USING z390 V1.5.06x1 ON J2SE 1.7.0 03/07/12
12:14:49 Z390CEDF  MZ390 ENDED   RC= 0 SEC=66 MEM(MB)=115 IO=239108
12:14:49 Z390CEDF  LZ390 START USING z390 V1.5.06x1 ON J2SE 1.7.0 03/07/12
12:14:51 Z390CEDF  LZ390 ENDED   RC= 0 SEC= 1 MEM(MB)=120 IO=32548
17:42:52 Z390CEDF  MZ390 START USING z390 V1.5.06x3 ON J2SE 1.7.0 03/08/12
17:44:03 Z390CEDF  MZ390 ENDED   RC= 0 SEC=71 MEM(MB)=117 IO=239108
17:44:04 Z390CEDF  LZ390 START USING z390 V1.5.06x3 ON J2SE 1.7.0 03/08/12
17:44:06 Z390CEDF  LZ390 ENDED   RC= 0 SEC= 2 MEM(MB)=264 IO=57219
21:14:55 Z390CEDF  MZ390 START USING z390 V1.5.06x3 ON J2SE 1.7.0 03/11/12
21:16:01 Z390CEDF  MZ390 ENDED   RC= 0 SEC=65 MEM(MB)=117 IO=239108
21:16:01 Z390CEDF  LZ390 START USING z390 V1.5.06x3 ON J2SE 1.7.0 03/11/12
21:16:03 Z390CEDF  LZ390 ENDED   RC= 0 SEC= 2 MEM(MB)=264 IO=57219
10:50:30 Z390CEDF  MZ390 START USING z390 V1.5.06x3 ON J2SE 1.7.0 03/22/12
10:51:37 Z390CEDF  MZ390 ENDED   RC= 0 SEC=66 MEM(MB)=117 IO=239108
10:51:37 Z390CEDF  LZ390 START USING z390 V1.5.06x3 ON J2SE 1.7.0 03/22/12
10:51:39 Z390CEDF  LZ390 ENDED   RC= 0 SEC= 2 MEM(MB)=264 IO=57219
22:54:11 Z390CEDF  MZ390 START USING z390 V1.5.06x3 ON J2SE 1.7.0 03/22/12
22:55:18 Z390CEDF  MZ390 ENDED   RC= 0 SEC=66 MEM(MB)=117 IO=239108
22:55:18 Z390CEDF  LZ390 START USING z390 V1.5.06x3 ON J2SE 1.7.0 03/22/12
22:55:20 Z390CEDF  LZ390 ENDED   RC= 0 SEC= 2 MEM(MB)=264 IO=57219
22:03:04 Z390CEDF  MZ390 START USING z390 V1.5.06x3 ON J2SE 1.7.0 03/23/12
22:03:44 Z390CEDF  MZ390 ENDED   RC= 0 SEC=40 MEM(MB)=117 IO=239108
22:03:44 Z390CEDF  LZ390 START USING z390 V1.5.06x3 ON J2SE 1.7.0 03/23/12
22:03:46 Z390CEDF  LZ390 ENDED   RC= 0 SEC= 1 MEM(MB)=264 IO=57219
08:05:26 Z390CEDF  MZ390 START USING z390 V1.5.06x3 ON J2SE 1.7.0 03/25/12
08:06:32 Z390CEDF  MZ390 ENDED   RC= 0 SEC=66 MEM(MB)=115 IO=239108
08:06:32 Z390CEDF  LZ390 START USING z390 V1.5.06x3 ON J2SE 1.7.0 03/25/12
08:06:34 Z390CEDF  LZ390 ENDED   RC= 0 SEC= 2 MEM(MB)=146 IO=57219
19:19:44 Z390CEDF  MZ390 START USING z390 V1.5.06x3 ON J2SE 1.7.0 03/28/12
19:20:51 Z390CEDF  MZ390 ENDED   RC= 0 SEC=66 MEM(MB)=116 IO=239108
19:20:51 Z390CEDF  LZ390 START USING z390 V1.5.06x3 ON J2SE 1.7.0 03/28/12
19:20:53 Z390CEDF  LZ390 ENDED   RC= 0 SEC= 2 MEM(MB)=136 IO=57219
10:31:17 Z390CEDF  MZ390 START USING z390 V1.5.06x3 ON J2SE 1.7.0 03/29/12
10:32:24 Z390CEDF  MZ390 ENDED   RC= 0 SEC=66 MEM(MB)=115 IO=239108
10:32:24 Z390CEDF  LZ390 START USING z390 V1.5.06x3 ON J2SE 1.7.0 03/29/12
10:32:26 Z390CEDF  LZ390 ENDED   RC= 0 SEC= 1 MEM(MB)=146 IO=57219
09:10:45 Z390CEDF  MZ390 START USING z390 V1.5.06rc4 ON J2SE 1.7.0 05/16/12
09:11:51 Z390CEDF  MZ390 ENDED   RC= 0 SEC=66 MEM(MB)=117 IO=239108
09:11:52 Z390CEDF  LZ390 START USING z390 V1.5.06rc4 ON J2SE 1.7.0 05/16/12
09:11:54 Z390CEDF  LZ390 ENDED   RC= 0 SEC= 2 MEM(MB)=250 IO=57219
09:58:50 Z390CEDF  MZ390 START USING z390 V1.5.06rc4 ON J2SE 1.7.0 05/18/12
09:59:54 Z390CEDF  MZ390 ENDED   RC= 0 SEC=64 MEM(MB)=117 IO=239108
09:59:55 Z390CEDF  LZ390 START USING z390 V1.5.06rc4 ON J2SE 1.7.0 05/18/12
09:59:57 Z390CEDF  LZ390 ENDED   RC= 0 SEC= 2 MEM(MB)=264 IO=57219
13:44:49 Z390CEDF  MZ390 START USING z390 V1.5.06 ON J2SE 1.6.0_31 05/21/12
13:45:56 Z390CEDF  MZ390 ENDED   RC= 0 SEC=66 MEM(MB)=117 IO=239108
13:45:56 Z390CEDF  LZ390 START USING z390 V1.5.06 ON J2SE 1.6.0_31 05/21/12
13:45:58 Z390CEDF  LZ390 ENDED   RC= 0 SEC= 1 MEM(MB)=264 IO=57219
