2014.01.24 18:30 B C:\Runners\RunnerB\RunnerB\A.class --> csc.columbusstate.edu /woolbright/Runners/RunnerB/RunnerB A.class
2014.01.24 18:30 B C:\Runners\RunnerB\RunnerB\A.ctxt --> csc.columbusstate.edu /woolbright/Runners/RunnerB/RunnerB A.ctxt
2014.01.24 18:30 B C:\Runners\RunnerB\RunnerB\A.java --> csc.columbusstate.edu /woolbright/Runners/RunnerB/RunnerB A.java
2014.01.24 18:30 B C:\Runners\RunnerB\RunnerB\AH.class --> csc.columbusstate.edu /woolbright/Runners/RunnerB/RunnerB AH.class
2014.01.24 18:30 B C:\Runners\RunnerB\RunnerB\AH.ctxt --> csc.columbusstate.edu /woolbright/Runners/RunnerB/RunnerB AH.ctxt
2014.01.24 18:30 B C:\Runners\RunnerB\RunnerB\AH.java --> csc.columbusstate.edu /woolbright/Runners/RunnerB/RunnerB AH.java
2014.01.24 18:30 B C:\Runners\RunnerB\RunnerB\AL.class --> csc.columbusstate.edu /woolbright/Runners/RunnerB/RunnerB AL.class
2014.01.24 18:30 B C:\Runners\RunnerB\RunnerB\AL.ctxt --> csc.columbusstate.edu /woolbright/Runners/RunnerB/RunnerB AL.ctxt
2014.01.24 18:30 B C:\Runners\RunnerB\RunnerB\AL.java --> csc.columbusstate.edu /woolbright/Runners/RunnerB/RunnerB AL.java
2014.01.24 18:30 B C:\Runners\RunnerB\RunnerB\ALR.class --> csc.columbusstate.edu /woolbright/Runners/RunnerB/RunnerB ALR.class
2014.01.24 18:30 B C:\Runners\RunnerB\RunnerB\ALR.ctxt --> csc.columbusstate.edu /woolbright/Runners/RunnerB/RunnerB ALR.ctxt
2014.01.24 18:30 B C:\Runners\RunnerB\RunnerB\ALR.java --> csc.columbusstate.edu /woolbright/Runners/RunnerB/RunnerB ALR.java
2014.01.24 18:30 B C:\Runners\RunnerB\RunnerB\AP.class --> csc.columbusstate.edu /woolbright/Runners/RunnerB/RunnerB AP.class
2014.01.24 18:30 B C:\Runners\RunnerB\RunnerB\AP.ctxt --> csc.columbusstate.edu /woolbright/Runners/RunnerB/RunnerB AP.ctxt
2014.01.24 18:30 B C:\Runners\RunnerB\RunnerB\AP.java --> csc.columbusstate.edu /woolbright/Runners/RunnerB/RunnerB AP.java
2014.01.24 18:30 B C:\Runners\RunnerB\RunnerB\AR.class --> csc.columbusstate.edu /woolbright/Runners/RunnerB/RunnerB AR.class
2014.01.24 18:30 B C:\Runners\RunnerB\RunnerB\AR.ctxt --> csc.columbusstate.edu /woolbright/Runners/RunnerB/RunnerB AR.ctxt
2014.01.24 18:30 B C:\Runners\RunnerB\RunnerB\AR.java --> csc.columbusstate.edu /woolbright/Runners/RunnerB/RunnerB AR.java
2014.01.24 18:30 B C:\Runners\RunnerB\RunnerB\BAL.class --> csc.columbusstate.edu /woolbright/Runners/RunnerB/RunnerB BAL.class
2014.01.24 18:30 B C:\Runners\RunnerB\RunnerB\BAL.ctxt --> csc.columbusstate.edu /woolbright/Runners/RunnerB/RunnerB BAL.ctxt
2014.01.24 18:30 B C:\Runners\RunnerB\RunnerB\BAL.java --> csc.columbusstate.edu /woolbright/Runners/RunnerB/RunnerB BAL.java
2014.01.24 18:30 B C:\Runners\RunnerB\RunnerB\BALR.class --> csc.columbusstate.edu /woolbright/Runners/RunnerB/RunnerB BALR.class
2014.01.24 18:30 B C:\Runners\RunnerB\RunnerB\BALR.ctxt --> csc.columbusstate.edu /woolbright/Runners/RunnerB/RunnerB BALR.ctxt
2014.01.24 18:30 B C:\Runners\RunnerB\RunnerB\BALR.java --> csc.columbusstate.edu /woolbright/Runners/RunnerB/RunnerB BALR.java
2014.01.24 18:30 B C:\Runners\RunnerB\RunnerB\BAS.class --> csc.columbusstate.edu /woolbright/Runners/RunnerB/RunnerB BAS.class
2014.01.24 18:30 B C:\Runners\RunnerB\RunnerB\BAS.ctxt --> csc.columbusstate.edu /woolbright/Runners/RunnerB/RunnerB BAS.ctxt
2014.01.24 18:30 B C:\Runners\RunnerB\RunnerB\BAS.java --> csc.columbusstate.edu /woolbright/Runners/RunnerB/RunnerB BAS.java
2014.01.24 18:30 B C:\Runners\RunnerB\RunnerB\BASR.class --> csc.columbusstate.edu /woolbright/Runners/RunnerB/RunnerB BASR.class
2014.01.24 18:30 B C:\Runners\RunnerB\RunnerB\BASR.ctxt --> csc.columbusstate.edu /woolbright/Runners/RunnerB/RunnerB BASR.ctxt
2014.01.24 18:30 B C:\Runners\RunnerB\RunnerB\BASR.java --> csc.columbusstate.edu /woolbright/Runners/RunnerB/RunnerB BASR.java
2014.01.24 18:30 B C:\Runners\RunnerB\RunnerB\BC.class --> csc.columbusstate.edu /woolbright/Runners/RunnerB/RunnerB BC.class
2014.01.24 18:30 B C:\Runners\RunnerB\RunnerB\BC.ctxt --> csc.columbusstate.edu /woolbright/Runners/RunnerB/RunnerB BC.ctxt
2014.01.24 18:30 B C:\Runners\RunnerB\RunnerB\BC.java --> csc.columbusstate.edu /woolbright/Runners/RunnerB/RunnerB BC.java
2014.01.24 18:30 B C:\Runners\RunnerB\RunnerB\BCR.class --> csc.columbusstate.edu /woolbright/Runners/RunnerB/RunnerB BCR.class
2014.01.24 18:30 B C:\Runners\RunnerB\RunnerB\BCR.ctxt --> csc.columbusstate.edu /woolbright/Runners/RunnerB/RunnerB BCR.ctxt
2014.01.24 18:30 B C:\Runners\RunnerB\RunnerB\BCR.java --> csc.columbusstate.edu /woolbright/Runners/RunnerB/RunnerB BCR.java
2014.01.24 18:30 B C:\Runners\RunnerB\RunnerB\BCT.class --> csc.columbusstate.edu /woolbright/Runners/RunnerB/RunnerB BCT.class
2014.01.24 18:30 B C:\Runners\RunnerB\RunnerB\BCT.ctxt --> csc.columbusstate.edu /woolbright/Runners/RunnerB/RunnerB BCT.ctxt
2014.01.24 18:31 B C:\Runners\RunnerB\RunnerB\BCT.java --> csc.columbusstate.edu /woolbright/Runners/RunnerB/RunnerB BCT.java
2014.01.24 18:31 B C:\Runners\RunnerB\RunnerB\BCTR.class --> csc.columbusstate.edu /woolbright/Runners/RunnerB/RunnerB BCTR.class
2014.01.24 18:31 B C:\Runners\RunnerB\RunnerB\BCTR.ctxt --> csc.columbusstate.edu /woolbright/Runners/RunnerB/RunnerB BCTR.ctxt
2014.01.24 18:31 B C:\Runners\RunnerB\RunnerB\BCTR.java --> csc.columbusstate.edu /woolbright/Runners/RunnerB/RunnerB BCTR.java
2014.01.24 18:31 B C:\Runners\RunnerB\RunnerB\ButtonPanel$1.class --> csc.columbusstate.edu /woolbright/Runners/RunnerB/RunnerB ButtonPanel$1.class
2014.01.24 18:31 B C:\Runners\RunnerB\RunnerB\ButtonPanel$CycleButtonListener.class --> csc.columbusstate.edu /woolbright/Runners/RunnerB/RunnerB ButtonPanel$CycleButtonListener.class
2014.01.24 18:31 B C:\Runners\RunnerB\RunnerB\ButtonPanel$LoadButtonListener.class --> csc.columbusstate.edu /woolbright/Runners/RunnerB/RunnerB ButtonPanel$LoadButtonListener.class
2014.01.24 18:31 B C:\Runners\RunnerB\RunnerB\ButtonPanel$ReloadButtonListener.class --> csc.columbusstate.edu /woolbright/Runners/RunnerB/RunnerB ButtonPanel$ReloadButtonListener.class
2014.01.24 18:31 B C:\Runners\RunnerB\RunnerB\ButtonPanel$ResetPSWButtonListener.class --> csc.columbusstate.edu /woolbright/Runners/RunnerB/RunnerB ButtonPanel$ResetPSWButtonListener.class
2014.01.24 18:31 B C:\Runners\RunnerB\RunnerB\ButtonPanel.class --> csc.columbusstate.edu /woolbright/Runners/RunnerB/RunnerB ButtonPanel.class
2014.01.24 18:31 B C:\Runners\RunnerB\RunnerB\ButtonPanel.ctxt --> csc.columbusstate.edu /woolbright/Runners/RunnerB/RunnerB ButtonPanel.ctxt
2014.01.24 18:31 B C:\Runners\RunnerB\RunnerB\ButtonPanel.java --> csc.columbusstate.edu /woolbright/Runners/RunnerB/RunnerB ButtonPanel.java
2014.01.24 18:31 B C:\Runners\RunnerB\RunnerB\BXH.class --> csc.columbusstate.edu /woolbright/Runners/RunnerB/RunnerB BXH.class
2014.01.24 18:31 B C:\Runners\RunnerB\RunnerB\BXH.ctxt --> csc.columbusstate.edu /woolbright/Runners/RunnerB/RunnerB BXH.ctxt
2014.01.24 18:31 B C:\Runners\RunnerB\RunnerB\BXH.java --> csc.columbusstate.edu /woolbright/Runners/RunnerB/RunnerB BXH.java
2014.01.24 18:31 B C:\Runners\RunnerB\RunnerB\BXLE.class --> csc.columbusstate.edu /woolbright/Runners/RunnerB/RunnerB BXLE.class
2014.01.24 18:31 B C:\Runners\RunnerB\RunnerB\BXLE.ctxt --> csc.columbusstate.edu /woolbright/Runners/RunnerB/RunnerB BXLE.ctxt
2014.01.24 18:31 B C:\Runners\RunnerB\RunnerB\BXLE.java --> csc.columbusstate.edu /woolbright/Runners/RunnerB/RunnerB BXLE.java
2014.01.24 18:31 B C:\Runners\RunnerB\RunnerB\C.class --> csc.columbusstate.edu /woolbright/Runners/RunnerB/RunnerB C.class
2014.01.24 18:31 B C:\Runners\RunnerB\RunnerB\C.ctxt --> csc.columbusstate.edu /woolbright/Runners/RunnerB/RunnerB C.ctxt
2014.01.24 18:31 B C:\Runners\RunnerB\RunnerB\C.java --> csc.columbusstate.edu /woolbright/Runners/RunnerB/RunnerB C.java
2014.01.24 18:31 B C:\Runners\RunnerB\RunnerB\CDS.class --> csc.columbusstate.edu /woolbright/Runners/RunnerB/RunnerB CDS.class
2014.01.24 18:31 B C:\Runners\RunnerB\RunnerB\CDS.ctxt --> csc.columbusstate.edu /woolbright/Runners/RunnerB/RunnerB CDS.ctxt
2014.01.24 18:31 B C:\Runners\RunnerB\RunnerB\CDS.java --> csc.columbusstate.edu /woolbright/Runners/RunnerB/RunnerB CDS.java
2014.01.24 18:31 B C:\Runners\RunnerB\RunnerB\CH.class --> csc.columbusstate.edu /woolbright/Runners/RunnerB/RunnerB CH.class
2014.01.24 18:31 B C:\Runners\RunnerB\RunnerB\CH.ctxt --> csc.columbusstate.edu /woolbright/Runners/RunnerB/RunnerB CH.ctxt
2014.01.24 18:31 B C:\Runners\RunnerB\RunnerB\CH.java --> csc.columbusstate.edu /woolbright/Runners/RunnerB/RunnerB CH.java
2014.01.24 18:31 B C:\Runners\RunnerB\RunnerB\Channel.class --> csc.columbusstate.edu /woolbright/Runners/RunnerB/RunnerB Channel.class
2014.01.24 18:31 B C:\Runners\RunnerB\RunnerB\Channel.ctxt --> csc.columbusstate.edu /woolbright/Runners/RunnerB/RunnerB Channel.ctxt
2014.01.24 18:31 B C:\Runners\RunnerB\RunnerB\Channel.java --> csc.columbusstate.edu /woolbright/Runners/RunnerB/RunnerB Channel.java
2014.01.24 18:31 B C:\Runners\RunnerB\RunnerB\CL.class --> csc.columbusstate.edu /woolbright/Runners/RunnerB/RunnerB CL.class
2014.01.24 18:31 B C:\Runners\RunnerB\RunnerB\CL.ctxt --> csc.columbusstate.edu /woolbright/Runners/RunnerB/RunnerB CL.ctxt
2014.01.24 18:31 B C:\Runners\RunnerB\RunnerB\CL.java --> csc.columbusstate.edu /woolbright/Runners/RunnerB/RunnerB CL.java
2014.01.24 18:31 B C:\Runners\RunnerB\RunnerB\CLC.class --> csc.columbusstate.edu /woolbright/Runners/RunnerB/RunnerB CLC.class
2014.01.24 18:31 B C:\Runners\RunnerB\RunnerB\CLC.ctxt --> csc.columbusstate.edu /woolbright/Runners/RunnerB/RunnerB CLC.ctxt
2014.01.24 18:31 B C:\Runners\RunnerB\RunnerB\CLC.java --> csc.columbusstate.edu /woolbright/Runners/RunnerB/RunnerB CLC.java
2014.01.24 18:31 B C:\Runners\RunnerB\RunnerB\CLCL.class --> csc.columbusstate.edu /woolbright/Runners/RunnerB/RunnerB CLCL.class
2014.01.24 18:31 B C:\Runners\RunnerB\RunnerB\CLCL.ctxt --> csc.columbusstate.edu /woolbright/Runners/RunnerB/RunnerB CLCL.ctxt
2014.01.24 18:31 B C:\Runners\RunnerB\RunnerB\CLCL.java --> csc.columbusstate.edu /woolbright/Runners/RunnerB/RunnerB CLCL.java
2014.01.24 18:31 B C:\Runners\RunnerB\RunnerB\CLI.class --> csc.columbusstate.edu /woolbright/Runners/RunnerB/RunnerB CLI.class
2014.01.24 18:31 B C:\Runners\RunnerB\RunnerB\CLI.ctxt --> csc.columbusstate.edu /woolbright/Runners/RunnerB/RunnerB CLI.ctxt
2014.01.24 18:31 B C:\Runners\RunnerB\RunnerB\CLI.java --> csc.columbusstate.edu /woolbright/Runners/RunnerB/RunnerB CLI.java
2014.01.24 18:31 B C:\Runners\RunnerB\RunnerB\CLM.class --> csc.columbusstate.edu /woolbright/Runners/RunnerB/RunnerB CLM.class
2014.01.24 18:31 B C:\Runners\RunnerB\RunnerB\CLM.ctxt --> csc.columbusstate.edu /woolbright/Runners/RunnerB/RunnerB CLM.ctxt
2014.01.24 18:31 B C:\Runners\RunnerB\RunnerB\CLM.java --> csc.columbusstate.edu /woolbright/Runners/RunnerB/RunnerB CLM.java
2014.01.24 18:31 B C:\Runners\RunnerB\RunnerB\CLR.class --> csc.columbusstate.edu /woolbright/Runners/RunnerB/RunnerB CLR.class
2014.01.24 18:31 B C:\Runners\RunnerB\RunnerB\CLR.ctxt --> csc.columbusstate.edu /woolbright/Runners/RunnerB/RunnerB CLR.ctxt
2014.01.24 18:31 B C:\Runners\RunnerB\RunnerB\CLR.java --> csc.columbusstate.edu /woolbright/Runners/RunnerB/RunnerB CLR.java
2014.01.24 18:31 B C:\Runners\RunnerB\RunnerB\Converter.class --> csc.columbusstate.edu /woolbright/Runners/RunnerB/RunnerB Converter.class
2014.01.24 18:31 B C:\Runners\RunnerB\RunnerB\Converter.ctxt --> csc.columbusstate.edu /woolbright/Runners/RunnerB/RunnerB Converter.ctxt
2014.01.24 18:31 B C:\Runners\RunnerB\RunnerB\Converter.java --> csc.columbusstate.edu /woolbright/Runners/RunnerB/RunnerB Converter.java
2014.01.24 18:31 B C:\Runners\RunnerB\RunnerB\CP.class --> csc.columbusstate.edu /woolbright/Runners/RunnerB/RunnerB CP.class
2014.01.24 18:31 B C:\Runners\RunnerB\RunnerB\CP.ctxt --> csc.columbusstate.edu /woolbright/Runners/RunnerB/RunnerB CP.ctxt
2014.01.24 18:31 B C:\Runners\RunnerB\RunnerB\CP.java --> csc.columbusstate.edu /woolbright/Runners/RunnerB/RunnerB CP.java
2014.01.24 18:31 B C:\Runners\RunnerB\RunnerB\CPU.class --> csc.columbusstate.edu /woolbright/Runners/RunnerB/RunnerB CPU.class
2014.01.24 18:31 B C:\Runners\RunnerB\RunnerB\CPU.ctxt --> csc.columbusstate.edu /woolbright/Runners/RunnerB/RunnerB CPU.ctxt
2014.01.24 18:31 B C:\Runners\RunnerB\RunnerB\CPU.java --> csc.columbusstate.edu /woolbright/Runners/RunnerB/RunnerB CPU.java
2014.01.24 18:31 B C:\Runners\RunnerB\RunnerB\CR.class --> csc.columbusstate.edu /woolbright/Runners/RunnerB/RunnerB CR.class
2014.01.24 18:31 B C:\Runners\RunnerB\RunnerB\CR.ctxt --> csc.columbusstate.edu /woolbright/Runners/RunnerB/RunnerB CR.ctxt
2014.01.24 18:31 B C:\Runners\RunnerB\RunnerB\CR.java --> csc.columbusstate.edu /woolbright/Runners/RunnerB/RunnerB CR.java
2014.01.24 18:31 B C:\Runners\RunnerB\RunnerB\CS.class --> csc.columbusstate.edu /woolbright/Runners/RunnerB/RunnerB CS.class
2014.01.24 18:31 B C:\Runners\RunnerB\RunnerB\CS.ctxt --> csc.columbusstate.edu /woolbright/Runners/RunnerB/RunnerB CS.ctxt
2014.01.24 18:31 B C:\Runners\RunnerB\RunnerB\CS.java --> csc.columbusstate.edu /woolbright/Runners/RunnerB/RunnerB CS.java
2014.01.24 18:31 B C:\Runners\RunnerB\RunnerB\CVB.class --> csc.columbusstate.edu /woolbright/Runners/RunnerB/RunnerB CVB.class
2014.01.24 18:31 B C:\Runners\RunnerB\RunnerB\CVB.ctxt --> csc.columbusstate.edu /woolbright/Runners/RunnerB/RunnerB CVB.ctxt
2014.01.24 18:31 B C:\Runners\RunnerB\RunnerB\CVB.java --> csc.columbusstate.edu /woolbright/Runners/RunnerB/RunnerB CVB.java
2014.01.24 18:31 B C:\Runners\RunnerB\RunnerB\CVD.class --> csc.columbusstate.edu /woolbright/Runners/RunnerB/RunnerB CVD.class
2014.01.24 18:31 B C:\Runners\RunnerB\RunnerB\CVD.ctxt --> csc.columbusstate.edu /woolbright/Runners/RunnerB/RunnerB CVD.ctxt
2014.01.24 18:31 B C:\Runners\RunnerB\RunnerB\CVD.java --> csc.columbusstate.edu /woolbright/Runners/RunnerB/RunnerB CVD.java
2014.01.24 18:31 B C:\Runners\RunnerB\RunnerB\D.class --> csc.columbusstate.edu /woolbright/Runners/RunnerB/RunnerB D.class
2014.01.24 18:31 B C:\Runners\RunnerB\RunnerB\D.ctxt --> csc.columbusstate.edu /woolbright/Runners/RunnerB/RunnerB D.ctxt
2014.01.24 18:31 B C:\Runners\RunnerB\RunnerB\D.java --> csc.columbusstate.edu /woolbright/Runners/RunnerB/RunnerB D.java
2014.01.24 18:31 B C:\Runners\RunnerB\RunnerB\DCB.class --> csc.columbusstate.edu /woolbright/Runners/RunnerB/RunnerB DCB.class
2014.01.24 18:31 B C:\Runners\RunnerB\RunnerB\DCB.ctxt --> csc.columbusstate.edu /woolbright/Runners/RunnerB/RunnerB DCB.ctxt
2014.01.24 18:31 B C:\Runners\RunnerB\RunnerB\DCB.java --> csc.columbusstate.edu /woolbright/Runners/RunnerB/RunnerB DCB.java
2014.01.24 18:31 B C:\Runners\RunnerB\RunnerB\DecimalDivideException.class --> csc.columbusstate.edu /woolbright/Runners/RunnerB/RunnerB DecimalDivideException.class
2014.01.24 18:31 B C:\Runners\RunnerB\RunnerB\DecimalDivideException.ctxt --> csc.columbusstate.edu /woolbright/Runners/RunnerB/RunnerB DecimalDivideException.ctxt
2014.01.24 18:31 B C:\Runners\RunnerB\RunnerB\DecimalDivideException.java --> csc.columbusstate.edu /woolbright/Runners/RunnerB/RunnerB DecimalDivideException.java
2014.01.24 18:31 B C:\Runners\RunnerB\RunnerB\DP.class --> csc.columbusstate.edu /woolbright/Runners/RunnerB/RunnerB DP.class
2014.01.24 18:31 B C:\Runners\RunnerB\RunnerB\DP.ctxt --> csc.columbusstate.edu /woolbright/Runners/RunnerB/RunnerB DP.ctxt
2014.01.24 18:31 B C:\Runners\RunnerB\RunnerB\DP.java --> csc.columbusstate.edu /woolbright/Runners/RunnerB/RunnerB DP.java
2014.01.24 18:31 B C:\Runners\RunnerB\RunnerB\DR.class --> csc.columbusstate.edu /woolbright/Runners/RunnerB/RunnerB DR.class
2014.01.24 18:31 B C:\Runners\RunnerB\RunnerB\DR.ctxt --> csc.columbusstate.edu /woolbright/Runners/RunnerB/RunnerB DR.ctxt
2014.01.24 18:31 B C:\Runners\RunnerB\RunnerB\DR.java --> csc.columbusstate.edu /woolbright/Runners/RunnerB/RunnerB DR.java
2014.01.24 18:31 B C:\Runners\RunnerB\RunnerB\ED.class --> csc.columbusstate.edu /woolbright/Runners/RunnerB/RunnerB ED.class
2014.01.24 18:31 B C:\Runners\RunnerB\RunnerB\ED.ctxt --> csc.columbusstate.edu /woolbright/Runners/RunnerB/RunnerB ED.ctxt
2014.01.24 18:31 B C:\Runners\RunnerB\RunnerB\ED.java --> csc.columbusstate.edu /woolbright/Runners/RunnerB/RunnerB ED.java
2014.01.24 18:31 B C:\Runners\RunnerB\RunnerB\EDMK.class --> csc.columbusstate.edu /woolbright/Runners/RunnerB/RunnerB EDMK.class
2014.01.24 18:31 B C:\Runners\RunnerB\RunnerB\EDMK.ctxt --> csc.columbusstate.edu /woolbright/Runners/RunnerB/RunnerB EDMK.ctxt
2014.01.24 18:31 B C:\Runners\RunnerB\RunnerB\EDMK.java --> csc.columbusstate.edu /woolbright/Runners/RunnerB/RunnerB EDMK.java
2014.01.24 18:31 B C:\Runners\RunnerB\RunnerB\EX.class --> csc.columbusstate.edu /woolbright/Runners/RunnerB/RunnerB EX.class
2014.01.24 18:31 B C:\Runners\RunnerB\RunnerB\EX.ctxt --> csc.columbusstate.edu /woolbright/Runners/RunnerB/RunnerB EX.ctxt
2014.01.24 18:31 B C:\Runners\RunnerB\RunnerB\EX.java --> csc.columbusstate.edu /woolbright/Runners/RunnerB/RunnerB EX.java
2014.01.24 18:31 B C:\Runners\RunnerB\RunnerB\FixedPointDivideException.class --> csc.columbusstate.edu /woolbright/Runners/RunnerB/RunnerB FixedPointDivideException.class
2014.01.24 18:31 B C:\Runners\RunnerB\RunnerB\FixedPointDivideException.ctxt --> csc.columbusstate.edu /woolbright/Runners/RunnerB/RunnerB FixedPointDivideException.ctxt
2014.01.24 18:31 B C:\Runners\RunnerB\RunnerB\FixedPointDivideException.java --> csc.columbusstate.edu /woolbright/Runners/RunnerB/RunnerB FixedPointDivideException.java
2014.01.24 18:31 B C:\Runners\RunnerB\RunnerB\FixedPointOverflowException.class --> csc.columbusstate.edu /woolbright/Runners/RunnerB/RunnerB FixedPointOverflowException.class
2014.01.24 18:31 B C:\Runners\RunnerB\RunnerB\FixedPointOverflowException.ctxt --> csc.columbusstate.edu /woolbright/Runners/RunnerB/RunnerB FixedPointOverflowException.ctxt
2014.01.24 18:31 B C:\Runners\RunnerB\RunnerB\FixedPointOverflowException.java --> csc.columbusstate.edu /woolbright/Runners/RunnerB/RunnerB FixedPointOverflowException.java
2014.01.24 18:31 B C:\Runners\RunnerB\RunnerB\FRegister.class --> csc.columbusstate.edu /woolbright/Runners/RunnerB/RunnerB FRegister.class
2014.01.24 18:31 B C:\Runners\RunnerB\RunnerB\FRegister.ctxt --> csc.columbusstate.edu /woolbright/Runners/RunnerB/RunnerB FRegister.ctxt
2014.01.24 18:31 B C:\Runners\RunnerB\RunnerB\FRegister.java --> csc.columbusstate.edu /woolbright/Runners/RunnerB/RunnerB FRegister.java
2014.01.24 18:31 B C:\Runners\RunnerB\RunnerB\FRegisterPanel$1.class --> csc.columbusstate.edu /woolbright/Runners/RunnerB/RunnerB FRegisterPanel$1.class
2014.01.24 18:31 B C:\Runners\RunnerB\RunnerB\FRegisterPanel$mHandlerOpenPanel.class --> csc.columbusstate.edu /woolbright/Runners/RunnerB/RunnerB FRegisterPanel$mHandlerOpenPanel.class
2014.01.24 18:31 B C:\Runners\RunnerB\RunnerB\FRegisterPanel.class --> csc.columbusstate.edu /woolbright/Runners/RunnerB/RunnerB FRegisterPanel.class
2014.01.24 18:31 B C:\Runners\RunnerB\RunnerB\FRegisterPanel.ctxt --> csc.columbusstate.edu /woolbright/Runners/RunnerB/RunnerB FRegisterPanel.ctxt
2014.01.24 18:31 B C:\Runners\RunnerB\RunnerB\FRegisterPanel.java --> csc.columbusstate.edu /woolbright/Runners/RunnerB/RunnerB FRegisterPanel.java
2014.01.24 18:31 B C:\Runners\RunnerB\RunnerB\FRegisters.class --> csc.columbusstate.edu /woolbright/Runners/RunnerB/RunnerB FRegisters.class
2014.01.24 18:31 B C:\Runners\RunnerB\RunnerB\FRegisters.ctxt --> csc.columbusstate.edu /woolbright/Runners/RunnerB/RunnerB FRegisters.ctxt
2014.01.24 18:31 B C:\Runners\RunnerB\RunnerB\FRegisters.java --> csc.columbusstate.edu /woolbright/Runners/RunnerB/RunnerB FRegisters.java
2014.01.24 18:31 B C:\Runners\RunnerB\RunnerB\Hex.class --> csc.columbusstate.edu /woolbright/Runners/RunnerB/RunnerB Hex.class
2014.01.24 18:31 B C:\Runners\RunnerB\RunnerB\Hex.ctxt --> csc.columbusstate.edu /woolbright/Runners/RunnerB/RunnerB Hex.ctxt
2014.01.24 18:31 B C:\Runners\RunnerB\RunnerB\Hex.java --> csc.columbusstate.edu /woolbright/Runners/RunnerB/RunnerB Hex.java
2014.01.24 18:31 B C:\Runners\RunnerB\RunnerB\IC.class --> csc.columbusstate.edu /woolbright/Runners/RunnerB/RunnerB IC.class
2014.01.24 18:31 B C:\Runners\RunnerB\RunnerB\IC.ctxt --> csc.columbusstate.edu /woolbright/Runners/RunnerB/RunnerB IC.ctxt
2014.01.24 18:31 B C:\Runners\RunnerB\RunnerB\IC.java --> csc.columbusstate.edu /woolbright/Runners/RunnerB/RunnerB IC.java
2014.01.24 18:31 B C:\Runners\RunnerB\RunnerB\ICM.class --> csc.columbusstate.edu /woolbright/Runners/RunnerB/RunnerB ICM.class
2014.01.24 18:31 B C:\Runners\RunnerB\RunnerB\ICM.ctxt --> csc.columbusstate.edu /woolbright/Runners/RunnerB/RunnerB ICM.ctxt
2014.01.24 18:31 B C:\Runners\RunnerB\RunnerB\ICM.java --> csc.columbusstate.edu /woolbright/Runners/RunnerB/RunnerB ICM.java
2014.01.24 18:31 B C:\Runners\RunnerB\RunnerB\InfoPanel$1.class --> csc.columbusstate.edu /woolbright/Runners/RunnerB/RunnerB InfoPanel$1.class
2014.01.24 18:31 B C:\Runners\RunnerB\RunnerB\InfoPanel$MouseHandler.class --> csc.columbusstate.edu /woolbright/Runners/RunnerB/RunnerB InfoPanel$MouseHandler.class
2014.01.24 18:31 B C:\Runners\RunnerB\RunnerB\InfoPanel.class --> csc.columbusstate.edu /woolbright/Runners/RunnerB/RunnerB InfoPanel.class
2014.01.24 18:31 B C:\Runners\RunnerB\RunnerB\InfoPanel.ctxt --> csc.columbusstate.edu /woolbright/Runners/RunnerB/RunnerB InfoPanel.ctxt
2014.01.24 18:31 B C:\Runners\RunnerB\RunnerB\InfoPanel.java --> csc.columbusstate.edu /woolbright/Runners/RunnerB/RunnerB InfoPanel.java
2014.01.24 18:31 B C:\Runners\RunnerB\RunnerB\Instruction.class --> csc.columbusstate.edu /woolbright/Runners/RunnerB/RunnerB Instruction.class
2014.01.24 18:31 B C:\Runners\RunnerB\RunnerB\Instruction.ctxt --> csc.columbusstate.edu /woolbright/Runners/RunnerB/RunnerB Instruction.ctxt
2014.01.24 18:31 B C:\Runners\RunnerB\RunnerB\Instruction.java --> csc.columbusstate.edu /woolbright/Runners/RunnerB/RunnerB Instruction.java
2014.01.24 18:31 B C:\Runners\RunnerB\RunnerB\JCL.class --> csc.columbusstate.edu /woolbright/Runners/RunnerB/RunnerB JCL.class
2014.01.24 18:31 B C:\Runners\RunnerB\RunnerB\JCL.ctxt --> csc.columbusstate.edu /woolbright/Runners/RunnerB/RunnerB JCL.ctxt
2014.01.24 18:31 B C:\Runners\RunnerB\RunnerB\JCL.java --> csc.columbusstate.edu /woolbright/Runners/RunnerB/RunnerB JCL.java
2014.01.24 18:31 B C:\Runners\RunnerB\RunnerB\JCLPanel$1.class --> csc.columbusstate.edu /woolbright/Runners/RunnerB/RunnerB JCLPanel$1.class
2014.01.24 18:31 B C:\Runners\RunnerB\RunnerB\JCLPanel$addDDButtonListener.class --> csc.columbusstate.edu /woolbright/Runners/RunnerB/RunnerB JCLPanel$addDDButtonListener.class
2014.01.24 18:31 B C:\Runners\RunnerB\RunnerB\JCLPanel$removeDDButtonListener.class --> csc.columbusstate.edu /woolbright/Runners/RunnerB/RunnerB JCLPanel$removeDDButtonListener.class
2014.01.24 18:31 B C:\Runners\RunnerB\RunnerB\JCLPanel.class --> csc.columbusstate.edu /woolbright/Runners/RunnerB/RunnerB JCLPanel.class
2014.01.24 18:31 B C:\Runners\RunnerB\RunnerB\JCLPanel.ctxt --> csc.columbusstate.edu /woolbright/Runners/RunnerB/RunnerB JCLPanel.ctxt
2014.01.24 18:31 B C:\Runners\RunnerB\RunnerB\JCLPanel.java --> csc.columbusstate.edu /woolbright/Runners/RunnerB/RunnerB JCLPanel.java
2014.01.24 18:31 B C:\Runners\RunnerB\RunnerB\L.class --> csc.columbusstate.edu /woolbright/Runners/RunnerB/RunnerB L.class
2014.01.24 18:31 B C:\Runners\RunnerB\RunnerB\L.ctxt --> csc.columbusstate.edu /woolbright/Runners/RunnerB/RunnerB L.ctxt
2014.01.24 18:32 B C:\Runners\RunnerB\RunnerB\L.java --> csc.columbusstate.edu /woolbright/Runners/RunnerB/RunnerB L.java
2014.01.24 18:32 B C:\Runners\RunnerB\RunnerB\LA.class --> csc.columbusstate.edu /woolbright/Runners/RunnerB/RunnerB LA.class
2014.01.24 18:32 B C:\Runners\RunnerB\RunnerB\LA.ctxt --> csc.columbusstate.edu /woolbright/Runners/RunnerB/RunnerB LA.ctxt
2014.01.24 18:32 B C:\Runners\RunnerB\RunnerB\LA.java --> csc.columbusstate.edu /woolbright/Runners/RunnerB/RunnerB LA.java
2014.01.24 18:32 B C:\Runners\RunnerB\RunnerB\LCR.class --> csc.columbusstate.edu /woolbright/Runners/RunnerB/RunnerB LCR.class
2014.01.24 18:32 B C:\Runners\RunnerB\RunnerB\LCR.ctxt --> csc.columbusstate.edu /woolbright/Runners/RunnerB/RunnerB LCR.ctxt
2014.01.24 18:32 B C:\Runners\RunnerB\RunnerB\LCR.java --> csc.columbusstate.edu /woolbright/Runners/RunnerB/RunnerB LCR.java
2014.01.24 18:32 B C:\Runners\RunnerB\RunnerB\LH.class --> csc.columbusstate.edu /woolbright/Runners/RunnerB/RunnerB LH.class
2014.01.24 18:32 B C:\Runners\RunnerB\RunnerB\LH.ctxt --> csc.columbusstate.edu /woolbright/Runners/RunnerB/RunnerB LH.ctxt
2014.01.24 18:32 B C:\Runners\RunnerB\RunnerB\LH.java --> csc.columbusstate.edu /woolbright/Runners/RunnerB/RunnerB LH.java
2014.01.24 18:32 B C:\Runners\RunnerB\RunnerB\LM.class --> csc.columbusstate.edu /woolbright/Runners/RunnerB/RunnerB LM.class
2014.01.24 18:32 B C:\Runners\RunnerB\RunnerB\LM.ctxt --> csc.columbusstate.edu /woolbright/Runners/RunnerB/RunnerB LM.ctxt
2014.01.24 18:32 B C:\Runners\RunnerB\RunnerB\LM.java --> csc.columbusstate.edu /woolbright/Runners/RunnerB/RunnerB LM.java
2014.01.24 18:32 B C:\Runners\RunnerB\RunnerB\LNR.class --> csc.columbusstate.edu /woolbright/Runners/RunnerB/RunnerB LNR.class
2014.01.24 18:32 B C:\Runners\RunnerB\RunnerB\LNR.ctxt --> csc.columbusstate.edu /woolbright/Runners/RunnerB/RunnerB LNR.ctxt
2014.01.24 18:32 B C:\Runners\RunnerB\RunnerB\LNR.java --> csc.columbusstate.edu /woolbright/Runners/RunnerB/RunnerB LNR.java
2014.01.24 18:32 B C:\Runners\RunnerB\RunnerB\LPR.class --> csc.columbusstate.edu /woolbright/Runners/RunnerB/RunnerB LPR.class
2014.01.24 18:32 B C:\Runners\RunnerB\RunnerB\LPR.ctxt --> csc.columbusstate.edu /woolbright/Runners/RunnerB/RunnerB LPR.ctxt
2014.01.24 18:32 B C:\Runners\RunnerB\RunnerB\LPR.java --> csc.columbusstate.edu /woolbright/Runners/RunnerB/RunnerB LPR.java
2014.01.24 18:32 B C:\Runners\RunnerB\RunnerB\LR.class --> csc.columbusstate.edu /woolbright/Runners/RunnerB/RunnerB LR.class
2014.01.24 18:32 B C:\Runners\RunnerB\RunnerB\LR.ctxt --> csc.columbusstate.edu /woolbright/Runners/RunnerB/RunnerB LR.ctxt
2014.01.24 18:32 B C:\Runners\RunnerB\RunnerB\LR.java --> csc.columbusstate.edu /woolbright/Runners/RunnerB/RunnerB LR.java
2014.01.24 18:32 B C:\Runners\RunnerB\RunnerB\LTR.class --> csc.columbusstate.edu /woolbright/Runners/RunnerB/RunnerB LTR.class
2014.01.24 18:32 B C:\Runners\RunnerB\RunnerB\LTR.ctxt --> csc.columbusstate.edu /woolbright/Runners/RunnerB/RunnerB LTR.ctxt
2014.01.24 18:32 B C:\Runners\RunnerB\RunnerB\LTR.java --> csc.columbusstate.edu /woolbright/Runners/RunnerB/RunnerB LTR.java
2014.01.24 18:32 B C:\Runners\RunnerB\RunnerB\M.class --> csc.columbusstate.edu /woolbright/Runners/RunnerB/RunnerB M.class
2014.01.24 18:32 B C:\Runners\RunnerB\RunnerB\M.ctxt --> csc.columbusstate.edu /woolbright/Runners/RunnerB/RunnerB M.ctxt
2014.01.24 18:32 B C:\Runners\RunnerB\RunnerB\M.java --> csc.columbusstate.edu /woolbright/Runners/RunnerB/RunnerB M.java
2014.01.24 18:32 B C:\Runners\RunnerB\RunnerB\Memory.class --> csc.columbusstate.edu /woolbright/Runners/RunnerB/RunnerB Memory.class
2014.01.24 18:32 B C:\Runners\RunnerB\RunnerB\Memory.ctxt --> csc.columbusstate.edu /woolbright/Runners/RunnerB/RunnerB Memory.ctxt
2014.01.24 18:32 B C:\Runners\RunnerB\RunnerB\Memory.java --> csc.columbusstate.edu /woolbright/Runners/RunnerB/RunnerB Memory.java
2014.01.24 18:32 B C:\Runners\RunnerB\RunnerB\MemoryPanel$MemoryTableModel.class --> csc.columbusstate.edu /woolbright/Runners/RunnerB/RunnerB MemoryPanel$MemoryTableModel.class
2014.01.24 18:32 B C:\Runners\RunnerB\RunnerB\MemoryPanel.class --> csc.columbusstate.edu /woolbright/Runners/RunnerB/RunnerB MemoryPanel.class
2014.01.24 18:32 B C:\Runners\RunnerB\RunnerB\MemoryPanel.ctxt --> csc.columbusstate.edu /woolbright/Runners/RunnerB/RunnerB MemoryPanel.ctxt
2014.01.24 18:32 B C:\Runners\RunnerB\RunnerB\MemoryPanel.java --> csc.columbusstate.edu /woolbright/Runners/RunnerB/RunnerB MemoryPanel.java
2014.01.24 18:32 B C:\Runners\RunnerB\RunnerB\MemoryRenderer.class --> csc.columbusstate.edu /woolbright/Runners/RunnerB/RunnerB MemoryRenderer.class
2014.01.24 18:32 B C:\Runners\RunnerB\RunnerB\MemoryRenderer.ctxt --> csc.columbusstate.edu /woolbright/Runners/RunnerB/RunnerB MemoryRenderer.ctxt
2014.01.24 18:32 B C:\Runners\RunnerB\RunnerB\MemoryRenderer.java --> csc.columbusstate.edu /woolbright/Runners/RunnerB/RunnerB MemoryRenderer.java
2014.01.24 18:32 B C:\Runners\RunnerB\RunnerB\MH.class --> csc.columbusstate.edu /woolbright/Runners/RunnerB/RunnerB MH.class
2014.01.24 18:32 B C:\Runners\RunnerB\RunnerB\MH.ctxt --> csc.columbusstate.edu /woolbright/Runners/RunnerB/RunnerB MH.ctxt
2014.01.24 18:32 B C:\Runners\RunnerB\RunnerB\MH.java --> csc.columbusstate.edu /woolbright/Runners/RunnerB/RunnerB MH.java
2014.01.24 18:32 B C:\Runners\RunnerB\RunnerB\MP.class --> csc.columbusstate.edu /woolbright/Runners/RunnerB/RunnerB MP.class
2014.01.24 18:32 B C:\Runners\RunnerB\RunnerB\MP.ctxt --> csc.columbusstate.edu /woolbright/Runners/RunnerB/RunnerB MP.ctxt
2014.01.24 18:32 B C:\Runners\RunnerB\RunnerB\MP.java --> csc.columbusstate.edu /woolbright/Runners/RunnerB/RunnerB MP.java
2014.01.24 18:32 B C:\Runners\RunnerB\RunnerB\MR.class --> csc.columbusstate.edu /woolbright/Runners/RunnerB/RunnerB MR.class
2014.01.24 18:32 B C:\Runners\RunnerB\RunnerB\MR.ctxt --> csc.columbusstate.edu /woolbright/Runners/RunnerB/RunnerB MR.ctxt
2014.01.24 18:32 B C:\Runners\RunnerB\RunnerB\MR.java --> csc.columbusstate.edu /woolbright/Runners/RunnerB/RunnerB MR.java
2014.01.24 18:32 B C:\Runners\RunnerB\RunnerB\MVC.class --> csc.columbusstate.edu /woolbright/Runners/RunnerB/RunnerB MVC.class
2014.01.24 18:32 B C:\Runners\RunnerB\RunnerB\MVC.ctxt --> csc.columbusstate.edu /woolbright/Runners/RunnerB/RunnerB MVC.ctxt
2014.01.24 18:32 B C:\Runners\RunnerB\RunnerB\MVC.java --> csc.columbusstate.edu /woolbright/Runners/RunnerB/RunnerB MVC.java
2014.01.24 18:32 B C:\Runners\RunnerB\RunnerB\MVCIN.class --> csc.columbusstate.edu /woolbright/Runners/RunnerB/RunnerB MVCIN.class
2014.01.24 18:32 B C:\Runners\RunnerB\RunnerB\MVCIN.ctxt --> csc.columbusstate.edu /woolbright/Runners/RunnerB/RunnerB MVCIN.ctxt
2014.01.24 18:32 B C:\Runners\RunnerB\RunnerB\MVCIN.java --> csc.columbusstate.edu /woolbright/Runners/RunnerB/RunnerB MVCIN.java
2014.01.24 18:32 B C:\Runners\RunnerB\RunnerB\MVCL.class --> csc.columbusstate.edu /woolbright/Runners/RunnerB/RunnerB MVCL.class
2014.01.24 18:32 B C:\Runners\RunnerB\RunnerB\MVCL.ctxt --> csc.columbusstate.edu /woolbright/Runners/RunnerB/RunnerB MVCL.ctxt
2014.01.24 18:32 B C:\Runners\RunnerB\RunnerB\MVCL.java --> csc.columbusstate.edu /woolbright/Runners/RunnerB/RunnerB MVCL.java
2014.01.24 18:32 B C:\Runners\RunnerB\RunnerB\MVI.class --> csc.columbusstate.edu /woolbright/Runners/RunnerB/RunnerB MVI.class
2014.01.24 18:32 B C:\Runners\RunnerB\RunnerB\MVI.ctxt --> csc.columbusstate.edu /woolbright/Runners/RunnerB/RunnerB MVI.ctxt
2014.01.24 18:32 B C:\Runners\RunnerB\RunnerB\MVI.java --> csc.columbusstate.edu /woolbright/Runners/RunnerB/RunnerB MVI.java
2014.01.24 18:32 B C:\Runners\RunnerB\RunnerB\MVN.class --> csc.columbusstate.edu /woolbright/Runners/RunnerB/RunnerB MVN.class
2014.01.24 18:32 B C:\Runners\RunnerB\RunnerB\MVN.ctxt --> csc.columbusstate.edu /woolbright/Runners/RunnerB/RunnerB MVN.ctxt
2014.01.24 18:32 B C:\Runners\RunnerB\RunnerB\MVN.java --> csc.columbusstate.edu /woolbright/Runners/RunnerB/RunnerB MVN.java
2014.01.24 18:32 B C:\Runners\RunnerB\RunnerB\MVO.class --> csc.columbusstate.edu /woolbright/Runners/RunnerB/RunnerB MVO.class
2014.01.24 18:32 B C:\Runners\RunnerB\RunnerB\MVO.ctxt --> csc.columbusstate.edu /woolbright/Runners/RunnerB/RunnerB MVO.ctxt
2014.01.24 18:32 B C:\Runners\RunnerB\RunnerB\MVO.java --> csc.columbusstate.edu /woolbright/Runners/RunnerB/RunnerB MVO.java
2014.01.24 18:32 B C:\Runners\RunnerB\RunnerB\MVZ.class --> csc.columbusstate.edu /woolbright/Runners/RunnerB/RunnerB MVZ.class
2014.01.24 18:32 B C:\Runners\RunnerB\RunnerB\MVZ.ctxt --> csc.columbusstate.edu /woolbright/Runners/RunnerB/RunnerB MVZ.ctxt
2014.01.24 18:32 B C:\Runners\RunnerB\RunnerB\MVZ.java --> csc.columbusstate.edu /woolbright/Runners/RunnerB/RunnerB MVZ.java
2014.01.24 18:32 B C:\Runners\RunnerB\RunnerB\N.class --> csc.columbusstate.edu /woolbright/Runners/RunnerB/RunnerB N.class
2014.01.24 18:32 B C:\Runners\RunnerB\RunnerB\N.ctxt --> csc.columbusstate.edu /woolbright/Runners/RunnerB/RunnerB N.ctxt
2014.01.24 18:32 B C:\Runners\RunnerB\RunnerB\N.java --> csc.columbusstate.edu /woolbright/Runners/RunnerB/RunnerB N.java
2014.01.24 18:32 B C:\Runners\RunnerB\RunnerB\NC.class --> csc.columbusstate.edu /woolbright/Runners/RunnerB/RunnerB NC.class
2014.01.24 18:32 B C:\Runners\RunnerB\RunnerB\NC.ctxt --> csc.columbusstate.edu /woolbright/Runners/RunnerB/RunnerB NC.ctxt
2014.01.24 18:32 B C:\Runners\RunnerB\RunnerB\NC.java --> csc.columbusstate.edu /woolbright/Runners/RunnerB/RunnerB NC.java
2014.01.24 18:32 B C:\Runners\RunnerB\RunnerB\NI.class --> csc.columbusstate.edu /woolbright/Runners/RunnerB/RunnerB NI.class
2014.01.24 18:32 B C:\Runners\RunnerB\RunnerB\NI.ctxt --> csc.columbusstate.edu /woolbright/Runners/RunnerB/RunnerB NI.ctxt
2014.01.24 18:32 B C:\Runners\RunnerB\RunnerB\NI.java --> csc.columbusstate.edu /woolbright/Runners/RunnerB/RunnerB NI.java
2014.01.24 18:32 B C:\Runners\RunnerB\RunnerB\NR.class --> csc.columbusstate.edu /woolbright/Runners/RunnerB/RunnerB NR.class
2014.01.24 18:32 B C:\Runners\RunnerB\RunnerB\NR.ctxt --> csc.columbusstate.edu /woolbright/Runners/RunnerB/RunnerB NR.ctxt
2014.01.24 18:32 B C:\Runners\RunnerB\RunnerB\NR.java --> csc.columbusstate.edu /woolbright/Runners/RunnerB/RunnerB NR.java
2014.01.24 18:32 B C:\Runners\RunnerB\RunnerB\O.class --> csc.columbusstate.edu /woolbright/Runners/RunnerB/RunnerB O.class
2014.01.24 18:32 B C:\Runners\RunnerB\RunnerB\O.ctxt --> csc.columbusstate.edu /woolbright/Runners/RunnerB/RunnerB O.ctxt
2014.01.24 18:32 B C:\Runners\RunnerB\RunnerB\O.java --> csc.columbusstate.edu /woolbright/Runners/RunnerB/RunnerB O.java
2014.01.24 18:32 B C:\Runners\RunnerB\RunnerB\OC.class --> csc.columbusstate.edu /woolbright/Runners/RunnerB/RunnerB OC.class
2014.01.24 18:32 B C:\Runners\RunnerB\RunnerB\OC.ctxt --> csc.columbusstate.edu /woolbright/Runners/RunnerB/RunnerB OC.ctxt
2014.01.24 18:32 B C:\Runners\RunnerB\RunnerB\OC.java --> csc.columbusstate.edu /woolbright/Runners/RunnerB/RunnerB OC.java
2014.01.24 18:32 B C:\Runners\RunnerB\RunnerB\OI.class --> csc.columbusstate.edu /woolbright/Runners/RunnerB/RunnerB OI.class
2014.01.24 18:32 B C:\Runners\RunnerB\RunnerB\OI.ctxt --> csc.columbusstate.edu /woolbright/Runners/RunnerB/RunnerB OI.ctxt
2014.01.24 18:32 B C:\Runners\RunnerB\RunnerB\OI.java --> csc.columbusstate.edu /woolbright/Runners/RunnerB/RunnerB OI.java
2014.01.24 18:32 B C:\Runners\RunnerB\RunnerB\OpenDCBs.class --> csc.columbusstate.edu /woolbright/Runners/RunnerB/RunnerB OpenDCBs.class
2014.01.24 18:32 B C:\Runners\RunnerB\RunnerB\OpenDCBs.ctxt --> csc.columbusstate.edu /woolbright/Runners/RunnerB/RunnerB OpenDCBs.ctxt
2014.01.24 18:32 B C:\Runners\RunnerB\RunnerB\OpenDCBs.java --> csc.columbusstate.edu /woolbright/Runners/RunnerB/RunnerB OpenDCBs.java
2014.01.24 18:32 B C:\Runners\RunnerB\RunnerB\OR.class --> csc.columbusstate.edu /woolbright/Runners/RunnerB/RunnerB OR.class
2014.01.24 18:32 B C:\Runners\RunnerB\RunnerB\OR.ctxt --> csc.columbusstate.edu /woolbright/Runners/RunnerB/RunnerB OR.ctxt
2014.01.24 18:32 B C:\Runners\RunnerB\RunnerB\OR.java --> csc.columbusstate.edu /woolbright/Runners/RunnerB/RunnerB OR.java
2014.01.24 18:32 B C:\Runners\RunnerB\RunnerB\PACK.class --> csc.columbusstate.edu /woolbright/Runners/RunnerB/RunnerB PACK.class
2014.01.24 18:32 B C:\Runners\RunnerB\RunnerB\PACK.ctxt --> csc.columbusstate.edu /woolbright/Runners/RunnerB/RunnerB PACK.ctxt
2014.01.24 18:32 B C:\Runners\RunnerB\RunnerB\PACK.java --> csc.columbusstate.edu /woolbright/Runners/RunnerB/RunnerB PACK.java
2014.01.24 18:32 B C:\Runners\RunnerB\RunnerB\package.bluej --> csc.columbusstate.edu /woolbright/Runners/RunnerB/RunnerB package.bluej
2014.01.24 18:32 B C:\Runners\RunnerB\RunnerB\PackedDecimal.class --> csc.columbusstate.edu /woolbright/Runners/RunnerB/RunnerB PackedDecimal.class
2014.01.24 18:32 B C:\Runners\RunnerB\RunnerB\PackedDecimal.ctxt --> csc.columbusstate.edu /woolbright/Runners/RunnerB/RunnerB PackedDecimal.ctxt
2014.01.24 18:32 B C:\Runners\RunnerB\RunnerB\PackedDecimal.java --> csc.columbusstate.edu /woolbright/Runners/RunnerB/RunnerB PackedDecimal.java
2014.01.24 18:32 B C:\Runners\RunnerB\RunnerB\ParmPanel$1.class --> csc.columbusstate.edu /woolbright/Runners/RunnerB/RunnerB ParmPanel$1.class
2014.01.24 18:32 B C:\Runners\RunnerB\RunnerB\ParmPanel$ClearButtonListener.class --> csc.columbusstate.edu /woolbright/Runners/RunnerB/RunnerB ParmPanel$ClearButtonListener.class
2014.01.24 18:32 B C:\Runners\RunnerB\RunnerB\ParmPanel$LoadButtonListener.class --> csc.columbusstate.edu /woolbright/Runners/RunnerB/RunnerB ParmPanel$LoadButtonListener.class
2014.01.24 18:32 B C:\Runners\RunnerB\RunnerB\ParmPanel$mHandlerOpenPanel.class --> csc.columbusstate.edu /woolbright/Runners/RunnerB/RunnerB ParmPanel$mHandlerOpenPanel.class
2014.01.24 18:32 B C:\Runners\RunnerB\RunnerB\ParmPanel$MyDefaultTableModel.class --> csc.columbusstate.edu /woolbright/Runners/RunnerB/RunnerB ParmPanel$MyDefaultTableModel.class
2014.01.24 18:32 B C:\Runners\RunnerB\RunnerB\ParmPanel.class --> csc.columbusstate.edu /woolbright/Runners/RunnerB/RunnerB ParmPanel.class
2014.01.24 18:32 B C:\Runners\RunnerB\RunnerB\ParmPanel.ctxt --> csc.columbusstate.edu /woolbright/Runners/RunnerB/RunnerB ParmPanel.ctxt
2014.01.24 18:32 B C:\Runners\RunnerB\RunnerB\ParmPanel.java --> csc.columbusstate.edu /woolbright/Runners/RunnerB/RunnerB ParmPanel.java
2014.01.24 18:32 B C:\Runners\RunnerB\RunnerB\PSW.class --> csc.columbusstate.edu /woolbright/Runners/RunnerB/RunnerB PSW.class
2014.01.24 18:32 B C:\Runners\RunnerB\RunnerB\PSW.ctxt --> csc.columbusstate.edu /woolbright/Runners/RunnerB/RunnerB PSW.ctxt
2014.01.24 18:32 B C:\Runners\RunnerB\RunnerB\PSW.java --> csc.columbusstate.edu /woolbright/Runners/RunnerB/RunnerB PSW.java
2014.01.24 18:32 B C:\Runners\RunnerB\RunnerB\PSWPanel$1.class --> csc.columbusstate.edu /woolbright/Runners/RunnerB/RunnerB PSWPanel$1.class
2014.01.24 18:32 B C:\Runners\RunnerB\RunnerB\PSWPanel$mHandlerOpenPanel.class --> csc.columbusstate.edu /woolbright/Runners/RunnerB/RunnerB PSWPanel$mHandlerOpenPanel.class
2014.01.24 18:32 B C:\Runners\RunnerB\RunnerB\PSWPanel.class --> csc.columbusstate.edu /woolbright/Runners/RunnerB/RunnerB PSWPanel.class
2014.01.24 18:33 B C:\Runners\RunnerB\RunnerB\PSWPanel.ctxt --> csc.columbusstate.edu /woolbright/Runners/RunnerB/RunnerB PSWPanel.ctxt
2014.01.24 18:33 B C:\Runners\RunnerB\RunnerB\PSWPanel.java --> csc.columbusstate.edu /woolbright/Runners/RunnerB/RunnerB PSWPanel.java
2014.01.24 18:33 B C:\Runners\RunnerB\RunnerB\README.TXT --> csc.columbusstate.edu /woolbright/Runners/RunnerB/RunnerB README.TXT
2014.01.24 18:33 B C:\Runners\RunnerB\RunnerB\Register.class --> csc.columbusstate.edu /woolbright/Runners/RunnerB/RunnerB Register.class
2014.01.24 18:33 B C:\Runners\RunnerB\RunnerB\Register.ctxt --> csc.columbusstate.edu /woolbright/Runners/RunnerB/RunnerB Register.ctxt
2014.01.24 18:33 B C:\Runners\RunnerB\RunnerB\Register.java --> csc.columbusstate.edu /woolbright/Runners/RunnerB/RunnerB Register.java
2014.01.24 18:33 B C:\Runners\RunnerB\RunnerB\RegisterPanel$1.class --> csc.columbusstate.edu /woolbright/Runners/RunnerB/RunnerB RegisterPanel$1.class
2014.01.24 18:33 B C:\Runners\RunnerB\RunnerB\RegisterPanel$mHandlerOpenPanel.class --> csc.columbusstate.edu /woolbright/Runners/RunnerB/RunnerB RegisterPanel$mHandlerOpenPanel.class
2014.01.24 18:33 B C:\Runners\RunnerB\RunnerB\RegisterPanel.class --> csc.columbusstate.edu /woolbright/Runners/RunnerB/RunnerB RegisterPanel.class
2014.01.24 18:33 B C:\Runners\RunnerB\RunnerB\RegisterPanel.ctxt --> csc.columbusstate.edu /woolbright/Runners/RunnerB/RunnerB RegisterPanel.ctxt
2014.01.24 18:33 B C:\Runners\RunnerB\RunnerB\RegisterPanel.java --> csc.columbusstate.edu /woolbright/Runners/RunnerB/RunnerB RegisterPanel.java
2014.01.24 18:33 B C:\Runners\RunnerB\RunnerB\Registers.class --> csc.columbusstate.edu /woolbright/Runners/RunnerB/RunnerB Registers.class
2014.01.24 18:33 B C:\Runners\RunnerB\RunnerB\Registers.ctxt --> csc.columbusstate.edu /woolbright/Runners/RunnerB/RunnerB Registers.ctxt
2014.01.24 18:33 B C:\Runners\RunnerB\RunnerB\Registers.java --> csc.columbusstate.edu /woolbright/Runners/RunnerB/RunnerB Registers.java
2014.01.24 18:33 B C:\Runners\RunnerB\RunnerB\RRInstruction.class --> csc.columbusstate.edu /woolbright/Runners/RunnerB/RunnerB RRInstruction.class
2014.01.24 18:33 B C:\Runners\RunnerB\RunnerB\RRInstruction.ctxt --> csc.columbusstate.edu /woolbright/Runners/RunnerB/RunnerB RRInstruction.ctxt
2014.01.24 18:33 B C:\Runners\RunnerB\RunnerB\RRInstruction.java --> csc.columbusstate.edu /woolbright/Runners/RunnerB/RunnerB RRInstruction.java
2014.01.24 18:33 B C:\Runners\RunnerB\RunnerB\RSInstruction.class --> csc.columbusstate.edu /woolbright/Runners/RunnerB/RunnerB RSInstruction.class
2014.01.24 18:33 B C:\Runners\RunnerB\RunnerB\RSInstruction.ctxt --> csc.columbusstate.edu /woolbright/Runners/RunnerB/RunnerB RSInstruction.ctxt
2014.01.24 18:33 B C:\Runners\RunnerB\RunnerB\RSInstruction.java --> csc.columbusstate.edu /woolbright/Runners/RunnerB/RunnerB RSInstruction.java
2014.01.24 18:33 B C:\Runners\RunnerB\RunnerB\Runner$1.class --> csc.columbusstate.edu /woolbright/Runners/RunnerB/RunnerB Runner$1.class
2014.01.24 18:33 B C:\Runners\RunnerB\RunnerB\Runner.class --> csc.columbusstate.edu /woolbright/Runners/RunnerB/RunnerB Runner.class
2014.01.24 18:33 B C:\Runners\RunnerB\RunnerB\Runner.ctxt --> csc.columbusstate.edu /woolbright/Runners/RunnerB/RunnerB Runner.ctxt
2014.01.24 18:33 B C:\Runners\RunnerB\RunnerB\Runner.java --> csc.columbusstate.edu /woolbright/Runners/RunnerB/RunnerB Runner.java
2014.01.24 18:33 B C:\Runners\RunnerB\RunnerB\RXInstruction.class --> csc.columbusstate.edu /woolbright/Runners/RunnerB/RunnerB RXInstruction.class
2014.01.24 18:33 B C:\Runners\RunnerB\RunnerB\RXInstruction.ctxt --> csc.columbusstate.edu /woolbright/Runners/RunnerB/RunnerB RXInstruction.ctxt
2014.01.24 18:33 B C:\Runners\RunnerB\RunnerB\RXInstruction.java --> csc.columbusstate.edu /woolbright/Runners/RunnerB/RunnerB RXInstruction.java
2014.01.24 18:33 B C:\Runners\RunnerB\RunnerB\S.class --> csc.columbusstate.edu /woolbright/Runners/RunnerB/RunnerB S.class
2014.01.24 18:33 B C:\Runners\RunnerB\RunnerB\S.ctxt --> csc.columbusstate.edu /woolbright/Runners/RunnerB/RunnerB S.ctxt
2014.01.24 18:33 B C:\Runners\RunnerB\RunnerB\S.java --> csc.columbusstate.edu /woolbright/Runners/RunnerB/RunnerB S.java
2014.01.24 18:33 B C:\Runners\RunnerB\RunnerB\SettingsPanel$1.class --> csc.columbusstate.edu /woolbright/Runners/RunnerB/RunnerB SettingsPanel$1.class
2014.01.24 18:33 B C:\Runners\RunnerB\RunnerB\SettingsPanel$ChooseButtonListener.class --> csc.columbusstate.edu /woolbright/Runners/RunnerB/RunnerB SettingsPanel$ChooseButtonListener.class
2014.01.24 18:33 B C:\Runners\RunnerB\RunnerB\SettingsPanel$mHandlerOpenPanel.class --> csc.columbusstate.edu /woolbright/Runners/RunnerB/RunnerB SettingsPanel$mHandlerOpenPanel.class
2014.01.24 18:33 B C:\Runners\RunnerB\RunnerB\SettingsPanel.class --> csc.columbusstate.edu /woolbright/Runners/RunnerB/RunnerB SettingsPanel.class
2014.01.24 18:33 B C:\Runners\RunnerB\RunnerB\SettingsPanel.ctxt --> csc.columbusstate.edu /woolbright/Runners/RunnerB/RunnerB SettingsPanel.ctxt
2014.01.24 18:33 B C:\Runners\RunnerB\RunnerB\SettingsPanel.java --> csc.columbusstate.edu /woolbright/Runners/RunnerB/RunnerB SettingsPanel.java
2014.01.24 18:33 B C:\Runners\RunnerB\RunnerB\SH.class --> csc.columbusstate.edu /woolbright/Runners/RunnerB/RunnerB SH.class
2014.01.24 18:33 B C:\Runners\RunnerB\RunnerB\SH.ctxt --> csc.columbusstate.edu /woolbright/Runners/RunnerB/RunnerB SH.ctxt
2014.01.24 18:33 B C:\Runners\RunnerB\RunnerB\SH.java --> csc.columbusstate.edu /woolbright/Runners/RunnerB/RunnerB SH.java
2014.01.24 18:33 B C:\Runners\RunnerB\RunnerB\SIInstruction.class --> csc.columbusstate.edu /woolbright/Runners/RunnerB/RunnerB SIInstruction.class
2014.01.24 18:33 B C:\Runners\RunnerB\RunnerB\SIInstruction.ctxt --> csc.columbusstate.edu /woolbright/Runners/RunnerB/RunnerB SIInstruction.ctxt
2014.01.24 18:33 B C:\Runners\RunnerB\RunnerB\SIInstruction.java --> csc.columbusstate.edu /woolbright/Runners/RunnerB/RunnerB SIInstruction.java
2014.01.24 18:33 B C:\Runners\RunnerB\RunnerB\SL.class --> csc.columbusstate.edu /woolbright/Runners/RunnerB/RunnerB SL.class
2014.01.24 18:33 B C:\Runners\RunnerB\RunnerB\SL.ctxt --> csc.columbusstate.edu /woolbright/Runners/RunnerB/RunnerB SL.ctxt
2014.01.24 18:33 B C:\Runners\RunnerB\RunnerB\SL.java --> csc.columbusstate.edu /woolbright/Runners/RunnerB/RunnerB SL.java
2014.01.24 18:33 B C:\Runners\RunnerB\RunnerB\SLDA.class --> csc.columbusstate.edu /woolbright/Runners/RunnerB/RunnerB SLDA.class
2014.01.24 18:33 B C:\Runners\RunnerB\RunnerB\SLDA.ctxt --> csc.columbusstate.edu /woolbright/Runners/RunnerB/RunnerB SLDA.ctxt
2014.01.24 18:33 B C:\Runners\RunnerB\RunnerB\SLDA.java --> csc.columbusstate.edu /woolbright/Runners/RunnerB/RunnerB SLDA.java
2014.01.24 18:33 B C:\Runners\RunnerB\RunnerB\SLDL.class --> csc.columbusstate.edu /woolbright/Runners/RunnerB/RunnerB SLDL.class
2014.01.24 18:33 B C:\Runners\RunnerB\RunnerB\SLDL.ctxt --> csc.columbusstate.edu /woolbright/Runners/RunnerB/RunnerB SLDL.ctxt
2014.01.24 18:33 B C:\Runners\RunnerB\RunnerB\SLDL.java --> csc.columbusstate.edu /woolbright/Runners/RunnerB/RunnerB SLDL.java
2014.01.24 18:33 B C:\Runners\RunnerB\RunnerB\SLR.class --> csc.columbusstate.edu /woolbright/Runners/RunnerB/RunnerB SLR.class
2014.01.24 18:33 B C:\Runners\RunnerB\RunnerB\SLR.ctxt --> csc.columbusstate.edu /woolbright/Runners/RunnerB/RunnerB SLR.ctxt
2014.01.24 18:33 B C:\Runners\RunnerB\RunnerB\SLR.java --> csc.columbusstate.edu /woolbright/Runners/RunnerB/RunnerB SLR.java
2014.01.24 18:33 B C:\Runners\RunnerB\RunnerB\SP.class --> csc.columbusstate.edu /woolbright/Runners/RunnerB/RunnerB SP.class
2014.01.24 18:33 B C:\Runners\RunnerB\RunnerB\SP.ctxt --> csc.columbusstate.edu /woolbright/Runners/RunnerB/RunnerB SP.ctxt
2014.01.24 18:33 B C:\Runners\RunnerB\RunnerB\SP.java --> csc.columbusstate.edu /woolbright/Runners/RunnerB/RunnerB SP.java
2014.01.24 18:33 B C:\Runners\RunnerB\RunnerB\SpecificationException.class --> csc.columbusstate.edu /woolbright/Runners/RunnerB/RunnerB SpecificationException.class
2014.01.24 18:33 B C:\Runners\RunnerB\RunnerB\SpecificationException.ctxt --> csc.columbusstate.edu /woolbright/Runners/RunnerB/RunnerB SpecificationException.ctxt
2014.01.24 18:33 B C:\Runners\RunnerB\RunnerB\SpecificationException.java --> csc.columbusstate.edu /woolbright/Runners/RunnerB/RunnerB SpecificationException.java
2014.01.24 18:33 B C:\Runners\RunnerB\RunnerB\SPM.class --> csc.columbusstate.edu /woolbright/Runners/RunnerB/RunnerB SPM.class
2014.01.24 18:33 B C:\Runners\RunnerB\RunnerB\SPM.ctxt --> csc.columbusstate.edu /woolbright/Runners/RunnerB/RunnerB SPM.ctxt
2014.01.24 18:33 B C:\Runners\RunnerB\RunnerB\SPM.java --> csc.columbusstate.edu /woolbright/Runners/RunnerB/RunnerB SPM.java
2014.01.24 18:33 B C:\Runners\RunnerB\RunnerB\SR.class --> csc.columbusstate.edu /woolbright/Runners/RunnerB/RunnerB SR.class
2014.01.24 18:33 B C:\Runners\RunnerB\RunnerB\SR.ctxt --> csc.columbusstate.edu /woolbright/Runners/RunnerB/RunnerB SR.ctxt
2014.01.24 18:33 B C:\Runners\RunnerB\RunnerB\SR.java --> csc.columbusstate.edu /woolbright/Runners/RunnerB/RunnerB SR.java
2014.01.24 18:33 B C:\Runners\RunnerB\RunnerB\SRDA.class --> csc.columbusstate.edu /woolbright/Runners/RunnerB/RunnerB SRDA.class
2014.01.24 18:33 B C:\Runners\RunnerB\RunnerB\SRDA.ctxt --> csc.columbusstate.edu /woolbright/Runners/RunnerB/RunnerB SRDA.ctxt
2014.01.24 18:33 B C:\Runners\RunnerB\RunnerB\SRDA.java --> csc.columbusstate.edu /woolbright/Runners/RunnerB/RunnerB SRDA.java
2014.01.24 18:33 B C:\Runners\RunnerB\RunnerB\SRDL.class --> csc.columbusstate.edu /woolbright/Runners/RunnerB/RunnerB SRDL.class
2014.01.24 18:33 B C:\Runners\RunnerB\RunnerB\SRDL.ctxt --> csc.columbusstate.edu /woolbright/Runners/RunnerB/RunnerB SRDL.ctxt
2014.01.24 18:33 B C:\Runners\RunnerB\RunnerB\SRDL.java --> csc.columbusstate.edu /woolbright/Runners/RunnerB/RunnerB SRDL.java
2014.01.24 18:33 B C:\Runners\RunnerB\RunnerB\SRP.class --> csc.columbusstate.edu /woolbright/Runners/RunnerB/RunnerB SRP.class
2014.01.24 18:33 B C:\Runners\RunnerB\RunnerB\SRP.ctxt --> csc.columbusstate.edu /woolbright/Runners/RunnerB/RunnerB SRP.ctxt
2014.01.24 18:33 B C:\Runners\RunnerB\RunnerB\SRP.java --> csc.columbusstate.edu /woolbright/Runners/RunnerB/RunnerB SRP.java
2014.01.24 18:33 B C:\Runners\RunnerB\RunnerB\SS1Instruction.class --> csc.columbusstate.edu /woolbright/Runners/RunnerB/RunnerB SS1Instruction.class
2014.01.24 18:33 B C:\Runners\RunnerB\RunnerB\SS1Instruction.ctxt --> csc.columbusstate.edu /woolbright/Runners/RunnerB/RunnerB SS1Instruction.ctxt
2014.01.24 18:33 B C:\Runners\RunnerB\RunnerB\SS1Instruction.java --> csc.columbusstate.edu /woolbright/Runners/RunnerB/RunnerB SS1Instruction.java
2014.01.24 18:33 B C:\Runners\RunnerB\RunnerB\SS2Instruction.class --> csc.columbusstate.edu /woolbright/Runners/RunnerB/RunnerB SS2Instruction.class
2014.01.24 18:33 B C:\Runners\RunnerB\RunnerB\SS2Instruction.ctxt --> csc.columbusstate.edu /woolbright/Runners/RunnerB/RunnerB SS2Instruction.ctxt
2014.01.24 18:33 B C:\Runners\RunnerB\RunnerB\SS2Instruction.java --> csc.columbusstate.edu /woolbright/Runners/RunnerB/RunnerB SS2Instruction.java
2014.01.24 18:33 B C:\Runners\RunnerB\RunnerB\ST.class --> csc.columbusstate.edu /woolbright/Runners/RunnerB/RunnerB ST.class
2014.01.24 18:33 B C:\Runners\RunnerB\RunnerB\ST.ctxt --> csc.columbusstate.edu /woolbright/Runners/RunnerB/RunnerB ST.ctxt
2014.01.24 18:33 B C:\Runners\RunnerB\RunnerB\ST.java --> csc.columbusstate.edu /woolbright/Runners/RunnerB/RunnerB ST.java
2014.01.24 18:33 B C:\Runners\RunnerB\RunnerB\STC.class --> csc.columbusstate.edu /woolbright/Runners/RunnerB/RunnerB STC.class
2014.01.24 18:33 B C:\Runners\RunnerB\RunnerB\STC.ctxt --> csc.columbusstate.edu /woolbright/Runners/RunnerB/RunnerB STC.ctxt
2014.01.24 18:33 B C:\Runners\RunnerB\RunnerB\STC.java --> csc.columbusstate.edu /woolbright/Runners/RunnerB/RunnerB STC.java
2014.01.24 18:33 B C:\Runners\RunnerB\RunnerB\STH.class --> csc.columbusstate.edu /woolbright/Runners/RunnerB/RunnerB STH.class
2014.01.24 18:33 B C:\Runners\RunnerB\RunnerB\STH.ctxt --> csc.columbusstate.edu /woolbright/Runners/RunnerB/RunnerB STH.ctxt
2014.01.24 18:33 B C:\Runners\RunnerB\RunnerB\STH.java --> csc.columbusstate.edu /woolbright/Runners/RunnerB/RunnerB STH.java
2014.01.24 18:33 B C:\Runners\RunnerB\RunnerB\STM.class --> csc.columbusstate.edu /woolbright/Runners/RunnerB/RunnerB STM.class
2014.01.24 18:33 B C:\Runners\RunnerB\RunnerB\STM.ctxt --> csc.columbusstate.edu /woolbright/Runners/RunnerB/RunnerB STM.ctxt
2014.01.24 18:33 B C:\Runners\RunnerB\RunnerB\STM.java --> csc.columbusstate.edu /woolbright/Runners/RunnerB/RunnerB STM.java
2014.01.24 18:33 B C:\Runners\RunnerB\RunnerB\SVC.class --> csc.columbusstate.edu /woolbright/Runners/RunnerB/RunnerB SVC.class
2014.01.24 18:33 B C:\Runners\RunnerB\RunnerB\SVC.ctxt --> csc.columbusstate.edu /woolbright/Runners/RunnerB/RunnerB SVC.ctxt
2014.01.24 18:33 B C:\Runners\RunnerB\RunnerB\SVC.java --> csc.columbusstate.edu /woolbright/Runners/RunnerB/RunnerB SVC.java
2014.01.24 18:33 B C:\Runners\RunnerB\RunnerB\TM.class --> csc.columbusstate.edu /woolbright/Runners/RunnerB/RunnerB TM.class
2014.01.24 18:33 B C:\Runners\RunnerB\RunnerB\TM.ctxt --> csc.columbusstate.edu /woolbright/Runners/RunnerB/RunnerB TM.ctxt
2014.01.24 18:33 B C:\Runners\RunnerB\RunnerB\TM.java --> csc.columbusstate.edu /woolbright/Runners/RunnerB/RunnerB TM.java
2014.01.24 18:33 B C:\Runners\RunnerB\RunnerB\TR.class --> csc.columbusstate.edu /woolbright/Runners/RunnerB/RunnerB TR.class
2014.01.24 18:33 B C:\Runners\RunnerB\RunnerB\TR.ctxt --> csc.columbusstate.edu /woolbright/Runners/RunnerB/RunnerB TR.ctxt
2014.01.24 18:33 B C:\Runners\RunnerB\RunnerB\TR.java --> csc.columbusstate.edu /woolbright/Runners/RunnerB/RunnerB TR.java
2014.01.24 18:33 B C:\Runners\RunnerB\RunnerB\TRT.class --> csc.columbusstate.edu /woolbright/Runners/RunnerB/RunnerB TRT.class
2014.01.24 18:33 B C:\Runners\RunnerB\RunnerB\TRT.ctxt --> csc.columbusstate.edu /woolbright/Runners/RunnerB/RunnerB TRT.ctxt
2014.01.24 18:33 B C:\Runners\RunnerB\RunnerB\TRT.java --> csc.columbusstate.edu /woolbright/Runners/RunnerB/RunnerB TRT.java
2014.01.24 18:33 B C:\Runners\RunnerB\RunnerB\UNKN.class --> csc.columbusstate.edu /woolbright/Runners/RunnerB/RunnerB UNKN.class
2014.01.24 18:33 B C:\Runners\RunnerB\RunnerB\UNKN.ctxt --> csc.columbusstate.edu /woolbright/Runners/RunnerB/RunnerB UNKN.ctxt
2014.01.24 18:33 B C:\Runners\RunnerB\RunnerB\UNKN.java --> csc.columbusstate.edu /woolbright/Runners/RunnerB/RunnerB UNKN.java
2014.01.24 18:33 B C:\Runners\RunnerB\RunnerB\UNPK.class --> csc.columbusstate.edu /woolbright/Runners/RunnerB/RunnerB UNPK.class
2014.01.24 18:33 B C:\Runners\RunnerB\RunnerB\UNPK.ctxt --> csc.columbusstate.edu /woolbright/Runners/RunnerB/RunnerB UNPK.ctxt
2014.01.24 18:33 B C:\Runners\RunnerB\RunnerB\UNPK.java --> csc.columbusstate.edu /woolbright/Runners/RunnerB/RunnerB UNPK.java
2014.01.24 18:33 B C:\Runners\RunnerB\RunnerB\X.class --> csc.columbusstate.edu /woolbright/Runners/RunnerB/RunnerB X.class
2014.01.24 18:33 B C:\Runners\RunnerB\RunnerB\X.ctxt --> csc.columbusstate.edu /woolbright/Runners/RunnerB/RunnerB X.ctxt
2014.01.24 18:33 B C:\Runners\RunnerB\RunnerB\X.java --> csc.columbusstate.edu /woolbright/Runners/RunnerB/RunnerB X.java
2014.01.24 18:33 B C:\Runners\RunnerB\RunnerB\XC.class --> csc.columbusstate.edu /woolbright/Runners/RunnerB/RunnerB XC.class
2014.01.24 18:33 B C:\Runners\RunnerB\RunnerB\XC.ctxt --> csc.columbusstate.edu /woolbright/Runners/RunnerB/RunnerB XC.ctxt
2014.01.24 18:33 B C:\Runners\RunnerB\RunnerB\XC.java --> csc.columbusstate.edu /woolbright/Runners/RunnerB/RunnerB XC.java
2014.01.24 18:33 B C:\Runners\RunnerB\RunnerB\XI.class --> csc.columbusstate.edu /woolbright/Runners/RunnerB/RunnerB XI.class
2014.01.24 18:33 B C:\Runners\RunnerB\RunnerB\XI.ctxt --> csc.columbusstate.edu /woolbright/Runners/RunnerB/RunnerB XI.ctxt
2014.01.24 18:33 B C:\Runners\RunnerB\RunnerB\XI.java --> csc.columbusstate.edu /woolbright/Runners/RunnerB/RunnerB XI.java
2014.01.24 18:33 B C:\Runners\RunnerB\RunnerB\XR.class --> csc.columbusstate.edu /woolbright/Runners/RunnerB/RunnerB XR.class
2014.01.24 18:33 B C:\Runners\RunnerB\RunnerB\XR.ctxt --> csc.columbusstate.edu /woolbright/Runners/RunnerB/RunnerB XR.ctxt
2014.01.24 18:33 B C:\Runners\RunnerB\RunnerB\XR.java --> csc.columbusstate.edu /woolbright/Runners/RunnerB/RunnerB XR.java
2014.01.24 18:33 B C:\Runners\RunnerB\RunnerB\ZAP.class --> csc.columbusstate.edu /woolbright/Runners/RunnerB/RunnerB ZAP.class
2014.01.24 18:33 B C:\Runners\RunnerB\RunnerB\ZAP.ctxt --> csc.columbusstate.edu /woolbright/Runners/RunnerB/RunnerB ZAP.ctxt
2014.01.24 18:33 B C:\Runners\RunnerB\RunnerB\ZAP.java --> csc.columbusstate.edu /woolbright/Runners/RunnerB/RunnerB ZAP.java
