11:38:34 CEMTIENQ  MZ390 START USING z390 V1.5.05bx3 ON J2SE 1.7.0 02/15/12
11:38:35 CEMTIENQ  MZ390 ENDED   RC= 0 SEC= 1 MEM(MB)= 69 IO=4671
11:38:35 CEMTIENQ  LZ390 START USING z390 V1.5.05bx3 ON J2SE 1.7.0 02/15/12
11:38:35 CEMTIENQ  LZ390 ENDED   RC= 0 SEC= 0 MEM(MB)=  8 IO=103
09:22:37 CEMTIENQ  MZ390 START USING z390 V1.5.06x1 ON J2SE 1.7.0 02/17/12
09:22:38 CEMTIENQ  MZ390 ENDED   RC= 0 SEC= 0 MEM(MB)= 69 IO=4671
09:22:38 CEMTIENQ  LZ390 START USING z390 V1.5.06x1 ON J2SE 1.7.0 02/17/12
09:22:38 CEMTIENQ  LZ390 ENDED   RC= 0 SEC= 0 MEM(MB)=  8 IO=103
21:10:12 CEMTIENQ  MZ390 START USING z390 V1.5.06x1 ON J2SE 1.7.0 02/18/12
21:10:13 CEMTIENQ  MZ390 ENDED   RC= 0 SEC= 0 MEM(MB)= 69 IO=4671
21:10:13 CEMTIENQ  LZ390 START USING z390 V1.5.06x1 ON J2SE 1.7.0 02/18/12
21:10:13 CEMTIENQ  LZ390 ENDED   RC= 0 SEC= 0 MEM(MB)=  8 IO=103
17:53:36 CEMTIENQ  MZ390 START USING z390 V1.5.06x1 ON J2SE 1.7.0 02/19/12
17:53:37 CEMTIENQ  MZ390 ENDED   RC= 0 SEC= 1 MEM(MB)= 69 IO=4671
17:53:37 CEMTIENQ  LZ390 START USING z390 V1.5.06x1 ON J2SE 1.7.0 02/19/12
17:53:37 CEMTIENQ  LZ390 ENDED   RC= 0 SEC= 0 MEM(MB)=  8 IO=103
20:23:12 CEMTIENQ  MZ390 START USING z390 V1.5.06x1 ON J2SE 1.7.0 02/21/12
20:23:13 CEMTIENQ  MZ390 ENDED   RC= 0 SEC= 0 MEM(MB)= 69 IO=4671
20:23:13 CEMTIENQ  LZ390 START USING z390 V1.5.06x1 ON J2SE 1.7.0 02/21/12
20:23:13 CEMTIENQ  LZ390 ENDED   RC= 0 SEC= 0 MEM(MB)=  8 IO=103
08:49:21 CEMTIENQ  MZ390 START USING z390 V1.5.06x1 ON J2SE 1.7.0 02/23/12
08:49:22 CEMTIENQ  MZ390 ENDED   RC= 0 SEC= 1 MEM(MB)= 69 IO=4671
08:49:22 CEMTIENQ  LZ390 START USING z390 V1.5.06x1 ON J2SE 1.7.0 02/23/12
08:49:22 CEMTIENQ  LZ390 ENDED   RC= 0 SEC= 0 MEM(MB)=  8 IO=103
12:45:11 CEMTIENQ  MZ390 START USING z390 V1.5.06x1 ON J2SE 1.7.0 03/04/12
12:45:12 CEMTIENQ  MZ390 ENDED   RC= 0 SEC= 1 MEM(MB)= 69 IO=4671
12:45:12 CEMTIENQ  LZ390 START USING z390 V1.5.06x1 ON J2SE 1.7.0 03/04/12
12:45:12 CEMTIENQ  LZ390 ENDED   RC= 0 SEC= 0 MEM(MB)=  8 IO=103
11:13:37 CEMTIENQ  MZ390 START USING z390 V1.5.06x1 ON J2SE 1.7.0 03/06/12
11:13:38 CEMTIENQ  MZ390 ENDED   RC= 0 SEC= 1 MEM(MB)= 69 IO=4671
11:13:39 CEMTIENQ  LZ390 START USING z390 V1.5.06x1 ON J2SE 1.7.0 03/06/12
11:13:39 CEMTIENQ  LZ390 ENDED   RC= 0 SEC= 0 MEM(MB)=  8 IO=103
12:09:04 CEMTIENQ  MZ390 START USING z390 V1.5.06x1 ON J2SE 1.7.0 03/07/12
12:09:05 CEMTIENQ  MZ390 ENDED   RC= 0 SEC= 1 MEM(MB)= 69 IO=4671
12:09:05 CEMTIENQ  LZ390 START USING z390 V1.5.06x1 ON J2SE 1.7.0 03/07/12
12:09:05 CEMTIENQ  LZ390 ENDED   RC= 0 SEC= 0 MEM(MB)=  8 IO=103
17:37:47 CEMTIENQ  MZ390 START USING z390 V1.5.06x3 ON J2SE 1.7.0 03/08/12
17:37:48 CEMTIENQ  MZ390 ENDED   RC= 0 SEC= 1 MEM(MB)= 69 IO=4671
17:37:48 CEMTIENQ  LZ390 START USING z390 V1.5.06x3 ON J2SE 1.7.0 03/08/12
17:37:48 CEMTIENQ  LZ390 ENDED   RC= 0 SEC= 0 MEM(MB)= 10 IO=177
21:10:26 CEMTIENQ  MZ390 START USING z390 V1.5.06x3 ON J2SE 1.7.0 03/11/12
21:10:27 CEMTIENQ  MZ390 ENDED   RC= 0 SEC= 0 MEM(MB)= 69 IO=4671
21:10:27 CEMTIENQ  LZ390 START USING z390 V1.5.06x3 ON J2SE 1.7.0 03/11/12
21:10:27 CEMTIENQ  LZ390 ENDED   RC= 0 SEC= 0 MEM(MB)= 10 IO=177
10:45:54 CEMTIENQ  MZ390 START USING z390 V1.5.06x3 ON J2SE 1.7.0 03/22/12
10:45:55 CEMTIENQ  MZ390 ENDED   RC= 0 SEC= 1 MEM(MB)= 69 IO=4671
10:45:55 CEMTIENQ  LZ390 START USING z390 V1.5.06x3 ON J2SE 1.7.0 03/22/12
10:45:55 CEMTIENQ  LZ390 ENDED   RC= 0 SEC= 0 MEM(MB)= 10 IO=177
22:49:21 CEMTIENQ  MZ390 START USING z390 V1.5.06x3 ON J2SE 1.7.0 03/22/12
22:49:22 CEMTIENQ  MZ390 ENDED   RC= 0 SEC= 1 MEM(MB)= 69 IO=4671
22:49:22 CEMTIENQ  LZ390 START USING z390 V1.5.06x3 ON J2SE 1.7.0 03/22/12
22:49:22 CEMTIENQ  LZ390 ENDED   RC= 0 SEC= 0 MEM(MB)= 10 IO=177
21:59:16 CEMTIENQ  MZ390 START USING z390 V1.5.06x3 ON J2SE 1.7.0 03/23/12
21:59:16 CEMTIENQ  MZ390 ENDED   RC= 0 SEC= 0 MEM(MB)= 69 IO=4671
21:59:17 CEMTIENQ  LZ390 START USING z390 V1.5.06x3 ON J2SE 1.7.0 03/23/12
21:59:17 CEMTIENQ  LZ390 ENDED   RC= 0 SEC= 0 MEM(MB)= 10 IO=177
08:00:40 CEMTIENQ  MZ390 START USING z390 V1.5.06x3 ON J2SE 1.7.0 03/25/12
08:00:41 CEMTIENQ  MZ390 ENDED   RC= 0 SEC= 1 MEM(MB)= 69 IO=4671
08:00:41 CEMTIENQ  LZ390 START USING z390 V1.5.06x3 ON J2SE 1.7.0 03/25/12
08:00:41 CEMTIENQ  LZ390 ENDED   RC= 0 SEC= 0 MEM(MB)=  9 IO=177
19:14:56 CEMTIENQ  MZ390 START USING z390 V1.5.06x3 ON J2SE 1.7.0 03/28/12
19:14:57 CEMTIENQ  MZ390 ENDED   RC= 0 SEC= 1 MEM(MB)= 69 IO=4671
19:14:57 CEMTIENQ  LZ390 START USING z390 V1.5.06x3 ON J2SE 1.7.0 03/28/12
19:14:57 CEMTIENQ  LZ390 ENDED   RC= 0 SEC= 0 MEM(MB)=  9 IO=177
10:26:45 CEMTIENQ  MZ390 START USING z390 V1.5.06x3 ON J2SE 1.7.0 03/29/12
10:26:46 CEMTIENQ  MZ390 ENDED   RC= 0 SEC= 1 MEM(MB)= 69 IO=4671
10:26:46 CEMTIENQ  LZ390 START USING z390 V1.5.06x3 ON J2SE 1.7.0 03/29/12
10:26:46 CEMTIENQ  LZ390 ENDED   RC= 0 SEC= 0 MEM(MB)=  9 IO=177
09:06:12 CEMTIENQ  MZ390 START USING z390 V1.5.06rc4 ON J2SE 1.7.0 05/16/12
09:06:13 CEMTIENQ  MZ390 ENDED   RC= 0 SEC= 1 MEM(MB)= 69 IO=4671
09:06:13 CEMTIENQ  LZ390 START USING z390 V1.5.06rc4 ON J2SE 1.7.0 05/16/12
09:06:13 CEMTIENQ  LZ390 ENDED   RC= 0 SEC= 0 MEM(MB)= 10 IO=177
09:54:29 CEMTIENQ  MZ390 START USING z390 V1.5.06rc4 ON J2SE 1.7.0 05/18/12
09:54:30 CEMTIENQ  MZ390 ENDED   RC= 0 SEC= 1 MEM(MB)= 69 IO=4671
09:54:30 CEMTIENQ  LZ390 START USING z390 V1.5.06rc4 ON J2SE 1.7.0 05/18/12
09:54:30 CEMTIENQ  LZ390 ENDED   RC= 0 SEC= 0 MEM(MB)= 10 IO=177
13:40:21 CEMTIENQ  MZ390 START USING z390 V1.5.06 ON J2SE 1.6.0_31 05/21/12
13:40:22 CEMTIENQ  MZ390 ENDED   RC= 0 SEC= 0 MEM(MB)= 69 IO=4671
13:40:22 CEMTIENQ  LZ390 START USING z390 V1.5.06 ON J2SE 1.6.0_31 05/21/12
13:40:22 CEMTIENQ  LZ390 ENDED   RC= 0 SEC= 0 MEM(MB)=  9 IO=177
