11:38:44 CEMTFILE  MZ390 START USING z390 V1.5.05bx3 ON J2SE 1.7.0 02/15/12
11:38:48 CEMTFILE  MZ390 ENDED   RC= 0 SEC= 4 MEM(MB)= 72 IO=20615
11:38:49 CEMTFILE  LZ390 START USING z390 V1.5.05bx3 ON J2SE 1.7.0 02/15/12
11:38:49 CEMTFILE  LZ390 ENDED   RC= 0 SEC= 0 MEM(MB)= 21 IO=955
09:22:46 CEMTFILE  MZ390 START USING z390 V1.5.06x1 ON J2SE 1.7.0 02/17/12
09:22:51 CEMTFILE  MZ390 ENDED   RC= 0 SEC= 4 MEM(MB)= 72 IO=20615
09:22:51 CEMTFILE  LZ390 START USING z390 V1.5.06x1 ON J2SE 1.7.0 02/17/12
09:22:51 CEMTFILE  LZ390 ENDED   RC= 0 SEC= 0 MEM(MB)= 21 IO=955
21:10:21 CEMTFILE  MZ390 START USING z390 V1.5.06x1 ON J2SE 1.7.0 02/18/12
21:10:26 CEMTFILE  MZ390 ENDED   RC= 0 SEC= 4 MEM(MB)= 72 IO=20615
21:10:26 CEMTFILE  LZ390 START USING z390 V1.5.06x1 ON J2SE 1.7.0 02/18/12
21:10:26 CEMTFILE  LZ390 ENDED   RC= 0 SEC= 0 MEM(MB)= 21 IO=955
17:53:47 CEMTFILE  MZ390 START USING z390 V1.5.06x1 ON J2SE 1.7.0 02/19/12
17:53:52 CEMTFILE  MZ390 ENDED   RC= 0 SEC= 4 MEM(MB)= 72 IO=20615
17:53:52 CEMTFILE  LZ390 START USING z390 V1.5.06x1 ON J2SE 1.7.0 02/19/12
17:53:52 CEMTFILE  LZ390 ENDED   RC= 0 SEC= 0 MEM(MB)= 17 IO=955
20:23:21 CEMTFILE  MZ390 START USING z390 V1.5.06x1 ON J2SE 1.7.0 02/21/12
20:23:25 CEMTFILE  MZ390 ENDED   RC= 0 SEC= 3 MEM(MB)= 72 IO=20615
20:23:25 CEMTFILE  LZ390 START USING z390 V1.5.06x1 ON J2SE 1.7.0 02/21/12
20:23:25 CEMTFILE  LZ390 ENDED   RC= 0 SEC= 0 MEM(MB)= 17 IO=955
08:49:33 CEMTFILE  MZ390 START USING z390 V1.5.06x1 ON J2SE 1.7.0 02/23/12
08:49:38 CEMTFILE  MZ390 ENDED   RC= 0 SEC= 5 MEM(MB)= 72 IO=20615
08:49:38 CEMTFILE  LZ390 START USING z390 V1.5.06x1 ON J2SE 1.7.0 02/23/12
08:49:38 CEMTFILE  LZ390 ENDED   RC= 0 SEC= 0 MEM(MB)= 17 IO=955
12:45:22 CEMTFILE  MZ390 START USING z390 V1.5.06x1 ON J2SE 1.7.0 03/04/12
12:45:27 CEMTFILE  MZ390 ENDED   RC= 0 SEC= 4 MEM(MB)= 72 IO=20615
12:45:27 CEMTFILE  LZ390 START USING z390 V1.5.06x1 ON J2SE 1.7.0 03/04/12
12:45:27 CEMTFILE  LZ390 ENDED   RC= 0 SEC= 0 MEM(MB)= 17 IO=955
11:13:48 CEMTFILE  MZ390 START USING z390 V1.5.06x1 ON J2SE 1.7.0 03/06/12
11:13:54 CEMTFILE  MZ390 ENDED   RC= 0 SEC= 5 MEM(MB)= 72 IO=20615
11:13:54 CEMTFILE  LZ390 START USING z390 V1.5.06x1 ON J2SE 1.7.0 03/06/12
11:13:54 CEMTFILE  LZ390 ENDED   RC= 0 SEC= 0 MEM(MB)= 17 IO=955
12:09:14 CEMTFILE  MZ390 START USING z390 V1.5.06x1 ON J2SE 1.7.0 03/07/12
12:09:20 CEMTFILE  MZ390 ENDED   RC= 0 SEC= 5 MEM(MB)= 71 IO=20615
12:09:20 CEMTFILE  LZ390 START USING z390 V1.5.06x1 ON J2SE 1.7.0 03/07/12
12:09:20 CEMTFILE  LZ390 ENDED   RC= 0 SEC= 0 MEM(MB)= 17 IO=955
17:37:58 CEMTFILE  MZ390 START USING z390 V1.5.06x3 ON J2SE 1.7.0 03/08/12
17:38:03 CEMTFILE  MZ390 ENDED   RC= 0 SEC= 5 MEM(MB)= 72 IO=20615
17:38:03 CEMTFILE  LZ390 START USING z390 V1.5.06x3 ON J2SE 1.7.0 03/08/12
17:38:03 CEMTFILE  LZ390 ENDED   RC= 0 SEC= 0 MEM(MB)= 33 IO=1767
21:10:36 CEMTFILE  MZ390 START USING z390 V1.5.06x3 ON J2SE 1.7.0 03/11/12
21:10:41 CEMTFILE  MZ390 ENDED   RC= 0 SEC= 4 MEM(MB)= 71 IO=20615
21:10:41 CEMTFILE  LZ390 START USING z390 V1.5.06x3 ON J2SE 1.7.0 03/11/12
21:10:41 CEMTFILE  LZ390 ENDED   RC= 0 SEC= 0 MEM(MB)= 33 IO=1767
10:46:04 CEMTFILE  MZ390 START USING z390 V1.5.06x3 ON J2SE 1.7.0 03/22/12
10:46:10 CEMTFILE  MZ390 ENDED   RC= 0 SEC= 5 MEM(MB)= 71 IO=20615
10:46:10 CEMTFILE  LZ390 START USING z390 V1.5.06x3 ON J2SE 1.7.0 03/22/12
10:46:10 CEMTFILE  LZ390 ENDED   RC= 0 SEC= 0 MEM(MB)= 33 IO=1767
22:49:31 CEMTFILE  MZ390 START USING z390 V1.5.06x3 ON J2SE 1.7.0 03/22/12
22:49:36 CEMTFILE  MZ390 ENDED   RC= 0 SEC= 5 MEM(MB)= 72 IO=20615
22:49:36 CEMTFILE  LZ390 START USING z390 V1.5.06x3 ON J2SE 1.7.0 03/22/12
22:49:37 CEMTFILE  LZ390 ENDED   RC= 0 SEC= 0 MEM(MB)= 33 IO=1767
21:59:24 CEMTFILE  MZ390 START USING z390 V1.5.06x3 ON J2SE 1.7.0 03/23/12
21:59:27 CEMTFILE  MZ390 ENDED   RC= 0 SEC= 3 MEM(MB)= 72 IO=20615
21:59:28 CEMTFILE  LZ390 START USING z390 V1.5.06x3 ON J2SE 1.7.0 03/23/12
21:59:28 CEMTFILE  LZ390 ENDED   RC= 0 SEC= 0 MEM(MB)= 33 IO=1767
08:00:51 CEMTFILE  MZ390 START USING z390 V1.5.06x3 ON J2SE 1.7.0 03/25/12
08:00:56 CEMTFILE  MZ390 ENDED   RC= 0 SEC= 5 MEM(MB)= 72 IO=20615
08:00:56 CEMTFILE  LZ390 START USING z390 V1.5.06x3 ON J2SE 1.7.0 03/25/12
08:00:56 CEMTFILE  LZ390 ENDED   RC= 0 SEC= 0 MEM(MB)= 27 IO=1767
19:15:07 CEMTFILE  MZ390 START USING z390 V1.5.06x3 ON J2SE 1.7.0 03/28/12
19:15:12 CEMTFILE  MZ390 ENDED   RC= 0 SEC= 5 MEM(MB)= 72 IO=20615
19:15:12 CEMTFILE  LZ390 START USING z390 V1.5.06x3 ON J2SE 1.7.0 03/28/12
19:15:13 CEMTFILE  LZ390 ENDED   RC= 0 SEC= 0 MEM(MB)= 27 IO=1767
10:26:56 CEMTFILE  MZ390 START USING z390 V1.5.06x3 ON J2SE 1.7.0 03/29/12
10:27:00 CEMTFILE  MZ390 ENDED   RC= 0 SEC= 4 MEM(MB)= 72 IO=20615
10:27:01 CEMTFILE  LZ390 START USING z390 V1.5.06x3 ON J2SE 1.7.0 03/29/12
10:27:01 CEMTFILE  LZ390 ENDED   RC= 0 SEC= 0 MEM(MB)= 27 IO=1767
09:06:22 CEMTFILE  MZ390 START USING z390 V1.5.06rc4 ON J2SE 1.7.0 05/16/12
09:06:27 CEMTFILE  MZ390 ENDED   RC= 0 SEC= 5 MEM(MB)= 72 IO=20615
09:06:28 CEMTFILE  LZ390 START USING z390 V1.5.06rc4 ON J2SE 1.7.0 05/16/12
09:06:28 CEMTFILE  LZ390 ENDED   RC= 0 SEC= 0 MEM(MB)= 33 IO=1767
09:54:38 CEMTFILE  MZ390 START USING z390 V1.5.06rc4 ON J2SE 1.7.0 05/18/12
09:54:43 CEMTFILE  MZ390 ENDED   RC= 0 SEC= 4 MEM(MB)= 72 IO=20615
09:54:43 CEMTFILE  LZ390 START USING z390 V1.5.06rc4 ON J2SE 1.7.0 05/18/12
09:54:43 CEMTFILE  LZ390 ENDED   RC= 0 SEC= 0 MEM(MB)= 33 IO=1767
13:40:31 CEMTFILE  MZ390 START USING z390 V1.5.06 ON J2SE 1.6.0_31 05/21/12
13:40:35 CEMTFILE  MZ390 ENDED   RC= 0 SEC= 4 MEM(MB)= 71 IO=20615
13:40:36 CEMTFILE  LZ390 START USING z390 V1.5.06 ON J2SE 1.6.0_31 05/21/12
13:40:36 CEMTFILE  LZ390 ENDED   RC= 0 SEC= 0 MEM(MB)= 33 IO=1767
