11:38:39 CEMTITER  MZ390 START USING z390 V1.5.05bx3 ON J2SE 1.7.0 02/15/12
11:38:40 CEMTITER  MZ390 ENDED   RC= 0 SEC= 0 MEM(MB)= 69 IO=4077
11:38:40 CEMTITER  LZ390 START USING z390 V1.5.05bx3 ON J2SE 1.7.0 02/15/12
11:38:40 CEMTITER  LZ390 ENDED   RC= 0 SEC= 0 MEM(MB)=  8 IO=127
09:22:42 CEMTITER  MZ390 START USING z390 V1.5.06x1 ON J2SE 1.7.0 02/17/12
09:22:43 CEMTITER  MZ390 ENDED   RC= 0 SEC= 0 MEM(MB)= 69 IO=4077
09:22:43 CEMTITER  LZ390 START USING z390 V1.5.06x1 ON J2SE 1.7.0 02/17/12
09:22:43 CEMTITER  LZ390 ENDED   RC= 0 SEC= 0 MEM(MB)=  8 IO=127
21:10:16 CEMTITER  MZ390 START USING z390 V1.5.06x1 ON J2SE 1.7.0 02/18/12
21:10:17 CEMTITER  MZ390 ENDED   RC= 0 SEC= 0 MEM(MB)= 69 IO=4077
21:10:18 CEMTITER  LZ390 START USING z390 V1.5.06x1 ON J2SE 1.7.0 02/18/12
21:10:18 CEMTITER  LZ390 ENDED   RC= 0 SEC= 0 MEM(MB)=  8 IO=127
17:53:41 CEMTITER  MZ390 START USING z390 V1.5.06x1 ON J2SE 1.7.0 02/19/12
17:53:42 CEMTITER  MZ390 ENDED   RC= 0 SEC= 0 MEM(MB)= 69 IO=4077
17:53:43 CEMTITER  LZ390 START USING z390 V1.5.06x1 ON J2SE 1.7.0 02/19/12
17:53:43 CEMTITER  LZ390 ENDED   RC= 0 SEC= 0 MEM(MB)=  8 IO=127
20:23:17 CEMTITER  MZ390 START USING z390 V1.5.06x1 ON J2SE 1.7.0 02/21/12
20:23:17 CEMTITER  MZ390 ENDED   RC= 0 SEC= 0 MEM(MB)= 69 IO=4077
20:23:17 CEMTITER  LZ390 START USING z390 V1.5.06x1 ON J2SE 1.7.0 02/21/12
20:23:17 CEMTITER  LZ390 ENDED   RC= 0 SEC= 0 MEM(MB)=  8 IO=127
08:49:27 CEMTITER  MZ390 START USING z390 V1.5.06x1 ON J2SE 1.7.0 02/23/12
08:49:28 CEMTITER  MZ390 ENDED   RC= 0 SEC= 0 MEM(MB)= 69 IO=4077
08:49:28 CEMTITER  LZ390 START USING z390 V1.5.06x1 ON J2SE 1.7.0 02/23/12
08:49:28 CEMTITER  LZ390 ENDED   RC= 0 SEC= 0 MEM(MB)=  8 IO=127
12:45:16 CEMTITER  MZ390 START USING z390 V1.5.06x1 ON J2SE 1.7.0 03/04/12
12:45:17 CEMTITER  MZ390 ENDED   RC= 0 SEC= 0 MEM(MB)= 69 IO=4077
12:45:18 CEMTITER  LZ390 START USING z390 V1.5.06x1 ON J2SE 1.7.0 03/04/12
12:45:18 CEMTITER  LZ390 ENDED   RC= 0 SEC= 0 MEM(MB)=  8 IO=127
11:13:43 CEMTITER  MZ390 START USING z390 V1.5.06x1 ON J2SE 1.7.0 03/06/12
11:13:44 CEMTITER  MZ390 ENDED   RC= 0 SEC= 0 MEM(MB)= 69 IO=4077
11:13:44 CEMTITER  LZ390 START USING z390 V1.5.06x1 ON J2SE 1.7.0 03/06/12
11:13:44 CEMTITER  LZ390 ENDED   RC= 0 SEC= 0 MEM(MB)=  8 IO=127
12:09:09 CEMTITER  MZ390 START USING z390 V1.5.06x1 ON J2SE 1.7.0 03/07/12
12:09:10 CEMTITER  MZ390 ENDED   RC= 0 SEC= 0 MEM(MB)= 69 IO=4077
12:09:10 CEMTITER  LZ390 START USING z390 V1.5.06x1 ON J2SE 1.7.0 03/07/12
12:09:10 CEMTITER  LZ390 ENDED   RC= 0 SEC= 0 MEM(MB)=  8 IO=127
17:37:52 CEMTITER  MZ390 START USING z390 V1.5.06x3 ON J2SE 1.7.0 03/08/12
17:37:53 CEMTITER  MZ390 ENDED   RC= 0 SEC= 0 MEM(MB)= 69 IO=4077
17:37:54 CEMTITER  LZ390 START USING z390 V1.5.06x3 ON J2SE 1.7.0 03/08/12
17:37:54 CEMTITER  LZ390 ENDED   RC= 0 SEC= 0 MEM(MB)= 10 IO=225
21:10:31 CEMTITER  MZ390 START USING z390 V1.5.06x3 ON J2SE 1.7.0 03/11/12
21:10:32 CEMTITER  MZ390 ENDED   RC= 0 SEC= 0 MEM(MB)= 69 IO=4077
21:10:32 CEMTITER  LZ390 START USING z390 V1.5.06x3 ON J2SE 1.7.0 03/11/12
21:10:32 CEMTITER  LZ390 ENDED   RC= 0 SEC= 0 MEM(MB)= 10 IO=225
10:45:59 CEMTITER  MZ390 START USING z390 V1.5.06x3 ON J2SE 1.7.0 03/22/12
10:46:00 CEMTITER  MZ390 ENDED   RC= 0 SEC= 1 MEM(MB)= 69 IO=4077
10:46:01 CEMTITER  LZ390 START USING z390 V1.5.06x3 ON J2SE 1.7.0 03/22/12
10:46:01 CEMTITER  LZ390 ENDED   RC= 0 SEC= 0 MEM(MB)= 10 IO=225
22:49:26 CEMTITER  MZ390 START USING z390 V1.5.06x3 ON J2SE 1.7.0 03/22/12
22:49:27 CEMTITER  MZ390 ENDED   RC= 0 SEC= 0 MEM(MB)= 69 IO=4077
22:49:27 CEMTITER  LZ390 START USING z390 V1.5.06x3 ON J2SE 1.7.0 03/22/12
22:49:27 CEMTITER  LZ390 ENDED   RC= 0 SEC= 0 MEM(MB)= 10 IO=225
21:59:20 CEMTITER  MZ390 START USING z390 V1.5.06x3 ON J2SE 1.7.0 03/23/12
21:59:21 CEMTITER  MZ390 ENDED   RC= 0 SEC= 0 MEM(MB)= 69 IO=4077
21:59:21 CEMTITER  LZ390 START USING z390 V1.5.06x3 ON J2SE 1.7.0 03/23/12
21:59:21 CEMTITER  LZ390 ENDED   RC= 0 SEC= 0 MEM(MB)= 10 IO=225
08:00:45 CEMTITER  MZ390 START USING z390 V1.5.06x3 ON J2SE 1.7.0 03/25/12
08:00:46 CEMTITER  MZ390 ENDED   RC= 0 SEC= 0 MEM(MB)= 69 IO=4077
08:00:47 CEMTITER  LZ390 START USING z390 V1.5.06x3 ON J2SE 1.7.0 03/25/12
08:00:47 CEMTITER  LZ390 ENDED   RC= 0 SEC= 0 MEM(MB)= 10 IO=225
19:15:01 CEMTITER  MZ390 START USING z390 V1.5.06x3 ON J2SE 1.7.0 03/28/12
19:15:02 CEMTITER  MZ390 ENDED   RC= 0 SEC= 0 MEM(MB)= 69 IO=4077
19:15:03 CEMTITER  LZ390 START USING z390 V1.5.06x3 ON J2SE 1.7.0 03/28/12
19:15:03 CEMTITER  LZ390 ENDED   RC= 0 SEC= 0 MEM(MB)= 10 IO=225
10:26:50 CEMTITER  MZ390 START USING z390 V1.5.06x3 ON J2SE 1.7.0 03/29/12
10:26:51 CEMTITER  MZ390 ENDED   RC= 0 SEC= 0 MEM(MB)= 69 IO=4077
10:26:51 CEMTITER  LZ390 START USING z390 V1.5.06x3 ON J2SE 1.7.0 03/29/12
10:26:52 CEMTITER  LZ390 ENDED   RC= 0 SEC= 0 MEM(MB)= 10 IO=225
09:06:17 CEMTITER  MZ390 START USING z390 V1.5.06rc4 ON J2SE 1.7.0 05/16/12
09:06:18 CEMTITER  MZ390 ENDED   RC= 0 SEC= 0 MEM(MB)= 69 IO=4077
09:06:18 CEMTITER  LZ390 START USING z390 V1.5.06rc4 ON J2SE 1.7.0 05/16/12
09:06:18 CEMTITER  LZ390 ENDED   RC= 0 SEC= 0 MEM(MB)= 10 IO=225
09:54:33 CEMTITER  MZ390 START USING z390 V1.5.06rc4 ON J2SE 1.7.0 05/18/12
09:54:34 CEMTITER  MZ390 ENDED   RC= 0 SEC= 0 MEM(MB)= 69 IO=4077
09:54:35 CEMTITER  LZ390 START USING z390 V1.5.06rc4 ON J2SE 1.7.0 05/18/12
09:54:35 CEMTITER  LZ390 ENDED   RC= 0 SEC= 0 MEM(MB)= 10 IO=225
13:40:26 CEMTITER  MZ390 START USING z390 V1.5.06 ON J2SE 1.6.0_31 05/21/12
13:40:27 CEMTITER  MZ390 ENDED   RC= 0 SEC= 0 MEM(MB)= 69 IO=4077
13:40:27 CEMTITER  LZ390 START USING z390 V1.5.06 ON J2SE 1.6.0_31 05/21/12
13:40:27 CEMTITER  LZ390 ENDED   RC= 0 SEC= 0 MEM(MB)= 10 IO=225
