11:38:41 CEMTITRN  MZ390 START USING z390 V1.5.05bx3 ON J2SE 1.7.0 02/15/12
11:38:42 CEMTITRN  MZ390 ENDED   RC= 0 SEC= 1 MEM(MB)= 69 IO=3972
11:38:42 CEMTITRN  LZ390 START USING z390 V1.5.05bx3 ON J2SE 1.7.0 02/15/12
11:38:42 CEMTITRN  LZ390 ENDED   RC= 0 SEC= 0 MEM(MB)= 10 IO=182
09:22:44 CEMTITRN  MZ390 START USING z390 V1.5.06x1 ON J2SE 1.7.0 02/17/12
09:22:45 CEMTITRN  MZ390 ENDED   RC= 0 SEC= 0 MEM(MB)= 69 IO=3972
09:22:45 CEMTITRN  LZ390 START USING z390 V1.5.06x1 ON J2SE 1.7.0 02/17/12
09:22:45 CEMTITRN  LZ390 ENDED   RC= 0 SEC= 0 MEM(MB)= 10 IO=182
21:10:19 CEMTITRN  MZ390 START USING z390 V1.5.06x1 ON J2SE 1.7.0 02/18/12
21:10:20 CEMTITRN  MZ390 ENDED   RC= 0 SEC= 0 MEM(MB)= 69 IO=3972
21:10:20 CEMTITRN  LZ390 START USING z390 V1.5.06x1 ON J2SE 1.7.0 02/18/12
21:10:20 CEMTITRN  LZ390 ENDED   RC= 0 SEC= 0 MEM(MB)= 10 IO=182
17:53:44 CEMTITRN  MZ390 START USING z390 V1.5.06x1 ON J2SE 1.7.0 02/19/12
17:53:45 CEMTITRN  MZ390 ENDED   RC= 0 SEC= 1 MEM(MB)= 69 IO=3972
17:53:46 CEMTITRN  LZ390 START USING z390 V1.5.06x1 ON J2SE 1.7.0 02/19/12
17:53:46 CEMTITRN  LZ390 ENDED   RC= 0 SEC= 0 MEM(MB)=  9 IO=182
20:23:19 CEMTITRN  MZ390 START USING z390 V1.5.06x1 ON J2SE 1.7.0 02/21/12
20:23:19 CEMTITRN  MZ390 ENDED   RC= 0 SEC= 0 MEM(MB)= 69 IO=3972
20:23:20 CEMTITRN  LZ390 START USING z390 V1.5.06x1 ON J2SE 1.7.0 02/21/12
20:23:20 CEMTITRN  LZ390 ENDED   RC= 0 SEC= 0 MEM(MB)=  9 IO=182
08:49:30 CEMTITRN  MZ390 START USING z390 V1.5.06x1 ON J2SE 1.7.0 02/23/12
08:49:31 CEMTITRN  MZ390 ENDED   RC= 0 SEC= 1 MEM(MB)= 69 IO=3972
08:49:31 CEMTITRN  LZ390 START USING z390 V1.5.06x1 ON J2SE 1.7.0 02/23/12
08:49:31 CEMTITRN  LZ390 ENDED   RC= 0 SEC= 0 MEM(MB)=  9 IO=182
12:45:19 CEMTITRN  MZ390 START USING z390 V1.5.06x1 ON J2SE 1.7.0 03/04/12
12:45:20 CEMTITRN  MZ390 ENDED   RC= 0 SEC= 1 MEM(MB)= 69 IO=3972
12:45:20 CEMTITRN  LZ390 START USING z390 V1.5.06x1 ON J2SE 1.7.0 03/04/12
12:45:21 CEMTITRN  LZ390 ENDED   RC= 0 SEC= 0 MEM(MB)=  9 IO=182
11:13:46 CEMTITRN  MZ390 START USING z390 V1.5.06x1 ON J2SE 1.7.0 03/06/12
11:13:47 CEMTITRN  MZ390 ENDED   RC= 0 SEC= 1 MEM(MB)= 69 IO=3972
11:13:47 CEMTITRN  LZ390 START USING z390 V1.5.06x1 ON J2SE 1.7.0 03/06/12
11:13:47 CEMTITRN  LZ390 ENDED   RC= 0 SEC= 0 MEM(MB)=  9 IO=182
12:09:12 CEMTITRN  MZ390 START USING z390 V1.5.06x1 ON J2SE 1.7.0 03/07/12
12:09:13 CEMTITRN  MZ390 ENDED   RC= 0 SEC= 1 MEM(MB)= 69 IO=3972
12:09:13 CEMTITRN  LZ390 START USING z390 V1.5.06x1 ON J2SE 1.7.0 03/07/12
12:09:13 CEMTITRN  LZ390 ENDED   RC= 0 SEC= 0 MEM(MB)=  9 IO=182
17:37:55 CEMTITRN  MZ390 START USING z390 V1.5.06x3 ON J2SE 1.7.0 03/08/12
17:37:56 CEMTITRN  MZ390 ENDED   RC= 0 SEC= 1 MEM(MB)= 69 IO=3972
17:37:56 CEMTITRN  LZ390 START USING z390 V1.5.06x3 ON J2SE 1.7.0 03/08/12
17:37:56 CEMTITRN  LZ390 ENDED   RC= 0 SEC= 0 MEM(MB)= 12 IO=335
21:10:33 CEMTITRN  MZ390 START USING z390 V1.5.06x3 ON J2SE 1.7.0 03/11/12
21:10:34 CEMTITRN  MZ390 ENDED   RC= 0 SEC= 1 MEM(MB)= 69 IO=3972
21:10:35 CEMTITRN  LZ390 START USING z390 V1.5.06x3 ON J2SE 1.7.0 03/11/12
21:10:35 CEMTITRN  LZ390 ENDED   RC= 0 SEC= 0 MEM(MB)= 12 IO=335
10:46:02 CEMTITRN  MZ390 START USING z390 V1.5.06x3 ON J2SE 1.7.0 03/22/12
10:46:03 CEMTITRN  MZ390 ENDED   RC= 0 SEC= 1 MEM(MB)= 69 IO=3972
10:46:03 CEMTITRN  LZ390 START USING z390 V1.5.06x3 ON J2SE 1.7.0 03/22/12
10:46:03 CEMTITRN  LZ390 ENDED   RC= 0 SEC= 0 MEM(MB)= 12 IO=335
22:49:29 CEMTITRN  MZ390 START USING z390 V1.5.06x3 ON J2SE 1.7.0 03/22/12
22:49:30 CEMTITRN  MZ390 ENDED   RC= 0 SEC= 1 MEM(MB)= 69 IO=3972
22:49:30 CEMTITRN  LZ390 START USING z390 V1.5.06x3 ON J2SE 1.7.0 03/22/12
22:49:30 CEMTITRN  LZ390 ENDED   RC= 0 SEC= 0 MEM(MB)= 12 IO=335
21:59:22 CEMTITRN  MZ390 START USING z390 V1.5.06x3 ON J2SE 1.7.0 03/23/12
21:59:23 CEMTITRN  MZ390 ENDED   RC= 0 SEC= 0 MEM(MB)= 69 IO=3972
21:59:23 CEMTITRN  LZ390 START USING z390 V1.5.06x3 ON J2SE 1.7.0 03/23/12
21:59:23 CEMTITRN  LZ390 ENDED   RC= 0 SEC= 0 MEM(MB)= 12 IO=335
08:00:48 CEMTITRN  MZ390 START USING z390 V1.5.06x3 ON J2SE 1.7.0 03/25/12
08:00:49 CEMTITRN  MZ390 ENDED   RC= 0 SEC= 1 MEM(MB)= 69 IO=3972
08:00:49 CEMTITRN  LZ390 START USING z390 V1.5.06x3 ON J2SE 1.7.0 03/25/12
08:00:49 CEMTITRN  LZ390 ENDED   RC= 0 SEC= 0 MEM(MB)= 11 IO=335
19:15:04 CEMTITRN  MZ390 START USING z390 V1.5.06x3 ON J2SE 1.7.0 03/28/12
19:15:05 CEMTITRN  MZ390 ENDED   RC= 0 SEC= 1 MEM(MB)= 69 IO=3972
19:15:05 CEMTITRN  LZ390 START USING z390 V1.5.06x3 ON J2SE 1.7.0 03/28/12
19:15:05 CEMTITRN  LZ390 ENDED   RC= 0 SEC= 0 MEM(MB)= 11 IO=335
10:26:53 CEMTITRN  MZ390 START USING z390 V1.5.06x3 ON J2SE 1.7.0 03/29/12
10:26:54 CEMTITRN  MZ390 ENDED   RC= 0 SEC= 1 MEM(MB)= 69 IO=3972
10:26:54 CEMTITRN  LZ390 START USING z390 V1.5.06x3 ON J2SE 1.7.0 03/29/12
10:26:54 CEMTITRN  LZ390 ENDED   RC= 0 SEC= 0 MEM(MB)= 11 IO=335
09:06:20 CEMTITRN  MZ390 START USING z390 V1.5.06rc4 ON J2SE 1.7.0 05/16/12
09:06:21 CEMTITRN  MZ390 ENDED   RC= 0 SEC= 1 MEM(MB)= 69 IO=3972
09:06:21 CEMTITRN  LZ390 START USING z390 V1.5.06rc4 ON J2SE 1.7.0 05/16/12
09:06:21 CEMTITRN  LZ390 ENDED   RC= 0 SEC= 0 MEM(MB)= 12 IO=335
09:54:36 CEMTITRN  MZ390 START USING z390 V1.5.06rc4 ON J2SE 1.7.0 05/18/12
09:54:37 CEMTITRN  MZ390 ENDED   RC= 0 SEC= 1 MEM(MB)= 69 IO=3972
09:54:37 CEMTITRN  LZ390 START USING z390 V1.5.06rc4 ON J2SE 1.7.0 05/18/12
09:54:37 CEMTITRN  LZ390 ENDED   RC= 0 SEC= 0 MEM(MB)= 12 IO=335
13:40:28 CEMTITRN  MZ390 START USING z390 V1.5.06 ON J2SE 1.6.0_31 05/21/12
13:40:29 CEMTITRN  MZ390 ENDED   RC= 0 SEC= 1 MEM(MB)= 69 IO=3972
13:40:29 CEMTITRN  LZ390 START USING z390 V1.5.06 ON J2SE 1.6.0_31 05/21/12
13:40:29 CEMTITRN  LZ390 ENDED   RC= 0 SEC= 0 MEM(MB)= 12 IO=335
