11:40:07 LCLCEDF   MZ390 START USING z390 V1.5.05bx3 ON J2SE 1.7.0 02/15/12
11:40:33 LCLCEDF   MZ390 ENDED   RC= 0 SEC=25 MEM(MB)= 88 IO=97552
11:40:33 LCLCEDF   LZ390 START USING z390 V1.5.05bx3 ON J2SE 1.7.0 02/15/12
11:40:33 LCLCEDF   LZ390 ENDED   RC= 0 SEC= 0 MEM(MB)= 38 IO=6760
09:24:09 LCLCEDF   MZ390 START USING z390 V1.5.06x1 ON J2SE 1.7.0 02/17/12
09:24:35 LCLCEDF   MZ390 ENDED   RC= 0 SEC=25 MEM(MB)= 87 IO=97552
09:24:35 LCLCEDF   LZ390 START USING z390 V1.5.06x1 ON J2SE 1.7.0 02/17/12
09:24:35 LCLCEDF   LZ390 ENDED   RC= 0 SEC= 0 MEM(MB)= 38 IO=6760
21:11:43 LCLCEDF   MZ390 START USING z390 V1.5.06x1 ON J2SE 1.7.0 02/18/12
21:12:07 LCLCEDF   MZ390 ENDED   RC= 0 SEC=24 MEM(MB)= 88 IO=97552
21:12:08 LCLCEDF   LZ390 START USING z390 V1.5.06x1 ON J2SE 1.7.0 02/18/12
21:12:08 LCLCEDF   LZ390 ENDED   RC= 0 SEC= 0 MEM(MB)= 38 IO=6760
17:55:17 LCLCEDF   MZ390 START USING z390 V1.5.06x1 ON J2SE 1.7.0 02/19/12
17:55:43 LCLCEDF   MZ390 ENDED   RC= 0 SEC=26 MEM(MB)= 87 IO=97552
17:55:43 LCLCEDF   LZ390 START USING z390 V1.5.06x1 ON J2SE 1.7.0 02/19/12
17:55:44 LCLCEDF   LZ390 ENDED   RC= 0 SEC= 0 MEM(MB)= 39 IO=6760
20:24:30 LCLCEDF   MZ390 START USING z390 V1.5.06x1 ON J2SE 1.7.0 02/21/12
20:24:46 LCLCEDF   MZ390 ENDED   RC= 0 SEC=16 MEM(MB)= 87 IO=97552
20:24:46 LCLCEDF   LZ390 START USING z390 V1.5.06x1 ON J2SE 1.7.0 02/21/12
20:24:47 LCLCEDF   LZ390 ENDED   RC= 0 SEC= 0 MEM(MB)= 39 IO=6760
08:51:05 LCLCEDF   MZ390 START USING z390 V1.5.06x1 ON J2SE 1.7.0 02/23/12
08:51:32 LCLCEDF   MZ390 ENDED   RC= 0 SEC=26 MEM(MB)= 87 IO=97552
08:51:32 LCLCEDF   LZ390 START USING z390 V1.5.06x1 ON J2SE 1.7.0 02/23/12
08:51:33 LCLCEDF   LZ390 ENDED   RC= 0 SEC= 0 MEM(MB)= 39 IO=6760
12:46:53 LCLCEDF   MZ390 START USING z390 V1.5.06x1 ON J2SE 1.7.0 03/04/12
12:47:19 LCLCEDF   MZ390 ENDED   RC= 0 SEC=26 MEM(MB)= 87 IO=97552
12:47:19 LCLCEDF   LZ390 START USING z390 V1.5.06x1 ON J2SE 1.7.0 03/04/12
12:47:20 LCLCEDF   LZ390 ENDED   RC= 0 SEC= 0 MEM(MB)= 39 IO=6760
11:15:19 LCLCEDF   MZ390 START USING z390 V1.5.06x1 ON J2SE 1.7.0 03/06/12
11:15:46 LCLCEDF   MZ390 ENDED   RC= 0 SEC=27 MEM(MB)= 87 IO=97552
11:15:46 LCLCEDF   LZ390 START USING z390 V1.5.06x1 ON J2SE 1.7.0 03/06/12
11:15:46 LCLCEDF   LZ390 ENDED   RC= 0 SEC= 0 MEM(MB)= 39 IO=6760
12:10:42 LCLCEDF   MZ390 START USING z390 V1.5.06x1 ON J2SE 1.7.0 03/07/12
12:11:09 LCLCEDF   MZ390 ENDED   RC= 0 SEC=27 MEM(MB)= 87 IO=97552
12:11:09 LCLCEDF   LZ390 START USING z390 V1.5.06x1 ON J2SE 1.7.0 03/07/12
12:11:10 LCLCEDF   LZ390 ENDED   RC= 0 SEC= 0 MEM(MB)= 39 IO=6760
17:39:27 LCLCEDF   MZ390 START USING z390 V1.5.06x3 ON J2SE 1.7.0 03/08/12
17:39:54 LCLCEDF   MZ390 ENDED   RC= 0 SEC=27 MEM(MB)= 88 IO=97552
17:39:55 LCLCEDF   LZ390 START USING z390 V1.5.06x3 ON J2SE 1.7.0 03/08/12
17:39:55 LCLCEDF   LZ390 ENDED   RC= 0 SEC= 0 MEM(MB)= 71 IO=12297
21:12:01 LCLCEDF   MZ390 START USING z390 V1.5.06x3 ON J2SE 1.7.0 03/11/12
21:12:27 LCLCEDF   MZ390 ENDED   RC= 0 SEC=25 MEM(MB)= 88 IO=97552
21:12:27 LCLCEDF   LZ390 START USING z390 V1.5.06x3 ON J2SE 1.7.0 03/11/12
21:12:28 LCLCEDF   LZ390 ENDED   RC= 0 SEC= 0 MEM(MB)= 70 IO=12297
10:47:32 LCLCEDF   MZ390 START USING z390 V1.5.06x3 ON J2SE 1.7.0 03/22/12
10:47:59 LCLCEDF   MZ390 ENDED   RC= 0 SEC=27 MEM(MB)= 87 IO=97552
10:48:00 LCLCEDF   LZ390 START USING z390 V1.5.06x3 ON J2SE 1.7.0 03/22/12
10:48:00 LCLCEDF   LZ390 ENDED   RC= 0 SEC= 0 MEM(MB)= 70 IO=12297
22:51:01 LCLCEDF   MZ390 START USING z390 V1.5.06x3 ON J2SE 1.7.0 03/22/12
22:51:27 LCLCEDF   MZ390 ENDED   RC= 0 SEC=26 MEM(MB)= 87 IO=97552
22:51:28 LCLCEDF   LZ390 START USING z390 V1.5.06x3 ON J2SE 1.7.0 03/22/12
22:51:28 LCLCEDF   LZ390 ENDED   RC= 0 SEC= 0 MEM(MB)= 71 IO=12297
22:00:33 LCLCEDF   MZ390 START USING z390 V1.5.06x3 ON J2SE 1.7.0 03/23/12
22:00:50 LCLCEDF   MZ390 ENDED   RC= 0 SEC=16 MEM(MB)= 87 IO=97552
22:00:50 LCLCEDF   LZ390 START USING z390 V1.5.06x3 ON J2SE 1.7.0 03/23/12
22:00:50 LCLCEDF   LZ390 ENDED   RC= 0 SEC= 0 MEM(MB)= 70 IO=12297
08:02:20 LCLCEDF   MZ390 START USING z390 V1.5.06x3 ON J2SE 1.7.0 03/25/12
08:02:47 LCLCEDF   MZ390 ENDED   RC= 0 SEC=26 MEM(MB)= 87 IO=97552
08:02:47 LCLCEDF   LZ390 START USING z390 V1.5.06x3 ON J2SE 1.7.0 03/25/12
08:02:47 LCLCEDF   LZ390 ENDED   RC= 0 SEC= 0 MEM(MB)= 71 IO=12297
19:16:37 LCLCEDF   MZ390 START USING z390 V1.5.06x3 ON J2SE 1.7.0 03/28/12
19:17:04 LCLCEDF   MZ390 ENDED   RC= 0 SEC=27 MEM(MB)= 87 IO=97552
19:17:05 LCLCEDF   LZ390 START USING z390 V1.5.06x3 ON J2SE 1.7.0 03/28/12
19:17:05 LCLCEDF   LZ390 ENDED   RC= 0 SEC= 0 MEM(MB)= 38 IO=12297
10:28:21 LCLCEDF   MZ390 START USING z390 V1.5.06x3 ON J2SE 1.7.0 03/29/12
10:28:47 LCLCEDF   MZ390 ENDED   RC= 0 SEC=26 MEM(MB)= 87 IO=97552
10:28:48 LCLCEDF   LZ390 START USING z390 V1.5.06x3 ON J2SE 1.7.0 03/29/12
10:28:48 LCLCEDF   LZ390 ENDED   RC= 0 SEC= 0 MEM(MB)= 70 IO=12297
09:07:49 LCLCEDF   MZ390 START USING z390 V1.5.06rc4 ON J2SE 1.7.0 05/16/12
09:08:16 LCLCEDF   MZ390 ENDED   RC= 0 SEC=26 MEM(MB)= 88 IO=97552
09:08:16 LCLCEDF   LZ390 START USING z390 V1.5.06rc4 ON J2SE 1.7.0 05/16/12
09:08:16 LCLCEDF   LZ390 ENDED   RC= 0 SEC= 0 MEM(MB)= 70 IO=12297
09:56:01 LCLCEDF   MZ390 START USING z390 V1.5.06rc4 ON J2SE 1.7.0 05/18/12
09:56:27 LCLCEDF   MZ390 ENDED   RC= 0 SEC=26 MEM(MB)= 87 IO=97552
09:56:27 LCLCEDF   LZ390 START USING z390 V1.5.06rc4 ON J2SE 1.7.0 05/18/12
09:56:28 LCLCEDF   LZ390 ENDED   RC= 0 SEC= 0 MEM(MB)= 71 IO=12297
13:41:53 LCLCEDF   MZ390 START USING z390 V1.5.06 ON J2SE 1.6.0_31 05/21/12
13:42:20 LCLCEDF   MZ390 ENDED   RC= 0 SEC=26 MEM(MB)= 88 IO=97552
13:42:20 LCLCEDF   LZ390 START USING z390 V1.5.06 ON J2SE 1.6.0_31 05/21/12
13:42:21 LCLCEDF   LZ390 ENDED   RC= 0 SEC= 0 MEM(MB)= 70 IO=12297
