11:39:01 MAP01C    MZ390 START USING z390 V1.5.05bx3 ON J2SE 1.7.0 02/15/12
11:39:02 MAP01C    MZ390 ENDED   RC= 0 SEC= 0 MEM(MB)= 69 IO=5446
11:39:02 MAP01C    MZ390 START USING z390 V1.5.05bx3 ON J2SE 1.7.0 02/15/12
11:39:03 MAP01C    MZ390 ENDED   RC= 0 SEC= 1 MEM(MB)= 69 IO=6528
11:39:03 MAP01C    LZ390 START USING z390 V1.5.05bx3 ON J2SE 1.7.0 02/15/12
11:39:04 MAP01C    LZ390 ENDED   RC= 0 SEC= 0 MEM(MB)=  9 IO=205
09:23:04 MAP01C    MZ390 START USING z390 V1.5.06x1 ON J2SE 1.7.0 02/17/12
09:23:05 MAP01C    MZ390 ENDED   RC= 0 SEC= 0 MEM(MB)= 69 IO=5446
09:23:05 MAP01C    MZ390 START USING z390 V1.5.06x1 ON J2SE 1.7.0 02/17/12
09:23:06 MAP01C    MZ390 ENDED   RC= 0 SEC= 1 MEM(MB)= 69 IO=6528
09:23:06 MAP01C    LZ390 START USING z390 V1.5.06x1 ON J2SE 1.7.0 02/17/12
09:23:06 MAP01C    LZ390 ENDED   RC= 0 SEC= 0 MEM(MB)=  9 IO=205
21:10:39 MAP01C    MZ390 START USING z390 V1.5.06x1 ON J2SE 1.7.0 02/18/12
21:10:39 MAP01C    MZ390 ENDED   RC= 0 SEC= 0 MEM(MB)= 69 IO=5446
21:10:39 MAP01C    MZ390 START USING z390 V1.5.06x1 ON J2SE 1.7.0 02/18/12
21:10:41 MAP01C    MZ390 ENDED   RC= 0 SEC= 1 MEM(MB)= 69 IO=6528
21:10:41 MAP01C    LZ390 START USING z390 V1.5.06x1 ON J2SE 1.7.0 02/18/12
21:10:41 MAP01C    LZ390 ENDED   RC= 0 SEC= 0 MEM(MB)=  9 IO=205
17:54:08 MAP01C    MZ390 START USING z390 V1.5.06x1 ON J2SE 1.7.0 02/19/12
17:54:08 MAP01C    MZ390 ENDED   RC= 0 SEC= 0 MEM(MB)= 69 IO=5446
17:54:09 MAP01C    MZ390 START USING z390 V1.5.06x1 ON J2SE 1.7.0 02/19/12
17:54:10 MAP01C    MZ390 ENDED   RC= 0 SEC= 1 MEM(MB)= 69 IO=6528
17:54:10 MAP01C    LZ390 START USING z390 V1.5.06x1 ON J2SE 1.7.0 02/19/12
17:54:10 MAP01C    LZ390 ENDED   RC= 0 SEC= 0 MEM(MB)=  9 IO=205
20:23:38 MAP01C    MZ390 START USING z390 V1.5.06x1 ON J2SE 1.7.0 02/21/12
20:23:39 MAP01C    MZ390 ENDED   RC= 0 SEC= 0 MEM(MB)= 69 IO=5446
20:23:39 MAP01C    MZ390 START USING z390 V1.5.06x1 ON J2SE 1.7.0 02/21/12
20:23:40 MAP01C    MZ390 ENDED   RC= 0 SEC= 0 MEM(MB)= 69 IO=6528
20:23:40 MAP01C    LZ390 START USING z390 V1.5.06x1 ON J2SE 1.7.0 02/21/12
20:23:40 MAP01C    LZ390 ENDED   RC= 0 SEC= 0 MEM(MB)=  9 IO=205
08:49:53 MAP01C    MZ390 START USING z390 V1.5.06x1 ON J2SE 1.7.0 02/23/12
08:49:54 MAP01C    MZ390 ENDED   RC= 0 SEC= 0 MEM(MB)= 69 IO=5446
08:49:54 MAP01C    MZ390 START USING z390 V1.5.06x1 ON J2SE 1.7.0 02/23/12
08:49:55 MAP01C    MZ390 ENDED   RC= 0 SEC= 1 MEM(MB)= 69 IO=6528
08:49:56 MAP01C    LZ390 START USING z390 V1.5.06x1 ON J2SE 1.7.0 02/23/12
08:49:56 MAP01C    LZ390 ENDED   RC= 0 SEC= 0 MEM(MB)=  9 IO=205
12:45:42 MAP01C    MZ390 START USING z390 V1.5.06x1 ON J2SE 1.7.0 03/04/12
12:45:43 MAP01C    MZ390 ENDED   RC= 0 SEC= 0 MEM(MB)= 69 IO=5446
12:45:43 MAP01C    MZ390 START USING z390 V1.5.06x1 ON J2SE 1.7.0 03/04/12
12:45:44 MAP01C    MZ390 ENDED   RC= 0 SEC= 1 MEM(MB)= 69 IO=6528
12:45:44 MAP01C    LZ390 START USING z390 V1.5.06x1 ON J2SE 1.7.0 03/04/12
12:45:45 MAP01C    LZ390 ENDED   RC= 0 SEC= 0 MEM(MB)=  9 IO=205
11:14:09 MAP01C    MZ390 START USING z390 V1.5.06x1 ON J2SE 1.7.0 03/06/12
11:14:10 MAP01C    MZ390 ENDED   RC= 0 SEC= 0 MEM(MB)= 69 IO=5446
11:14:10 MAP01C    MZ390 START USING z390 V1.5.06x1 ON J2SE 1.7.0 03/06/12
11:14:11 MAP01C    MZ390 ENDED   RC= 0 SEC= 1 MEM(MB)= 69 IO=6528
11:14:12 MAP01C    LZ390 START USING z390 V1.5.06x1 ON J2SE 1.7.0 03/06/12
11:14:12 MAP01C    LZ390 ENDED   RC= 0 SEC= 0 MEM(MB)=  9 IO=205
12:09:34 MAP01C    MZ390 START USING z390 V1.5.06x1 ON J2SE 1.7.0 03/07/12
12:09:35 MAP01C    MZ390 ENDED   RC= 0 SEC= 0 MEM(MB)= 69 IO=5446
12:09:35 MAP01C    MZ390 START USING z390 V1.5.06x1 ON J2SE 1.7.0 03/07/12
12:09:36 MAP01C    MZ390 ENDED   RC= 0 SEC= 1 MEM(MB)= 69 IO=6528
12:09:37 MAP01C    LZ390 START USING z390 V1.5.06x1 ON J2SE 1.7.0 03/07/12
12:09:37 MAP01C    LZ390 ENDED   RC= 0 SEC= 0 MEM(MB)=  9 IO=205
17:38:17 MAP01C    MZ390 START USING z390 V1.5.06x3 ON J2SE 1.7.0 03/08/12
17:38:17 MAP01C    MZ390 ENDED   RC= 0 SEC= 0 MEM(MB)= 69 IO=5446
17:38:18 MAP01C    MZ390 START USING z390 V1.5.06x3 ON J2SE 1.7.0 03/08/12
17:38:19 MAP01C    MZ390 ENDED   RC= 0 SEC= 1 MEM(MB)= 69 IO=6528
17:38:19 MAP01C    LZ390 START USING z390 V1.5.06x3 ON J2SE 1.7.0 03/08/12
17:38:19 MAP01C    LZ390 ENDED   RC= 0 SEC= 0 MEM(MB)= 12 IO=390
21:10:54 MAP01C    MZ390 START USING z390 V1.5.06x3 ON J2SE 1.7.0 03/11/12
21:10:55 MAP01C    MZ390 ENDED   RC= 0 SEC= 0 MEM(MB)= 69 IO=5446
21:10:55 MAP01C    MZ390 START USING z390 V1.5.06x3 ON J2SE 1.7.0 03/11/12
21:10:56 MAP01C    MZ390 ENDED   RC= 0 SEC= 1 MEM(MB)= 69 IO=6528
21:10:56 MAP01C    LZ390 START USING z390 V1.5.06x3 ON J2SE 1.7.0 03/11/12
21:10:56 MAP01C    LZ390 ENDED   RC= 0 SEC= 0 MEM(MB)= 12 IO=390
10:46:23 MAP01C    MZ390 START USING z390 V1.5.06x3 ON J2SE 1.7.0 03/22/12
10:46:24 MAP01C    MZ390 ENDED   RC= 0 SEC= 0 MEM(MB)= 69 IO=5446
10:46:24 MAP01C    MZ390 START USING z390 V1.5.06x3 ON J2SE 1.7.0 03/22/12
10:46:26 MAP01C    MZ390 ENDED   RC= 0 SEC= 1 MEM(MB)= 69 IO=6528
10:46:26 MAP01C    LZ390 START USING z390 V1.5.06x3 ON J2SE 1.7.0 03/22/12
10:46:26 MAP01C    LZ390 ENDED   RC= 0 SEC= 0 MEM(MB)= 12 IO=390
22:49:50 MAP01C    MZ390 START USING z390 V1.5.06x3 ON J2SE 1.7.0 03/22/12
22:49:51 MAP01C    MZ390 ENDED   RC= 0 SEC= 0 MEM(MB)= 69 IO=5446
22:49:51 MAP01C    MZ390 START USING z390 V1.5.06x3 ON J2SE 1.7.0 03/22/12
22:49:52 MAP01C    MZ390 ENDED   RC= 0 SEC= 1 MEM(MB)= 69 IO=6528
22:49:53 MAP01C    LZ390 START USING z390 V1.5.06x3 ON J2SE 1.7.0 03/22/12
22:49:53 MAP01C    LZ390 ENDED   RC= 0 SEC= 0 MEM(MB)= 12 IO=390
21:59:40 MAP01C    MZ390 START USING z390 V1.5.06x3 ON J2SE 1.7.0 03/23/12
21:59:41 MAP01C    MZ390 ENDED   RC= 0 SEC= 0 MEM(MB)= 69 IO=5446
21:59:41 MAP01C    MZ390 START USING z390 V1.5.06x3 ON J2SE 1.7.0 03/23/12
21:59:42 MAP01C    MZ390 ENDED   RC= 0 SEC= 0 MEM(MB)= 69 IO=6528
21:59:42 MAP01C    LZ390 START USING z390 V1.5.06x3 ON J2SE 1.7.0 03/23/12
21:59:42 MAP01C    LZ390 ENDED   RC= 0 SEC= 0 MEM(MB)= 12 IO=390
08:01:11 MAP01C    MZ390 START USING z390 V1.5.06x3 ON J2SE 1.7.0 03/25/12
08:01:12 MAP01C    MZ390 ENDED   RC= 0 SEC= 0 MEM(MB)= 69 IO=5446
08:01:12 MAP01C    MZ390 START USING z390 V1.5.06x3 ON J2SE 1.7.0 03/25/12
08:01:13 MAP01C    MZ390 ENDED   RC= 0 SEC= 1 MEM(MB)= 69 IO=6528
08:01:13 MAP01C    LZ390 START USING z390 V1.5.06x3 ON J2SE 1.7.0 03/25/12
08:01:13 MAP01C    LZ390 ENDED   RC= 0 SEC= 0 MEM(MB)= 10 IO=390
19:15:27 MAP01C    MZ390 START USING z390 V1.5.06x3 ON J2SE 1.7.0 03/28/12
19:15:28 MAP01C    MZ390 ENDED   RC= 0 SEC= 0 MEM(MB)= 69 IO=5446
19:15:29 MAP01C    MZ390 START USING z390 V1.5.06x3 ON J2SE 1.7.0 03/28/12
19:15:30 MAP01C    MZ390 ENDED   RC= 0 SEC= 1 MEM(MB)= 69 IO=6528
19:15:30 MAP01C    LZ390 START USING z390 V1.5.06x3 ON J2SE 1.7.0 03/28/12
19:15:30 MAP01C    LZ390 ENDED   RC= 0 SEC= 0 MEM(MB)= 10 IO=390
10:27:15 MAP01C    MZ390 START USING z390 V1.5.06x3 ON J2SE 1.7.0 03/29/12
10:27:15 MAP01C    MZ390 ENDED   RC= 0 SEC= 0 MEM(MB)= 69 IO=5446
10:27:16 MAP01C    MZ390 START USING z390 V1.5.06x3 ON J2SE 1.7.0 03/29/12
10:27:17 MAP01C    MZ390 ENDED   RC= 0 SEC= 1 MEM(MB)= 69 IO=6528
10:27:17 MAP01C    LZ390 START USING z390 V1.5.06x3 ON J2SE 1.7.0 03/29/12
10:27:17 MAP01C    LZ390 ENDED   RC= 0 SEC= 0 MEM(MB)= 10 IO=390
09:06:41 MAP01C    MZ390 START USING z390 V1.5.06rc4 ON J2SE 1.7.0 05/16/12
09:06:42 MAP01C    MZ390 ENDED   RC= 0 SEC= 0 MEM(MB)= 69 IO=5446
09:06:42 MAP01C    MZ390 START USING z390 V1.5.06rc4 ON J2SE 1.7.0 05/16/12
09:06:43 MAP01C    MZ390 ENDED   RC= 0 SEC= 1 MEM(MB)= 70 IO=6528
09:06:43 MAP01C    LZ390 START USING z390 V1.5.06rc4 ON J2SE 1.7.0 05/16/12
09:06:43 MAP01C    LZ390 ENDED   RC= 0 SEC= 0 MEM(MB)= 12 IO=390
09:54:56 MAP01C    MZ390 START USING z390 V1.5.06rc4 ON J2SE 1.7.0 05/18/12
09:54:57 MAP01C    MZ390 ENDED   RC= 0 SEC= 0 MEM(MB)= 69 IO=5446
09:54:57 MAP01C    MZ390 START USING z390 V1.5.06rc4 ON J2SE 1.7.0 05/18/12
09:54:58 MAP01C    MZ390 ENDED   RC= 0 SEC= 1 MEM(MB)= 70 IO=6528
09:54:58 MAP01C    LZ390 START USING z390 V1.5.06rc4 ON J2SE 1.7.0 05/18/12
09:54:58 MAP01C    LZ390 ENDED   RC= 0 SEC= 0 MEM(MB)= 12 IO=390
13:40:48 MAP01C    MZ390 START USING z390 V1.5.06 ON J2SE 1.6.0_31 05/21/12
13:40:49 MAP01C    MZ390 ENDED   RC= 0 SEC= 0 MEM(MB)= 69 IO=5446
13:40:49 MAP01C    MZ390 START USING z390 V1.5.06 ON J2SE 1.6.0_31 05/21/12
13:40:50 MAP01C    MZ390 ENDED   RC= 0 SEC= 1 MEM(MB)= 69 IO=6528
13:40:51 MAP01C    LZ390 START USING z390 V1.5.06 ON J2SE 1.6.0_31 05/21/12
13:40:51 MAP01C    LZ390 ENDED   RC= 0 SEC= 0 MEM(MB)= 11 IO=390
