11:38:59 MAP02     MZ390 START USING z390 V1.5.05bx3 ON J2SE 1.7.0 02/15/12
11:39:00 MAP02     MZ390 ENDED   RC= 0 SEC= 0 MEM(MB)= 42 IO=5003
11:39:00 MAP02     MZ390 START USING z390 V1.5.05bx3 ON J2SE 1.7.0 02/15/12
11:39:01 MAP02     MZ390 ENDED   RC= 0 SEC= 0 MEM(MB)= 69 IO=5198
11:39:01 MAP02     LZ390 START USING z390 V1.5.05bx3 ON J2SE 1.7.0 02/15/12
11:39:01 MAP02     LZ390 ENDED   RC= 0 SEC= 0 MEM(MB)=  8 IO=52
09:23:02 MAP02     MZ390 START USING z390 V1.5.06x1 ON J2SE 1.7.0 02/17/12
09:23:02 MAP02     MZ390 ENDED   RC= 0 SEC= 0 MEM(MB)= 42 IO=5003
09:23:03 MAP02     MZ390 START USING z390 V1.5.06x1 ON J2SE 1.7.0 02/17/12
09:23:03 MAP02     MZ390 ENDED   RC= 0 SEC= 0 MEM(MB)= 69 IO=5198
09:23:03 MAP02     LZ390 START USING z390 V1.5.06x1 ON J2SE 1.7.0 02/17/12
09:23:03 MAP02     LZ390 ENDED   RC= 0 SEC= 0 MEM(MB)=  8 IO=52
21:10:36 MAP02     MZ390 START USING z390 V1.5.06x1 ON J2SE 1.7.0 02/18/12
21:10:37 MAP02     MZ390 ENDED   RC= 0 SEC= 0 MEM(MB)= 42 IO=5003
21:10:37 MAP02     MZ390 START USING z390 V1.5.06x1 ON J2SE 1.7.0 02/18/12
21:10:38 MAP02     MZ390 ENDED   RC= 0 SEC= 0 MEM(MB)= 69 IO=5198
21:10:38 MAP02     LZ390 START USING z390 V1.5.06x1 ON J2SE 1.7.0 02/18/12
21:10:38 MAP02     LZ390 ENDED   RC= 0 SEC= 0 MEM(MB)=  8 IO=52
17:54:05 MAP02     MZ390 START USING z390 V1.5.06x1 ON J2SE 1.7.0 02/19/12
17:54:06 MAP02     MZ390 ENDED   RC= 0 SEC= 0 MEM(MB)= 42 IO=5003
17:54:06 MAP02     MZ390 START USING z390 V1.5.06x1 ON J2SE 1.7.0 02/19/12
17:54:06 MAP02     MZ390 ENDED   RC= 0 SEC= 0 MEM(MB)= 69 IO=5198
17:54:07 MAP02     LZ390 START USING z390 V1.5.06x1 ON J2SE 1.7.0 02/19/12
17:54:07 MAP02     LZ390 ENDED   RC= 0 SEC= 0 MEM(MB)=  8 IO=52
20:23:36 MAP02     MZ390 START USING z390 V1.5.06x1 ON J2SE 1.7.0 02/21/12
20:23:36 MAP02     MZ390 ENDED   RC= 0 SEC= 0 MEM(MB)= 42 IO=5003
20:23:36 MAP02     MZ390 START USING z390 V1.5.06x1 ON J2SE 1.7.0 02/21/12
20:23:37 MAP02     MZ390 ENDED   RC= 0 SEC= 0 MEM(MB)= 69 IO=5198
20:23:37 MAP02     LZ390 START USING z390 V1.5.06x1 ON J2SE 1.7.0 02/21/12
20:23:37 MAP02     LZ390 ENDED   RC= 0 SEC= 0 MEM(MB)=  8 IO=52
08:49:51 MAP02     MZ390 START USING z390 V1.5.06x1 ON J2SE 1.7.0 02/23/12
08:49:51 MAP02     MZ390 ENDED   RC= 0 SEC= 0 MEM(MB)= 42 IO=5003
08:49:51 MAP02     MZ390 START USING z390 V1.5.06x1 ON J2SE 1.7.0 02/23/12
08:49:52 MAP02     MZ390 ENDED   RC= 0 SEC= 0 MEM(MB)= 69 IO=5198
08:49:52 MAP02     LZ390 START USING z390 V1.5.06x1 ON J2SE 1.7.0 02/23/12
08:49:52 MAP02     LZ390 ENDED   RC= 0 SEC= 0 MEM(MB)=  8 IO=52
12:45:39 MAP02     MZ390 START USING z390 V1.5.06x1 ON J2SE 1.7.0 03/04/12
12:45:40 MAP02     MZ390 ENDED   RC= 0 SEC= 0 MEM(MB)= 42 IO=5003
12:45:40 MAP02     MZ390 START USING z390 V1.5.06x1 ON J2SE 1.7.0 03/04/12
12:45:41 MAP02     MZ390 ENDED   RC= 0 SEC= 0 MEM(MB)= 69 IO=5198
12:45:41 MAP02     LZ390 START USING z390 V1.5.06x1 ON J2SE 1.7.0 03/04/12
12:45:41 MAP02     LZ390 ENDED   RC= 0 SEC= 0 MEM(MB)=  8 IO=52
11:14:07 MAP02     MZ390 START USING z390 V1.5.06x1 ON J2SE 1.7.0 03/06/12
11:14:07 MAP02     MZ390 ENDED   RC= 0 SEC= 0 MEM(MB)= 42 IO=5003
11:14:07 MAP02     MZ390 START USING z390 V1.5.06x1 ON J2SE 1.7.0 03/06/12
11:14:08 MAP02     MZ390 ENDED   RC= 0 SEC= 0 MEM(MB)= 69 IO=5198
11:14:08 MAP02     LZ390 START USING z390 V1.5.06x1 ON J2SE 1.7.0 03/06/12
11:14:08 MAP02     LZ390 ENDED   RC= 0 SEC= 0 MEM(MB)=  8 IO=52
12:09:32 MAP02     MZ390 START USING z390 V1.5.06x1 ON J2SE 1.7.0 03/07/12
12:09:32 MAP02     MZ390 ENDED   RC= 0 SEC= 0 MEM(MB)= 42 IO=5003
12:09:32 MAP02     MZ390 START USING z390 V1.5.06x1 ON J2SE 1.7.0 03/07/12
12:09:33 MAP02     MZ390 ENDED   RC= 0 SEC= 0 MEM(MB)= 69 IO=5198
12:09:33 MAP02     LZ390 START USING z390 V1.5.06x1 ON J2SE 1.7.0 03/07/12
12:09:33 MAP02     LZ390 ENDED   RC= 0 SEC= 0 MEM(MB)=  8 IO=52
17:38:14 MAP02     MZ390 START USING z390 V1.5.06x3 ON J2SE 1.7.0 03/08/12
17:38:15 MAP02     MZ390 ENDED   RC= 0 SEC= 0 MEM(MB)= 42 IO=5003
17:38:15 MAP02     MZ390 START USING z390 V1.5.06x3 ON J2SE 1.7.0 03/08/12
17:38:16 MAP02     MZ390 ENDED   RC= 0 SEC= 0 MEM(MB)= 69 IO=5198
17:38:16 MAP02     LZ390 START USING z390 V1.5.06x3 ON J2SE 1.7.0 03/08/12
17:38:16 MAP02     LZ390 ENDED   RC= 0 SEC= 0 MEM(MB)=  8 IO=84
21:10:52 MAP02     MZ390 START USING z390 V1.5.06x3 ON J2SE 1.7.0 03/11/12
21:10:52 MAP02     MZ390 ENDED   RC= 0 SEC= 0 MEM(MB)= 42 IO=5003
21:10:53 MAP02     MZ390 START USING z390 V1.5.06x3 ON J2SE 1.7.0 03/11/12
21:10:53 MAP02     MZ390 ENDED   RC= 0 SEC= 0 MEM(MB)= 69 IO=5198
21:10:53 MAP02     LZ390 START USING z390 V1.5.06x3 ON J2SE 1.7.0 03/11/12
21:10:54 MAP02     LZ390 ENDED   RC= 0 SEC= 0 MEM(MB)=  8 IO=84
10:46:21 MAP02     MZ390 START USING z390 V1.5.06x3 ON J2SE 1.7.0 03/22/12
10:46:22 MAP02     MZ390 ENDED   RC= 0 SEC= 0 MEM(MB)= 42 IO=5003
10:46:22 MAP02     MZ390 START USING z390 V1.5.06x3 ON J2SE 1.7.0 03/22/12
10:46:23 MAP02     MZ390 ENDED   RC= 0 SEC= 0 MEM(MB)= 69 IO=5198
10:46:23 MAP02     LZ390 START USING z390 V1.5.06x3 ON J2SE 1.7.0 03/22/12
10:46:23 MAP02     LZ390 ENDED   RC= 0 SEC= 0 MEM(MB)=  8 IO=84
22:49:48 MAP02     MZ390 START USING z390 V1.5.06x3 ON J2SE 1.7.0 03/22/12
22:49:48 MAP02     MZ390 ENDED   RC= 0 SEC= 0 MEM(MB)= 42 IO=5003
22:49:49 MAP02     MZ390 START USING z390 V1.5.06x3 ON J2SE 1.7.0 03/22/12
22:49:49 MAP02     MZ390 ENDED   RC= 0 SEC= 0 MEM(MB)= 69 IO=5198
22:49:50 MAP02     LZ390 START USING z390 V1.5.06x3 ON J2SE 1.7.0 03/22/12
22:49:50 MAP02     LZ390 ENDED   RC= 0 SEC= 0 MEM(MB)=  8 IO=84
21:59:38 MAP02     MZ390 START USING z390 V1.5.06x3 ON J2SE 1.7.0 03/23/12
21:59:39 MAP02     MZ390 ENDED   RC= 0 SEC= 0 MEM(MB)= 42 IO=5003
21:59:39 MAP02     MZ390 START USING z390 V1.5.06x3 ON J2SE 1.7.0 03/23/12
21:59:39 MAP02     MZ390 ENDED   RC= 0 SEC= 0 MEM(MB)= 69 IO=5198
21:59:40 MAP02     LZ390 START USING z390 V1.5.06x3 ON J2SE 1.7.0 03/23/12
21:59:40 MAP02     LZ390 ENDED   RC= 0 SEC= 0 MEM(MB)=  8 IO=84
08:01:08 MAP02     MZ390 START USING z390 V1.5.06x3 ON J2SE 1.7.0 03/25/12
08:01:09 MAP02     MZ390 ENDED   RC= 0 SEC= 0 MEM(MB)= 42 IO=5003
08:01:09 MAP02     MZ390 START USING z390 V1.5.06x3 ON J2SE 1.7.0 03/25/12
08:01:10 MAP02     MZ390 ENDED   RC= 0 SEC= 0 MEM(MB)= 69 IO=5198
08:01:10 MAP02     LZ390 START USING z390 V1.5.06x3 ON J2SE 1.7.0 03/25/12
08:01:10 MAP02     LZ390 ENDED   RC= 0 SEC= 0 MEM(MB)=  8 IO=84
19:15:25 MAP02     MZ390 START USING z390 V1.5.06x3 ON J2SE 1.7.0 03/28/12
19:15:25 MAP02     MZ390 ENDED   RC= 0 SEC= 0 MEM(MB)= 42 IO=5003
19:15:26 MAP02     MZ390 START USING z390 V1.5.06x3 ON J2SE 1.7.0 03/28/12
19:15:26 MAP02     MZ390 ENDED   RC= 0 SEC= 0 MEM(MB)= 69 IO=5198
19:15:27 MAP02     LZ390 START USING z390 V1.5.06x3 ON J2SE 1.7.0 03/28/12
19:15:27 MAP02     LZ390 ENDED   RC= 0 SEC= 0 MEM(MB)=  8 IO=84
10:27:12 MAP02     MZ390 START USING z390 V1.5.06x3 ON J2SE 1.7.0 03/29/12
10:27:13 MAP02     MZ390 ENDED   RC= 0 SEC= 0 MEM(MB)= 42 IO=5003
10:27:13 MAP02     MZ390 START USING z390 V1.5.06x3 ON J2SE 1.7.0 03/29/12
10:27:14 MAP02     MZ390 ENDED   RC= 0 SEC= 0 MEM(MB)= 69 IO=5198
10:27:14 MAP02     LZ390 START USING z390 V1.5.06x3 ON J2SE 1.7.0 03/29/12
10:27:14 MAP02     LZ390 ENDED   RC= 0 SEC= 0 MEM(MB)=  8 IO=84
09:06:39 MAP02     MZ390 START USING z390 V1.5.06rc4 ON J2SE 1.7.0 05/16/12
09:06:39 MAP02     MZ390 ENDED   RC= 0 SEC= 0 MEM(MB)= 42 IO=5003
09:06:39 MAP02     MZ390 START USING z390 V1.5.06rc4 ON J2SE 1.7.0 05/16/12
09:06:40 MAP02     MZ390 ENDED   RC= 0 SEC= 0 MEM(MB)= 69 IO=5198
09:06:40 MAP02     LZ390 START USING z390 V1.5.06rc4 ON J2SE 1.7.0 05/16/12
09:06:40 MAP02     LZ390 ENDED   RC= 0 SEC= 0 MEM(MB)=  8 IO=84
09:54:54 MAP02     MZ390 START USING z390 V1.5.06rc4 ON J2SE 1.7.0 05/18/12
09:54:54 MAP02     MZ390 ENDED   RC= 0 SEC= 0 MEM(MB)= 42 IO=5003
09:54:54 MAP02     MZ390 START USING z390 V1.5.06rc4 ON J2SE 1.7.0 05/18/12
09:54:55 MAP02     MZ390 ENDED   RC= 0 SEC= 0 MEM(MB)= 69 IO=5198
09:54:55 MAP02     LZ390 START USING z390 V1.5.06rc4 ON J2SE 1.7.0 05/18/12
09:54:55 MAP02     LZ390 ENDED   RC= 0 SEC= 0 MEM(MB)=  8 IO=84
13:40:46 MAP02     MZ390 START USING z390 V1.5.06 ON J2SE 1.6.0_31 05/21/12
13:40:47 MAP02     MZ390 ENDED   RC= 0 SEC= 0 MEM(MB)= 42 IO=5003
13:40:47 MAP02     MZ390 START USING z390 V1.5.06 ON J2SE 1.6.0_31 05/21/12
13:40:48 MAP02     MZ390 ENDED   RC= 0 SEC= 0 MEM(MB)= 69 IO=5198
13:40:48 MAP02     LZ390 START USING z390 V1.5.06 ON J2SE 1.6.0_31 05/21/12
13:40:48 MAP02     LZ390 ENDED   RC= 0 SEC= 0 MEM(MB)=  7 IO=84
