11:39:05 MAPCEMT   MZ390 START USING z390 V1.5.05bx3 ON J2SE 1.7.0 02/15/12
11:39:07 MAPCEMT   MZ390 ENDED   RC= 0 SEC= 2 MEM(MB)= 70 IO=10355
11:39:08 MAPCEMT   MZ390 START USING z390 V1.5.05bx3 ON J2SE 1.7.0 02/15/12
11:39:10 MAPCEMT   MZ390 ENDED   RC= 0 SEC= 2 MEM(MB)= 71 IO=9627
11:39:10 MAPCEMT   LZ390 START USING z390 V1.5.05bx3 ON J2SE 1.7.0 02/15/12
11:39:10 MAPCEMT   LZ390 ENDED   RC= 0 SEC= 0 MEM(MB)= 12 IO=487
09:23:07 MAPCEMT   MZ390 START USING z390 V1.5.06x1 ON J2SE 1.7.0 02/17/12
09:23:10 MAPCEMT   MZ390 ENDED   RC= 0 SEC= 2 MEM(MB)= 70 IO=10355
09:23:10 MAPCEMT   MZ390 START USING z390 V1.5.06x1 ON J2SE 1.7.0 02/17/12
09:23:12 MAPCEMT   MZ390 ENDED   RC= 0 SEC= 2 MEM(MB)= 71 IO=9627
09:23:13 MAPCEMT   LZ390 START USING z390 V1.5.06x1 ON J2SE 1.7.0 02/17/12
09:23:13 MAPCEMT   LZ390 ENDED   RC= 0 SEC= 0 MEM(MB)= 12 IO=487
21:10:42 MAPCEMT   MZ390 START USING z390 V1.5.06x1 ON J2SE 1.7.0 02/18/12
21:10:45 MAPCEMT   MZ390 ENDED   RC= 0 SEC= 2 MEM(MB)= 70 IO=10355
21:10:45 MAPCEMT   MZ390 START USING z390 V1.5.06x1 ON J2SE 1.7.0 02/18/12
21:10:47 MAPCEMT   MZ390 ENDED   RC= 0 SEC= 2 MEM(MB)= 71 IO=9627
21:10:47 MAPCEMT   LZ390 START USING z390 V1.5.06x1 ON J2SE 1.7.0 02/18/12
21:10:47 MAPCEMT   LZ390 ENDED   RC= 0 SEC= 0 MEM(MB)= 12 IO=487
17:54:12 MAPCEMT   MZ390 START USING z390 V1.5.06x1 ON J2SE 1.7.0 02/19/12
17:54:14 MAPCEMT   MZ390 ENDED   RC= 0 SEC= 2 MEM(MB)= 70 IO=10355
17:54:15 MAPCEMT   MZ390 START USING z390 V1.5.06x1 ON J2SE 1.7.0 02/19/12
17:54:17 MAPCEMT   MZ390 ENDED   RC= 0 SEC= 2 MEM(MB)= 71 IO=9627
17:54:17 MAPCEMT   LZ390 START USING z390 V1.5.06x1 ON J2SE 1.7.0 02/19/12
17:54:18 MAPCEMT   LZ390 ENDED   RC= 0 SEC= 0 MEM(MB)= 11 IO=487
20:23:41 MAPCEMT   MZ390 START USING z390 V1.5.06x1 ON J2SE 1.7.0 02/21/12
20:23:43 MAPCEMT   MZ390 ENDED   RC= 0 SEC= 2 MEM(MB)= 70 IO=10355
20:23:44 MAPCEMT   MZ390 START USING z390 V1.5.06x1 ON J2SE 1.7.0 02/21/12
20:23:46 MAPCEMT   MZ390 ENDED   RC= 0 SEC= 1 MEM(MB)= 71 IO=9627
20:23:46 MAPCEMT   LZ390 START USING z390 V1.5.06x1 ON J2SE 1.7.0 02/21/12
20:23:46 MAPCEMT   LZ390 ENDED   RC= 0 SEC= 0 MEM(MB)= 11 IO=487
08:49:57 MAPCEMT   MZ390 START USING z390 V1.5.06x1 ON J2SE 1.7.0 02/23/12
08:50:00 MAPCEMT   MZ390 ENDED   RC= 0 SEC= 2 MEM(MB)= 70 IO=10355
08:50:00 MAPCEMT   MZ390 START USING z390 V1.5.06x1 ON J2SE 1.7.0 02/23/12
08:50:03 MAPCEMT   MZ390 ENDED   RC= 0 SEC= 2 MEM(MB)= 71 IO=9627
08:50:03 MAPCEMT   LZ390 START USING z390 V1.5.06x1 ON J2SE 1.7.0 02/23/12
08:50:03 MAPCEMT   LZ390 ENDED   RC= 0 SEC= 0 MEM(MB)= 11 IO=487
12:45:46 MAPCEMT   MZ390 START USING z390 V1.5.06x1 ON J2SE 1.7.0 03/04/12
12:45:49 MAPCEMT   MZ390 ENDED   RC= 0 SEC= 2 MEM(MB)= 70 IO=10355
12:45:49 MAPCEMT   MZ390 START USING z390 V1.5.06x1 ON J2SE 1.7.0 03/04/12
12:45:51 MAPCEMT   MZ390 ENDED   RC= 0 SEC= 2 MEM(MB)= 71 IO=9627
12:45:52 MAPCEMT   LZ390 START USING z390 V1.5.06x1 ON J2SE 1.7.0 03/04/12
12:45:52 MAPCEMT   LZ390 ENDED   RC= 0 SEC= 0 MEM(MB)= 11 IO=487
11:14:13 MAPCEMT   MZ390 START USING z390 V1.5.06x1 ON J2SE 1.7.0 03/06/12
11:14:16 MAPCEMT   MZ390 ENDED   RC= 0 SEC= 2 MEM(MB)= 70 IO=10355
11:14:16 MAPCEMT   MZ390 START USING z390 V1.5.06x1 ON J2SE 1.7.0 03/06/12
11:14:19 MAPCEMT   MZ390 ENDED   RC= 0 SEC= 2 MEM(MB)= 71 IO=9627
11:14:19 MAPCEMT   LZ390 START USING z390 V1.5.06x1 ON J2SE 1.7.0 03/06/12
11:14:19 MAPCEMT   LZ390 ENDED   RC= 0 SEC= 0 MEM(MB)= 11 IO=487
12:09:38 MAPCEMT   MZ390 START USING z390 V1.5.06x1 ON J2SE 1.7.0 03/07/12
12:09:41 MAPCEMT   MZ390 ENDED   RC= 0 SEC= 2 MEM(MB)= 70 IO=10355
12:09:41 MAPCEMT   MZ390 START USING z390 V1.5.06x1 ON J2SE 1.7.0 03/07/12
12:09:44 MAPCEMT   MZ390 ENDED   RC= 0 SEC= 2 MEM(MB)= 71 IO=9627
12:09:44 MAPCEMT   LZ390 START USING z390 V1.5.06x1 ON J2SE 1.7.0 03/07/12
12:09:44 MAPCEMT   LZ390 ENDED   RC= 0 SEC= 0 MEM(MB)= 11 IO=487
17:38:20 MAPCEMT   MZ390 START USING z390 V1.5.06x3 ON J2SE 1.7.0 03/08/12
17:38:23 MAPCEMT   MZ390 ENDED   RC= 0 SEC= 2 MEM(MB)= 70 IO=10355
17:38:23 MAPCEMT   MZ390 START USING z390 V1.5.06x3 ON J2SE 1.7.0 03/08/12
17:38:26 MAPCEMT   MZ390 ENDED   RC= 0 SEC= 2 MEM(MB)= 71 IO=9627
17:38:26 MAPCEMT   LZ390 START USING z390 V1.5.06x3 ON J2SE 1.7.0 03/08/12
17:38:26 MAPCEMT   LZ390 ENDED   RC= 0 SEC= 0 MEM(MB)= 17 IO=954
21:10:58 MAPCEMT   MZ390 START USING z390 V1.5.06x3 ON J2SE 1.7.0 03/11/12
21:11:01 MAPCEMT   MZ390 ENDED   RC= 0 SEC= 2 MEM(MB)= 70 IO=10355
21:11:01 MAPCEMT   MZ390 START USING z390 V1.5.06x3 ON J2SE 1.7.0 03/11/12
21:11:03 MAPCEMT   MZ390 ENDED   RC= 0 SEC= 2 MEM(MB)= 72 IO=9627
21:11:03 MAPCEMT   LZ390 START USING z390 V1.5.06x3 ON J2SE 1.7.0 03/11/12
21:11:04 MAPCEMT   LZ390 ENDED   RC= 0 SEC= 0 MEM(MB)= 17 IO=954
10:46:27 MAPCEMT   MZ390 START USING z390 V1.5.06x3 ON J2SE 1.7.0 03/22/12
10:46:30 MAPCEMT   MZ390 ENDED   RC= 0 SEC= 2 MEM(MB)= 70 IO=10355
10:46:30 MAPCEMT   MZ390 START USING z390 V1.5.06x3 ON J2SE 1.7.0 03/22/12
10:46:33 MAPCEMT   MZ390 ENDED   RC= 0 SEC= 2 MEM(MB)= 71 IO=9627
10:46:33 MAPCEMT   LZ390 START USING z390 V1.5.06x3 ON J2SE 1.7.0 03/22/12
10:46:33 MAPCEMT   LZ390 ENDED   RC= 0 SEC= 0 MEM(MB)= 17 IO=954
22:49:54 MAPCEMT   MZ390 START USING z390 V1.5.06x3 ON J2SE 1.7.0 03/22/12
22:49:57 MAPCEMT   MZ390 ENDED   RC= 0 SEC= 2 MEM(MB)= 70 IO=10355
22:49:57 MAPCEMT   MZ390 START USING z390 V1.5.06x3 ON J2SE 1.7.0 03/22/12
22:50:00 MAPCEMT   MZ390 ENDED   RC= 0 SEC= 2 MEM(MB)= 71 IO=9627
22:50:00 MAPCEMT   LZ390 START USING z390 V1.5.06x3 ON J2SE 1.7.0 03/22/12
22:50:00 MAPCEMT   LZ390 ENDED   RC= 0 SEC= 0 MEM(MB)= 17 IO=954
21:59:43 MAPCEMT   MZ390 START USING z390 V1.5.06x3 ON J2SE 1.7.0 03/23/12
21:59:45 MAPCEMT   MZ390 ENDED   RC= 0 SEC= 2 MEM(MB)= 70 IO=10355
21:59:46 MAPCEMT   MZ390 START USING z390 V1.5.06x3 ON J2SE 1.7.0 03/23/12
21:59:48 MAPCEMT   MZ390 ENDED   RC= 0 SEC= 1 MEM(MB)= 71 IO=9627
21:59:48 MAPCEMT   LZ390 START USING z390 V1.5.06x3 ON J2SE 1.7.0 03/23/12
21:59:48 MAPCEMT   LZ390 ENDED   RC= 0 SEC= 0 MEM(MB)= 17 IO=954
08:01:15 MAPCEMT   MZ390 START USING z390 V1.5.06x3 ON J2SE 1.7.0 03/25/12
08:01:18 MAPCEMT   MZ390 ENDED   RC= 0 SEC= 2 MEM(MB)= 70 IO=10355
08:01:18 MAPCEMT   MZ390 START USING z390 V1.5.06x3 ON J2SE 1.7.0 03/25/12
08:01:20 MAPCEMT   MZ390 ENDED   RC= 0 SEC= 2 MEM(MB)= 71 IO=9627
08:01:21 MAPCEMT   LZ390 START USING z390 V1.5.06x3 ON J2SE 1.7.0 03/25/12
08:01:21 MAPCEMT   LZ390 ENDED   RC= 0 SEC= 0 MEM(MB)= 15 IO=954
19:15:31 MAPCEMT   MZ390 START USING z390 V1.5.06x3 ON J2SE 1.7.0 03/28/12
19:15:34 MAPCEMT   MZ390 ENDED   RC= 0 SEC= 2 MEM(MB)= 70 IO=10355
19:15:35 MAPCEMT   MZ390 START USING z390 V1.5.06x3 ON J2SE 1.7.0 03/28/12
19:15:37 MAPCEMT   MZ390 ENDED   RC= 0 SEC= 2 MEM(MB)= 71 IO=9627
19:15:38 MAPCEMT   LZ390 START USING z390 V1.5.06x3 ON J2SE 1.7.0 03/28/12
19:15:38 MAPCEMT   LZ390 ENDED   RC= 0 SEC= 0 MEM(MB)= 15 IO=954
10:27:18 MAPCEMT   MZ390 START USING z390 V1.5.06x3 ON J2SE 1.7.0 03/29/12
10:27:21 MAPCEMT   MZ390 ENDED   RC= 0 SEC= 2 MEM(MB)= 70 IO=10355
10:27:21 MAPCEMT   MZ390 START USING z390 V1.5.06x3 ON J2SE 1.7.0 03/29/12
10:27:24 MAPCEMT   MZ390 ENDED   RC= 0 SEC= 2 MEM(MB)= 71 IO=9627
10:27:24 MAPCEMT   LZ390 START USING z390 V1.5.06x3 ON J2SE 1.7.0 03/29/12
10:27:24 MAPCEMT   LZ390 ENDED   RC= 0 SEC= 0 MEM(MB)= 15 IO=954
09:06:45 MAPCEMT   MZ390 START USING z390 V1.5.06rc4 ON J2SE 1.7.0 05/16/12
09:06:48 MAPCEMT   MZ390 ENDED   RC= 0 SEC= 3 MEM(MB)= 70 IO=10355
09:06:48 MAPCEMT   MZ390 START USING z390 V1.5.06rc4 ON J2SE 1.7.0 05/16/12
09:06:51 MAPCEMT   MZ390 ENDED   RC= 0 SEC= 2 MEM(MB)= 71 IO=9627
09:06:51 MAPCEMT   LZ390 START USING z390 V1.5.06rc4 ON J2SE 1.7.0 05/16/12
09:06:51 MAPCEMT   LZ390 ENDED   RC= 0 SEC= 0 MEM(MB)= 17 IO=954
09:54:59 MAPCEMT   MZ390 START USING z390 V1.5.06rc4 ON J2SE 1.7.0 05/18/12
09:55:02 MAPCEMT   MZ390 ENDED   RC= 0 SEC= 2 MEM(MB)= 70 IO=10355
09:55:02 MAPCEMT   MZ390 START USING z390 V1.5.06rc4 ON J2SE 1.7.0 05/18/12
09:55:05 MAPCEMT   MZ390 ENDED   RC= 0 SEC= 2 MEM(MB)= 71 IO=9627
09:55:05 MAPCEMT   LZ390 START USING z390 V1.5.06rc4 ON J2SE 1.7.0 05/18/12
09:55:05 MAPCEMT   LZ390 ENDED   RC= 0 SEC= 0 MEM(MB)= 17 IO=954
13:40:52 MAPCEMT   MZ390 START USING z390 V1.5.06 ON J2SE 1.6.0_31 05/21/12
13:40:55 MAPCEMT   MZ390 ENDED   RC= 0 SEC= 2 MEM(MB)= 70 IO=10355
13:40:55 MAPCEMT   MZ390 START USING z390 V1.5.06 ON J2SE 1.6.0_31 05/21/12
13:40:57 MAPCEMT   MZ390 ENDED   RC= 0 SEC= 2 MEM(MB)= 71 IO=9627
13:40:57 MAPCEMT   LZ390 START USING z390 V1.5.06 ON J2SE 1.6.0_31 05/21/12
13:40:58 MAPCEMT   LZ390 ENDED   RC= 0 SEC= 0 MEM(MB)= 17 IO=954
