11:39:13 MAPEDF    MZ390 START USING z390 V1.5.05bx3 ON J2SE 1.7.0 02/15/12
11:39:29 MAPEDF    MZ390 ENDED   RC= 0 SEC=16 MEM(MB)= 81 IO=50309
11:39:29 MAPEDF    MZ390 START USING z390 V1.5.05bx3 ON J2SE 1.7.0 02/15/12
11:39:48 MAPEDF    MZ390 ENDED   RC= 0 SEC=18 MEM(MB)= 86 IO=58516
11:39:48 MAPEDF    LZ390 START USING z390 V1.5.05bx3 ON J2SE 1.7.0 02/15/12
11:39:48 MAPEDF    LZ390 ENDED   RC= 0 SEC= 0 MEM(MB)= 38 IO=5508
09:23:15 MAPEDF    MZ390 START USING z390 V1.5.06x1 ON J2SE 1.7.0 02/17/12
09:23:31 MAPEDF    MZ390 ENDED   RC= 0 SEC=16 MEM(MB)= 81 IO=50309
09:23:31 MAPEDF    MZ390 START USING z390 V1.5.06x1 ON J2SE 1.7.0 02/17/12
09:23:50 MAPEDF    MZ390 ENDED   RC= 0 SEC=18 MEM(MB)= 86 IO=58516
09:23:50 MAPEDF    LZ390 START USING z390 V1.5.06x1 ON J2SE 1.7.0 02/17/12
09:23:50 MAPEDF    LZ390 ENDED   RC= 0 SEC= 0 MEM(MB)= 38 IO=5508
21:10:50 MAPEDF    MZ390 START USING z390 V1.5.06x1 ON J2SE 1.7.0 02/18/12
21:11:05 MAPEDF    MZ390 ENDED   RC= 0 SEC=15 MEM(MB)= 81 IO=50309
21:11:05 MAPEDF    MZ390 START USING z390 V1.5.06x1 ON J2SE 1.7.0 02/18/12
21:11:23 MAPEDF    MZ390 ENDED   RC= 0 SEC=18 MEM(MB)= 86 IO=58516
21:11:23 MAPEDF    LZ390 START USING z390 V1.5.06x1 ON J2SE 1.7.0 02/18/12
21:11:24 MAPEDF    LZ390 ENDED   RC= 0 SEC= 0 MEM(MB)= 38 IO=5508
17:54:20 MAPEDF    MZ390 START USING z390 V1.5.06x1 ON J2SE 1.7.0 02/19/12
17:54:38 MAPEDF    MZ390 ENDED   RC= 0 SEC=17 MEM(MB)= 81 IO=50309
17:54:38 MAPEDF    MZ390 START USING z390 V1.5.06x1 ON J2SE 1.7.0 02/19/12
17:54:57 MAPEDF    MZ390 ENDED   RC= 0 SEC=19 MEM(MB)= 86 IO=58516
17:54:57 MAPEDF    LZ390 START USING z390 V1.5.06x1 ON J2SE 1.7.0 02/19/12
17:54:57 MAPEDF    LZ390 ENDED   RC= 0 SEC= 0 MEM(MB)= 38 IO=5508
20:23:48 MAPEDF    MZ390 START USING z390 V1.5.06x1 ON J2SE 1.7.0 02/21/12
20:23:59 MAPEDF    MZ390 ENDED   RC= 0 SEC=10 MEM(MB)= 81 IO=50309
20:23:59 MAPEDF    MZ390 START USING z390 V1.5.06x1 ON J2SE 1.7.0 02/21/12
20:24:12 MAPEDF    MZ390 ENDED   RC= 0 SEC=12 MEM(MB)= 86 IO=58516
20:24:12 MAPEDF    LZ390 START USING z390 V1.5.06x1 ON J2SE 1.7.0 02/21/12
20:24:12 MAPEDF    LZ390 ENDED   RC= 0 SEC= 0 MEM(MB)= 38 IO=5508
08:50:06 MAPEDF    MZ390 START USING z390 V1.5.06x1 ON J2SE 1.7.0 02/23/12
08:50:24 MAPEDF    MZ390 ENDED   RC= 0 SEC=17 MEM(MB)= 81 IO=50309
08:50:24 MAPEDF    MZ390 START USING z390 V1.5.06x1 ON J2SE 1.7.0 02/23/12
08:50:43 MAPEDF    MZ390 ENDED   RC= 0 SEC=19 MEM(MB)= 86 IO=58516
08:50:43 MAPEDF    LZ390 START USING z390 V1.5.06x1 ON J2SE 1.7.0 02/23/12
08:50:43 MAPEDF    LZ390 ENDED   RC= 0 SEC= 0 MEM(MB)= 38 IO=5508
12:45:55 MAPEDF    MZ390 START USING z390 V1.5.06x1 ON J2SE 1.7.0 03/04/12
12:46:11 MAPEDF    MZ390 ENDED   RC= 0 SEC=16 MEM(MB)= 81 IO=50309
12:46:11 MAPEDF    MZ390 START USING z390 V1.5.06x1 ON J2SE 1.7.0 03/04/12
12:46:29 MAPEDF    MZ390 ENDED   RC= 0 SEC=18 MEM(MB)= 86 IO=58516
12:46:30 MAPEDF    LZ390 START USING z390 V1.5.06x1 ON J2SE 1.7.0 03/04/12
12:46:30 MAPEDF    LZ390 ENDED   RC= 0 SEC= 0 MEM(MB)= 38 IO=5508
11:14:22 MAPEDF    MZ390 START USING z390 V1.5.06x1 ON J2SE 1.7.0 03/06/12
11:14:39 MAPEDF    MZ390 ENDED   RC= 0 SEC=17 MEM(MB)= 81 IO=50309
11:14:40 MAPEDF    MZ390 START USING z390 V1.5.06x1 ON J2SE 1.7.0 03/06/12
11:14:59 MAPEDF    MZ390 ENDED   RC= 0 SEC=19 MEM(MB)= 86 IO=58516
11:14:59 MAPEDF    LZ390 START USING z390 V1.5.06x1 ON J2SE 1.7.0 03/06/12
11:14:59 MAPEDF    LZ390 ENDED   RC= 0 SEC= 0 MEM(MB)= 38 IO=5508
12:09:46 MAPEDF    MZ390 START USING z390 V1.5.06x1 ON J2SE 1.7.0 03/07/12
12:10:04 MAPEDF    MZ390 ENDED   RC= 0 SEC=17 MEM(MB)= 81 IO=50309
12:10:04 MAPEDF    MZ390 START USING z390 V1.5.06x1 ON J2SE 1.7.0 03/07/12
12:10:23 MAPEDF    MZ390 ENDED   RC= 0 SEC=18 MEM(MB)= 86 IO=58516
12:10:23 MAPEDF    LZ390 START USING z390 V1.5.06x1 ON J2SE 1.7.0 03/07/12
12:10:24 MAPEDF    LZ390 ENDED   RC= 0 SEC= 0 MEM(MB)= 38 IO=5508
17:38:29 MAPEDF    MZ390 START USING z390 V1.5.06x3 ON J2SE 1.7.0 03/08/12
17:38:47 MAPEDF    MZ390 ENDED   RC= 0 SEC=17 MEM(MB)= 81 IO=50309
17:38:47 MAPEDF    MZ390 START USING z390 V1.5.06x3 ON J2SE 1.7.0 03/08/12
17:39:07 MAPEDF    MZ390 ENDED   RC= 0 SEC=20 MEM(MB)= 86 IO=58516
17:39:07 MAPEDF    LZ390 START USING z390 V1.5.06x3 ON J2SE 1.7.0 03/08/12
17:39:07 MAPEDF    LZ390 ENDED   RC= 0 SEC= 0 MEM(MB)= 63 IO=10996
21:11:06 MAPEDF    MZ390 START USING z390 V1.5.06x3 ON J2SE 1.7.0 03/11/12
21:11:23 MAPEDF    MZ390 ENDED   RC= 0 SEC=16 MEM(MB)= 81 IO=50309
21:11:23 MAPEDF    MZ390 START USING z390 V1.5.06x3 ON J2SE 1.7.0 03/11/12
21:11:41 MAPEDF    MZ390 ENDED   RC= 0 SEC=18 MEM(MB)= 86 IO=58516
21:11:41 MAPEDF    LZ390 START USING z390 V1.5.06x3 ON J2SE 1.7.0 03/11/12
21:11:42 MAPEDF    LZ390 ENDED   RC= 0 SEC= 0 MEM(MB)= 63 IO=10996
10:46:35 MAPEDF    MZ390 START USING z390 V1.5.06x3 ON J2SE 1.7.0 03/22/12
10:46:53 MAPEDF    MZ390 ENDED   RC= 0 SEC=17 MEM(MB)= 81 IO=50309
10:46:53 MAPEDF    MZ390 START USING z390 V1.5.06x3 ON J2SE 1.7.0 03/22/12
10:47:12 MAPEDF    MZ390 ENDED   RC= 0 SEC=19 MEM(MB)= 86 IO=58516
10:47:13 MAPEDF    LZ390 START USING z390 V1.5.06x3 ON J2SE 1.7.0 03/22/12
10:47:13 MAPEDF    LZ390 ENDED   RC= 0 SEC= 0 MEM(MB)= 63 IO=10996
22:50:03 MAPEDF    MZ390 START USING z390 V1.5.06x3 ON J2SE 1.7.0 03/22/12
22:50:20 MAPEDF    MZ390 ENDED   RC= 0 SEC=17 MEM(MB)= 81 IO=50309
22:50:20 MAPEDF    MZ390 START USING z390 V1.5.06x3 ON J2SE 1.7.0 03/22/12
22:50:39 MAPEDF    MZ390 ENDED   RC= 0 SEC=19 MEM(MB)= 86 IO=58516
22:50:39 MAPEDF    LZ390 START USING z390 V1.5.06x3 ON J2SE 1.7.0 03/22/12
22:50:40 MAPEDF    LZ390 ENDED   RC= 0 SEC= 0 MEM(MB)= 63 IO=10996
21:59:50 MAPEDF    MZ390 START USING z390 V1.5.06x3 ON J2SE 1.7.0 03/23/12
22:00:01 MAPEDF    MZ390 ENDED   RC= 0 SEC=10 MEM(MB)= 81 IO=50309
22:00:01 MAPEDF    MZ390 START USING z390 V1.5.06x3 ON J2SE 1.7.0 03/23/12
22:00:14 MAPEDF    MZ390 ENDED   RC= 0 SEC=12 MEM(MB)= 86 IO=58516
22:00:14 MAPEDF    LZ390 START USING z390 V1.5.06x3 ON J2SE 1.7.0 03/23/12
22:00:14 MAPEDF    LZ390 ENDED   RC= 0 SEC= 0 MEM(MB)= 38 IO=10996
08:01:23 MAPEDF    MZ390 START USING z390 V1.5.06x3 ON J2SE 1.7.0 03/25/12
08:01:41 MAPEDF    MZ390 ENDED   RC= 0 SEC=17 MEM(MB)= 81 IO=50309
08:01:41 MAPEDF    MZ390 START USING z390 V1.5.06x3 ON J2SE 1.7.0 03/25/12
08:02:00 MAPEDF    MZ390 ENDED   RC= 0 SEC=19 MEM(MB)= 86 IO=58516
08:02:00 MAPEDF    LZ390 START USING z390 V1.5.06x3 ON J2SE 1.7.0 03/25/12
08:02:01 MAPEDF    LZ390 ENDED   RC= 0 SEC= 0 MEM(MB)= 38 IO=10996
19:15:40 MAPEDF    MZ390 START USING z390 V1.5.06x3 ON J2SE 1.7.0 03/28/12
19:15:58 MAPEDF    MZ390 ENDED   RC= 0 SEC=17 MEM(MB)= 81 IO=50309
19:15:58 MAPEDF    MZ390 START USING z390 V1.5.06x3 ON J2SE 1.7.0 03/28/12
19:16:18 MAPEDF    MZ390 ENDED   RC= 0 SEC=19 MEM(MB)= 86 IO=58516
19:16:18 MAPEDF    LZ390 START USING z390 V1.5.06x3 ON J2SE 1.7.0 03/28/12
19:16:18 MAPEDF    LZ390 ENDED   RC= 0 SEC= 0 MEM(MB)= 38 IO=10996
10:27:27 MAPEDF    MZ390 START USING z390 V1.5.06x3 ON J2SE 1.7.0 03/29/12
10:27:43 MAPEDF    MZ390 ENDED   RC= 0 SEC=16 MEM(MB)= 81 IO=50309
10:27:44 MAPEDF    MZ390 START USING z390 V1.5.06x3 ON J2SE 1.7.0 03/29/12
10:28:02 MAPEDF    MZ390 ENDED   RC= 0 SEC=18 MEM(MB)= 86 IO=58516
10:28:02 MAPEDF    LZ390 START USING z390 V1.5.06x3 ON J2SE 1.7.0 03/29/12
10:28:03 MAPEDF    LZ390 ENDED   RC= 0 SEC= 0 MEM(MB)= 38 IO=10996
09:06:53 MAPEDF    MZ390 START USING z390 V1.5.06rc4 ON J2SE 1.7.0 05/16/12
09:07:10 MAPEDF    MZ390 ENDED   RC= 0 SEC=17 MEM(MB)= 81 IO=50309
09:07:11 MAPEDF    MZ390 START USING z390 V1.5.06rc4 ON J2SE 1.7.0 05/16/12
09:07:30 MAPEDF    MZ390 ENDED   RC= 0 SEC=19 MEM(MB)= 86 IO=58516
09:07:30 MAPEDF    LZ390 START USING z390 V1.5.06rc4 ON J2SE 1.7.0 05/16/12
09:07:30 MAPEDF    LZ390 ENDED   RC= 0 SEC= 0 MEM(MB)= 63 IO=10996
09:55:07 MAPEDF    MZ390 START USING z390 V1.5.06rc4 ON J2SE 1.7.0 05/18/12
09:55:24 MAPEDF    MZ390 ENDED   RC= 0 SEC=16 MEM(MB)= 81 IO=50309
09:55:24 MAPEDF    MZ390 START USING z390 V1.5.06rc4 ON J2SE 1.7.0 05/18/12
09:55:43 MAPEDF    MZ390 ENDED   RC= 0 SEC=18 MEM(MB)= 86 IO=58516
09:55:43 MAPEDF    LZ390 START USING z390 V1.5.06rc4 ON J2SE 1.7.0 05/18/12
09:55:43 MAPEDF    LZ390 ENDED   RC= 0 SEC= 0 MEM(MB)= 63 IO=10996
13:41:00 MAPEDF    MZ390 START USING z390 V1.5.06 ON J2SE 1.6.0_31 05/21/12
13:41:17 MAPEDF    MZ390 ENDED   RC= 0 SEC=16 MEM(MB)= 81 IO=50309
13:41:17 MAPEDF    MZ390 START USING z390 V1.5.06 ON J2SE 1.6.0_31 05/21/12
13:41:36 MAPEDF    MZ390 ENDED   RC= 0 SEC=18 MEM(MB)= 86 IO=58516
13:41:36 MAPEDF    LZ390 START USING z390 V1.5.06 ON J2SE 1.6.0_31 05/21/12
13:41:36 MAPEDF    LZ390 ENDED   RC= 0 SEC= 0 MEM(MB)= 62 IO=10996
