11:38:54 MAPLOGO   MZ390 START USING z390 V1.5.05bx3 ON J2SE 1.7.0 02/15/12
11:38:55 MAPLOGO   MZ390 ENDED   RC= 0 SEC= 0 MEM(MB)= 69 IO=5242
11:38:55 MAPLOGO   LZ390 START USING z390 V1.5.05bx3 ON J2SE 1.7.0 02/15/12
11:38:55 MAPLOGO   LZ390 ENDED   RC= 0 SEC= 0 MEM(MB)=  8 IO=65
09:22:57 MAPLOGO   MZ390 START USING z390 V1.5.06x1 ON J2SE 1.7.0 02/17/12
09:22:57 MAPLOGO   MZ390 ENDED   RC= 0 SEC= 0 MEM(MB)= 69 IO=5242
09:22:58 MAPLOGO   LZ390 START USING z390 V1.5.06x1 ON J2SE 1.7.0 02/17/12
09:22:58 MAPLOGO   LZ390 ENDED   RC= 0 SEC= 0 MEM(MB)=  8 IO=65
21:10:31 MAPLOGO   MZ390 START USING z390 V1.5.06x1 ON J2SE 1.7.0 02/18/12
21:10:32 MAPLOGO   MZ390 ENDED   RC= 0 SEC= 0 MEM(MB)= 69 IO=5242
21:10:32 MAPLOGO   LZ390 START USING z390 V1.5.06x1 ON J2SE 1.7.0 02/18/12
21:10:32 MAPLOGO   LZ390 ENDED   RC= 0 SEC= 0 MEM(MB)=  8 IO=65
17:53:59 MAPLOGO   MZ390 START USING z390 V1.5.06x1 ON J2SE 1.7.0 02/19/12
17:54:00 MAPLOGO   MZ390 ENDED   RC= 0 SEC= 0 MEM(MB)= 69 IO=5242
17:54:00 MAPLOGO   LZ390 START USING z390 V1.5.06x1 ON J2SE 1.7.0 02/19/12
17:54:00 MAPLOGO   LZ390 ENDED   RC= 0 SEC= 0 MEM(MB)=  8 IO=65
20:23:30 MAPLOGO   MZ390 START USING z390 V1.5.06x1 ON J2SE 1.7.0 02/21/12
20:23:31 MAPLOGO   MZ390 ENDED   RC= 0 SEC= 0 MEM(MB)= 69 IO=5242
20:23:31 MAPLOGO   LZ390 START USING z390 V1.5.06x1 ON J2SE 1.7.0 02/21/12
20:23:31 MAPLOGO   LZ390 ENDED   RC= 0 SEC= 0 MEM(MB)=  8 IO=65
08:49:45 MAPLOGO   MZ390 START USING z390 V1.5.06x1 ON J2SE 1.7.0 02/23/12
08:49:45 MAPLOGO   MZ390 ENDED   RC= 0 SEC= 0 MEM(MB)= 69 IO=5242
08:49:46 MAPLOGO   LZ390 START USING z390 V1.5.06x1 ON J2SE 1.7.0 02/23/12
08:49:46 MAPLOGO   LZ390 ENDED   RC= 0 SEC= 0 MEM(MB)=  8 IO=65
12:45:34 MAPLOGO   MZ390 START USING z390 V1.5.06x1 ON J2SE 1.7.0 03/04/12
12:45:34 MAPLOGO   MZ390 ENDED   RC= 0 SEC= 0 MEM(MB)= 69 IO=5242
12:45:35 MAPLOGO   LZ390 START USING z390 V1.5.06x1 ON J2SE 1.7.0 03/04/12
12:45:35 MAPLOGO   LZ390 ENDED   RC= 0 SEC= 0 MEM(MB)=  8 IO=65
11:14:01 MAPLOGO   MZ390 START USING z390 V1.5.06x1 ON J2SE 1.7.0 03/06/12
11:14:01 MAPLOGO   MZ390 ENDED   RC= 0 SEC= 0 MEM(MB)= 69 IO=5242
11:14:02 MAPLOGO   LZ390 START USING z390 V1.5.06x1 ON J2SE 1.7.0 03/06/12
11:14:02 MAPLOGO   LZ390 ENDED   RC= 0 SEC= 0 MEM(MB)=  8 IO=65
12:09:26 MAPLOGO   MZ390 START USING z390 V1.5.06x1 ON J2SE 1.7.0 03/07/12
12:09:27 MAPLOGO   MZ390 ENDED   RC= 0 SEC= 0 MEM(MB)= 69 IO=5242
12:09:27 MAPLOGO   LZ390 START USING z390 V1.5.06x1 ON J2SE 1.7.0 03/07/12
12:09:27 MAPLOGO   LZ390 ENDED   RC= 0 SEC= 0 MEM(MB)=  8 IO=65
17:38:09 MAPLOGO   MZ390 START USING z390 V1.5.06x3 ON J2SE 1.7.0 03/08/12
17:38:10 MAPLOGO   MZ390 ENDED   RC= 0 SEC= 0 MEM(MB)= 69 IO=5242
17:38:10 MAPLOGO   LZ390 START USING z390 V1.5.06x3 ON J2SE 1.7.0 03/08/12
17:38:10 MAPLOGO   LZ390 ENDED   RC= 0 SEC= 0 MEM(MB)=  8 IO=110
21:10:47 MAPLOGO   MZ390 START USING z390 V1.5.06x3 ON J2SE 1.7.0 03/11/12
21:10:47 MAPLOGO   MZ390 ENDED   RC= 0 SEC= 0 MEM(MB)= 69 IO=5242
21:10:48 MAPLOGO   LZ390 START USING z390 V1.5.06x3 ON J2SE 1.7.0 03/11/12
21:10:48 MAPLOGO   LZ390 ENDED   RC= 0 SEC= 0 MEM(MB)=  8 IO=110
10:46:16 MAPLOGO   MZ390 START USING z390 V1.5.06x3 ON J2SE 1.7.0 03/22/12
10:46:16 MAPLOGO   MZ390 ENDED   RC= 0 SEC= 0 MEM(MB)= 69 IO=5242
10:46:17 MAPLOGO   LZ390 START USING z390 V1.5.06x3 ON J2SE 1.7.0 03/22/12
10:46:17 MAPLOGO   LZ390 ENDED   RC= 0 SEC= 0 MEM(MB)=  8 IO=110
22:49:43 MAPLOGO   MZ390 START USING z390 V1.5.06x3 ON J2SE 1.7.0 03/22/12
22:49:43 MAPLOGO   MZ390 ENDED   RC= 0 SEC= 0 MEM(MB)= 69 IO=5242
22:49:43 MAPLOGO   LZ390 START USING z390 V1.5.06x3 ON J2SE 1.7.0 03/22/12
22:49:43 MAPLOGO   LZ390 ENDED   RC= 0 SEC= 0 MEM(MB)=  8 IO=110
21:59:33 MAPLOGO   MZ390 START USING z390 V1.5.06x3 ON J2SE 1.7.0 03/23/12
21:59:34 MAPLOGO   MZ390 ENDED   RC= 0 SEC= 0 MEM(MB)= 69 IO=5242
21:59:34 MAPLOGO   LZ390 START USING z390 V1.5.06x3 ON J2SE 1.7.0 03/23/12
21:59:34 MAPLOGO   LZ390 ENDED   RC= 0 SEC= 0 MEM(MB)=  8 IO=110
08:01:02 MAPLOGO   MZ390 START USING z390 V1.5.06x3 ON J2SE 1.7.0 03/25/12
08:01:03 MAPLOGO   MZ390 ENDED   RC= 0 SEC= 0 MEM(MB)= 69 IO=5242
08:01:03 MAPLOGO   LZ390 START USING z390 V1.5.06x3 ON J2SE 1.7.0 03/25/12
08:01:03 MAPLOGO   LZ390 ENDED   RC= 0 SEC= 0 MEM(MB)=  8 IO=110
19:15:19 MAPLOGO   MZ390 START USING z390 V1.5.06x3 ON J2SE 1.7.0 03/28/12
19:15:20 MAPLOGO   MZ390 ENDED   RC= 0 SEC= 0 MEM(MB)= 69 IO=5242
19:15:20 MAPLOGO   LZ390 START USING z390 V1.5.06x3 ON J2SE 1.7.0 03/28/12
19:15:20 MAPLOGO   LZ390 ENDED   RC= 0 SEC= 0 MEM(MB)=  8 IO=110
10:27:07 MAPLOGO   MZ390 START USING z390 V1.5.06x3 ON J2SE 1.7.0 03/29/12
10:27:07 MAPLOGO   MZ390 ENDED   RC= 0 SEC= 0 MEM(MB)= 69 IO=5242
10:27:08 MAPLOGO   LZ390 START USING z390 V1.5.06x3 ON J2SE 1.7.0 03/29/12
10:27:08 MAPLOGO   LZ390 ENDED   RC= 0 SEC= 0 MEM(MB)=  8 IO=110
09:06:33 MAPLOGO   MZ390 START USING z390 V1.5.06rc4 ON J2SE 1.7.0 05/16/12
09:06:34 MAPLOGO   MZ390 ENDED   RC= 0 SEC= 0 MEM(MB)= 69 IO=5242
09:06:34 MAPLOGO   LZ390 START USING z390 V1.5.06rc4 ON J2SE 1.7.0 05/16/12
09:06:34 MAPLOGO   LZ390 ENDED   RC= 0 SEC= 0 MEM(MB)=  8 IO=110
09:54:49 MAPLOGO   MZ390 START USING z390 V1.5.06rc4 ON J2SE 1.7.0 05/18/12
09:54:49 MAPLOGO   MZ390 ENDED   RC= 0 SEC= 0 MEM(MB)= 69 IO=5242
09:54:50 MAPLOGO   LZ390 START USING z390 V1.5.06rc4 ON J2SE 1.7.0 05/18/12
09:54:50 MAPLOGO   LZ390 ENDED   RC= 0 SEC= 0 MEM(MB)=  8 IO=110
13:40:41 MAPLOGO   MZ390 START USING z390 V1.5.06 ON J2SE 1.6.0_31 05/21/12
13:40:42 MAPLOGO   MZ390 ENDED   RC= 0 SEC= 0 MEM(MB)= 69 IO=5242
13:40:42 MAPLOGO   LZ390 START USING z390 V1.5.06 ON J2SE 1.6.0_31 05/21/12
13:40:42 MAPLOGO   LZ390 ENDED   RC= 0 SEC= 0 MEM(MB)=  8 IO=110
