11:40:53 MMMMCIC2  MZ390 START USING z390 V1.5.05bx3 ON J2SE 1.7.0 02/15/12
11:40:54 MMMMCIC2  MZ390 ENDED   RC= 0 SEC= 0 MEM(MB)= 69 IO=6395
11:40:54 MMMMCIC2  LZ390 START USING z390 V1.5.05bx3 ON J2SE 1.7.0 02/15/12
11:40:54 MMMMCIC2  LZ390 ENDED   RC= 0 SEC= 0 MEM(MB)= 10 IO=189
09:24:55 MMMMCIC2  MZ390 START USING z390 V1.5.06x1 ON J2SE 1.7.0 02/17/12
09:24:56 MMMMCIC2  MZ390 ENDED   RC= 0 SEC= 0 MEM(MB)= 69 IO=6395
09:24:56 MMMMCIC2  LZ390 START USING z390 V1.5.06x1 ON J2SE 1.7.0 02/17/12
09:24:56 MMMMCIC2  LZ390 ENDED   RC= 0 SEC= 0 MEM(MB)= 10 IO=189
21:12:28 MMMMCIC2  MZ390 START USING z390 V1.5.06x1 ON J2SE 1.7.0 02/18/12
21:12:29 MMMMCIC2  MZ390 ENDED   RC= 0 SEC= 0 MEM(MB)= 69 IO=6397
21:12:29 MMMMCIC2  LZ390 START USING z390 V1.5.06x1 ON J2SE 1.7.0 02/18/12
21:12:29 MMMMCIC2  LZ390 ENDED   RC= 0 SEC= 0 MEM(MB)= 10 IO=189
17:56:03 MMMMCIC2  MZ390 START USING z390 V1.5.06x1 ON J2SE 1.7.0 02/19/12
17:56:04 MMMMCIC2  MZ390 ENDED   RC= 0 SEC= 0 MEM(MB)= 69 IO=6397
17:56:04 MMMMCIC2  LZ390 START USING z390 V1.5.06x1 ON J2SE 1.7.0 02/19/12
17:56:04 MMMMCIC2  LZ390 ENDED   RC= 0 SEC= 0 MEM(MB)=  9 IO=189
20:25:06 MMMMCIC2  MZ390 START USING z390 V1.5.06x1 ON J2SE 1.7.0 02/21/12
20:25:06 MMMMCIC2  MZ390 ENDED   RC= 0 SEC= 0 MEM(MB)= 69 IO=6397
20:25:07 MMMMCIC2  LZ390 START USING z390 V1.5.06x1 ON J2SE 1.7.0 02/21/12
20:25:07 MMMMCIC2  LZ390 ENDED   RC= 0 SEC= 0 MEM(MB)=  9 IO=189
08:51:54 MMMMCIC2  MZ390 START USING z390 V1.5.06x1 ON J2SE 1.7.0 02/23/12
08:51:55 MMMMCIC2  MZ390 ENDED   RC= 0 SEC= 0 MEM(MB)= 69 IO=6397
08:51:55 MMMMCIC2  LZ390 START USING z390 V1.5.06x1 ON J2SE 1.7.0 02/23/12
08:51:55 MMMMCIC2  LZ390 ENDED   RC= 0 SEC= 0 MEM(MB)=  9 IO=189
12:47:44 MMMMCIC2  MZ390 START USING z390 V1.5.06x1 ON J2SE 1.7.0 03/04/12
12:47:45 MMMMCIC2  MZ390 ENDED   RC= 0 SEC= 0 MEM(MB)= 69 IO=6397
12:47:45 MMMMCIC2  LZ390 START USING z390 V1.5.06x1 ON J2SE 1.7.0 03/04/12
12:47:45 MMMMCIC2  LZ390 ENDED   RC= 0 SEC= 0 MEM(MB)=  9 IO=189
11:16:06 MMMMCIC2  MZ390 START USING z390 V1.5.06x1 ON J2SE 1.7.0 03/06/12
11:16:07 MMMMCIC2  MZ390 ENDED   RC= 0 SEC= 0 MEM(MB)= 69 IO=6397
11:16:07 MMMMCIC2  LZ390 START USING z390 V1.5.06x1 ON J2SE 1.7.0 03/06/12
11:16:07 MMMMCIC2  LZ390 ENDED   RC= 0 SEC= 0 MEM(MB)=  9 IO=189
12:11:28 MMMMCIC2  MZ390 START USING z390 V1.5.06x1 ON J2SE 1.7.0 03/07/12
12:11:29 MMMMCIC2  MZ390 ENDED   RC= 0 SEC= 0 MEM(MB)= 69 IO=6397
12:11:29 MMMMCIC2  LZ390 START USING z390 V1.5.06x1 ON J2SE 1.7.0 03/07/12
12:11:29 MMMMCIC2  LZ390 ENDED   RC= 0 SEC= 0 MEM(MB)=  9 IO=189
17:40:16 MMMMCIC2  MZ390 START USING z390 V1.5.06x3 ON J2SE 1.7.0 03/08/12
17:40:17 MMMMCIC2  MZ390 ENDED   RC= 0 SEC= 0 MEM(MB)= 69 IO=6397
17:40:17 MMMMCIC2  LZ390 START USING z390 V1.5.06x3 ON J2SE 1.7.0 03/08/12
17:40:17 MMMMCIC2  LZ390 ENDED   RC= 0 SEC= 0 MEM(MB)= 12 IO=331
21:12:48 MMMMCIC2  MZ390 START USING z390 V1.5.06x3 ON J2SE 1.7.0 03/11/12
21:12:49 MMMMCIC2  MZ390 ENDED   RC= 0 SEC= 0 MEM(MB)= 69 IO=6397
21:12:49 MMMMCIC2  LZ390 START USING z390 V1.5.06x3 ON J2SE 1.7.0 03/11/12
21:12:49 MMMMCIC2  LZ390 ENDED   RC= 0 SEC= 0 MEM(MB)= 12 IO=331
10:48:20 MMMMCIC2  MZ390 START USING z390 V1.5.06x3 ON J2SE 1.7.0 03/22/12
10:48:21 MMMMCIC2  MZ390 ENDED   RC= 0 SEC= 0 MEM(MB)= 69 IO=6397
10:48:21 MMMMCIC2  LZ390 START USING z390 V1.5.06x3 ON J2SE 1.7.0 03/22/12
10:48:21 MMMMCIC2  LZ390 ENDED   RC= 0 SEC= 0 MEM(MB)= 12 IO=331
22:51:50 MMMMCIC2  MZ390 START USING z390 V1.5.06x3 ON J2SE 1.7.0 03/22/12
22:51:51 MMMMCIC2  MZ390 ENDED   RC= 0 SEC= 0 MEM(MB)= 69 IO=6397
22:51:51 MMMMCIC2  LZ390 START USING z390 V1.5.06x3 ON J2SE 1.7.0 03/22/12
22:51:51 MMMMCIC2  LZ390 ENDED   RC= 0 SEC= 0 MEM(MB)= 12 IO=331
22:01:10 MMMMCIC2  MZ390 START USING z390 V1.5.06x3 ON J2SE 1.7.0 03/23/12
22:01:11 MMMMCIC2  MZ390 ENDED   RC= 0 SEC= 0 MEM(MB)= 69 IO=6397
22:01:11 MMMMCIC2  LZ390 START USING z390 V1.5.06x3 ON J2SE 1.7.0 03/23/12
22:01:11 MMMMCIC2  LZ390 ENDED   RC= 0 SEC= 0 MEM(MB)= 12 IO=331
08:03:07 MMMMCIC2  MZ390 START USING z390 V1.5.06x3 ON J2SE 1.7.0 03/25/12
08:03:08 MMMMCIC2  MZ390 ENDED   RC= 0 SEC= 0 MEM(MB)= 69 IO=6397
08:03:08 MMMMCIC2  LZ390 START USING z390 V1.5.06x3 ON J2SE 1.7.0 03/25/12
08:03:08 MMMMCIC2  LZ390 ENDED   RC= 0 SEC= 0 MEM(MB)= 10 IO=331
19:17:24 MMMMCIC2  MZ390 START USING z390 V1.5.06x3 ON J2SE 1.7.0 03/28/12
19:17:25 MMMMCIC2  MZ390 ENDED   RC= 0 SEC= 0 MEM(MB)= 69 IO=6397
19:17:26 MMMMCIC2  LZ390 START USING z390 V1.5.06x3 ON J2SE 1.7.0 03/28/12
19:17:26 MMMMCIC2  LZ390 ENDED   RC= 0 SEC= 0 MEM(MB)= 10 IO=331
10:29:07 MMMMCIC2  MZ390 START USING z390 V1.5.06x3 ON J2SE 1.7.0 03/29/12
10:29:08 MMMMCIC2  MZ390 ENDED   RC= 0 SEC= 0 MEM(MB)= 69 IO=6397
10:29:08 MMMMCIC2  LZ390 START USING z390 V1.5.06x3 ON J2SE 1.7.0 03/29/12
10:29:08 MMMMCIC2  LZ390 ENDED   RC= 0 SEC= 0 MEM(MB)= 10 IO=331
09:08:35 MMMMCIC2  MZ390 START USING z390 V1.5.06rc4 ON J2SE 1.7.0 05/16/12
09:08:36 MMMMCIC2  MZ390 ENDED   RC= 0 SEC= 0 MEM(MB)= 69 IO=6397
09:08:37 MMMMCIC2  LZ390 START USING z390 V1.5.06rc4 ON J2SE 1.7.0 05/16/12
09:08:37 MMMMCIC2  LZ390 ENDED   RC= 0 SEC= 0 MEM(MB)= 12 IO=331
09:56:46 MMMMCIC2  MZ390 START USING z390 V1.5.06rc4 ON J2SE 1.7.0 05/18/12
09:56:47 MMMMCIC2  MZ390 ENDED   RC= 0 SEC= 0 MEM(MB)= 69 IO=6397
09:56:47 MMMMCIC2  LZ390 START USING z390 V1.5.06rc4 ON J2SE 1.7.0 05/18/12
09:56:47 MMMMCIC2  LZ390 ENDED   RC= 0 SEC= 0 MEM(MB)= 12 IO=331
13:42:38 MMMMCIC2  MZ390 START USING z390 V1.5.06 ON J2SE 1.6.0_31 05/21/12
13:42:39 MMMMCIC2  MZ390 ENDED   RC= 0 SEC= 0 MEM(MB)= 69 IO=6397
13:42:39 MMMMCIC2  LZ390 START USING z390 V1.5.06 ON J2SE 1.6.0_31 05/21/12
13:42:39 MMMMCIC2  LZ390 ENDED   RC= 0 SEC= 0 MEM(MB)= 11 IO=331
