13:47:09 Z390LCL   LZ390 START USING z390 V1.5.06 ON J2SE 1.6.0_31 05/21/12
LZ390I Copyright 2011 Automated Software Tools Corporation
LZ390I z390 is licensed under GNU General Public License
LZ390I options = W:\work\z390\z390.OPT=(time(60))
LZ390I program = cics\Z390LCL.OBJ
LZ390I ESD=Z390LCL  LOC=00000000 LEN=00000308
LZ390I ESD=LCL0202  LOC=00000308 LEN=00000458
LZ390I ESD=LCL0204  LOC=00000760 LEN=00000138
LZ390I ESD=LCL0206  LOC=00000898 LEN=00000168
LZ390I ESD=LCL0208  LOC=00000A00 LEN=00000870
LZ390I ESD=LCL020A  LOC=00001270 LEN=00000110
LZ390I ESD=LCL020C  LOC=00001380 LEN=00000138
LZ390I ESD=LCL020E  LOC=000014B8 LEN=00000168
LZ390I ESD=LCL0402  LOC=00001620 LEN=00000578
LZ390I ESD=LCL0404  LOC=00001B98 LEN=00000148
LZ390I ESD=LCL0602  LOC=00001CE0 LEN=000005C8
LZ390I ESD=LCL060C  LOC=000022A8 LEN=000004F0
LZ390I ESD=LCL060E  LOC=00002798 LEN=00000620
LZ390I ESD=LCL0610  LOC=00002DB8 LEN=00000628
LZ390I ESD=LCL0612  LOC=000033E0 LEN=000003C0
LZ390I ESD=LCL0614  LOC=000037A0 LEN=000004F0
LZ390I ESD=LCL0A02  LOC=00003C90 LEN=00000458
LZ390I ESD=LCL0A04  LOC=000040E8 LEN=000004D8
LZ390I ESD=LCL0A06  LOC=000045C0 LEN=000003A8
LZ390I ESD=LCL0C02  LOC=00004968 LEN=000000F0
LZ390I ESD=LCL0C04  LOC=00004A58 LEN=00000100
LZ390I ESD=LCL0E06  LOC=00004B58 LEN=00000138
LZ390I ESD=LCL0E0A  LOC=00004C90 LEN=00000178
LZ390I ESD=LCL0E0C  LOC=00004E08 LEN=000000B8
LZ390I ESD=LCL0E0E  LOC=00004EC0 LEN=00000148
LZ390I ESD=LCL1002  LOC=00005008 LEN=000000B8
LZ390I ESD=LCL1004  LOC=000050C0 LEN=00000878
LZ390I ESD=LCL1008  LOC=00005938 LEN=00000CD0
LZ390I ESD=LCL100A  LOC=00006608 LEN=000008D0
LZ390I ESD=LCL100C  LOC=00006ED8 LEN=00000258
LZ390I ESD=LCL1204  LOC=00007130 LEN=000002F0
LZ390I ESD=LCL1206  LOC=00007420 LEN=00000270
LZ390I ESD=LCL1802  LOC=00007690 LEN=00000660
LZ390I ESD=LCL1804  LOC=00007CF0 LEN=00000D88
LZ390I ESD=LCL1812  LOC=00008A78 LEN=000002C8
LZ390I ESD=LCL1C02  LOC=00008D40 LEN=00000178
LZ390I ESD=LCL3412  LOC=00008EB8 LEN=00000278
LZ390I ESD=LCL3414  LOC=00009130 LEN=000002D0
LZ390I ESD=LCL3416  LOC=00009400 LEN=00000308
LZ390I ESD=LCL3440  LOC=00009708 LEN=00000340
LZ390I ESD=LCL4A02  LOC=00009A48 LEN=000000B0
LZ390I ESD=LCL4A04  LOC=00009AF8 LEN=000008C0
LZ390I ESD=LCL4C02  LOC=0000A3B8 LEN=000005A8
LZ390I ESD=LCL4C04  LOC=0000A960 LEN=00000520
LZ390I ESD=LCL9626  LOC=0000AE80 LEN=00000228
LZ390I ESD=LCL9628  LOC=0000B0A8 LEN=00000170
LZ390I ESD=LCL962A  LOC=0000B218 LEN=00000108
LZ390I INCLUDE = cics\Z390LCL.OBJ
LZ390I RLD LOC=00000030 FLD=0000015C EXT=00000000
LZ390I RLD LOC=00000034 FLD=00000178 EXT=00000000
LZ390I RLD LOC=00000038 FLD=00000180 EXT=00000000
LZ390I RLD LOC=00000040 FLD=000001A8 EXT=00000000
LZ390I RLD LOC=00000044 FLD=000001B4 EXT=00000000
LZ390I RLD LOC=00000048 FLD=000001BC EXT=00000000
LZ390I RLD LOC=0000004C FLD=000001D8 EXT=00000000
LZ390I RLD LOC=00000050 FLD=000001F0 EXT=00000000
LZ390I RLD LOC=0000005C FLD=000001FC EXT=00000000
LZ390I RLD LOC=00000064 FLD=00000220 EXT=00000000
LZ390I RLD LOC=00000094 FLD=00000224 EXT=00000000
LZ390I RLD LOC=000000C0 FLD=000002A4 EXT=00000000
LZ390I RLD LOC=000000C4 FLD=000002AC EXT=00000000
LZ390I RLD LOC=00000158 FLD=000002B4 EXT=00000000
LZ390I RLD LOC=0000015C FLD=00000000 EXT=00000308
LZ390I RLD LOC=00000160 FLD=00000000 EXT=00000760
LZ390I RLD LOC=00000164 FLD=00000000 EXT=00000898
LZ390I RLD LOC=00000168 FLD=00000000 EXT=00000A00
LZ390I RLD LOC=0000016C FLD=00000000 EXT=00001270
LZ390I RLD LOC=00000170 FLD=00000000 EXT=00001380
LZ390I RLD LOC=00000174 FLD=00000000 EXT=000014B8
LZ390I RLD LOC=00000178 FLD=00000000 EXT=00001620
LZ390I RLD LOC=0000017C FLD=00000000 EXT=00001B98
LZ390I RLD LOC=00000180 FLD=00000000 EXT=00001CE0
LZ390I RLD LOC=00000194 FLD=00000000 EXT=000022A8
LZ390I RLD LOC=00000198 FLD=00000000 EXT=00002798
LZ390I RLD LOC=0000019C FLD=00000000 EXT=00002DB8
LZ390I RLD LOC=000001A0 FLD=00000000 EXT=000033E0
LZ390I RLD LOC=000001A4 FLD=00000000 EXT=000037A0
LZ390I RLD LOC=000001A8 FLD=00000000 EXT=00003C90
LZ390I RLD LOC=000001AC FLD=00000000 EXT=000040E8
LZ390I RLD LOC=000001B0 FLD=00000000 EXT=000045C0
LZ390I RLD LOC=000001B4 FLD=00000000 EXT=00004968
LZ390I RLD LOC=000001B8 FLD=00000000 EXT=00004A58
LZ390I RLD LOC=000001C4 FLD=00000000 EXT=00004B58
LZ390I RLD LOC=000001CC FLD=00000000 EXT=00004C90
LZ390I RLD LOC=000001D0 FLD=00000000 EXT=00004E08
LZ390I RLD LOC=000001D4 FLD=00000000 EXT=00004EC0
LZ390I RLD LOC=000001D8 FLD=00000000 EXT=00005008
LZ390I RLD LOC=000001DC FLD=00000000 EXT=000050C0
LZ390I RLD LOC=000001E4 FLD=00000000 EXT=00005938
LZ390I RLD LOC=000001E8 FLD=00000000 EXT=00006608
LZ390I RLD LOC=000001EC FLD=00000000 EXT=00006ED8
LZ390I RLD LOC=000001F4 FLD=00000000 EXT=00007130
LZ390I RLD LOC=000001F8 FLD=00000000 EXT=00007420
LZ390I RLD LOC=000001FC FLD=00000000 EXT=00007690
LZ390I RLD LOC=00000200 FLD=00000000 EXT=00007CF0
LZ390I RLD LOC=0000021C FLD=00000000 EXT=00008A78
LZ390I RLD LOC=00000220 FLD=00000000 EXT=00008D40
LZ390I RLD LOC=00000244 FLD=00000000 EXT=00008EB8
LZ390I RLD LOC=00000248 FLD=00000000 EXT=00009130
LZ390I RLD LOC=0000024C FLD=00000000 EXT=00009400
LZ390I RLD LOC=000002A0 FLD=00000000 EXT=00009708
LZ390I RLD LOC=000002A4 FLD=00000000 EXT=00009A48
LZ390I RLD LOC=000002A8 FLD=00000000 EXT=00009AF8
LZ390I RLD LOC=000002AC FLD=00000000 EXT=0000A3B8
LZ390I RLD LOC=000002B0 FLD=00000000 EXT=0000A960
LZ390I RLD LOC=000002FC FLD=00000000 EXT=0000AE80
LZ390I RLD LOC=00000300 FLD=00000000 EXT=0000B0A8
LZ390I RLD LOC=00000304 FLD=00000000 EXT=0000B218
LZ390I INCLUDE = cics\LCL0202.OBJ
LZ390I RLD LOC=00000478 FLD=000001A2 EXT=00000308
LZ390I RLD LOC=000005CE FLD=000002F2 EXT=00000308
LZ390I RLD LOC=00000740 FLD=00000174 EXT=00000308
LZ390I RLD LOC=0000074C FLD=000002CA EXT=00000308
LZ390I RLD LOC=00000750 FLD=00000372 EXT=00000308
LZ390I INCLUDE = cics\LCL0204.OBJ
LZ390I INCLUDE = cics\LCL0206.OBJ
LZ390I INCLUDE = cics\LCL0208.OBJ
LZ390I INCLUDE = cics\LCL020A.OBJ
LZ390I INCLUDE = cics\LCL020C.OBJ
LZ390I INCLUDE = cics\LCL020E.OBJ
LZ390I INCLUDE = cics\LCL0402.OBJ
LZ390I RLD LOC=00001844 FLD=00000250 EXT=00001620
LZ390I RLD LOC=00001942 FLD=00000354 EXT=00001620
LZ390I RLD LOC=00001B74 FLD=00000228 EXT=00001620
LZ390I RLD LOC=00001B78 FLD=00000326 EXT=00001620
LZ390I INCLUDE = cics\LCL0404.OBJ
LZ390I INCLUDE = cics\LCL0602.OBJ
LZ390I RLD LOC=000021E6 FLD=00000530 EXT=00001CE0
LZ390I RLD LOC=0000226C FLD=00000118 EXT=00001CE0
LZ390I RLD LOC=0000229C FLD=0000050A EXT=00001CE0
LZ390I INCLUDE = cics\LCL060C.OBJ
LZ390I RLD LOC=000026DC FLD=0000045E EXT=000022A8
LZ390I RLD LOC=00002764 FLD=00000118 EXT=000022A8
LZ390I RLD LOC=00002788 FLD=00000438 EXT=000022A8
LZ390I INCLUDE = cics\LCL060E.OBJ
LZ390I RLD LOC=00002CFA FLD=0000058C EXT=00002798
LZ390I RLD LOC=00002D7C FLD=00000118 EXT=00002798
LZ390I RLD LOC=00002DAC FLD=00000566 EXT=00002798
LZ390I INCLUDE = cics\LCL0610.OBJ
LZ390I RLD LOC=0000331E FLD=00000590 EXT=00002DB8
LZ390I RLD LOC=000033A4 FLD=00000118 EXT=00002DB8
LZ390I RLD LOC=000033D4 FLD=0000056A EXT=00002DB8
LZ390I INCLUDE = cics\LCL0612.OBJ
LZ390I RLD LOC=000036F4 FLD=0000033E EXT=000033E0
LZ390I RLD LOC=0000377C FLD=00000118 EXT=000033E0
LZ390I RLD LOC=00003794 FLD=00000318 EXT=000033E0
LZ390I INCLUDE = cics\LCL0614.OBJ
LZ390I RLD LOC=00003BD4 FLD=0000045E EXT=000037A0
LZ390I RLD LOC=00003C5C FLD=00000118 EXT=000037A0
LZ390I RLD LOC=00003C80 FLD=00000438 EXT=000037A0
LZ390I INCLUDE = cics\LCL0A02.OBJ
LZ390I RLD LOC=0000402E FLD=000003C8 EXT=00003C90
LZ390I RLD LOC=000040B4 FLD=00000130 EXT=00003C90
LZ390I RLD LOC=000040D4 FLD=000003A2 EXT=00003C90
LZ390I INCLUDE = cics\LCL0A04.OBJ
LZ390I RLD LOC=0000451C FLD=0000045E EXT=000040E8
LZ390I RLD LOC=00004594 FLD=00000112 EXT=000040E8
LZ390I RLD LOC=000045B0 FLD=00000438 EXT=000040E8
LZ390I INCLUDE = cics\LCL0A06.OBJ
LZ390I RLD LOC=000048B4 FLD=0000031E EXT=000045C0
LZ390I RLD LOC=0000493C FLD=00000112 EXT=000045C0
LZ390I RLD LOC=00004954 FLD=000002F8 EXT=000045C0
LZ390I INCLUDE = cics\LCL0C02.OBJ
LZ390I INCLUDE = cics\LCL0C04.OBJ
LZ390I INCLUDE = cics\LCL0E06.OBJ
LZ390I INCLUDE = cics\LCL0E0A.OBJ
LZ390I INCLUDE = cics\LCL0E0C.OBJ
LZ390I INCLUDE = cics\LCL0E0E.OBJ
LZ390I INCLUDE = cics\LCL1002.OBJ
LZ390I INCLUDE = cics\LCL1004.OBJ
LZ390I RLD LOC=00005362 FLD=000002CE EXT=000050C0
LZ390I RLD LOC=0000559A FLD=00000504 EXT=000050C0
LZ390I RLD LOC=0000567A FLD=000005EC EXT=000050C0
LZ390I RLD LOC=000058DC FLD=000002A6 EXT=000050C0
LZ390I RLD LOC=000058E4 FLD=000003A0 EXT=000050C0
LZ390I RLD LOC=000058F4 FLD=000004DE EXT=000050C0
LZ390I RLD LOC=000058F8 FLD=000005BE EXT=000050C0
LZ390I INCLUDE = cics\LCL1008.OBJ
LZ390I RLD LOC=00005E88 FLD=0000059C EXT=00005938
LZ390I RLD LOC=0000602E FLD=000006FA EXT=00005938
LZ390I RLD LOC=0000611A FLD=000007E6 EXT=00005938
LZ390I RLD LOC=000063E0 FLD=00000ADE EXT=00005938
LZ390I RLD LOC=0000659C FLD=00000420 EXT=00005938
LZ390I RLD LOC=000065A0 FLD=00000554 EXT=00005938
LZ390I RLD LOC=000065D8 FLD=00000AAC EXT=00005938
LZ390I INCLUDE = cics\LCL100A.OBJ
LZ390I RLD LOC=00006776 FLD=000001C0 EXT=00006608
LZ390I RLD LOC=00006AC8 FLD=000004F6 EXT=00006608
LZ390I RLD LOC=00006BC4 FLD=000005C0 EXT=00006608
LZ390I RLD LOC=00006CA8 FLD=000006A4 EXT=00006608
LZ390I RLD LOC=00006EA0 FLD=00000172 EXT=00006608
LZ390I RLD LOC=00006EB8 FLD=000004C4 EXT=00006608
LZ390I RLD LOC=00006EC8 FLD=000007A2 EXT=00006608
LZ390I INCLUDE = cics\LCL100C.OBJ
LZ390I RLD LOC=00007114 FLD=00000118 EXT=00006ED8
LZ390I INCLUDE = cics\LCL1204.OBJ
LZ390I RLD LOC=000073F4 FLD=00000126 EXT=00007130
LZ390I INCLUDE = cics\LCL1206.OBJ
LZ390I RLD LOC=00007674 FLD=00000126 EXT=00007420
LZ390I INCLUDE = cics\LCL1802.OBJ
LZ390I INCLUDE = cics\LCL1804.OBJ
LZ390I INCLUDE = cics\LCL1812.OBJ
LZ390I RLD LOC=00008C50 FLD=00000202 EXT=00008A78
LZ390I RLD LOC=00008D2C FLD=000001DC EXT=00008A78
LZ390I INCLUDE = cics\LCL1C02.OBJ
LZ390I INCLUDE = cics\LCL3412.OBJ
LZ390I INCLUDE = cics\LCL3414.OBJ
LZ390I INCLUDE = cics\LCL3416.OBJ
LZ390I INCLUDE = cics\LCL3440.OBJ
LZ390I INCLUDE = cics\LCL4A02.OBJ
LZ390I INCLUDE = cics\LCL4A04.OBJ
LZ390I INCLUDE = cics\LCL4C02.OBJ
LZ390I INCLUDE = cics\LCL4C04.OBJ
LZ390I INCLUDE = cics\LCL9626.OBJ
LZ390I INCLUDE = cics\LCL9628.OBJ
LZ390I INCLUDE = cics\LCL962A.OBJ
LZ390I total errors         = 0
13:47:09 Z390LCL   LZ390 ENDED   RC= 0 SEC= 0 MEM(MB)= 38 IO=6678
