10:58:44 Z390KCP   EZ390 START USING z390 V1.5.06x3 ON J2SE 1.7.0 03/22/12
EZ390I Copyright 2011 Automated Software Tools Corporation
EZ390I z390 is licensed under GNU General Public License
EZ390I program = cics\Z390KCP.390
EZ390I options = W:\work\z390\z390.OPT=(time(60)) NOTIME GUAM PARM(LDON1LOGOS)
TCPIO receive error on client port=3900
EZ390I instructions/sec     = 810
EZ390I total errors         = 0
10:59:50 Z390KCP   EZ390 ENDED   RC=16 SEC=66 MEM(MB)= 94 IO=1373 INS=53929
ace Table Entry      800F380A 95FFA034     CLI  
EZ390I Trace Table Entry      800F380E 4770D572     BNE  
EZ390I Trace Table Entry      800F3822 0101         PR   
EZ390I Trace Table Entry      800D00BA C01000000026 LARL 
EZ390I Trace Table Entry      800D00C0 58010000     L    
EZ390I Trace Table Entry      800D00C4 C01000000236 LARL 
EZ390E error  11 ABEND PSW=07052600 800FDE24 D01C07FE18CF TRTR  ABEND S0C5
 R0-R3 01010000000D4418 F4F4F4F400002500 F4F4F4F400000000 F4F4F4F4000CD328
 R4-R7 F4F4F4F4000FECF8 F4F4F4F400002000 F4F4F4F4000FF264 F4F4F4F400000004
 R8-RB F4F4F4F4800CFA08 F4F4F4F4800CC938 F4F4F4F4000FCBD0 F4F4F4F4000D50A8
 RC-RF F4F4F4F4F4F4F4F4 F4F4F4F4000CF6F8 F4F4F4F400002018 F4F4F4F4000FDE28
EZ390E error  12 program aborting due to abend S0C5
EZ390I instructions/sec     = 1968
EZ390I total errors         = 1
10:58:52 Z390KCP   EZ390 ENDED   RC=16 SEC= 8 MEM(MB)= 58 IO=1537 INS=16315
