11:45:06 Z390COMP  MZ390 START USING z390 V1.5.05bx3 ON J2SE 1.7.0 02/15/12
11:45:07 Z390COMP  MZ390 ENDED   RC= 0 SEC= 1 MEM(MB)= 69 IO=5817
11:45:07 Z390COMP  LZ390 START USING z390 V1.5.05bx3 ON J2SE 1.7.0 02/15/12
11:45:07 Z390COMP  LZ390 ENDED   RC= 0 SEC= 0 MEM(MB)= 11 IO=295
09:29:05 Z390COMP  MZ390 START USING z390 V1.5.06x1 ON J2SE 1.7.0 02/17/12
09:29:07 Z390COMP  MZ390 ENDED   RC= 0 SEC= 1 MEM(MB)= 69 IO=5817
09:29:07 Z390COMP  LZ390 START USING z390 V1.5.06x1 ON J2SE 1.7.0 02/17/12
09:29:07 Z390COMP  LZ390 ENDED   RC= 0 SEC= 0 MEM(MB)= 11 IO=295
21:16:34 Z390COMP  MZ390 START USING z390 V1.5.06x1 ON J2SE 1.7.0 02/18/12
21:16:36 Z390COMP  MZ390 ENDED   RC= 0 SEC= 1 MEM(MB)= 69 IO=5819
21:16:36 Z390COMP  LZ390 START USING z390 V1.5.06x1 ON J2SE 1.7.0 02/18/12
21:16:36 Z390COMP  LZ390 ENDED   RC= 0 SEC= 0 MEM(MB)= 11 IO=295
18:00:19 Z390COMP  MZ390 START USING z390 V1.5.06x1 ON J2SE 1.7.0 02/19/12
18:00:20 Z390COMP  MZ390 ENDED   RC= 0 SEC= 1 MEM(MB)= 69 IO=5819
18:00:21 Z390COMP  LZ390 START USING z390 V1.5.06x1 ON J2SE 1.7.0 02/19/12
18:00:21 Z390COMP  LZ390 ENDED   RC= 0 SEC= 0 MEM(MB)= 10 IO=295
20:28:42 Z390COMP  MZ390 START USING z390 V1.5.06x1 ON J2SE 1.7.0 02/21/12
20:28:43 Z390COMP  MZ390 ENDED   RC= 0 SEC= 1 MEM(MB)= 69 IO=5819
20:28:43 Z390COMP  LZ390 START USING z390 V1.5.06x1 ON J2SE 1.7.0 02/21/12
20:28:43 Z390COMP  LZ390 ENDED   RC= 0 SEC= 0 MEM(MB)= 10 IO=295
08:56:25 Z390COMP  MZ390 START USING z390 V1.5.06x1 ON J2SE 1.7.0 02/23/12
08:56:26 Z390COMP  MZ390 ENDED   RC= 0 SEC= 1 MEM(MB)= 69 IO=5819
08:56:26 Z390COMP  LZ390 START USING z390 V1.5.06x1 ON J2SE 1.7.0 02/23/12
08:56:27 Z390COMP  LZ390 ENDED   RC= 0 SEC= 0 MEM(MB)= 10 IO=295
12:52:28 Z390COMP  MZ390 START USING z390 V1.5.06x1 ON J2SE 1.7.0 03/04/12
12:52:29 Z390COMP  MZ390 ENDED   RC= 0 SEC= 1 MEM(MB)= 69 IO=5819
12:52:29 Z390COMP  LZ390 START USING z390 V1.5.06x1 ON J2SE 1.7.0 03/04/12
12:52:29 Z390COMP  LZ390 ENDED   RC= 0 SEC= 0 MEM(MB)= 10 IO=295
11:20:35 Z390COMP  MZ390 START USING z390 V1.5.06x1 ON J2SE 1.7.0 03/06/12
11:20:37 Z390COMP  MZ390 ENDED   RC= 0 SEC= 1 MEM(MB)= 69 IO=5819
11:20:37 Z390COMP  LZ390 START USING z390 V1.5.06x1 ON J2SE 1.7.0 03/06/12
11:20:37 Z390COMP  LZ390 ENDED   RC= 0 SEC= 0 MEM(MB)= 10 IO=295
12:15:48 Z390COMP  MZ390 START USING z390 V1.5.06x1 ON J2SE 1.7.0 03/07/12
12:15:49 Z390COMP  MZ390 ENDED   RC= 0 SEC= 1 MEM(MB)= 69 IO=5819
12:15:49 Z390COMP  LZ390 START USING z390 V1.5.06x1 ON J2SE 1.7.0 03/07/12
12:15:49 Z390COMP  LZ390 ENDED   RC= 0 SEC= 0 MEM(MB)= 10 IO=295
17:45:14 Z390COMP  MZ390 START USING z390 V1.5.06x3 ON J2SE 1.7.0 03/08/12
17:45:15 Z390COMP  MZ390 ENDED   RC= 0 SEC= 1 MEM(MB)= 69 IO=5819
17:45:16 Z390COMP  LZ390 START USING z390 V1.5.06x3 ON J2SE 1.7.0 03/08/12
17:45:16 Z390COMP  LZ390 ENDED   RC= 0 SEC= 0 MEM(MB)= 14 IO=540
21:17:06 Z390COMP  MZ390 START USING z390 V1.5.06x3 ON J2SE 1.7.0 03/11/12
21:17:07 Z390COMP  MZ390 ENDED   RC= 0 SEC= 1 MEM(MB)= 69 IO=5819
21:17:07 Z390COMP  LZ390 START USING z390 V1.5.06x3 ON J2SE 1.7.0 03/11/12
21:17:07 Z390COMP  LZ390 ENDED   RC= 0 SEC= 0 MEM(MB)= 14 IO=540
10:52:35 Z390COMP  MZ390 START USING z390 V1.5.06x3 ON J2SE 1.7.0 03/22/12
10:52:36 Z390COMP  MZ390 ENDED   RC= 0 SEC= 1 MEM(MB)= 69 IO=5819
10:52:36 Z390COMP  LZ390 START USING z390 V1.5.06x3 ON J2SE 1.7.0 03/22/12
10:52:36 Z390COMP  LZ390 ENDED   RC= 0 SEC= 0 MEM(MB)= 14 IO=540
22:56:28 Z390COMP  MZ390 START USING z390 V1.5.06x3 ON J2SE 1.7.0 03/22/12
22:56:29 Z390COMP  MZ390 ENDED   RC= 0 SEC= 1 MEM(MB)= 69 IO=5819
22:56:30 Z390COMP  LZ390 START USING z390 V1.5.06x3 ON J2SE 1.7.0 03/22/12
22:56:30 Z390COMP  LZ390 ENDED   RC= 0 SEC= 0 MEM(MB)= 14 IO=540
22:04:46 Z390COMP  MZ390 START USING z390 V1.5.06x3 ON J2SE 1.7.0 03/23/12
22:04:48 Z390COMP  MZ390 ENDED   RC= 0 SEC= 1 MEM(MB)= 69 IO=5819
22:04:48 Z390COMP  LZ390 START USING z390 V1.5.06x3 ON J2SE 1.7.0 03/23/12
22:04:48 Z390COMP  LZ390 ENDED   RC= 0 SEC= 0 MEM(MB)= 14 IO=540
08:07:39 Z390COMP  MZ390 START USING z390 V1.5.06x3 ON J2SE 1.7.0 03/25/12
08:07:40 Z390COMP  MZ390 ENDED   RC= 0 SEC= 1 MEM(MB)= 69 IO=5819
08:07:40 Z390COMP  LZ390 START USING z390 V1.5.06x3 ON J2SE 1.7.0 03/25/12
08:07:41 Z390COMP  LZ390 ENDED   RC= 0 SEC= 0 MEM(MB)= 13 IO=540
19:21:55 Z390COMP  MZ390 START USING z390 V1.5.06x3 ON J2SE 1.7.0 03/28/12
19:21:56 Z390COMP  MZ390 ENDED   RC= 0 SEC= 1 MEM(MB)= 69 IO=5819
19:21:56 Z390COMP  LZ390 START USING z390 V1.5.06x3 ON J2SE 1.7.0 03/28/12
19:21:56 Z390COMP  LZ390 ENDED   RC= 0 SEC= 0 MEM(MB)= 13 IO=540
10:33:25 Z390COMP  MZ390 START USING z390 V1.5.06x3 ON J2SE 1.7.0 03/29/12
10:33:26 Z390COMP  MZ390 ENDED   RC= 0 SEC= 1 MEM(MB)= 69 IO=5819
10:33:26 Z390COMP  LZ390 START USING z390 V1.5.06x3 ON J2SE 1.7.0 03/29/12
10:33:26 Z390COMP  LZ390 ENDED   RC= 0 SEC= 0 MEM(MB)= 13 IO=540
09:12:53 Z390COMP  MZ390 START USING z390 V1.5.06rc4 ON J2SE 1.7.0 05/16/12
09:12:55 Z390COMP  MZ390 ENDED   RC= 0 SEC= 1 MEM(MB)= 69 IO=5819
09:12:55 Z390COMP  LZ390 START USING z390 V1.5.06rc4 ON J2SE 1.7.0 05/16/12
09:12:55 Z390COMP  LZ390 ENDED   RC= 0 SEC= 0 MEM(MB)= 14 IO=540
10:00:54 Z390COMP  MZ390 START USING z390 V1.5.06rc4 ON J2SE 1.7.0 05/18/12
10:00:55 Z390COMP  MZ390 ENDED   RC= 0 SEC= 1 MEM(MB)= 69 IO=5819
10:00:55 Z390COMP  LZ390 START USING z390 V1.5.06rc4 ON J2SE 1.7.0 05/18/12
10:00:55 Z390COMP  LZ390 ENDED   RC= 0 SEC= 0 MEM(MB)= 14 IO=540
13:46:59 Z390COMP  MZ390 START USING z390 V1.5.06 ON J2SE 1.6.0_31 05/21/12
13:47:00 Z390COMP  MZ390 ENDED   RC= 0 SEC= 1 MEM(MB)= 69 IO=5819
13:47:00 Z390COMP  LZ390 START USING z390 V1.5.06 ON J2SE 1.6.0_31 05/21/12
13:47:01 Z390COMP  LZ390 ENDED   RC= 0 SEC= 0 MEM(MB)= 14 IO=540
