13:47:11 Z390LOGO  LZ390 START USING z390 V1.5.06 ON J2SE 1.6.0_31 05/21/12
LZ390I Copyright 2011 Automated Software Tools Corporation
LZ390I z390 is licensed under GNU General Public License
LZ390I options = W:\work\z390\z390.OPT=(time(60))
LZ390I program = cics\Z390LOGO.OBJ
LZ390I ESD=Z390LOGO LOC=00000000 LEN=00000670
LZ390I ESD=LCL0E08  LOC=00000670 LEN=000004E0
LZ390I INCLUDE = cics\Z390LOGO.OBJ
LZ390I RLD LOC=0000019A FLD=0000019E EXT=00000000
LZ390I RLD LOC=00000356 FLD=0000039C EXT=00000000
LZ390I RLD LOC=00000444 FLD=0000046E EXT=00000000
LZ390I RLD LOC=00000512 FLD=00000548 EXT=00000000
LZ390I RLD LOC=00000640 FLD=000001A8 EXT=00000000
LZ390I RLD LOC=00000644 FLD=000002A2 EXT=00000000
LZ390I RLD LOC=00000648 FLD=0000035A EXT=00000000
LZ390I RLD LOC=0000064C FLD=00000448 EXT=00000000
LZ390I RLD LOC=00000650 FLD=00000516 EXT=00000000
LZ390I RLD LOC=00000654 FLD=00000000 EXT=00000670
LZ390I INCLUDE = cics\LCL0E08.OBJ
LZ390I RLD LOC=000009C8 FLD=0000039E EXT=00000670
LZ390I RLD LOC=00000B34 FLD=0000035C EXT=00000670
LZ390I total errors         = 0
13:47:11 Z390LOGO  LZ390 ENDED   RC= 0 SEC= 0 MEM(MB)= 13 IO=419
