13:46:52 Z390CEMT  LZ390 START USING z390 V1.5.06 ON J2SE 1.6.0_31 05/21/12
LZ390I Copyright 2011 Automated Software Tools Corporation
LZ390I z390 is licensed under GNU General Public License
LZ390I options = W:\work\z390\z390.OPT=(time(60))
LZ390I program = cics\Z390CEMT.OBJ
LZ390I ESD=Z390CEMT LOC=00000000 LEN=00001380
LZ390I ESD=CEMTIENQ LOC=00001380 LEN=00000C50
LZ390I ESD=CEMTISYS LOC=00001FD0 LEN=000008B0
LZ390I ESD=CEMTITER LOC=00002880 LEN=00000910
LZ390I ESD=CEMTITRN LOC=00003190 LEN=00000CB0
LZ390I ESD=CEMTFILE LOC=00003E40 LEN=00003D70
LZ390I ESD=LCL0E08  LOC=00007BB0 LEN=000004E0
LZ390I INCLUDE = cics\Z390CEMT.OBJ
LZ390I RLD LOC=000004B2 FLD=000004E2 EXT=00000000
LZ390I RLD LOC=00000726 FLD=0000072A EXT=00000000
LZ390I RLD LOC=00000820 FLD=00000824 EXT=00000000
LZ390I RLD LOC=0000094C FLD=00000950 EXT=00000000
LZ390I RLD LOC=00000A3E FLD=00000A42 EXT=00000000
LZ390I RLD LOC=00000B3C FLD=00000B40 EXT=00000000
LZ390I RLD LOC=00000BFC FLD=00000C00 EXT=00000000
LZ390I RLD LOC=00000D6E FLD=00000DB0 EXT=00000000
LZ390I RLD LOC=00001308 FLD=00000196 EXT=00000000
LZ390I RLD LOC=0000130C FLD=00000000 EXT=00001380
LZ390I RLD LOC=00001310 FLD=00000000 EXT=00001FD0
LZ390I RLD LOC=00001314 FLD=00000000 EXT=00002880
LZ390I RLD LOC=00001318 FLD=00000000 EXT=00003190
LZ390I RLD LOC=0000131C FLD=00000000 EXT=00003E40
LZ390I RLD LOC=00001324 FLD=000004BA EXT=00000000
LZ390I RLD LOC=0000132C FLD=00000000 EXT=00007BB0
LZ390I RLD LOC=00001330 FLD=00000D72 EXT=00000000
LZ390I INCLUDE = cics\CEMTIENQ.OBJ
LZ390I RLD LOC=000015B8 FLD=00000268 EXT=00001380
LZ390I RLD LOC=000016B0 FLD=00000334 EXT=00001380
LZ390I RLD LOC=00001FC0 FLD=00000240 EXT=00001380
LZ390I INCLUDE = cics\CEMTISYS.OBJ
LZ390I RLD LOC=00002236 FLD=00000296 EXT=00001FD0
LZ390I RLD LOC=00002324 FLD=00000358 EXT=00001FD0
LZ390I RLD LOC=0000286C FLD=0000026E EXT=00001FD0
LZ390I INCLUDE = cics\CEMTITER.OBJ
LZ390I RLD LOC=00002A60 FLD=00000210 EXT=00002880
LZ390I RLD LOC=00002B4E FLD=000002D2 EXT=00002880
LZ390I RLD LOC=00003184 FLD=000001E8 EXT=00002880
LZ390I INCLUDE = cics\CEMTITRN.OBJ
LZ390I RLD LOC=000032D0 FLD=00000170 EXT=00003190
LZ390I RLD LOC=00003422 FLD=00000296 EXT=00003190
LZ390I RLD LOC=00003E28 FLD=00000148 EXT=00003190
LZ390I INCLUDE = cics\CEMTFILE.OBJ
LZ390I RLD LOC=000042AA FLD=0000046E EXT=00003E40
LZ390I RLD LOC=00004470 FLD=00000676 EXT=00003E40
LZ390I RLD LOC=0000455E FLD=00000748 EXT=00003E40
LZ390I RLD LOC=0000462C FLD=00000822 EXT=00003E40
LZ390I RLD LOC=000047E8 FLD=000009AC EXT=00003E40
LZ390I RLD LOC=0000484C FLD=00000A48 EXT=00003E40
LZ390I RLD LOC=00004944 FLD=00000B08 EXT=00003E40
LZ390I RLD LOC=00004D1A FLD=00000F5A EXT=00003E40
LZ390I RLD LOC=000050E8 FLD=000012AC EXT=00003E40
LZ390I RLD LOC=00005242 FLD=00001406 EXT=00003E40
LZ390I RLD LOC=000052EE FLD=000014B2 EXT=00003E40
LZ390I RLD LOC=00005396 FLD=0000155A EXT=00003E40
LZ390I RLD LOC=00005526 FLD=000016EA EXT=00003E40
LZ390I RLD LOC=0000558A FLD=00001750 EXT=00003E40
LZ390I RLD LOC=0000564C FLD=00001810 EXT=00003E40
LZ390I RLD LOC=00005C4C FLD=00001E10 EXT=00003E40
LZ390I RLD LOC=00005DA8 FLD=00001F6C EXT=00003E40
LZ390I RLD LOC=00005E66 FLD=0000202A EXT=00003E40
LZ390I RLD LOC=000060DE FLD=000022A2 EXT=00003E40
LZ390I RLD LOC=000061BE FLD=000023C8 EXT=00003E40
LZ390I RLD LOC=000062C6 FLD=0000248A EXT=00003E40
LZ390I RLD LOC=000063A8 FLD=0000256C EXT=00003E40
LZ390I RLD LOC=0000646A FLD=0000262E EXT=00003E40
LZ390I RLD LOC=0000654C FLD=00002710 EXT=00003E40
LZ390I RLD LOC=0000660E FLD=000027D2 EXT=00003E40
LZ390I RLD LOC=000066F0 FLD=000028B4 EXT=00003E40
LZ390I RLD LOC=000067B2 FLD=00002976 EXT=00003E40
LZ390I RLD LOC=00006894 FLD=00002A58 EXT=00003E40
LZ390I RLD LOC=00006956 FLD=00002B1A EXT=00003E40
LZ390I RLD LOC=00006A38 FLD=00002BFC EXT=00003E40
LZ390I RLD LOC=00006AFA FLD=00002CBE EXT=00003E40
LZ390I RLD LOC=00006BDC FLD=00002DA0 EXT=00003E40
LZ390I RLD LOC=00006C9E FLD=00002E62 EXT=00003E40
LZ390I RLD LOC=000079AC FLD=00000478 EXT=00003E40
LZ390I RLD LOC=000079B0 FLD=00000572 EXT=00003E40
LZ390I RLD LOC=000079B4 FLD=00000634 EXT=00003E40
LZ390I RLD LOC=000079B8 FLD=00000722 EXT=00003E40
LZ390I RLD LOC=000079BC FLD=000007F0 EXT=00003E40
LZ390I RLD LOC=000079C0 FLD=00000A12 EXT=00003E40
LZ390I RLD LOC=000079D0 FLD=00000EDE EXT=00003E40
LZ390I RLD LOC=00007A0C FLD=00002382 EXT=00003E40
LZ390I INCLUDE = cics\LCL0E08.OBJ
LZ390I RLD LOC=00007F08 FLD=0000039E EXT=00007BB0
LZ390I RLD LOC=00008074 FLD=0000035C EXT=00007BB0
LZ390I total errors         = 0
13:46:52 Z390CEMT  LZ390 ENDED   RC= 0 SEC= 0 MEM(MB)= 38 IO=3436
