11:45:21 Z390SEQ   MZ390 START USING z390 V1.5.05bx3 ON J2SE 1.7.0 02/15/12
11:45:22 Z390SEQ   MZ390 ENDED   RC= 0 SEC= 0 MEM(MB)= 69 IO=3738
11:45:22 Z390SEQ   LZ390 START USING z390 V1.5.05bx3 ON J2SE 1.7.0 02/15/12
11:45:22 Z390SEQ   LZ390 ENDED   RC= 0 SEC= 0 MEM(MB)=  9 IO=162
09:29:20 Z390SEQ   MZ390 START USING z390 V1.5.06x1 ON J2SE 1.7.0 02/17/12
09:29:21 Z390SEQ   MZ390 ENDED   RC= 0 SEC= 0 MEM(MB)= 69 IO=3738
09:29:21 Z390SEQ   LZ390 START USING z390 V1.5.06x1 ON J2SE 1.7.0 02/17/12
09:29:21 Z390SEQ   LZ390 ENDED   RC= 0 SEC= 0 MEM(MB)=  9 IO=162
21:16:49 Z390SEQ   MZ390 START USING z390 V1.5.06x1 ON J2SE 1.7.0 02/18/12
21:16:50 Z390SEQ   MZ390 ENDED   RC= 0 SEC= 0 MEM(MB)= 69 IO=3740
21:16:50 Z390SEQ   LZ390 START USING z390 V1.5.06x1 ON J2SE 1.7.0 02/18/12
21:16:50 Z390SEQ   LZ390 ENDED   RC= 0 SEC= 0 MEM(MB)=  9 IO=162
18:00:35 Z390SEQ   MZ390 START USING z390 V1.5.06x1 ON J2SE 1.7.0 02/19/12
18:00:36 Z390SEQ   MZ390 ENDED   RC= 0 SEC= 0 MEM(MB)= 69 IO=3740
18:00:36 Z390SEQ   LZ390 START USING z390 V1.5.06x1 ON J2SE 1.7.0 02/19/12
18:00:36 Z390SEQ   LZ390 ENDED   RC= 0 SEC= 0 MEM(MB)=  8 IO=162
20:28:56 Z390SEQ   MZ390 START USING z390 V1.5.06x1 ON J2SE 1.7.0 02/21/12
20:28:57 Z390SEQ   MZ390 ENDED   RC= 0 SEC= 0 MEM(MB)= 69 IO=3740
20:28:57 Z390SEQ   LZ390 START USING z390 V1.5.06x1 ON J2SE 1.7.0 02/21/12
20:28:57 Z390SEQ   LZ390 ENDED   RC= 0 SEC= 0 MEM(MB)=  8 IO=162
08:56:42 Z390SEQ   MZ390 START USING z390 V1.5.06x1 ON J2SE 1.7.0 02/23/12
08:56:42 Z390SEQ   MZ390 ENDED   RC= 0 SEC= 0 MEM(MB)= 69 IO=3740
08:56:42 Z390SEQ   LZ390 START USING z390 V1.5.06x1 ON J2SE 1.7.0 02/23/12
08:56:43 Z390SEQ   LZ390 ENDED   RC= 0 SEC= 0 MEM(MB)=  8 IO=162
12:52:45 Z390SEQ   MZ390 START USING z390 V1.5.06x1 ON J2SE 1.7.0 03/04/12
12:52:46 Z390SEQ   MZ390 ENDED   RC= 0 SEC= 0 MEM(MB)= 69 IO=3740
12:52:46 Z390SEQ   LZ390 START USING z390 V1.5.06x1 ON J2SE 1.7.0 03/04/12
12:52:46 Z390SEQ   LZ390 ENDED   RC= 0 SEC= 0 MEM(MB)=  8 IO=162
11:20:52 Z390SEQ   MZ390 START USING z390 V1.5.06x1 ON J2SE 1.7.0 03/06/12
11:20:53 Z390SEQ   MZ390 ENDED   RC= 0 SEC= 0 MEM(MB)= 69 IO=3740
11:20:53 Z390SEQ   LZ390 START USING z390 V1.5.06x1 ON J2SE 1.7.0 03/06/12
11:20:53 Z390SEQ   LZ390 ENDED   RC= 0 SEC= 0 MEM(MB)=  8 IO=162
12:16:04 Z390SEQ   MZ390 START USING z390 V1.5.06x1 ON J2SE 1.7.0 03/07/12
12:16:04 Z390SEQ   MZ390 ENDED   RC= 0 SEC= 0 MEM(MB)= 69 IO=3740
12:16:05 Z390SEQ   LZ390 START USING z390 V1.5.06x1 ON J2SE 1.7.0 03/07/12
12:16:05 Z390SEQ   LZ390 ENDED   RC= 0 SEC= 0 MEM(MB)=  8 IO=162
17:45:32 Z390SEQ   MZ390 START USING z390 V1.5.06x3 ON J2SE 1.7.0 03/08/12
17:45:33 Z390SEQ   MZ390 ENDED   RC= 0 SEC= 0 MEM(MB)= 69 IO=3740
17:45:33 Z390SEQ   LZ390 START USING z390 V1.5.06x3 ON J2SE 1.7.0 03/08/12
17:45:33 Z390SEQ   LZ390 ENDED   RC= 0 SEC= 0 MEM(MB)= 10 IO=286
21:17:21 Z390SEQ   MZ390 START USING z390 V1.5.06x3 ON J2SE 1.7.0 03/11/12
21:17:22 Z390SEQ   MZ390 ENDED   RC= 0 SEC= 0 MEM(MB)= 69 IO=3740
21:17:22 Z390SEQ   LZ390 START USING z390 V1.5.06x3 ON J2SE 1.7.0 03/11/12
21:17:22 Z390SEQ   LZ390 ENDED   RC= 0 SEC= 0 MEM(MB)= 10 IO=286
10:52:50 Z390SEQ   MZ390 START USING z390 V1.5.06x3 ON J2SE 1.7.0 03/22/12
10:52:50 Z390SEQ   MZ390 ENDED   RC= 0 SEC= 0 MEM(MB)= 69 IO=3740
10:52:51 Z390SEQ   LZ390 START USING z390 V1.5.06x3 ON J2SE 1.7.0 03/22/12
10:52:51 Z390SEQ   LZ390 ENDED   RC= 0 SEC= 0 MEM(MB)= 10 IO=286
22:56:44 Z390SEQ   MZ390 START USING z390 V1.5.06x3 ON J2SE 1.7.0 03/22/12
22:56:45 Z390SEQ   MZ390 ENDED   RC= 0 SEC= 0 MEM(MB)= 69 IO=3740
22:56:45 Z390SEQ   LZ390 START USING z390 V1.5.06x3 ON J2SE 1.7.0 03/22/12
22:56:45 Z390SEQ   LZ390 ENDED   RC= 0 SEC= 0 MEM(MB)= 10 IO=286
22:05:00 Z390SEQ   MZ390 START USING z390 V1.5.06x3 ON J2SE 1.7.0 03/23/12
22:05:01 Z390SEQ   MZ390 ENDED   RC= 0 SEC= 0 MEM(MB)= 69 IO=3740
22:05:01 Z390SEQ   LZ390 START USING z390 V1.5.06x3 ON J2SE 1.7.0 03/23/12
22:05:01 Z390SEQ   LZ390 ENDED   RC= 0 SEC= 0 MEM(MB)= 10 IO=286
08:07:56 Z390SEQ   MZ390 START USING z390 V1.5.06x3 ON J2SE 1.7.0 03/25/12
08:07:57 Z390SEQ   MZ390 ENDED   RC= 0 SEC= 0 MEM(MB)= 69 IO=3740
08:07:57 Z390SEQ   LZ390 START USING z390 V1.5.06x3 ON J2SE 1.7.0 03/25/12
08:07:57 Z390SEQ   LZ390 ENDED   RC= 0 SEC= 0 MEM(MB)= 10 IO=286
19:22:12 Z390SEQ   MZ390 START USING z390 V1.5.06x3 ON J2SE 1.7.0 03/28/12
19:22:12 Z390SEQ   MZ390 ENDED   RC= 0 SEC= 0 MEM(MB)= 69 IO=3740
19:22:13 Z390SEQ   LZ390 START USING z390 V1.5.06x3 ON J2SE 1.7.0 03/28/12
19:22:13 Z390SEQ   LZ390 ENDED   RC= 0 SEC= 0 MEM(MB)= 10 IO=286
10:33:41 Z390SEQ   MZ390 START USING z390 V1.5.06x3 ON J2SE 1.7.0 03/29/12
10:33:42 Z390SEQ   MZ390 ENDED   RC= 0 SEC= 0 MEM(MB)= 69 IO=3740
10:33:42 Z390SEQ   LZ390 START USING z390 V1.5.06x3 ON J2SE 1.7.0 03/29/12
10:33:42 Z390SEQ   LZ390 ENDED   RC= 0 SEC= 0 MEM(MB)= 10 IO=286
09:13:09 Z390SEQ   MZ390 START USING z390 V1.5.06rc4 ON J2SE 1.7.0 05/16/12
09:13:10 Z390SEQ   MZ390 ENDED   RC= 0 SEC= 0 MEM(MB)= 69 IO=3740
09:13:10 Z390SEQ   LZ390 START USING z390 V1.5.06rc4 ON J2SE 1.7.0 05/16/12
09:13:10 Z390SEQ   LZ390 ENDED   RC= 0 SEC= 0 MEM(MB)= 10 IO=286
10:01:09 Z390SEQ   MZ390 START USING z390 V1.5.06rc4 ON J2SE 1.7.0 05/18/12
10:01:09 Z390SEQ   MZ390 ENDED   RC= 0 SEC= 0 MEM(MB)= 69 IO=3740
10:01:09 Z390SEQ   LZ390 START USING z390 V1.5.06rc4 ON J2SE 1.7.0 05/18/12
10:01:10 Z390SEQ   LZ390 ENDED   RC= 0 SEC= 0 MEM(MB)= 10 IO=286
13:47:14 Z390SEQ   MZ390 START USING z390 V1.5.06 ON J2SE 1.6.0_31 05/21/12
13:47:14 Z390SEQ   MZ390 ENDED   RC= 0 SEC= 0 MEM(MB)= 69 IO=3740
13:47:15 Z390SEQ   LZ390 START USING z390 V1.5.06 ON J2SE 1.6.0_31 05/21/12
13:47:15 Z390SEQ   LZ390 ENDED   RC= 0 SEC= 0 MEM(MB)= 10 IO=286
