#Software: Microsoft Internet Information Services 10.0
#Version: 1.0
#Date: 2017-11-16 16:49:58
#Fields: date time s-ip cs-method cs-uri-stem cs-uri-query s-port cs-username c-ip cs(User-Agent) cs(Referer) sc-status sc-substatus sc-win32-status time-taken
2017-11-16 16:49:58 ::1 GET / - 31894 - ::1 Mozilla/5.0+(Windows+NT+10.0;+Win64;+x64)+AppleWebKit/537.36+(KHTML,+like+Gecko)+Chrome/62.0.3202.94+Safari/537.36 - 200 0 0 15732
2017-11-16 16:49:58 ::1 GET /Content/site.css - 31894 - ::1 Mozilla/5.0+(Windows+NT+10.0;+Win64;+x64)+AppleWebKit/537.36+(KHTML,+like+Gecko)+Chrome/62.0.3202.94+Safari/537.36 http://localhost:31894/ 200 0 0 7
2017-11-16 16:49:58 ::1 GET /Content/bootstrap.css - 31894 - ::1 Mozilla/5.0+(Windows+NT+10.0;+Win64;+x64)+AppleWebKit/537.36+(KHTML,+like+Gecko)+Chrome/62.0.3202.94+Safari/537.36 http://localhost:31894/ 200 0 0 15
2017-11-16 16:49:58 ::1 GET /Scripts/modernizr-2.6.2.js - 31894 - ::1 Mozilla/5.0+(Windows+NT+10.0;+Win64;+x64)+AppleWebKit/537.36+(KHTML,+like+Gecko)+Chrome/62.0.3202.94+Safari/537.36 http://localhost:31894/ 200 0 0 11
2017-11-16 16:49:58 ::1 GET /Scripts/bootstrap.js - 31894 - ::1 Mozilla/5.0+(Windows+NT+10.0;+Win64;+x64)+AppleWebKit/537.36+(KHTML,+like+Gecko)+Chrome/62.0.3202.94+Safari/537.36 http://localhost:31894/ 200 0 0 7
2017-11-16 16:49:58 ::1 GET /Scripts/respond.js - 31894 - ::1 Mozilla/5.0+(Windows+NT+10.0;+Win64;+x64)+AppleWebKit/537.36+(KHTML,+like+Gecko)+Chrome/62.0.3202.94+Safari/537.36 http://localhost:31894/ 200 0 0 9
2017-11-16 16:49:58 ::1 GET /Scripts/jquery-1.10.2.js - 31894 - ::1 Mozilla/5.0+(Windows+NT+10.0;+Win64;+x64)+AppleWebKit/537.36+(KHTML,+like+Gecko)+Chrome/62.0.3202.94+Safari/537.36 http://localhost:31894/ 200 0 0 28
2017-11-16 16:49:58 ::1 GET /favicon.ico - 31894 - ::1 Mozilla/5.0+(Windows+NT+10.0;+Win64;+x64)+AppleWebKit/537.36+(KHTML,+like+Gecko)+Chrome/62.0.3202.94+Safari/537.36 http://localhost:31894/ 200 0 0 3
2017-11-16 16:50:26 ::1 GET /Todos/Create - 31894 - ::1 Mozilla/5.0+(Windows+NT+10.0;+Win64;+x64)+AppleWebKit/537.36+(KHTML,+like+Gecko)+Chrome/62.0.3202.94+Safari/537.36 http://localhost:31894/ 200 0 0 135
2017-11-16 16:50:26 ::1 GET /Scripts/jquery.validate.unobtrusive.js - 31894 - ::1 Mozilla/5.0+(Windows+NT+10.0;+Win64;+x64)+AppleWebKit/537.36+(KHTML,+like+Gecko)+Chrome/62.0.3202.94+Safari/537.36 http://localhost:31894/Todos/Create 200 0 0 3
2017-11-16 16:50:26 ::1 GET /Scripts/jquery.validate.js - 31894 - ::1 Mozilla/5.0+(Windows+NT+10.0;+Win64;+x64)+AppleWebKit/537.36+(KHTML,+like+Gecko)+Chrome/62.0.3202.94+Safari/537.36 http://localhost:31894/Todos/Create 200 0 0 6
2017-11-16 16:50:33 ::1 POST /Todos/Create - 31894 - ::1 Mozilla/5.0+(Windows+NT+10.0;+Win64;+x64)+AppleWebKit/537.36+(KHTML,+like+Gecko)+Chrome/62.0.3202.94+Safari/537.36 http://localhost:31894/Todos/Create 302 0 0 81
2017-11-16 16:50:33 ::1 GET / - 31894 - ::1 Mozilla/5.0+(Windows+NT+10.0;+Win64;+x64)+AppleWebKit/537.36+(KHTML,+like+Gecko)+Chrome/62.0.3202.94+Safari/537.36 http://localhost:31894/Todos/Create 200 0 0 22
2017-11-16 16:50:40 ::1 GET /Todos/Edit/1 - 31894 - ::1 Mozilla/5.0+(Windows+NT+10.0;+Win64;+x64)+AppleWebKit/537.36+(KHTML,+like+Gecko)+Chrome/62.0.3202.94+Safari/537.36 http://localhost:31894/ 200 0 0 90
2017-11-16 16:50:46 ::1 POST /Todos/Edit/1 - 31894 - ::1 Mozilla/5.0+(Windows+NT+10.0;+Win64;+x64)+AppleWebKit/537.36+(KHTML,+like+Gecko)+Chrome/62.0.3202.94+Safari/537.36 http://localhost:31894/Todos/Edit/1 302 0 0 9
2017-11-16 16:50:46 ::1 GET / - 31894 - ::1 Mozilla/5.0+(Windows+NT+10.0;+Win64;+x64)+AppleWebKit/537.36+(KHTML,+like+Gecko)+Chrome/62.0.3202.94+Safari/537.36 http://localhost:31894/Todos/Edit/1 200 0 0 5
2017-11-16 16:50:49 ::1 GET /Todos/Details/1 - 31894 - ::1 Mozilla/5.0+(Windows+NT+10.0;+Win64;+x64)+AppleWebKit/537.36+(KHTML,+like+Gecko)+Chrome/62.0.3202.94+Safari/537.36 http://localhost:31894/ 200 0 0 12
