[Wed Feb 28 09:40:15.872134 2018] [ssl:warn] [pid 14916:tid 576] AH01909: localhost:444:0 server certificate does NOT include an ID which matches the server name
[Wed Feb 28 09:40:16.106526 2018] [ssl:warn] [pid 14916:tid 576] AH01909: localhost:444:0 server certificate does NOT include an ID which matches the server name
[Wed Feb 28 09:40:16.526383 2018] [mpm_winnt:notice] [pid 14916:tid 576] AH00455: Apache/2.4.29 (Win64) OpenSSL/1.0.2n PHP/7.1.14 configured -- resuming normal operations
[Wed Feb 28 09:40:16.526383 2018] [mpm_winnt:notice] [pid 14916:tid 576] AH00456: Apache Lounge VC14 Server built: Nov  5 2017 12:14:48
[Wed Feb 28 09:40:16.526383 2018] [core:notice] [pid 14916:tid 576] AH00094: Command line: 'D:\\school program files\\wampstack\\apache2\\bin\\httpd.exe -d D:/school program files/wampstack/apache2 -f D:\\school program files\\wampstack\\apache2\\conf\\httpd.conf'
[Wed Feb 28 09:40:16.573260 2018] [mpm_winnt:notice] [pid 14916:tid 576] AH00418: Parent: Created child process 16368
[Wed Feb 28 09:40:17.883638 2018] [ssl:warn] [pid 16368:tid 460] AH01909: localhost:444:0 server certificate does NOT include an ID which matches the server name
[Wed Feb 28 09:40:18.086765 2018] [ssl:warn] [pid 16368:tid 460] AH01909: localhost:444:0 server certificate does NOT include an ID which matches the server name
[Wed Feb 28 09:40:18.446146 2018] [mpm_winnt:notice] [pid 16368:tid 460] AH00354: Child: Starting 64 worker threads.
[Wed Feb 28 09:40:34.171027 2018] [mpm_winnt:notice] [pid 14916:tid 576] AH00422: Parent: Received shutdown signal -- Shutting down the server.
[Wed Feb 28 09:40:36.185426 2018] [mpm_winnt:notice] [pid 16368:tid 460] AH00364: Child: All worker threads have exited.
[Wed Feb 28 09:40:36.213159 2018] [mpm_winnt:notice] [pid 14916:tid 576] AH00430: Parent: Child process 16368 exited successfully.
[Wed Feb 28 09:40:38.577452 2018] [ssl:warn] [pid 2604:tid 592] AH01909: localhost:444:0 server certificate does NOT include an ID which matches the server name
[Wed Feb 28 09:40:38.811829 2018] [ssl:warn] [pid 2604:tid 592] AH01909: localhost:444:0 server certificate does NOT include an ID which matches the server name
[Wed Feb 28 09:40:38.843090 2018] [mpm_winnt:notice] [pid 2604:tid 592] AH00455: Apache/2.4.29 (Win64) OpenSSL/1.0.2n PHP/7.1.14 configured -- resuming normal operations
[Wed Feb 28 09:40:38.843090 2018] [mpm_winnt:notice] [pid 2604:tid 592] AH00456: Apache Lounge VC14 Server built: Nov  5 2017 12:14:48
[Wed Feb 28 09:40:38.843090 2018] [core:notice] [pid 2604:tid 592] AH00094: Command line: 'D:\\school program files\\wampstack\\apache2\\bin\\httpd.exe -d D:/school program files/wampstack/apache2 -f D:\\school program files\\wampstack\\apache2\\conf\\httpd.conf'
[Wed Feb 28 09:40:38.874329 2018] [mpm_winnt:notice] [pid 2604:tid 592] AH00418: Parent: Created child process 5844
[Wed Feb 28 09:40:39.651459 2018] [ssl:warn] [pid 5844:tid 520] AH01909: localhost:444:0 server certificate does NOT include an ID which matches the server name
[Wed Feb 28 09:40:39.838958 2018] [ssl:warn] [pid 5844:tid 520] AH01909: localhost:444:0 server certificate does NOT include an ID which matches the server name
[Wed Feb 28 09:40:39.870207 2018] [mpm_winnt:notice] [pid 5844:tid 520] AH00354: Child: Starting 64 worker threads.
[Fri Mar 02 12:01:52.663419 2018] [mpm_winnt:notice] [pid 2604:tid 592] AH00422: Parent: Received shutdown signal -- Shutting down the server.
[Fri Mar 02 12:01:54.710313 2018] [mpm_winnt:notice] [pid 5844:tid 520] AH00364: Child: All worker threads have exited.
[Fri Mar 02 12:01:55.022829 2018] [mpm_winnt:notice] [pid 2604:tid 592] AH00430: Parent: Child process 5844 exited successfully.
[Fri Mar 02 12:02:23.494988 2018] [ssl:warn] [pid 5028:tid 492] AH01909: localhost:444:0 server certificate does NOT include an ID which matches the server name
[Fri Mar 02 12:02:29.889330 2018] [ssl:warn] [pid 5028:tid 492] AH01909: localhost:444:0 server certificate does NOT include an ID which matches the server name
[Fri Mar 02 12:02:32.205866 2018] [mpm_winnt:notice] [pid 5028:tid 492] AH00455: Apache/2.4.29 (Win64) OpenSSL/1.0.2n PHP/7.1.14 configured -- resuming normal operations
[Fri Mar 02 12:02:32.205866 2018] [mpm_winnt:notice] [pid 5028:tid 492] AH00456: Apache Lounge VC14 Server built: Nov  5 2017 12:14:48
[Fri Mar 02 12:02:32.205866 2018] [core:notice] [pid 5028:tid 492] AH00094: Command line: 'D:\\school program files\\wampstack\\apache2\\bin\\httpd.exe -d D:/school program files/wampstack/apache2 -f D:\\school program files\\wampstack\\apache2\\conf\\httpd.conf'
[Fri Mar 02 12:02:32.299617 2018] [mpm_winnt:notice] [pid 5028:tid 492] AH00418: Parent: Created child process 12844
[Fri Mar 02 12:02:37.663579 2018] [ssl:warn] [pid 12844:tid 616] AH01909: localhost:444:0 server certificate does NOT include an ID which matches the server name
[Fri Mar 02 12:02:38.016919 2018] [ssl:warn] [pid 12844:tid 616] AH01909: localhost:444:0 server certificate does NOT include an ID which matches the server name
[Fri Mar 02 12:02:38.454229 2018] [mpm_winnt:notice] [pid 12844:tid 616] AH00354: Child: Starting 64 worker threads.
[Sun Mar 04 17:32:56.622347 2018] [mpm_winnt:notice] [pid 5028:tid 492] AH00422: Parent: Received shutdown signal -- Shutting down the server.
[Sun Mar 04 17:32:59.684875 2018] [mpm_winnt:notice] [pid 12844:tid 616] AH00364: Child: All worker threads have exited.
[Sun Mar 04 17:33:00.028635 2018] [mpm_winnt:notice] [pid 5028:tid 492] AH00430: Parent: Child process 12844 exited successfully.
[Sun Mar 04 17:33:26.142926 2018] [ssl:warn] [pid 4748:tid 704] AH01909: localhost:444:0 server certificate does NOT include an ID which matches the server name
[Sun Mar 04 17:33:31.813192 2018] [ssl:warn] [pid 4748:tid 704] AH01909: localhost:444:0 server certificate does NOT include an ID which matches the server name
[Sun Mar 04 17:33:34.940754 2018] [mpm_winnt:notice] [pid 4748:tid 704] AH00455: Apache/2.4.29 (Win64) OpenSSL/1.0.2n PHP/7.1.14 configured -- resuming normal operations
[Sun Mar 04 17:33:34.940754 2018] [mpm_winnt:notice] [pid 4748:tid 704] AH00456: Apache Lounge VC14 Server built: Nov  5 2017 12:14:48
[Sun Mar 04 17:33:34.940754 2018] [core:notice] [pid 4748:tid 704] AH00094: Command line: 'D:\\school program files\\wampstack\\apache2\\bin\\httpd.exe -d D:/school program files/wampstack/apache2 -f D:\\school program files\\wampstack\\apache2\\conf\\httpd.conf'
[Sun Mar 04 17:33:35.097005 2018] [mpm_winnt:notice] [pid 4748:tid 704] AH00418: Parent: Created child process 13192
[Sun Mar 04 17:33:36.937491 2018] [ssl:warn] [pid 13192:tid 696] AH01909: localhost:444:0 server certificate does NOT include an ID which matches the server name
[Sun Mar 04 17:33:37.203117 2018] [ssl:warn] [pid 13192:tid 696] AH01909: localhost:444:0 server certificate does NOT include an ID which matches the server name
[Sun Mar 04 17:33:37.593746 2018] [mpm_winnt:notice] [pid 13192:tid 696] AH00354: Child: Starting 64 worker threads.
[Sun Mar 04 22:14:39.695570 2018] [mpm_winnt:notice] [pid 4748:tid 704] AH00422: Parent: Received shutdown signal -- Shutting down the server.
[Sun Mar 04 22:14:41.836228 2018] [mpm_winnt:notice] [pid 13192:tid 696] AH00364: Child: All worker threads have exited.
[Sun Mar 04 22:14:46.084658 2018] [mpm_winnt:notice] [pid 4748:tid 704] AH00430: Parent: Child process 13192 exited successfully.
[Sun Mar 04 22:15:13.226486 2018] [ssl:warn] [pid 5076:tid 620] AH01909: localhost:444:0 server certificate does NOT include an ID which matches the server name
[Sun Mar 04 22:15:17.887013 2018] [ssl:warn] [pid 5076:tid 620] AH01909: localhost:444:0 server certificate does NOT include an ID which matches the server name
[Sun Mar 04 22:15:21.206859 2018] [mpm_winnt:notice] [pid 5076:tid 620] AH00455: Apache/2.4.29 (Win64) OpenSSL/1.0.2n PHP/7.1.14 configured -- resuming normal operations
[Sun Mar 04 22:15:21.206859 2018] [mpm_winnt:notice] [pid 5076:tid 620] AH00456: Apache Lounge VC14 Server built: Nov  5 2017 12:14:48
[Sun Mar 04 22:15:21.206859 2018] [core:notice] [pid 5076:tid 620] AH00094: Command line: 'D:\\school program files\\wampstack\\apache2\\bin\\httpd.exe -d D:/school program files/wampstack/apache2 -f D:\\school program files\\wampstack\\apache2\\conf\\httpd.conf'
[Sun Mar 04 22:15:21.238112 2018] [mpm_winnt:notice] [pid 5076:tid 620] AH00418: Parent: Created child process 12336
[Sun Mar 04 22:15:23.297709 2018] [ssl:warn] [pid 12336:tid 672] AH01909: localhost:444:0 server certificate does NOT include an ID which matches the server name
[Sun Mar 04 22:15:23.547712 2018] [ssl:warn] [pid 12336:tid 672] AH01909: localhost:444:0 server certificate does NOT include an ID which matches the server name
[Sun Mar 04 22:15:24.072752 2018] [mpm_winnt:notice] [pid 12336:tid 672] AH00354: Child: Starting 64 worker threads.
[Mon Mar 05 13:23:04.295323 2018] [mpm_winnt:notice] [pid 5076:tid 620] AH00422: Parent: Received shutdown signal -- Shutting down the server.
[Mon Mar 05 13:23:06.331058 2018] [mpm_winnt:notice] [pid 12336:tid 672] AH00364: Child: All worker threads have exited.
[Mon Mar 05 13:23:06.768548 2018] [mpm_winnt:notice] [pid 5076:tid 620] AH00430: Parent: Child process 12336 exited successfully.
[Mon Mar 05 13:23:34.134154 2018] [ssl:warn] [pid 4532:tid 692] AH01909: localhost:444:0 server certificate does NOT include an ID which matches the server name
[Mon Mar 05 13:23:38.408841 2018] [ssl:warn] [pid 4532:tid 692] AH01909: localhost:444:0 server certificate does NOT include an ID which matches the server name
[Mon Mar 05 13:23:42.230501 2018] [mpm_winnt:notice] [pid 4532:tid 692] AH00455: Apache/2.4.29 (Win64) OpenSSL/1.0.2n PHP/7.1.14 configured -- resuming normal operations
[Mon Mar 05 13:23:42.230501 2018] [mpm_winnt:notice] [pid 4532:tid 692] AH00456: Apache Lounge VC14 Server built: Nov  5 2017 12:14:48
[Mon Mar 05 13:23:42.230501 2018] [core:notice] [pid 4532:tid 692] AH00094: Command line: 'D:\\school program files\\wampstack\\apache2\\bin\\httpd.exe -d D:/school program files/wampstack/apache2 -f D:\\school program files\\wampstack\\apache2\\conf\\httpd.conf'
[Mon Mar 05 13:23:42.293001 2018] [mpm_winnt:notice] [pid 4532:tid 692] AH00418: Parent: Created child process 12536
[Mon Mar 05 13:23:46.716671 2018] [ssl:warn] [pid 12536:tid 528] AH01909: localhost:444:0 server certificate does NOT include an ID which matches the server name
[Mon Mar 05 13:23:47.014877 2018] [ssl:warn] [pid 12536:tid 528] AH01909: localhost:444:0 server certificate does NOT include an ID which matches the server name
[Mon Mar 05 13:23:47.553309 2018] [mpm_winnt:notice] [pid 12536:tid 528] AH00354: Child: Starting 64 worker threads.
[Wed Mar 07 08:57:11.553472 2018] [mpm_winnt:notice] [pid 4532:tid 692] AH00422: Parent: Received shutdown signal -- Shutting down the server.
[Wed Mar 07 08:57:13.600367 2018] [mpm_winnt:notice] [pid 12536:tid 528] AH00364: Child: All worker threads have exited.
[Wed Mar 07 08:57:13.975384 2018] [mpm_winnt:notice] [pid 4532:tid 692] AH00430: Parent: Child process 12536 exited successfully.
[Wed Mar 07 08:57:41.646980 2018] [ssl:warn] [pid 5000:tid 656] AH01909: localhost:444:0 server certificate does NOT include an ID which matches the server name
[Wed Mar 07 08:57:45.717138 2018] [ssl:warn] [pid 5000:tid 656] AH01909: localhost:444:0 server certificate does NOT include an ID which matches the server name
[Wed Mar 07 08:57:49.128677 2018] [mpm_winnt:notice] [pid 5000:tid 656] AH00455: Apache/2.4.29 (Win64) OpenSSL/1.0.2n PHP/7.1.14 configured -- resuming normal operations
[Wed Mar 07 08:57:49.128677 2018] [mpm_winnt:notice] [pid 5000:tid 656] AH00456: Apache Lounge VC14 Server built: Nov  5 2017 12:14:48
[Wed Mar 07 08:57:49.128677 2018] [core:notice] [pid 5000:tid 656] AH00094: Command line: 'D:\\school program files\\wampstack\\apache2\\bin\\httpd.exe -d D:/school program files/wampstack/apache2 -f D:\\school program files\\wampstack\\apache2\\conf\\httpd.conf'
[Wed Mar 07 08:57:49.175552 2018] [mpm_winnt:notice] [pid 5000:tid 656] AH00418: Parent: Created child process 13472
[Wed Mar 07 08:57:50.816385 2018] [ssl:warn] [pid 13472:tid 480] AH01909: localhost:444:0 server certificate does NOT include an ID which matches the server name
[Wed Mar 07 08:57:51.065020 2018] [ssl:warn] [pid 13472:tid 480] AH01909: localhost:444:0 server certificate does NOT include an ID which matches the server name
[Wed Mar 07 08:57:51.377995 2018] [mpm_winnt:notice] [pid 13472:tid 480] AH00354: Child: Starting 64 worker threads.
[Fri Mar 09 09:12:07.987811 2018] [mpm_winnt:notice] [pid 5000:tid 656] AH00422: Parent: Received shutdown signal -- Shutting down the server.
[Fri Mar 09 09:12:10.050331 2018] [mpm_winnt:notice] [pid 13472:tid 480] AH00364: Child: All worker threads have exited.
[Fri Mar 09 09:12:10.394097 2018] [mpm_winnt:notice] [pid 5000:tid 656] AH00430: Parent: Child process 13472 exited successfully.
[Fri Mar 09 09:12:34.237108 2018] [ssl:warn] [pid 4884:tid 672] AH01909: localhost:444:0 server certificate does NOT include an ID which matches the server name
[Fri Mar 09 09:12:34.735961 2018] [ssl:warn] [pid 4884:tid 672] AH01909: localhost:444:0 server certificate does NOT include an ID which matches the server name
[Fri Mar 09 09:12:38.571426 2018] [mpm_winnt:notice] [pid 4884:tid 672] AH00455: Apache/2.4.29 (Win64) OpenSSL/1.0.2n PHP/7.1.14 configured -- resuming normal operations
[Fri Mar 09 09:12:38.571426 2018] [mpm_winnt:notice] [pid 4884:tid 672] AH00456: Apache Lounge VC14 Server built: Nov  5 2017 12:14:48
[Fri Mar 09 09:12:38.571426 2018] [core:notice] [pid 4884:tid 672] AH00094: Command line: 'D:\\school program files\\wampstack\\apache2\\bin\\httpd.exe -d D:/school program files/wampstack/apache2 -f D:\\school program files\\wampstack\\apache2\\conf\\httpd.conf'
[Fri Mar 09 09:12:38.587051 2018] [mpm_winnt:notice] [pid 4884:tid 672] AH00418: Parent: Created child process 3764
[Fri Mar 09 09:12:43.338785 2018] [ssl:warn] [pid 3764:tid 124] AH01909: localhost:444:0 server certificate does NOT include an ID which matches the server name
[Fri Mar 09 09:12:43.885665 2018] [ssl:warn] [pid 3764:tid 124] AH01909: localhost:444:0 server certificate does NOT include an ID which matches the server name
[Fri Mar 09 09:12:44.955783 2018] [mpm_winnt:notice] [pid 3764:tid 124] AH00354: Child: Starting 64 worker threads.
[Sat Mar 10 09:37:30.979623 2018] [ssl:warn] [pid 4368:tid 644] AH01909: localhost:444:0 server certificate does NOT include an ID which matches the server name
[Sat Mar 10 09:37:33.664421 2018] [core:warn] [pid 4368:tid 644] AH00098: pid file D:/school program files/wampstack/apache2/logs/httpd.pid overwritten -- Unclean shutdown of previous Apache run?
[Sat Mar 10 09:37:33.835042 2018] [ssl:warn] [pid 4368:tid 644] AH01909: localhost:444:0 server certificate does NOT include an ID which matches the server name
[Sat Mar 10 09:37:41.588902 2018] [mpm_winnt:notice] [pid 4368:tid 644] AH00455: Apache/2.4.29 (Win64) OpenSSL/1.0.2n PHP/7.1.14 configured -- resuming normal operations
[Sat Mar 10 09:37:41.588902 2018] [mpm_winnt:notice] [pid 4368:tid 644] AH00456: Apache Lounge VC14 Server built: Nov  5 2017 12:14:48
[Sat Mar 10 09:37:41.588902 2018] [core:notice] [pid 4368:tid 644] AH00094: Command line: 'D:\\school program files\\wampstack\\apache2\\bin\\httpd.exe -d D:/school program files/wampstack/apache2 -f D:\\school program files\\wampstack\\apache2\\conf\\httpd.conf'
[Sat Mar 10 09:37:41.729528 2018] [mpm_winnt:notice] [pid 4368:tid 644] AH00418: Parent: Created child process 13604
[Sat Mar 10 09:37:44.531536 2018] [ssl:warn] [pid 13604:tid 560] AH01909: localhost:444:0 server certificate does NOT include an ID which matches the server name
[Sat Mar 10 09:37:44.797163 2018] [ssl:warn] [pid 13604:tid 560] AH01909: localhost:444:0 server certificate does NOT include an ID which matches the server name
[Sat Mar 10 09:37:45.250294 2018] [mpm_winnt:notice] [pid 13604:tid 560] AH00354: Child: Starting 64 worker threads.
[Sun Mar 11 17:36:33.251852 2018] [mpm_winnt:notice] [pid 4368:tid 644] AH00422: Parent: Received shutdown signal -- Shutting down the server.
[Sun Mar 11 17:36:35.314387 2018] [mpm_winnt:notice] [pid 13604:tid 560] AH00364: Child: All worker threads have exited.
[Sun Mar 11 17:36:35.595645 2018] [mpm_winnt:notice] [pid 4368:tid 644] AH00430: Parent: Child process 13604 exited successfully.
[Sun Mar 11 17:37:00.518838 2018] [ssl:warn] [pid 4632:tid 504] AH01909: localhost:444:0 server certificate does NOT include an ID which matches the server name
[Sun Mar 11 17:37:00.957148 2018] [ssl:warn] [pid 4632:tid 504] AH01909: localhost:444:0 server certificate does NOT include an ID which matches the server name
[Sun Mar 11 17:37:05.940263 2018] [mpm_winnt:notice] [pid 4632:tid 504] AH00455: Apache/2.4.29 (Win64) OpenSSL/1.0.2n PHP/7.1.14 configured -- resuming normal operations
[Sun Mar 11 17:37:05.940263 2018] [mpm_winnt:notice] [pid 4632:tid 504] AH00456: Apache Lounge VC14 Server built: Nov  5 2017 12:14:48
[Sun Mar 11 17:37:05.940263 2018] [core:notice] [pid 4632:tid 504] AH00094: Command line: 'D:\\school program files\\wampstack\\apache2\\bin\\httpd.exe -d D:/school program files/wampstack/apache2 -f D:\\school program files\\wampstack\\apache2\\conf\\httpd.conf'
[Sun Mar 11 17:37:05.943765 2018] [mpm_winnt:notice] [pid 4632:tid 504] AH00418: Parent: Created child process 10852
[Sun Mar 11 17:37:08.408448 2018] [ssl:warn] [pid 10852:tid 620] AH01909: localhost:444:0 server certificate does NOT include an ID which matches the server name
[Sun Mar 11 17:37:08.752200 2018] [ssl:warn] [pid 10852:tid 620] AH01909: localhost:444:0 server certificate does NOT include an ID which matches the server name
[Sun Mar 11 17:37:10.160370 2018] [mpm_winnt:notice] [pid 10852:tid 620] AH00354: Child: Starting 64 worker threads.
[Sun Mar 11 21:17:44.749493 2018] [ssl:warn] [pid 4536:tid 736] AH01909: localhost:444:0 server certificate does NOT include an ID which matches the server name
[Sun Mar 11 21:17:44.983660 2018] [core:warn] [pid 4536:tid 736] AH00098: pid file D:/school program files/wampstack/apache2/logs/httpd.pid overwritten -- Unclean shutdown of previous Apache run?
[Sun Mar 11 21:17:45.076725 2018] [ssl:warn] [pid 4536:tid 736] AH01909: localhost:444:0 server certificate does NOT include an ID which matches the server name
[Sun Mar 11 21:17:51.621975 2018] [mpm_winnt:notice] [pid 4536:tid 736] AH00455: Apache/2.4.29 (Win64) OpenSSL/1.0.2n PHP/7.1.14 configured -- resuming normal operations
[Sun Mar 11 21:17:51.621975 2018] [mpm_winnt:notice] [pid 4536:tid 736] AH00456: Apache Lounge VC14 Server built: Nov  5 2017 12:14:48
[Sun Mar 11 21:17:51.621975 2018] [core:notice] [pid 4536:tid 736] AH00094: Command line: 'D:\\school program files\\wampstack\\apache2\\bin\\httpd.exe -d D:/school program files/wampstack/apache2 -f D:\\school program files\\wampstack\\apache2\\conf\\httpd.conf'
[Sun Mar 11 21:17:51.637601 2018] [mpm_winnt:notice] [pid 4536:tid 736] AH00418: Parent: Created child process 8832
[Sun Mar 11 21:17:55.724287 2018] [ssl:warn] [pid 8832:tid 616] AH01909: localhost:444:0 server certificate does NOT include an ID which matches the server name
[Sun Mar 11 21:17:56.052415 2018] [ssl:warn] [pid 8832:tid 616] AH01909: localhost:444:0 server certificate does NOT include an ID which matches the server name
[Sun Mar 11 21:17:56.552421 2018] [mpm_winnt:notice] [pid 8832:tid 616] AH00354: Child: Starting 64 worker threads.
[Mon Mar 12 08:58:48.613001 2018] [mpm_winnt:notice] [pid 4536:tid 736] AH00422: Parent: Received shutdown signal -- Shutting down the server.
[Mon Mar 12 08:58:50.659901 2018] [mpm_winnt:notice] [pid 8832:tid 616] AH00364: Child: All worker threads have exited.
[Mon Mar 12 08:58:50.956777 2018] [mpm_winnt:notice] [pid 4536:tid 736] AH00430: Parent: Child process 8832 exited successfully.
[Mon Mar 12 08:59:15.550017 2018] [ssl:warn] [pid 5268:tid 120] AH01909: localhost:444:0 server certificate does NOT include an ID which matches the server name
[Mon Mar 12 08:59:18.606833 2018] [ssl:warn] [pid 5268:tid 120] AH01909: localhost:444:0 server certificate does NOT include an ID which matches the server name
[Mon Mar 12 08:59:25.314511 2018] [mpm_winnt:notice] [pid 5268:tid 120] AH00455: Apache/2.4.29 (Win64) OpenSSL/1.0.2n PHP/7.1.14 configured -- resuming normal operations
[Mon Mar 12 08:59:25.314511 2018] [mpm_winnt:notice] [pid 5268:tid 120] AH00456: Apache Lounge VC14 Server built: Nov  5 2017 12:14:48
[Mon Mar 12 08:59:25.314511 2018] [core:notice] [pid 5268:tid 120] AH00094: Command line: 'D:\\school program files\\wampstack\\apache2\\bin\\httpd.exe -d D:/school program files/wampstack/apache2 -f D:\\school program files\\wampstack\\apache2\\conf\\httpd.conf'
[Mon Mar 12 08:59:25.364847 2018] [mpm_winnt:notice] [pid 5268:tid 120] AH00418: Parent: Created child process 12992
[Mon Mar 12 08:59:28.126046 2018] [ssl:warn] [pid 12992:tid 568] AH01909: localhost:444:0 server certificate does NOT include an ID which matches the server name
[Mon Mar 12 08:59:28.524471 2018] [ssl:warn] [pid 12992:tid 568] AH01909: localhost:444:0 server certificate does NOT include an ID which matches the server name
[Mon Mar 12 08:59:29.371175 2018] [mpm_winnt:notice] [pid 12992:tid 568] AH00354: Child: Starting 64 worker threads.
[Mon Mar 12 20:04:13.173987 2018] [mpm_winnt:notice] [pid 5268:tid 120] AH00422: Parent: Received shutdown signal -- Shutting down the server.
[Mon Mar 12 20:04:15.220896 2018] [mpm_winnt:notice] [pid 12992:tid 568] AH00364: Child: All worker threads have exited.
[Mon Mar 12 20:04:15.517770 2018] [mpm_winnt:notice] [pid 5268:tid 120] AH00430: Parent: Child process 12992 exited successfully.
[Mon Mar 12 20:04:39.128336 2018] [ssl:warn] [pid 4624:tid 632] AH01909: localhost:444:0 server certificate does NOT include an ID which matches the server name
[Mon Mar 12 20:04:41.824243 2018] [ssl:warn] [pid 4624:tid 632] AH01909: localhost:444:0 server certificate does NOT include an ID which matches the server name
[Mon Mar 12 20:04:47.735148 2018] [mpm_winnt:notice] [pid 4624:tid 632] AH00455: Apache/2.4.29 (Win64) OpenSSL/1.0.2n PHP/7.1.14 configured -- resuming normal operations
[Mon Mar 12 20:04:47.735148 2018] [mpm_winnt:notice] [pid 4624:tid 632] AH00456: Apache Lounge VC14 Server built: Nov  5 2017 12:14:48
[Mon Mar 12 20:04:47.735148 2018] [core:notice] [pid 4624:tid 632] AH00094: Command line: 'D:\\school program files\\wampstack\\apache2\\bin\\httpd.exe -d D:/school program files/wampstack/apache2 -f D:\\school program files\\wampstack\\apache2\\conf\\httpd.conf'
[Mon Mar 12 20:04:47.860150 2018] [mpm_winnt:notice] [pid 4624:tid 632] AH00418: Parent: Created child process 13380
[Mon Mar 12 20:04:51.791576 2018] [ssl:warn] [pid 13380:tid 596] AH01909: localhost:444:0 server certificate does NOT include an ID which matches the server name
[Mon Mar 12 20:04:52.502079 2018] [ssl:warn] [pid 13380:tid 596] AH01909: localhost:444:0 server certificate does NOT include an ID which matches the server name
[Mon Mar 12 20:04:53.240423 2018] [mpm_winnt:notice] [pid 13380:tid 596] AH00354: Child: Starting 64 worker threads.
[Wed Mar 14 09:02:23.427816 2018] [mpm_winnt:notice] [pid 4624:tid 632] AH00422: Parent: Received shutdown signal -- Shutting down the server.
[Wed Mar 14 09:02:25.537211 2018] [mpm_winnt:notice] [pid 13380:tid 596] AH00364: Child: All worker threads have exited.
[Wed Mar 14 09:02:27.709107 2018] [mpm_winnt:notice] [pid 4624:tid 632] AH00430: Parent: Child process 13380 exited successfully.
[Wed Mar 14 09:02:48.585925 2018] [ssl:warn] [pid 4596:tid 640] AH01909: localhost:444:0 server certificate does NOT include an ID which matches the server name
[Wed Mar 14 09:02:48.917160 2018] [ssl:warn] [pid 4596:tid 640] AH01909: localhost:444:0 server certificate does NOT include an ID which matches the server name
[Wed Mar 14 09:02:53.380810 2018] [mpm_winnt:notice] [pid 4596:tid 640] AH00455: Apache/2.4.29 (Win64) OpenSSL/1.0.2n PHP/7.1.14 configured -- resuming normal operations
[Wed Mar 14 09:02:53.380810 2018] [mpm_winnt:notice] [pid 4596:tid 640] AH00456: Apache Lounge VC14 Server built: Nov  5 2017 12:14:48
[Wed Mar 14 09:02:53.380810 2018] [core:notice] [pid 4596:tid 640] AH00094: Command line: 'D:\\school program files\\wampstack\\apache2\\bin\\httpd.exe -d D:/school program files/wampstack/apache2 -f D:\\school program files\\wampstack\\apache2\\conf\\httpd.conf'
[Wed Mar 14 09:02:53.412060 2018] [mpm_winnt:notice] [pid 4596:tid 640] AH00418: Parent: Created child process 8320
[Wed Mar 14 09:02:59.011047 2018] [ssl:warn] [pid 8320:tid 132] AH01909: localhost:444:0 server certificate does NOT include an ID which matches the server name
[Wed Mar 14 09:02:59.588609 2018] [ssl:warn] [pid 8320:tid 132] AH01909: localhost:444:0 server certificate does NOT include an ID which matches the server name
[Wed Mar 14 09:03:01.588630 2018] [mpm_winnt:notice] [pid 8320:tid 132] AH00354: Child: Starting 64 worker threads.
[Wed Mar 14 12:09:18.470480 2018] [ssl:warn] [pid 4408:tid 692] AH01909: localhost:444:0 server certificate does NOT include an ID which matches the server name
[Wed Mar 14 12:09:23.278225 2018] [core:warn] [pid 4408:tid 692] AH00098: pid file D:/school program files/wampstack/apache2/logs/httpd.pid overwritten -- Unclean shutdown of previous Apache run?
[Wed Mar 14 12:09:23.512603 2018] [ssl:warn] [pid 4408:tid 692] AH01909: localhost:444:0 server certificate does NOT include an ID which matches the server name
[Wed Mar 14 12:09:29.718035 2018] [mpm_winnt:notice] [pid 4408:tid 692] AH00455: Apache/2.4.29 (Win64) OpenSSL/1.0.2n PHP/7.1.14 configured -- resuming normal operations
[Wed Mar 14 12:09:29.718035 2018] [mpm_winnt:notice] [pid 4408:tid 692] AH00456: Apache Lounge VC14 Server built: Nov  5 2017 12:14:48
[Wed Mar 14 12:09:29.718035 2018] [core:notice] [pid 4408:tid 692] AH00094: Command line: 'D:\\school program files\\wampstack\\apache2\\bin\\httpd.exe -d D:/school program files/wampstack/apache2 -f D:\\school program files\\wampstack\\apache2\\conf\\httpd.conf'
[Wed Mar 14 12:09:29.749286 2018] [mpm_winnt:notice] [pid 4408:tid 692] AH00418: Parent: Created child process 14596
[Wed Mar 14 12:09:34.901335 2018] [ssl:warn] [pid 14596:tid 164] AH01909: localhost:444:0 server certificate does NOT include an ID which matches the server name
[Wed Mar 14 12:09:35.479466 2018] [ssl:warn] [pid 14596:tid 164] AH01909: localhost:444:0 server certificate does NOT include an ID which matches the server name
[Wed Mar 14 12:09:35.922962 2018] [mpm_winnt:notice] [pid 14596:tid 164] AH00354: Child: Starting 64 worker threads.
[Fri Mar 16 08:55:56.918589 2018] [mpm_winnt:notice] [pid 4408:tid 692] AH00422: Parent: Received shutdown signal -- Shutting down the server.
[Fri Mar 16 08:55:59.981118 2018] [mpm_winnt:notice] [pid 14596:tid 164] AH00364: Child: All worker threads have exited.
[Fri Mar 16 08:56:00.246760 2018] [mpm_winnt:notice] [pid 4408:tid 692] AH00430: Parent: Child process 14596 exited successfully.
[Fri Mar 16 08:56:26.225307 2018] [ssl:warn] [pid 4800:tid 552] AH01909: localhost:444:0 server certificate does NOT include an ID which matches the server name
[Fri Mar 16 08:56:28.904135 2018] [ssl:warn] [pid 4800:tid 552] AH01909: localhost:444:0 server certificate does NOT include an ID which matches the server name
[Fri Mar 16 08:56:36.315918 2018] [mpm_winnt:notice] [pid 4800:tid 552] AH00455: Apache/2.4.29 (Win64) OpenSSL/1.0.2n PHP/7.1.14 configured -- resuming normal operations
[Fri Mar 16 08:56:36.315918 2018] [mpm_winnt:notice] [pid 4800:tid 552] AH00456: Apache Lounge VC14 Server built: Nov  5 2017 12:14:48
[Fri Mar 16 08:56:36.315918 2018] [core:notice] [pid 4800:tid 552] AH00094: Command line: 'D:\\school program files\\wampstack\\apache2\\bin\\httpd.exe -d D:/school program files/wampstack/apache2 -f D:\\school program files\\wampstack\\apache2\\conf\\httpd.conf'
[Fri Mar 16 08:56:36.396976 2018] [mpm_winnt:notice] [pid 4800:tid 552] AH00418: Parent: Created child process 15492
[Fri Mar 16 08:56:40.894802 2018] [ssl:warn] [pid 15492:tid 648] AH01909: localhost:444:0 server certificate does NOT include an ID which matches the server name
[Fri Mar 16 08:56:41.909522 2018] [ssl:warn] [pid 15492:tid 648] AH01909: localhost:444:0 server certificate does NOT include an ID which matches the server name
[Fri Mar 16 08:56:43.047487 2018] [mpm_winnt:notice] [pid 15492:tid 648] AH00354: Child: Starting 64 worker threads.
